Loading mkl version 2023.2.0
Loading tbb version 2021.10.0
Loading compiler-rt version 2023.2.1
Loading mpi version 2021.8.0

Loading abacus/3.3.4-icc
  Loading requirement: tbb/latest compiler-rt/latest mkl/latest mpi/latest
Dynamic NEB should be efficient in serial calculation
set parallel flag to False
----- Running Dynamic NEB -----
----- improvedtangent method is being used -----
----- Default scale_fmax = 1.0 -----
      Step     Time          Energy          fmax
FIRE:    0 22:32:28  -162919.060050         3.729098
FIRE:    1 22:55:38  -162919.296360         2.528302
FIRE:    2 23:18:36  -162919.520830         1.093432
FIRE:    3 23:41:51  -162919.595720         0.367569
FIRE:    4 00:04:33  -162919.568140         0.890144
FIRE:    5 00:27:11  -162919.574700         0.854640
FIRE:    6 00:50:00  -162919.586830         0.786025
FIRE:    7 01:13:08  -162919.602540         0.687985
FIRE:    8 01:36:05  -162919.619500         0.562991
FIRE:    9 01:58:52  -162919.635420         0.416257
FIRE:   10 02:21:59  -162919.647910         0.257839
FIRE:   11 02:45:03  -162919.655280         0.148091
FIRE:   12 03:08:08  -162919.657530         0.124165
FIRE:   13 03:28:04  -162919.654850         0.263577
FIRE:   14 03:47:45  -162919.655120         0.258995
FIRE:   15 04:07:28  -162919.655650         0.250789
FIRE:   16 04:27:34  -162919.656410         0.241027
FIRE:   17 04:47:20  -162919.657380         0.225072
FIRE:   18 05:07:09  -162919.658500         0.206937
FIRE:   19 05:23:50  -162919.659690         0.187872
FIRE:   20 05:43:51  -162919.660850         0.166496
FIRE:   21 06:00:40  -162919.662100         0.140920
FIRE:   22 06:18:02  -162919.663380         0.111557
FIRE:   23 06:35:10  -162919.664510         0.099984
FIRE:   24 06:55:07  -162919.665620         0.063586
FIRE:   25 07:02:05  -162919.666540         0.068937
FIRE:   26 07:15:26  -162919.667200         0.090225
FIRE:   27 07:25:14  -162919.667830         0.109865
FIRE:   28 07:38:20  -162919.668670         0.119029
FIRE:   29 07:51:42  -162919.669720         0.111104
FIRE:   30 08:05:20  -162919.670910         0.100780
FIRE:   31 08:22:04  -162919.672060         0.089051
FIRE:   32 08:35:27  -162919.672570         0.024519
-162920.00840772255
-162920.01916
-162919.86659
-162919.72457
-162919.67257
-162919.72282
-162919.86481
-162920.01707
-162920.0088215106
(0.33583772255224165, -0.0004137880459893495)
Appears to be only one band in the images.
Processing band          0 /          1
