Loading mkl version 2023.0.0
Loading tbb version 2021.8.0
Loading compiler-rt version 2023.0.0
Loading mpi version 2021.8.0
Loading compiler version 2023.0.0
Loading oclfpga version 2023.0.0
  Load "debugger" to debug DPC++ applications with the gdb-oneapi debugger.
  Load "dpl" for additional DPC++ APIs: https://github.com/oneapi-src/oneDPL

Loading abacus/3.7.5-icx
  Loading requirement: tbb/latest compiler-rt/latest mkl/latest mpi/latest
    oclfpga/latest compiler/latest
                Step[ FC]     Time          Energy          fmax
BFGSLineSearch:    0[  0] 19:16:18  -239256.268810       0.0691
BFGSLineSearch:    1[  2] 19:20:22  -239256.269010       0.0666
BFGSLineSearch:    2[  4] 19:24:25  -239256.270730       0.0434
                Step[ FC]     Time          Energy          fmax
BFGSLineSearch:    0[  0] 19:26:18  -239255.885800       0.0456
Generating NEB path, number of images: 8, sort_tol: 1
      Step     Time          Energy          fmax
FIRE:    0 19:46:25  -239252.978875        4.171695
FIRE:    1 19:58:49  -239253.053031        4.176865
FIRE:    2 20:10:54  -239253.206591        3.828609
FIRE:    3 20:20:55  -239253.388427        3.338970
FIRE:    4 20:28:54  -239253.599575        2.958681
FIRE:    5 20:36:52  -239253.782300        1.889086
FIRE:    6 20:46:38  -239253.913064        1.694284
FIRE:    7 20:52:30  -239254.064268        1.449574
FIRE:    8 20:58:27  -239254.229378        1.371168
FIRE:    9 21:02:22  -239254.419141        1.588110
FIRE:   10 21:06:21  -239254.578038        1.305914
FIRE:   11 21:10:16  -239254.714936        0.816418
FIRE:   12 21:12:13  -239254.830921        1.363375
FIRE:   13 21:14:10  -239254.830921        0.639751
Appears to be only one band in the images.
=== Locate TS in 5 of 0-9 images  ===
=== NEB Raw Barrier: -239254.8309 (eV) ===
=== NEB Fmax: 1.4038 (eV/A) ===
=== Now Turn to Sella with NEB Information ===
     Step     Time          Energy         fmax         cmax       rtrust          rho
Sella   0 21:16:11  -239254.830921       0.6455       0.0000       0.1000       1.0000
Sella   1 21:29:55  -239254.965985       0.3227       0.0000       0.1000       1.0397
Sella   2 21:31:55  -239255.045439       0.2091       0.0000       0.1000       1.0399
Sella   3 21:33:55  -239255.089664       0.1260       0.0000       0.1150       1.0093
Sella   4 21:35:50  -239255.112886       0.1094       0.0000       0.1150       0.9399
Sella   5 21:37:44  -239255.116946       0.0788       0.0000       0.1150       0.6098
Sella   6 21:39:39  -239255.120211       0.0561       0.0000       0.1150       1.2665
Sella   7 21:41:34  -239255.122160       0.0483       0.0000       0.1150       0.9641

==> TS-Search Results <==
- Items      Energy
- IS         -239256.261278
- FS         -239255.890623
- TS         -239255.122160
- dE         0.370655
- Ea_f       1.139118
- Ea_r       0.768463

===== NEB2SELLA Calculation Done at Thu Sep 19 21:41:38 CST 2024! =====
