NMAX is 8
 ===== Make Initial NEB Guess =====
--- Successfully make guessed image chain by idpp method ! ---
===== Running NEB =====
----- Running ASE-NEB -----
----- improvedtangent method is being used -----
----- Parallel calculation is being used -----
      Step     Time          Energy          fmax
FIRE:    0 15:15:12   -11864.536265         3.758886
FIRE:    1 15:16:19   -11864.729128         3.003353
FIRE:    2 15:17:26   -11864.924673         2.751770
FIRE:    3 15:18:32   -11865.062926         2.548632
FIRE:    4 15:19:39   -11865.135215         3.698880
FIRE:    5 15:20:46   -11865.109241         3.649477
FIRE:    6 15:21:53   -11865.128164         2.935204
FIRE:    7 15:23:00   -11865.157603         1.864426
FIRE:    8 15:24:08   -11865.185699         1.847760
FIRE:    9 15:25:14   -11865.203638         1.861839
FIRE:   10 15:26:19   -11865.209567         1.848632
FIRE:   11 15:27:24   -11865.208067         1.785213
FIRE:   12 15:28:30   -11865.205230         1.650654
FIRE:   13 15:29:35   -11865.205640         1.401188
FIRE:   14 15:30:41   -11865.212666         1.078520
FIRE:   15 15:31:46   -11865.226317         1.189835
FIRE:   16 15:32:54   -11865.239773         1.682681
FIRE:   17 15:34:01   -11865.245228         1.334693
FIRE:   18 15:35:07   -11865.245378         1.013645
FIRE:   19 15:36:13   -11865.247830         1.471361
FIRE:   20 15:37:18   -11865.250043         1.268088
FIRE:   21 15:38:24   -11865.253726         0.888205
FIRE:   22 15:39:30   -11865.257717         0.519532
FIRE:   23 15:40:35   -11865.260896         0.572824
FIRE:   24 15:41:40   -11865.262648         0.605606
FIRE:   25 15:42:47   -11865.263009         0.714531
FIRE:   26 15:43:52   -11865.262566         0.661741
FIRE:   27 15:44:58   -11865.262151         0.553334
FIRE:   28 15:46:06   -11865.262820         0.584928
FIRE:   29 15:47:12   -11865.265236         0.592994
FIRE:   30 15:48:17   -11865.268603         0.566537
FIRE:   31 15:49:23   -11865.271392         0.503491
FIRE:   32 15:50:29   -11865.273239         0.423254
FIRE:   33 15:51:35   -11865.275540         0.568004
FIRE:   34 15:52:42   -11865.280021         0.524141
FIRE:   35 15:53:46   -11865.286441         0.498717
FIRE:   36 15:54:53   -11865.292908         0.520517
FIRE:   37 15:55:59   -11865.300719         0.478743
FIRE:   38 15:57:06   -11865.311991         0.408998
FIRE:   39 15:58:11   -11865.323855         0.368503
FIRE:   40 15:59:16   -11865.336191         0.255794
FIRE:   41 16:00:23   -11865.343084         0.608293
FIRE:   42 16:01:29   -11865.348428         0.273454
FIRE:   43 16:02:36   -11865.348521         0.269920
FIRE:   44 16:03:43   -11865.348598         0.262729
FIRE:   45 16:04:50   -11865.348559         0.252084
FIRE:   46 16:05:57   -11865.348410         0.238379
FIRE:   47 16:07:04   -11865.348224         0.222091
FIRE:   48 16:08:11   -11865.348013         0.204357
FIRE:   49 16:09:18   -11865.347749         0.185509
FIRE:   50 16:10:23   -11865.347424         0.164557
FIRE:   51 16:11:28   -11865.347165         0.142499
FIRE:   52 16:12:33   -11865.347064         0.129016
FIRE:   53 16:13:40   -11865.347057         0.130773
FIRE:   54 16:14:47   -11865.347386         0.130262
FIRE:   55 16:15:53   -11865.348256         0.123475
FIRE:   56 16:17:01   -11865.350024         0.103112
FIRE:   57 16:18:07   -11865.353033         0.086426
FIRE:   58 16:19:13   -11865.357602         0.100290
FIRE:   59 16:20:23   -11865.363969         0.105980
FIRE:   60 16:21:30   -11865.371772         0.136532
FIRE:   61 16:22:36   -11865.379864         0.149289
FIRE:   62 16:23:43   -11865.380484         0.139193
FIRE:   63 16:24:49   -11865.380729         0.129509
FIRE:   64 16:25:54   -11865.380830         0.128093
FIRE:   65 16:27:00   -11865.380994         0.125213
FIRE:   66 16:28:06   -11865.381165         0.121086
FIRE:   67 16:29:12   -11865.381322         0.115859
FIRE:   68 16:30:18   -11865.381494         0.109682
FIRE:   69 16:31:24   -11865.381721         0.102916
FIRE:   70 16:32:31   -11865.382021         0.095879
FIRE:   71 16:33:38   -11865.382403         0.087661
FIRE:   72 16:34:44   -11865.382832         0.080092
FIRE:   73 16:35:51   -11865.383322         0.081665
FIRE:   74 16:36:57   -11865.383950         0.083462
FIRE:   75 16:38:06   -11865.384763         0.085869
FIRE:   76 16:39:12   -11865.385715         0.088714
FIRE:   77 16:40:18   -11865.386915         0.092179
FIRE:   78 16:41:25   -11865.388463         0.096327
FIRE:   79 16:42:31   -11865.390374         0.101100
FIRE:   80 16:43:37   -11865.392884         0.106074
FIRE:   81 16:44:43   -11865.396154         0.110397
FIRE:   82 16:45:50   -11865.400508         0.113090
FIRE:   83 16:46:55   -11865.406357         0.112851
FIRE:   84 16:48:01   -11865.414129         0.107359
FIRE:   85 16:49:07   -11865.424210         0.128046
FIRE:   86 16:50:13   -11865.436267         0.337120
FIRE:   87 16:51:20   -11865.437055         0.085373
FIRE:   88 16:52:26   -11865.437814         0.305680
FIRE:   89 16:53:32   -11865.438027         0.230457
FIRE:   90 16:54:39   -11865.438360         0.099805
FIRE:   91 16:55:46   -11865.438724         0.084214
FIRE:   92 16:56:52   -11865.438751         0.084231
FIRE:   93 16:58:00   -11865.438804         0.084206
FIRE:   94 16:59:05   -11865.438883         0.084170
FIRE:   95 17:00:11   -11865.438984         0.084125
FIRE:   96 17:01:17   -11865.439117         0.084040
FIRE:   97 17:02:24   -11865.439274         0.083978
FIRE:   98 17:03:29   -11865.439453         0.083942
FIRE:   99 17:04:34   -11865.439685         0.083803
FIRE:  100 17:05:40   -11865.439970         0.083727
FIRE:  101 17:06:46   -11865.440331         0.083574
FIRE:  102 17:07:53   -11865.440770         0.083468
FIRE:  103 17:08:59   -11865.441311         0.083281
FIRE:  104 17:10:04   -11865.441971         0.083028
FIRE:  105 17:11:11   -11865.442781         0.082874
FIRE:  106 17:12:17   -11865.443760         0.082509
FIRE:  107 17:13:24   -11865.444935         0.082147
FIRE:  108 17:14:29   -11865.446333         0.081756
FIRE:  109 17:15:36   -11865.448001         0.081207
FIRE:  110 17:16:42   -11865.449958         0.080538
FIRE:  111 17:17:47   -11865.452230         0.079580
FIRE:  112 17:18:53   -11865.454853         0.078095
FIRE:  113 17:20:00   -11865.457824         0.075882
FIRE:  114 17:21:07   -11865.461143         0.072185
FIRE:  115 17:22:14   -11865.464807         0.067177
FIRE:  116 17:23:20   -11865.468749         0.062106
FIRE:  117 17:24:28   -11865.472927         0.071784
FIRE:  118 17:25:34   -11865.477354         0.082809
FIRE:  119 17:26:40   -11865.482225         0.096800
FIRE:  120 17:27:45   -11865.487577         0.326944
FIRE:  121 17:28:51   -11865.488167         0.108318
FIRE:  122 17:29:59   -11865.488505         0.295406
FIRE:  123 17:31:05   -11865.488680         0.220966
FIRE:  124 17:32:11   -11865.488931         0.108262
FIRE:  125 17:33:16   -11865.489156         0.108422
FIRE:  126 17:34:22   -11865.489173         0.108418
FIRE:  127 17:35:28   -11865.489206         0.108429
FIRE:  128 17:36:34   -11865.489252         0.108400
FIRE:  129 17:37:41   -11865.489315         0.108449
FIRE:  130 17:38:47   -11865.489396         0.108442
FIRE:  131 17:39:56   -11865.489492         0.108522
FIRE:  132 17:41:02   -11865.489603         0.108564
FIRE:  133 17:42:08   -11865.489746         0.108613
FIRE:  134 17:43:14   -11865.489924         0.108661
FIRE:  135 17:44:21   -11865.490147         0.108776
FIRE:  136 17:45:27   -11865.490422         0.108928
FIRE:  137 17:46:34   -11865.490761         0.109130
FIRE:  138 17:47:41   -11865.491181         0.109402
FIRE:  139 17:48:48   -11865.491705         0.109729
FIRE:  140 17:49:54   -11865.492347         0.110216
FIRE:  141 17:50:59   -11865.493138         0.110888
FIRE:  142 17:52:05   -11865.494110         0.111782
FIRE:  143 17:53:11   -11865.495301         0.112975
FIRE:  144 17:54:17   -11865.496755         0.114620
FIRE:  145 17:55:23   -11865.498522         0.116799
FIRE:  146 17:56:30   -11865.500662         0.119518
FIRE:  147 17:57:36   -11865.503239         0.122982
FIRE:  148 17:58:43   -11865.506299         0.127291
FIRE:  149 17:59:50   -11865.509858         0.132591
FIRE:  150 18:00:57   -11865.513890         0.138590
FIRE:  151 18:02:05   -11865.518260         0.145025
FIRE:  152 18:03:10   -11865.522668         0.151874
FIRE:  153 18:04:16   -11865.526475         0.157298
FIRE:  154 18:05:22   -11865.528359         0.162551
FIRE:  155 18:06:27   -11865.523179         0.509654
FIRE:  156 18:07:34   -11865.527510         0.162846
FIRE:  157 18:08:41   -11865.527558         0.162242
FIRE:  158 18:09:48   -11865.527521         0.161090
FIRE:  159 18:10:56   -11865.527256         0.159538
FIRE:  160 18:12:03   -11865.527241         0.159444
FIRE:  161 18:13:10   -11865.527212         0.159303
FIRE:  162 18:14:17   -11865.527167         0.159044
FIRE:  163 18:15:24   -11865.527097         0.158722
FIRE:  164 18:16:31   -11865.527003         0.158339
FIRE:  165 18:17:38   -11865.526884         0.157827
FIRE:  166 18:18:45   -11865.526743         0.157210
FIRE:  167 18:19:52   -11865.526562         0.156424
FIRE:  168 18:20:59   -11865.526335         0.155403
FIRE:  169 18:22:06   -11865.526060         0.154160
FIRE:  170 18:23:13   -11865.525709         0.152554
FIRE:  171 18:24:20   -11865.525269         0.150639
FIRE:  172 18:25:26   -11865.524704         0.148235
FIRE:  173 18:26:34   -11865.523999         0.145320
FIRE:  174 18:27:40   -11865.523115         0.141861
FIRE:  175 18:28:49   -11865.522004         0.137844
FIRE:  176 18:29:56   -11865.520591         0.132963
FIRE:  177 18:31:04   -11865.518814         0.127254
FIRE:  178 18:32:10   -11865.516567         0.120904
FIRE:  179 18:33:18   -11865.513721         0.114355
FIRE:  180 18:34:23   -11865.510167         0.108806
FIRE:  181 18:35:29   -11865.505758         0.106002
FIRE:  182 18:36:35   -11865.500439         0.108112
FIRE:  183 18:37:42   -11865.494533         0.124907
FIRE:  184 18:38:47   -11865.488801         0.164565
FIRE:  185 18:39:53   -11865.485430         0.229807
FIRE:  186 18:41:00   -11865.489198         0.329052
FIRE:  187 18:42:06   -11865.507540         0.463291
FIRE:  188 18:43:14   -11865.513661         0.467680
FIRE:  189 18:44:21   -11865.514434         0.468921
FIRE:  190 18:45:27   -11865.515964         0.471223
FIRE:  191 18:46:33   -11865.518269         0.474563
FIRE:  192 18:47:39   -11865.521355         0.478820
FIRE:  193 18:48:45   -11865.525241         0.483783
FIRE:  194 18:49:51   -11865.529938         0.489319
FIRE:  195 18:50:57   -11865.535442         0.495001
FIRE:  196 18:52:03   -11865.542506         0.501233
FIRE:  197 18:53:09   -11865.551469         0.507386
FIRE:  198 18:54:15   -11865.562733         0.512430
FIRE:  199 18:55:23   -11865.576660         0.515139
FIRE:  200 18:56:29   -11865.593466         0.513364
FIRE:  201 18:57:35   -11865.612993         0.504842
FIRE:  202 18:58:42   -11865.634218         0.487702
FIRE:  203 18:59:48   -11865.654633         0.462627
FIRE:  204 19:00:54   -11865.669566         0.436616
FIRE:  205 19:02:00   -11865.671893         0.420215
FIRE:  206 19:03:06   -11865.652558         0.411842
FIRE:  207 19:04:13   -11865.602471         0.398157
FIRE:  208 19:05:20   -11865.526895         0.399715
FIRE:  209 19:06:27   -11865.451381         0.384682
FIRE:  210 19:07:35   -11865.393334         0.342297
FIRE:  211 19:08:42   -11865.347393         0.636879
FIRE:  212 19:09:49   -11865.357720         0.374219
FIRE:  213 19:10:56   -11865.359215         0.366798
FIRE:  214 19:12:03   -11865.361373         0.353692
FIRE:  215 19:13:10   -11865.363623         0.338232
FIRE:  216 19:14:17   -11865.363831         0.337545
FIRE:  217 19:15:24   -11865.364228         0.336260
FIRE:  218 19:16:31   -11865.364799         0.334272
FIRE:  219 19:17:38   -11865.365522         0.331805
FIRE:  220 19:18:45   -11865.366371         0.328823
FIRE:  221 19:19:52   -11865.367348         0.325585
FIRE:  222 19:20:59   -11865.368461         0.321959
FIRE:  223 19:22:06   -11865.369849         0.317911
FIRE:  224 19:23:13   -11865.371568         0.313442
FIRE:  225 19:24:20   -11865.373680         0.308478
FIRE:  226 19:25:28   -11865.376244         0.302947
FIRE:  227 19:26:34   -11865.379356         0.296836
FIRE:  228 19:27:41   -11865.383148         0.289947
FIRE:  229 19:28:48   -11865.387811         0.282236
FIRE:  230 19:29:55   -11865.393516         0.273793
FIRE:  231 19:31:01   -11865.400460         0.265137
FIRE:  232 19:32:09   -11865.408901         0.257223
FIRE:  233 19:33:15   -11865.419144         0.250785
FIRE:  234 19:34:22   -11865.431554         0.244927
FIRE:  235 19:35:28   -11865.446473         0.237636
FIRE:  236 19:36:35   -11865.464134         0.228646
FIRE:  237 19:37:42   -11865.484562         0.222515
FIRE:  238 19:38:48   -11865.507355         0.223324
FIRE:  239 19:39:54   -11865.531333         0.234259
FIRE:  240 19:41:01   -11865.554460         0.256573
FIRE:  241 19:42:07   -11865.573930         0.280347
FIRE:  242 19:43:14   -11865.584123         0.694482
FIRE:  243 19:44:20   -11865.590106         0.311490
FIRE:  244 19:45:27   -11865.586661         0.632613
FIRE:  245 19:46:35   -11865.588723         0.468992
FIRE:  246 19:47:43   -11865.590991         0.309381
FIRE:  247 19:48:49   -11865.591533         0.310445
FIRE:  248 19:49:54   -11865.591579         0.310404
FIRE:  249 19:51:00   -11865.591664         0.310212
FIRE:  250 19:52:06   -11865.591768         0.309983
FIRE:  251 19:53:13   -11865.591901         0.309770
FIRE:  252 19:54:19   -11865.592035         0.309398
FIRE:  253 19:55:25   -11865.592174         0.308999
FIRE:  254 19:56:30   -11865.592320         0.308557
FIRE:  255 19:57:37   -11865.592494         0.308047
FIRE:  256 19:58:43   -11865.592722         0.307472
FIRE:  257 19:59:49   -11865.593016         0.306911
FIRE:  258 20:00:56   -11865.593385         0.306185
FIRE:  259 20:02:02   -11865.593839         0.305531
FIRE:  260 20:03:08   -11865.594359         0.304644
FIRE:  261 20:04:15   -11865.594955         0.303480
FIRE:  262 20:05:21   -11865.595671         0.301877
FIRE:  263 20:06:28   -11865.596551         0.299896
FIRE:  264 20:07:34   -11865.597563         0.297369
FIRE:  265 20:08:40   -11865.598696         0.294258
FIRE:  266 20:09:45   -11865.599983         0.290722
FIRE:  267 20:10:51   -11865.601352         0.286658
FIRE:  268 20:11:58   -11865.602721         0.281423
FIRE:  269 20:13:05   -11865.603937         0.274796
FIRE:  270 20:14:11   -11865.604606         0.267199
FIRE:  271 20:15:18   -11865.604038         0.258421
FIRE:  272 20:16:26   -11865.601246         0.245498
FIRE:  273 20:17:52   -11865.594564         0.231946
FIRE:  274 20:19:18   -11865.580543         0.219226
FIRE:  275 20:20:44   -11865.554367         0.314287
FIRE:  276 20:22:08   -11865.509758         1.013534
FIRE:  277 20:23:32   -11865.508834         0.210499
FIRE:  278 20:24:56   -11865.508448         0.209331
FIRE:  279 20:26:20   -11865.507673         0.207207
FIRE:  280 20:27:45   -11865.506499         0.204200
FIRE:  281 20:29:09   -11865.504909         0.203062
FIRE:  282 20:30:33   -11865.502902         0.203071
FIRE:  283 20:31:57   -11865.500469         0.203015
FIRE:  284 20:33:21   -11865.497603         0.202866
FIRE:  285 20:34:45   -11865.493887         0.202589
FIRE:  286 20:36:09   -11865.489122         0.202291
FIRE:  287 20:37:33   -11865.483031         0.201691
FIRE:  288 20:38:57   -11865.475285         0.200481
FIRE:  289 20:40:21   -11865.465500         0.198749
FIRE:  290 20:41:46   -11865.453191         0.197368
FIRE:  291 20:43:08   -11865.437629         0.195958
FIRE:  292 20:44:34   -11865.418076         0.194084
FIRE:  293 20:45:57   -11865.393701         0.191955
FIRE:  294 20:47:21   -11865.363948         0.210156
FIRE:  295 20:48:29   -11865.329050         0.256512
FIRE:  296 20:49:37   -11865.291673         0.342827
FIRE:  297 20:50:44   -11865.261321         0.490570
FIRE:  298 20:51:51   -11865.264582         0.747520
FIRE:  299 20:52:59   -11865.342984         1.105577
FIRE:  300 20:54:06   -11865.361228         1.141384
FIRE:  301 20:55:13   -11865.400217         1.211448
FIRE:  302 20:56:20   -11865.405699         1.221404
FIRE:  303 20:57:28   -11865.416611         1.239697
FIRE:  304 20:58:35   -11865.433775         1.265491
FIRE:  305 20:59:43   -11865.457376         1.296918
FIRE:  306 21:00:50   -11865.487052         1.331284
FIRE:  307 21:01:59   -11865.522894         1.364813
FIRE:  308 21:03:07   -11865.565340         1.390956
FIRE:  309 21:04:14   -11865.621371         1.402350
FIRE:  310 21:05:24   -11865.694008         1.386867
FIRE:  311 21:06:31   -11865.787237         1.327127
FIRE:  312 21:07:38   -11865.909146         1.217026
FIRE:  313 21:08:44   -11866.061712         1.249827
FIRE:  314 21:09:51   -11866.218742         1.040207
FIRE:  315 21:10:57   -11866.290504         0.786368
FIRE:  316 21:12:03   -11866.287066         0.656555
FIRE:  317 21:13:09   -11866.282158         0.883066
FIRE:  318 21:14:15   -11866.282149         0.785294
FIRE:  319 21:15:22   -11866.281897         0.649750
FIRE:  320 21:16:28   -11866.281280         0.522972
FIRE:  321 21:17:34   -11866.280551         0.512316
FIRE:  322 21:18:41   -11866.279848         0.598143
FIRE:  323 21:19:47   -11866.279022         0.578797
FIRE:  324 21:20:54   -11866.277908         0.360722
FIRE:  325 21:22:01   -11866.276566         0.383176
FIRE:  326 21:23:09   -11866.275041         0.429468
FIRE:  327 21:24:17   -11866.273016         0.448589
FIRE:  328 21:25:25   -11866.270498         0.370680
FIRE:  329 21:26:31   -11866.267542         0.227864
FIRE:  330 21:27:37   -11866.263701         0.387712
FIRE:  331 21:28:42   -11866.259198         0.349571
FIRE:  332 21:29:49   -11866.253364         0.233173
FIRE:  333 21:30:57   -11866.246168         0.376443
FIRE:  334 21:32:02   -11866.237167         0.193626
FIRE:  335 21:33:09   -11866.225627         0.200245
FIRE:  336 21:34:17   -11866.210589         0.346627
FIRE:  337 21:35:23   -11866.188929         1.015275
FIRE:  338 21:36:29   -11866.191141         0.181311
FIRE:  339 21:37:35   -11866.190980         0.165023
FIRE:  340 21:38:42   -11866.190622         0.165420
FIRE:  341 21:39:48   -11866.190026         0.166165
FIRE:  342 21:40:54   -11866.189205         0.167093
FIRE:  343 21:42:00   -11866.188210         0.168010
FIRE:  344 21:43:07   -11866.187054         0.169295
FIRE:  345 21:44:13   -11866.185694         0.170475
FIRE:  346 21:45:19   -11866.183908         0.171943
FIRE:  347 21:46:26   -11866.181651         0.173608
FIRE:  348 21:47:32   -11866.178864         0.175660
FIRE:  349 21:48:38   -11866.175330         0.177840
FIRE:  350 21:49:45   -11866.170881         0.180652
FIRE:  351 21:50:51   -11866.165354         0.183768
FIRE:  352 21:51:57   -11866.158331         0.187461
FIRE:  353 21:53:03   -11866.149526         0.192409
FIRE:  354 21:54:09   -11866.138252         0.199475
FIRE:  355 21:55:16   -11866.124084         0.202363
FIRE:  356 21:56:23   -11866.106366         0.217029
FIRE:  357 21:57:29   -11866.083653         0.227988
FIRE:  358 21:58:37   -11866.054605         0.442934
FIRE:  359 21:59:43   -11866.018005         1.272577
FIRE:  360 22:00:50   -11866.017133         0.256262
FIRE:  361 22:01:58   -11866.016809         0.256268
FIRE:  362 22:03:04   -11866.016180         0.256176
FIRE:  363 22:04:11   -11866.015214         0.256026
FIRE:  364 22:05:20   -11866.013929         0.256014
FIRE:  365 22:06:27   -11866.012334         0.256030
FIRE:  366 22:07:34   -11866.010423         0.256360
FIRE:  367 22:08:41   -11866.008193         0.256866
FIRE:  368 22:09:48   -11866.005356         0.257604
FIRE:  369 22:10:55   -11866.001771         0.258293
FIRE:  370 22:12:02   -11865.997249         0.259232
FIRE:  371 22:13:09   -11865.991587         0.259763
FIRE:  372 22:14:16   -11865.984513         0.259894
FIRE:  373 22:15:24   -11865.975725         0.259743
FIRE:  374 22:16:31   -11865.964800         0.260079
FIRE:  375 22:17:38   -11865.951285         0.260523
FIRE:  376 22:18:46   -11865.934580         0.260710
FIRE:  377 22:19:53   -11865.914018         0.260495
FIRE:  378 22:21:00   -11865.888767         0.262536
FIRE:  379 22:22:06   -11865.857645         0.264592
FIRE:  380 22:23:13   -11865.819128         0.265398
FIRE:  381 22:24:19   -11865.777826         0.601858
FIRE:  382 22:25:24   -11865.737408         1.339577
FIRE:  383 22:26:31   -11865.736678         0.267833
FIRE:  384 22:27:38   -11865.736359         0.267815
FIRE:  385 22:28:45   -11865.735723         0.267773
FIRE:  386 22:29:52   -11865.734742         0.267764
FIRE:  387 22:30:58   -11865.733426         0.267618
FIRE:  388 22:32:04   -11865.731807         0.267579
FIRE:  389 22:33:10   -11865.729904         0.267363
FIRE:  390 22:34:16   -11865.727693         0.267091
FIRE:  391 22:35:24   -11865.724868         0.266467
FIRE:  392 22:36:31   -11865.721314         0.265319
FIRE:  393 22:37:37   -11865.716911         0.263545
FIRE:  394 22:38:42   -11865.711406         0.261330
FIRE:  395 22:39:48   -11865.704545         0.258618
FIRE:  396 22:40:54   -11865.696063         0.255552
FIRE:  397 22:42:01   -11865.685457         0.252654
FIRE:  398 22:43:07   -11865.672341         0.249712
FIRE:  399 22:44:13   -11865.656051         0.245788
FIRE:  400 22:45:18   -11865.636093         0.246359
FIRE:  401 22:46:24   -11865.611589         0.246674
FIRE:  402 22:47:30   -11865.581811         0.361520
FIRE:  403 22:48:36   -11865.546173         0.812888
FIRE:  404 22:49:42   -11865.509849         1.665836
FIRE:  405 22:50:49   -11865.508824         0.251231
FIRE:  406 22:51:56   -11865.508539         0.251400
FIRE:  407 22:53:02   -11865.507945         0.251523
FIRE:  408 22:54:07   -11865.507051         0.251791
FIRE:  409 22:55:13   -11865.505861         0.251868
FIRE:  410 22:56:19   -11865.504375         0.251936
FIRE:  411 22:57:25   -11865.502599         0.252018
FIRE:  412 22:58:31   -11865.500536         0.251841
FIRE:  413 22:59:36   -11865.497896         0.251379
FIRE:  414 23:00:42   -11865.494558         0.250649
FIRE:  415 23:01:48   -11865.490383         0.249501
FIRE:  416 23:02:54   -11865.485143         0.248196
FIRE:  417 23:04:00   -11865.478602         0.246692
FIRE:  418 23:05:06   -11865.470468         0.244919
FIRE:  419 23:06:12   -11865.460350         0.242623
FIRE:  420 23:07:19   -11865.447816         0.240190
FIRE:  421 23:08:25   -11865.432267         0.238562
FIRE:  422 23:09:31   -11865.413008         0.237015
FIRE:  423 23:10:36   -11865.389524         0.234315
FIRE:  424 23:11:42   -11865.360744         0.238274
FIRE:  425 23:12:47   -11865.325275         0.238725
FIRE:  426 23:13:53   -11865.286156         0.409155
FIRE:  427 23:14:59   -11865.247712         0.989929
FIRE:  428 23:16:04   -11865.246676         0.233249
FIRE:  429 23:17:10   -11865.246367         0.232935
FIRE:  430 23:18:15   -11865.245736         0.232510
FIRE:  431 23:19:20   -11865.244786         0.232080
FIRE:  432 23:20:26   -11865.243529         0.231431
FIRE:  433 23:21:32   -11865.241950         0.230757
FIRE:  434 23:22:37   -11865.240079         0.230100
FIRE:  435 23:23:44   -11865.237912         0.229279
FIRE:  436 23:24:51   -11865.235132         0.228402
FIRE:  437 23:25:56   -11865.231618         0.227140
FIRE:  438 23:27:02   -11865.227214         0.225477
FIRE:  439 23:28:07   -11865.221700         0.223125
FIRE:  440 23:29:12   -11865.214836         0.219719
FIRE:  441 23:30:19   -11865.206351         0.215149
FIRE:  442 23:31:24   -11865.195900         0.210340
FIRE:  443 23:32:29   -11865.183164         0.205215
FIRE:  444 23:33:34   -11865.167701         0.199967
FIRE:  445 23:34:40   -11865.149084         0.194555
FIRE:  446 23:35:47   -11865.126972         0.187191
FIRE:  447 23:36:52   -11865.101319         0.245450
FIRE:  448 23:37:59   -11865.072890         0.625610
FIRE:  449 23:39:08   -11865.045898         1.483341
FIRE:  450 23:40:16   -11865.045551         0.146221
FIRE:  451 23:41:23   -11865.045457         0.146034
FIRE:  452 23:42:31   -11865.045268         0.145452
FIRE:  453 23:43:39   -11865.044989         0.144657
FIRE:  454 23:44:49   -11865.044616         0.143634
FIRE:  455 23:45:56   -11865.044168         0.144953
FIRE:  456 23:47:03   -11865.043650         0.146557
FIRE:  457 23:48:11   -11865.043082         0.148368
FIRE:  458 23:49:19   -11865.042402         0.150429
FIRE:  459 23:50:26   -11865.041637         0.153150
FIRE:  460 23:51:34   -11865.040782         0.156524
FIRE:  461 23:52:41   -11865.039933         0.160441
FIRE:  462 23:53:47   -11865.039168         0.164774
FIRE:  463 23:54:54   -11865.038686         0.168356
FIRE:  464 23:56:02   -11865.038733         0.168555
FIRE:  465 23:57:08   -11865.039630         0.162713
FIRE:  466 23:58:16   -11865.041592         0.143456
FIRE:  467 23:59:24   -11865.044414         0.108396
FIRE:  468 00:00:33   -11865.047397         0.115852
FIRE:  469 00:01:40   -11865.049651         0.123785
FIRE:  470 00:02:48   -11865.050246         0.123362
FIRE:  471 00:03:56   -11865.048868         0.315019
FIRE:  472 00:05:03   -11865.045441         1.045639
FIRE:  473 00:06:11   -11865.046832         0.116237
FIRE:  474 00:07:19   -11865.047001         0.115038
FIRE:  475 00:08:27   -11865.047329         0.112267
FIRE:  476 00:09:35   -11865.047808         0.108628
FIRE:  477 00:10:41   -11865.048401         0.104022
FIRE:  478 00:11:49   -11865.049091         0.104089
FIRE:  479 00:12:56   -11865.049838         0.104089
FIRE:  480 00:14:04   -11865.050612         0.103908
FIRE:  481 00:15:14   -11865.051475         0.103976
FIRE:  482 00:16:21   -11865.052405         0.104145
FIRE:  483 00:17:28   -11865.053344         0.103713
FIRE:  484 00:18:35   -11865.054243         0.103997
FIRE:  485 00:19:41   -11865.055001         0.104268
FIRE:  486 00:20:48   -11865.055542         0.104055
FIRE:  487 00:21:54   -11865.055821         0.103759
FIRE:  488 00:23:02   -11865.055890         0.103120
FIRE:  489 00:24:07   -11865.055845         0.102602
FIRE:  490 00:25:16   -11865.055791         0.102328
FIRE:  491 00:26:21   -11865.055923         0.101556
FIRE:  492 00:27:31   -11865.056576         0.165754
FIRE:  493 00:28:37   -11865.058309         0.387682
FIRE:  494 00:29:45   -11865.062933         0.993726
FIRE:  495 00:30:52   -11865.063736         0.256593
FIRE:  496 00:31:59   -11865.065840         0.888691
FIRE:  497 00:33:05   -11865.066083         0.663350
FIRE:  498 00:34:11   -11865.066588         0.286290
FIRE:  499 00:35:17   -11865.067412         0.294844
FIRE:  500 00:36:23   -11865.067478         0.295458
FIRE:  501 00:37:30   -11865.067614         0.296917
FIRE:  502 00:38:35   -11865.067812         0.298942
FIRE:  503 00:39:42   -11865.068084         0.301709
FIRE:  504 00:40:49   -11865.068441         0.305438
FIRE:  505 00:41:54   -11865.068885         0.309946
FIRE:  506 00:43:02   -11865.069420         0.315496
FIRE:  507 00:44:07   -11865.070126         0.322711
FIRE:  508 00:45:14   -11865.071036         0.332044
FIRE:  509 00:46:21   -11865.072203         0.343849
FIRE:  510 00:47:27   -11865.073729         0.359162
FIRE:  511 00:48:33   -11865.075746         0.379088
FIRE:  512 00:49:40   -11865.078477         0.405618
FIRE:  513 00:50:46   -11865.082265         0.441458
FIRE:  514 00:51:53   -11865.087615         0.489998
FIRE:  515 00:52:59   -11865.095361         0.555833
FIRE:  516 00:54:05   -11865.106986         0.645242
FIRE:  517 00:55:11   -11865.125108         0.763272
FIRE:  518 00:56:17   -11865.153915         0.908809
FIRE:  519 00:57:23   -11865.200310         1.084760
FIRE:  520 00:58:28   -11865.276486         1.320453
FIRE:  521 00:59:37   -11865.405346         1.632341
FIRE:  522 01:00:44   -11865.624105         2.007323
FIRE:  523 01:01:50   -11865.979025         2.093025
FIRE:  524 01:02:56   -11866.195985         3.168481
FIRE:  525 01:04:03   -11866.195959         2.388177
FIRE:  526 01:05:09   -11866.195884         1.183603
FIRE:  527 01:06:17   -11866.195771         0.988915
FIRE:  528 01:07:23   -11866.195678         1.279531
FIRE:  529 01:08:28   -11866.195600         1.379375
FIRE:  530 01:09:35   -11866.195512         1.293681
FIRE:  531 01:10:42   -11866.195440         0.997367
FIRE:  532 01:11:47   -11866.195412         0.470267
FIRE:  533 01:12:54   -11866.195430         1.258401
FIRE:  534 01:14:00   -11866.195496         1.489509
FIRE:  535 01:15:06   -11866.195640         0.513534
FIRE:  536 01:16:11   -11866.195851         1.152189
FIRE:  537 01:17:17   -11866.195873         0.959629
FIRE:  538 01:18:23   -11866.195908         0.601058
FIRE:  539 01:19:28   -11866.195960         0.324249
FIRE:  540 01:20:34   -11866.196027         0.420382
FIRE:  541 01:21:40   -11866.196120         0.628603
FIRE:  542 01:22:46   -11866.196226         0.714454
FIRE:  543 01:23:51   -11866.196342         0.586664
FIRE:  544 01:24:57   -11866.196485         0.264464
FIRE:  545 01:26:02   -11866.196661         0.239849
FIRE:  546 01:27:09   -11866.196887         0.479524
FIRE:  547 01:28:14   -11866.197156         0.503146
FIRE:  548 01:29:20   -11866.197482         0.212762
FIRE:  549 01:30:26   -11866.197883         0.403323
FIRE:  550 01:31:33   -11866.198367         0.596326
FIRE:  551 01:32:39   -11866.198930         0.176792
FIRE:  552 01:33:45   -11866.199603         0.408892
FIRE:  553 01:34:52   -11866.200396         0.205232
FIRE:  554 01:35:58   -11866.201339         0.590434
FIRE:  555 01:37:03   -11866.202399         0.203095
FIRE:  556 01:38:09   -11866.203451         0.372704
FIRE:  557 01:39:14   -11866.202039         0.648145
FIRE:  558 01:40:20   -11866.205157         0.209818
FIRE:  559 01:41:24   -11866.205195         0.177907
FIRE:  560 01:42:30   -11866.205250         0.120386
FIRE:  561 01:43:35   -11866.205288         0.091290
FIRE:  562 01:44:41   -11866.205324         0.090947
FIRE:  563 01:45:47   -11866.205386         0.109892
FIRE:  564 01:46:53   -11866.205480         0.120256
FIRE:  565 01:47:58   -11866.205581         0.114015
FIRE:  566 01:49:03   -11866.205690         0.091370
FIRE:  567 01:50:08   -11866.205824         0.084524
FIRE:  568 01:51:12   -11866.206011         0.100955
FIRE:  569 01:52:17   -11866.206228         0.124486
FIRE:  570 01:53:23   -11866.206483         0.093231
FIRE:  571 01:54:29   -11866.206824         0.099670
FIRE:  572 01:55:35   -11866.207213         0.106817
FIRE:  573 01:56:41   -11866.207716         0.102257
FIRE:  574 01:57:48   -11866.208303         0.110000
FIRE:  575 01:58:53   -11866.209033         0.093824
FIRE:  576 01:59:59   -11866.209912         0.104007
FIRE:  577 02:01:04   -11866.210923         0.084831
FIRE:  578 02:02:09   -11866.212004         0.228246
FIRE:  579 02:03:15   -11866.212566         0.641931
FIRE:  580 02:04:21   -11866.213418         0.081992
FIRE:  581 02:05:26   -11866.213429         0.081379
FIRE:  582 02:06:31   -11866.213446         0.080430
FIRE:  583 02:07:37   -11866.213473         0.079362
FIRE:  584 02:08:43   -11866.213508         0.078528
FIRE:  585 02:09:48   -11866.213553         0.078441
FIRE:  586 02:10:53   -11866.213606         0.079094
FIRE:  587 02:11:58   -11866.213668         0.079336
FIRE:  588 02:13:03   -11866.213746         0.080893
FIRE:  589 02:14:08   -11866.213847         0.083042
FIRE:  590 02:15:14   -11866.213971         0.085553
FIRE:  591 02:16:19   -11866.214126         0.087744
FIRE:  592 02:17:27   -11866.214319         0.088704
FIRE:  593 02:18:33   -11866.214556         0.088854
FIRE:  594 02:19:38   -11866.214840         0.088914
FIRE:  595 02:20:44   -11866.215181         0.089748
FIRE:  596 02:21:50   -11866.215597         0.090716
FIRE:  597 02:22:55   -11866.216130         0.089373
FIRE:  598 02:23:59   -11866.216799         0.085246
FIRE:  599 02:25:05   -11866.217587         0.083697
FIRE:  600 02:26:10   -11866.218560         0.081736
FIRE:  601 02:27:15   -11866.219530         0.083066
FIRE:  602 02:28:21   -11866.218622         0.309241
FIRE:  603 02:29:26   -11866.221073         0.078736
FIRE:  604 02:30:31   -11866.221095         0.078653
FIRE:  605 02:31:36   -11866.221124         0.078547
FIRE:  606 02:32:42   -11866.221152         0.078404
FIRE:  607 02:33:48   -11866.221183         0.078132
FIRE:  608 02:34:54   -11866.221227         0.078077
FIRE:  609 02:35:59   -11866.221286         0.078092
FIRE:  610 02:37:05   -11866.221358         0.078112
FIRE:  611 02:38:11   -11866.221437         0.078227
FIRE:  612 02:39:17   -11866.221534         0.078608
FIRE:  613 02:40:23   -11866.221669         0.079168
FIRE:  614 02:41:29   -11866.221832         0.079765
FIRE:  615 02:42:35   -11866.222028         0.079996
FIRE:  616 02:43:40   -11866.222277         0.080135
FIRE:  617 02:44:46   -11866.222567         0.080197
FIRE:  618 02:45:51   -11866.222927         0.080220
FIRE:  619 02:46:58   -11866.223352         0.079346
FIRE:  620 02:48:04   -11866.223890         0.077059
FIRE:  621 02:49:10   -11866.224558         0.078332
FIRE:  622 02:50:15   -11866.225291         0.078129
FIRE:  623 02:51:21   -11866.225990         0.131014
FIRE:  624 02:52:26   -11866.225405         0.383025
FIRE:  625 02:53:33   -11866.227281         0.072319
FIRE:  626 02:54:39   -11866.225862         0.335157
FIRE:  627 02:55:44   -11866.226528         0.249144
FIRE:  628 02:56:50   -11866.227238         0.099037
FIRE:  629 02:57:55   -11866.227345         0.078553
FIRE:  630 02:59:01   -11866.227353         0.073056
FIRE:  631 03:00:06   -11866.227371         0.071409
FIRE:  632 03:01:11   -11866.227391         0.071415
FIRE:  633 03:02:17   -11866.227412         0.071522
FIRE:  634 03:03:23   -11866.227431         0.071657
FIRE:  635 03:04:28   -11866.227445         0.071580
FIRE:  636 03:05:33   -11866.227456         0.071541
FIRE:  637 03:06:39   -11866.227468         0.071558
FIRE:  638 03:07:44   -11866.227483         0.071589
FIRE:  639 03:08:49   -11866.227507         0.071634
FIRE:  640 03:09:55   -11866.227547         0.071575
FIRE:  641 03:11:01   -11866.227595         0.071595
FIRE:  642 03:12:07   -11866.227646         0.071594
FIRE:  643 03:13:13   -11866.227702         0.071661
FIRE:  644 03:14:19   -11866.227771         0.071762
FIRE:  645 03:15:24   -11866.227869         0.071756
FIRE:  646 03:16:29   -11866.227986         0.071822
FIRE:  647 03:17:35   -11866.228115         0.071649
FIRE:  648 03:18:41   -11866.228284         0.071609
FIRE:  649 03:19:47   -11866.228492         0.071443
FIRE:  650 03:20:53   -11866.228737         0.071309
FIRE:  651 03:21:58   -11866.229043         0.070773
FIRE:  652 03:23:04   -11866.229396         0.070151
FIRE:  653 03:24:09   -11866.229839         0.069355
FIRE:  654 03:25:15   -11866.230379         0.067864
FIRE:  655 03:26:21   -11866.231015         0.064993
FIRE:  656 03:27:28   -11866.231789         0.060705
FIRE:  657 03:28:33   -11866.232538         0.090588
FIRE:  658 03:29:39   -11866.231747         0.294799
FIRE:  659 03:30:45   -11866.233844         0.056578
FIRE:  660 03:31:51   -11866.233854         0.056381
FIRE:  661 03:32:56   -11866.233871         0.056528
FIRE:  662 03:34:02   -11866.233894         0.056607
FIRE:  663 03:35:08   -11866.233924         0.056591
FIRE:  664 03:36:13   -11866.233962         0.056479
FIRE:  665 03:37:19   -11866.234008         0.056339
FIRE:  666 03:38:24   -11866.234062         0.056187
FIRE:  667 03:39:30   -11866.234131         0.055921
FIRE:  668 03:40:35   -11866.234217         0.055467
FIRE:  669 03:41:41   -11866.234325         0.055128
FIRE:  670 03:42:46   -11866.234458         0.054868
FIRE:  671 03:43:52   -11866.234626         0.054627
FIRE:  672 03:44:57   -11866.234833         0.054383
FIRE:  673 03:46:04   -11866.235090         0.054054
FIRE:  674 03:47:09   -11866.235410         0.053461
FIRE:  675 03:48:14   -11866.235802         0.052161
FIRE:  676 03:49:19   -11866.236293         0.050970
FIRE:  677 03:50:25   -11866.236894         0.049391
===== NEB Process Done ! =====
===== Running Post-Processing =====
=== n_max set to 0, automatically detect the images of chain by NEBTools ===
Number of images per band guessed to be 10.
num: 0; Energy: -11866.824886 (eV)
num: 1; Energy: -11866.847476 (eV)
num: 2; Energy: -11866.853728 (eV)
num: 3; Energy: -11866.859928 (eV)
num: 4; Energy: -11866.861614 (eV)
num: 5; Energy: -11866.858585 (eV)
num: 6; Energy: -11866.706185 (eV)
num: 7; Energy: -11866.236894 (eV)
num: 8; Energy: -11866.400825 (eV)
num: 9; Energy: -11866.435419 (eV)
Reaction Barrier and Energy Difference: (0.6034340240534366, 0.3894670000008773) (eV)
Number of images per band guessed to be 10.
Processing band        677 /        678
Appears to be only one band in the images.
===== Done ! =====
