Loading mkl version 2023.2.0
Loading tbb version 2021.10.0
Loading compiler-rt version 2023.2.1
Loading mpi version 2021.8.0

Loading abacus/3.3.4-icc
  Loading requirement: tbb/latest compiler-rt/latest mkl/latest mpi/latest
Notice: Dynamic NEB should be efficient in serial calculation
----- Running Dynamic NEB -----
----- improvedtangent method is being used -----
----- Default scale_fmax = 1.0 -----
      Step     Time          Energy          fmax
FIRE:    0 13:18:20  -162919.065150         3.725582
FIRE:    1 13:58:50  -162919.290030         2.524062
FIRE:    2 14:38:27  -162919.494870         1.080537
FIRE:    3 15:17:33  -162919.546280         0.383139
FIRE:    4 15:58:19  -162919.498260         0.903886
FIRE:    5 16:31:32  -162919.504390         0.868063
FIRE:    6 17:09:50  -162919.515640         0.803684
FIRE:    7 17:43:33  -162919.530200         0.708700
FIRE:    8 18:18:28  -162919.545870         0.586607
FIRE:    9 18:52:19  -162919.560460         0.439357
FIRE:   10 19:32:46  -162919.571480         0.279348
FIRE:   11 20:11:37  -162919.577550         0.155706
FIRE:   12 20:55:26  -162919.578360         0.133080
FIRE:   13 21:36:01  -162919.574260         0.258785
FIRE:   14 22:03:08  -162919.574530         0.248459
FIRE:   15 22:28:09  -162919.575050         0.252385
FIRE:   16 22:56:44  -162919.575790         0.239128
FIRE:   17 23:23:53  -162919.576710         0.221968
FIRE:   18 23:50:07  -162919.577760         0.199951
FIRE:   19 00:16:46  -162919.578870         0.180532
FIRE:   20 00:45:12  -162919.579990         0.152778
FIRE:   21 01:13:24  -162919.581210         0.132533
FIRE:   22 01:40:01  -162919.582350         0.097973
FIRE:   23 02:09:05  -162919.583240         0.093262
FIRE:   24 02:37:07  -162919.583910         0.089112
FIRE:   25 02:58:28  -162919.583910         0.086243
FIRE:   26 03:11:18  -162919.583910         0.048209
-162920.01057
-162919.94605
-162919.78463
-162919.63653
-162919.58391
-162919.63584
-162919.78326
-162919.94505
-162920.01097
(0.4266600000264589, -0.00039999998989515007)
Appears to be only one band in the images.
Processing band          0 /          1
