 In SCAN_BEGIN, can't find: LATTICE_PARAMETERS block.
 AUTO_SET NBANDS to 0
 AUTO_SET NBANDS to 736
      Processor           Atom
              1             44
              2             43
              3             46
              4             46
              5             45
              6             43
              7             44
              8             44
              9             43
             10             43
             11             43
             12             44
             13             43
             14             42
             15             43
             16             43
                            startmag_type = 2
                       charge from rho_at = 18.9734
                         charge should be = 19
                            startmag_type = 2
                       charge from rho_at = 4.99741
                         charge should be = 5
 Warning: negative or imaginary starting charge :  neg = -0.00138169 ima = 1.43002e-09 SPIN = 0
 Warning: negative or imaginary starting charge :  neg = -0.00138169 ima = 1.43002e-09 SPIN = 1

 SETUP ATOMIC RHO FOR SPIN 1
                 Electron number from rho = 613

 SETUP ATOMIC RHO FOR SPIN 2
                 Electron number from rho = 613
           total electron number from rho = 1226
                                should be = 1226
                 charge before normalized = 1226
                  charge after normalized = 1226
                 charge before normalized = 1226.00000217201
                  charge after normalized = 1226.00000000001
                 charge before normalized = 1226.00000221484
                  charge after normalized = 1226
                 charge before normalized = 1226.00000176442
                  charge after normalized = 1225.99999999999
                 charge before normalized = 1226.00000219423
                  charge after normalized = 1226
                 charge before normalized = 1226.00000224989
                  charge after normalized = 1226
                 charge before normalized = 1226.00000222534
                  charge after normalized = 1225.99999999999
                 charge before normalized = 1226.00000218237
                  charge after normalized = 1226
                 charge before normalized = 1226.00000222751
                  charge after normalized = 1226.00000000001
                 charge before normalized = 1226.00000219426
                  charge after normalized = 1226
                 charge before normalized = 1226.00000219968
                  charge after normalized = 1226.00000000001
                 charge before normalized = 1226.00000221796
                  charge after normalized = 1226.00000000001
                 charge before normalized = 1226.00000222112
                  charge after normalized = 1226
                 charge before normalized = 1226.00000222287
                  charge after normalized = 1226
                 charge before normalized = 1226.00000221823
                  charge after normalized = 1225.99999999999
                 charge before normalized = 1226.0000022171
                  charge after normalized = 1225.99999999999
                 charge before normalized = 1226.00000221672
                  charge after normalized = 1225.99999999999
                 charge before normalized = 1226.0000022164
                  charge after normalized = 1226.00000000001
                 charge before normalized = 1226.00000221562
                  charge after normalized = 1226.00000000001
                 charge before normalized = 1226.00000221555
                  charge after normalized = 1226.00000000001
                 charge before normalized = 1226.00000221528
                  charge after normalized = 1226
                 charge before normalized = 1226.00000221503
                  charge after normalized = 1226.00000000001
                 charge before normalized = 1226.00000221487
                  charge after normalized = 1226
                 charge before normalized = 1226.00000221482
                  charge after normalized = 1226.00000000001
                 charge before normalized = 1226.00000221484
                  charge after normalized = 1226
                 charge before normalized = 1226.00000221484
                  charge after normalized = 1226
