 In SCAN_END, can't find: </PP_R> block.
 In SCAN_END, can't find: </PP_RAB> block.
 In SCAN_END, can't find: </PP_MESH> block.
 In SCAN_END, can't find: </PP_LOCAL> block.
 In SCAN_END, can't find: </PP_BETA.1> block.
 In SCAN_END, can't find: </PP_BETA.2> block.
 In SCAN_END, can't find: </PP_RHOATOM> block.
 In SCAN_END, can't find: </PP_R> block.
 In SCAN_END, can't find: </PP_RAB> block.
 In SCAN_END, can't find: </PP_MESH> block.
 In SCAN_END, can't find: </PP_LOCAL> block.
 In SCAN_END, can't find: </PP_BETA.1> block.
 In SCAN_END, can't find: </PP_BETA.2> block.
 In SCAN_END, can't find: </PP_BETA.3> block.
 In SCAN_END, can't find: </PP_BETA.4> block.
 In SCAN_END, can't find: </PP_BETA.5> block.
 In SCAN_END, can't find: </PP_BETA.6> block.
 In SCAN_END, can't find: </PP_BETA.7> block.
 In SCAN_END, can't find: </PP_BETA.8> block.
 In SCAN_END, can't find: </PP_RHOATOM> block.
 AUTO_SET NBANDS to 0
 AUTO_SET NBANDS to 771
      Processor           Atom
              1             16
              2             16
              3             16
              4             16
              5             16
              6             16
              7             16
              8             16
              9             16
             10             16
             11             16
             12             16
             13             16
             14             16
             15             16
             16             16
                            startmag_type = 2
                       charge from rho_at = 0.997867
                         charge should be = 1
                            startmag_type = 2
                       charge from rho_at = 18.9775
                         charge should be = 19
 Warning: negative or imaginary starting charge :  neg = -0.000886023 ima = 3.13032e-06 SPIN = 0
 Warning: negative or imaginary starting charge :  neg = -0.000906714 ima = 2.81474e-06 SPIN = 1

 SETUP ATOMIC RHO FOR SPIN 1
                 Electron number from rho = 642

 SETUP ATOMIC RHO FOR SPIN 2
                 Electron number from rho = 576
           total electron number from rho = 1218
                                should be = 1218
                 charge before normalized = 1218
                  charge after normalized = 1218
                 charge before normalized = 1217.99999843442
                  charge after normalized = 1218
                 charge before normalized = 1218.00000000001
                  charge after normalized = 1218
                 charge before normalized = 1217.99999835233
                  charge after normalized = 1218
                 charge before normalized = 1218.00000000001
                  charge after normalized = 1218
                 charge before normalized = 1217.99999801521
                  charge after normalized = 1218
                 charge before normalized = 1218
                  charge after normalized = 1218
                 charge before normalized = 1217.99999841954
                  charge after normalized = 1218
                 charge before normalized = 1218
                  charge after normalized = 1218
                 charge before normalized = 1217.99999739545
                  charge after normalized = 1218
                 charge before normalized = 1218
                  charge after normalized = 1218
                 charge before normalized = 1217.9999980717
                  charge after normalized = 1217.99999999999
                 charge before normalized = 1218
                  charge after normalized = 1218
                 charge before normalized = 1217.99999800803
                  charge after normalized = 1217.99999999999
                 charge before normalized = 1218
                  charge after normalized = 1218
                 charge before normalized = 1217.9999979948
                  charge after normalized = 1218.00000000001
                 charge before normalized = 1217.99999999999
                  charge after normalized = 1218
                 charge before normalized = 1217.99999797811
                  charge after normalized = 1217.99999999999
                 charge before normalized = 1217.99999999999
                  charge after normalized = 1218
                 charge before normalized = 1217.99999798267
                  charge after normalized = 1218
                 charge before normalized = 1218.00000000001
                  charge after normalized = 1218
                 charge before normalized = 1217.99999798543
                  charge after normalized = 1218.00000000001
                 charge before normalized = 1218
                  charge after normalized = 1218
                 charge before normalized = 1217.99999798515
                  charge after normalized = 1218.00000000001
                 charge before normalized = 1218.00000000001
                  charge after normalized = 1218
                 charge before normalized = 1217.99999798525
                  charge after normalized = 1218.00000000001
                 charge before normalized = 1218
                  charge after normalized = 1218
                 charge before normalized = 1217.99999798508
                  charge after normalized = 1218
                 charge before normalized = 1218.00000000001
                  charge after normalized = 1218
                 charge before normalized = 1217.99999798475
                  charge after normalized = 1218
                 charge before normalized = 1217.99999999999
                  charge after normalized = 1218
                 charge before normalized = 1217.99999798468
                  charge after normalized = 1217.99999999999
                 charge before normalized = 1218
                  charge after normalized = 1218
                 charge before normalized = 1217.99999798482
                  charge after normalized = 1218.00000000001
                 charge before normalized = 1218.00000000002
                  charge after normalized = 1218
                 charge before normalized = 1217.99999798493
                  charge after normalized = 1218
                 charge before normalized = 1217.99999999998
                  charge after normalized = 1218
                 charge before normalized = 1217.99999798488
                  charge after normalized = 1217.99999999999
                 charge before normalized = 1218
                  charge after normalized = 1218
                 charge before normalized = 1217.99999798486
                  charge after normalized = 1218.00000000001
                 charge before normalized = 1218.00000000002
                  charge after normalized = 1218
                 charge before normalized = 1217.99999798492
                  charge after normalized = 1218
                 charge before normalized = 1217.99999999999
                  charge after normalized = 1218
                 charge before normalized = 1217.99999798492
                  charge after normalized = 1218.00000000001
                 charge before normalized = 1218.00000000001
                  charge after normalized = 1218
                 charge before normalized = 1217.9999979849
                  charge after normalized = 1217.99999999999
                 charge before normalized = 1218.00000000002
                  charge after normalized = 1218
                 charge before normalized = 1217.99999798485
                  charge after normalized = 1218
                 charge before normalized = 1217.99999999998
                  charge after normalized = 1218
                 charge before normalized = 1217.99999798492
                  charge after normalized = 1218.00000000001
                 charge before normalized = 1218.00000000002
                  charge after normalized = 1218
                 charge before normalized = 1217.99999798486
                  charge after normalized = 1218
                            startmag_type = 2
                       charge from rho_at = 0.997866823270309
                         charge should be = 1
                            startmag_type = 2
                       charge from rho_at = 18.9775418036099
                         charge should be = 19
 Warning: negative or imaginary starting charge :  neg = -0.000886023363630674 ima = 3.13032343755759e-06 SPIN = 0
 Warning: negative or imaginary starting charge :  neg = -0.000906714111793209 ima = 2.8147442772568e-06 SPIN = 1

 SETUP ATOMIC RHO FOR SPIN 1
                 Electron number from rho = 641.999999999992

 SETUP ATOMIC RHO FOR SPIN 2
                 Electron number from rho = 575.999999999997
           total electron number from rho = 1217.99999999999
                                should be = 1218
 write_dmr  warning : the output type of DMR should be npz or csr.
