                                                                                     
                              ABACUS v3.3.1

               Atomic-orbital Based Ab-initio Computation at UStc                    

                     Website: http://abacus.ustc.edu.cn/                             
               Documentation: https://abacus.deepmodeling.com/                       
                  Repository: https://github.com/abacusmodeling/abacus-develop       
                              https://github.com/deepmodeling/abacus-develop         
                      Commit: ae4e7ea06 (Mon Jul 31 17:24:00 2023 +0800)

 Sun Aug 13 14:59:27 2023
 MAKE THE DIR         : OUT.ABACUS/

%%%%%%%%%%%%%%%%%%%%%%%%%%%%%%%%%%%%%%%%%%%%%%%%%%%%%%%%%%%%%%%%%%%%%%%%%%%%%%%%%%%%%%%%%%%%%%%%%%%%%%%%%
 Warning: the number of valence electrons in pseudopotential > 3 for Al: [Ne] 3s2 3p1
 Warning: the number of valence electrons in pseudopotential > 11 for Au: [Xe] 4f14 5d10 6s1
 Pseudopotentials with additional electrons can yield (more) accurate outcomes, but may be less efficient.
 If you're confident that your chosen pseudopotential is appropriate, you can safely ignore this warning.
%%%%%%%%%%%%%%%%%%%%%%%%%%%%%%%%%%%%%%%%%%%%%%%%%%%%%%%%%%%%%%%%%%%%%%%%%%%%%%%%%%%%%%%%%%%%%%%%%%%%%%%%%

 UNIFORM GRID DIM     : 72 * 72 * 180
 UNIFORM GRID DIM(BIG): 18 * 18 * 60
 DONE(1.26044    SEC) : SETUP UNITCELL
 DONE(1.29356    SEC) : SYMMETRY
 DONE(1.44552    SEC) : INIT K-POINTS
 ---------------------------------------------------------
 Self-consistent calculations for electrons
 ---------------------------------------------------------
 SPIN    KPOINTS         PROCESSORS  NBASE       
 1       4               64          279         
 ---------------------------------------------------------
 Use Systematically Improvable Atomic bases
 ---------------------------------------------------------
 ELEMENT ORBITALS        NBASE       NATOM       XC          
 Al      4s4p1d-7au      21          12          
 Au      4s2p2d1f-7au    27          1           
 ---------------------------------------------------------
 Initial plane wave basis and FFT box
 ---------------------------------------------------------
 -------------------------------------------
 SELF-CONSISTENT : 
 -------------------------------------------
 START CHARGE      : atomic
 DONE(14.5115    SEC) : INIT SCF
 ITER   ETOT(eV)       EDIFF(eV)      DRHO       TIME(s)    
 GE1    -2.633464e+04  0.000000e+00   4.134e-02  6.024e-01  
 GE2    -2.633276e+04  1.885167e+00   3.365e-02  5.439e-01  
 GE3    -2.633322e+04  -4.590576e-01  1.004e-02  5.486e-01  
 GE4    -2.633327e+04  -5.056794e-02  4.259e-03  5.656e-01  
 GE5    -2.633325e+04  1.856006e-02   3.182e-03  5.483e-01  
 GE6    -2.633325e+04  -4.766872e-04  1.580e-03  5.469e-01  
 GE7    -2.633325e+04  1.177605e-03   1.202e-03  5.478e-01  
 GE8    -2.633325e+04  3.182332e-03   1.086e-03  5.504e-01  
 GE9    -2.633324e+04  1.025097e-03   7.986e-04  5.448e-01  
 GE10   -2.633325e+04  -8.530105e-04  5.793e-04  5.475e-01  
 GE11   -2.633325e+04  -1.070314e-03  4.404e-04  5.700e-01  
 GE12   -2.633325e+04  -1.091451e-03  2.666e-04  5.606e-01  
 GE13   -2.633325e+04  -4.139336e-04  1.771e-04  5.456e-01  
 GE14   -2.633325e+04  -8.061644e-04  1.387e-04  5.454e-01  
 GE15   -2.633325e+04  -4.405666e-04  6.491e-05  5.529e-01  
 GE16   -2.633325e+04  -1.315150e-04  2.915e-05  5.456e-01  
 GE17   -2.633325e+04  -2.870874e-05  1.689e-05  5.455e-01  
 GE18   -2.633325e+04  -2.145701e-05  1.172e-05  5.460e-01  
 GE19   -2.633325e+04  -8.042268e-06  5.885e-06  5.513e-01  
 GE20   -2.633325e+04  -4.406247e-06  5.264e-06  5.579e-01  
 GE21   -2.633325e+04  -2.711734e-06  2.879e-06  5.557e-01  
 GE22   -2.633325e+04  5.060700e-06   1.357e-06  5.559e-01  
 GE23   -2.633325e+04  4.554984e-08   1.191e-06  5.446e-01  
 GE24   -2.633325e+04  5.612771e-07   7.500e-07  5.472e-01  
 GE25   -2.633325e+04  1.893557e-06   5.366e-07  5.589e-01  
 GE26   -2.633325e+04  -3.129556e-07  4.150e-07  5.477e-01  
 GE27   -2.633325e+04  -1.870377e-08  2.902e-07  5.454e-01  
 GE28   -2.633325e+04  1.598761e-07   2.125e-07  5.480e-01  
 GE29   -2.633325e+04  -7.733016e-08  1.345e-07  5.475e-01  
 GE30   -2.633325e+04  5.689089e-09   9.900e-08  5.556e-01  
 GE31   -2.633325e+04  9.673617e-09   4.194e-08  5.479e-01  
 GE32   -2.633325e+04  -5.365810e-08  3.607e-08  5.487e-01  
 GE33   -2.633325e+04  3.006957e-09   3.170e-08  5.742e-01  
 GE34   -2.633325e+04  3.386230e-08   8.864e-09  5.499e-01  

  |CLASS_NAME---------|NAME---------------|TIME(Sec)-----|CALLS----|AVG------|PER%-------
                       total               34.379         9         3.8       1e+02     %
   Driver              reading             0.44434        1         0.44      1.3       %
   Driver              driver_line         33.935         1         34        99        %
   PW_Basis            setuptransform      0.7478         1         0.75      2.2       %
   ORB_control         read_orb_first      0.16979        1         0.17      0.49      %
   LCAO_Orbitals       Read_Orbitals       0.16976        1         0.17      0.49      %
   ORB_control         set_orb_tables      12.42          1         12        36        %
   ORB_gen_tables      gen_tables          12.42          1         12        36        %
   ORB_table_phi       init_Table          9.0554         1         9.1       26        %
   ORB_table_phi       cal_ST_Phi12_R      8.9995         664       0.014     26        %
   ORB_table_beta      init_Table_Beta     3.0232         1         3         8.8       %
   ORB_table_beta      VNL_PhiBeta_R       3.0056         314       0.0096    8.7       %
   Ions                opt_ions            20.005         1         20        58        %
   ESolver_KS_LCAO     Run                 19.442         1         19        57        %
   ESolver_KS_LCAO     beforescf           0.14566        1         0.15      0.42      %
   PW_Basis            recip2real          0.18123        246       0.00074   0.53      %
   PW_Basis            gathers_scatterp    0.13995        246       0.00057   0.41      %
   Potential           update_from_charge  0.43439        35        0.012     1.3       %
   Potential           cal_v_eff           0.43347        35        0.012     1.3       %
   PW_Basis            real2recip          0.33525        349       0.00096   0.98      %
   PW_Basis            gatherp_scatters    0.27371        349       0.00078   0.8       %
   PotXC               cal_v_eff           0.37676        35        0.011     1.1       %
   XC_Functional       v_xc                0.37623        35        0.011     1.1       %
   Symmetry            rhog_symmetry       0.92367        35        0.026     2.7       %
   HSolverLCAO         solve               16.865         34        0.5       49        %
   HamiltLCAO          updateHk            7.9768         136       0.059     23        %
   OperatorLCAO        init                7.8417         272       0.029     23        %
   Veff                contributeHk        7.8406         136       0.058     23        %
   Gint_k              folding_vl_k        7.8262         136       0.058     23        %
   Gint_k              Distri              7.8143         136       0.057     23        %
   OperatorLCAO        folding_fixed       0.11401        136       0.00084   0.33      %
   LCAO_nnr            folding_fixedH      0.1124         136       0.00083   0.33      %
   HSolverLCAO         hamiltSolvePsiK     2.9805         136       0.022     8.7       %
   DiagoElpa           elpa_solve          2.8277         136       0.021     8.2       %
   ElecStateLCAO       psiToRho            5.9077         34        0.17      17        %
    Local_Orbital_wfc  wfc_2d_to_grid      0.17694        140       0.0013    0.51      %
   LCAO_Charge         cal_dk_k            0.23123        34        0.0068    0.67      %
   Charge              mix_rho             0.11554        33        0.0035    0.34      %
   Charge              Pulay_mixing        0.11193        33        0.0034    0.33      %
   Force_Stress_LCAO   getForceStress      0.56158        1         0.56      1.6       %
   Force_LCAO_k        ftable_k            0.46895        1         0.47      1.4       %
 ----------------------------------------------------------------------------------------

 START  Time  : Sun Aug 13 14:59:27 2023
 FINISH Time  : Sun Aug 13 15:00:02 2023
 TOTAL  Time  : 35
 SEE INFORMATION IN : OUT.ABACUS/
