 In SCAN_BEGIN, can't find: LATTICE_PARAMETERS block.
 AUTO_SET NBANDS to 0
 AUTO_SET NBANDS to 731
      Processor           Atom
              1             19
              2             20
              3             21
              4             20
              5             19
              6             20
              7             21
              8             20
              9             20
             10             20
             11             21
             12             20
             13             19
             14             20
             15             21
             16             20
                            startmag_type = 2
                       charge from rho_at = 0.997867
                         charge should be = 1
                            startmag_type = 2
                       charge from rho_at = 18.9775
                         charge should be = 19
 Warning: negative or imaginary starting charge :  neg = -0.000841384 ima = 9.17265e-08 SPIN = 0
 Warning: negative or imaginary starting charge :  neg = -0.000841384 ima = 9.17265e-08 SPIN = 1

 SETUP ATOMIC RHO FOR SPIN 1
                 Electron number from rho = 609

 SETUP ATOMIC RHO FOR SPIN 2
                 Electron number from rho = 609
           total electron number from rho = 1218
                                should be = 1218
                 charge before normalized = 1217.99999999998
                  charge after normalized = 1218
                 charge before normalized = 1217.99999548559
                  charge after normalized = 1218
                 charge before normalized = 1217.99999535902
                  charge after normalized = 1218
                 charge before normalized = 1217.99999499427
                  charge after normalized = 1218
                 charge before normalized = 1217.99999495477
                  charge after normalized = 1218
                 charge before normalized = 1217.9999950697
                  charge after normalized = 1218
                 charge before normalized = 1217.99999506428
                  charge after normalized = 1218.00000000002
                 charge before normalized = 1217.99999508106
                  charge after normalized = 1218.00000000001
                 charge before normalized = 1217.99999509057
                  charge after normalized = 1217.99999999999
                 charge before normalized = 1217.99999508547
                  charge after normalized = 1217.99999999999
                 charge before normalized = 1217.99999508525
                  charge after normalized = 1218.00000000001
                 charge before normalized = 1217.99999508334
                  charge after normalized = 1218
                 charge before normalized = 1217.99999508266
                  charge after normalized = 1218.00000000001
                 charge before normalized = 1217.99999508302
                  charge after normalized = 1218
                 charge before normalized = 1217.99999508303
                  charge after normalized = 1218
                 charge before normalized = 1217.99999508309
                  charge after normalized = 1218.00000000001
                 charge before normalized = 1217.999995083
                  charge after normalized = 1217.99999999999
                 charge before normalized = 1217.99999508283
                  charge after normalized = 1218
                 charge before normalized = 1217.99999508282
                  charge after normalized = 1218
                 charge before normalized = 1217.99999508295
                  charge after normalized = 1218
                 charge before normalized = 1217.99999508285
                  charge after normalized = 1218
