 In SCAN_BEGIN, can't find: LATTICE_PARAMETERS block.
 AUTO_SET NBANDS to 0
 AUTO_SET NBANDS to 731
      Processor           Atom
              1             20
              2             20
              3             21
              4             20
              5             20
              6             21
              7             21
              8             22
              9             21
             10             22
             11             22
             12             22
             13             22
             14             21
             15             21
             16             20
                            startmag_type = 2
                       charge from rho_at = 0.997867
                         charge should be = 1
                            startmag_type = 2
                       charge from rho_at = 18.9775
                         charge should be = 19
 Warning: negative or imaginary starting charge :  neg = -0.000905616 ima = 1.48101e-07 SPIN = 0
 Warning: negative or imaginary starting charge :  neg = -0.000905616 ima = 1.48101e-07 SPIN = 1

 SETUP ATOMIC RHO FOR SPIN 1
                 Electron number from rho = 609

 SETUP ATOMIC RHO FOR SPIN 2
                 Electron number from rho = 609
           total electron number from rho = 1218
                                should be = 1218
                 charge before normalized = 1218
                  charge after normalized = 1218
                 charge before normalized = 1217.99999697728
                  charge after normalized = 1218.00000000001
                 charge before normalized = 1217.99999692984
                  charge after normalized = 1218
                 charge before normalized = 1217.99999720487
                  charge after normalized = 1217.99999999999
                 charge before normalized = 1217.99999683034
                  charge after normalized = 1218
                 charge before normalized = 1217.9999969393
                  charge after normalized = 1218.00000000001
                 charge before normalized = 1217.99999693256
                  charge after normalized = 1218.00000000002
                 charge before normalized = 1217.99999694355
                  charge after normalized = 1218.00000000001
                 charge before normalized = 1217.99999694707
                  charge after normalized = 1218.00000000001
                 charge before normalized = 1217.99999694859
                  charge after normalized = 1217.99999999999
                 charge before normalized = 1217.99999695014
                  charge after normalized = 1218
                 charge before normalized = 1217.99999695048
                  charge after normalized = 1218.00000000001
                 charge before normalized = 1217.9999969507
                  charge after normalized = 1218
                 charge before normalized = 1217.99999695037
                  charge after normalized = 1218.00000000001
                 charge before normalized = 1217.99999695083
                  charge after normalized = 1218
                 charge before normalized = 1217.99999695068
                  charge after normalized = 1218.00000000001
                 charge before normalized = 1217.99999695086
                  charge after normalized = 1218
                 charge before normalized = 1217.99999695069
                  charge after normalized = 1218.00000000001
                 charge before normalized = 1217.99999695073
                  charge after normalized = 1218
                 charge before normalized = 1217.9999969508
                  charge after normalized = 1218
