 In SCAN_BEGIN, can't find: LATTICE_PARAMETERS block.
 AUTO_SET NBANDS to 0
 AUTO_SET NBANDS to 731
      Processor           Atom
              1             20
              2             20
              3             21
              4             20
              5             20
              6             20
              7             21
              8             20
              9             21
             10             21
             11             21
             12             21
             13             20
             14             20
             15             21
             16             21
                            startmag_type = 2
                       charge from rho_at = 0.997867
                         charge should be = 1
                            startmag_type = 2
                       charge from rho_at = 18.9775
                         charge should be = 19
 Warning: negative or imaginary starting charge :  neg = -0.000875719 ima = 1.36113e-07 SPIN = 0
 Warning: negative or imaginary starting charge :  neg = -0.000875719 ima = 1.36113e-07 SPIN = 1

 SETUP ATOMIC RHO FOR SPIN 1
                 Electron number from rho = 609

 SETUP ATOMIC RHO FOR SPIN 2
                 Electron number from rho = 609
           total electron number from rho = 1218
                                should be = 1218
                 charge before normalized = 1218
                  charge after normalized = 1218
                 charge before normalized = 1217.99999608013
                  charge after normalized = 1218.00000000001
                 charge before normalized = 1217.9999960112
                  charge after normalized = 1217.99999999999
                 charge before normalized = 1217.99999592612
                  charge after normalized = 1218
                 charge before normalized = 1217.99999555433
                  charge after normalized = 1217.99999999999
                 charge before normalized = 1217.99999589756
                  charge after normalized = 1218
                 charge before normalized = 1217.99999587242
                  charge after normalized = 1218.00000000001
                 charge before normalized = 1217.9999958855
                  charge after normalized = 1218
                 charge before normalized = 1217.99999588944
                  charge after normalized = 1218
                 charge before normalized = 1217.9999958886
                  charge after normalized = 1218
                 charge before normalized = 1217.9999958895
                  charge after normalized = 1218
                 charge before normalized = 1217.99999588862
                  charge after normalized = 1218
                 charge before normalized = 1217.99999588859
                  charge after normalized = 1218.00000000001
                 charge before normalized = 1217.99999588876
                  charge after normalized = 1218
                 charge before normalized = 1217.99999588881
                  charge after normalized = 1217.99999999999
                 charge before normalized = 1217.99999588902
                  charge after normalized = 1218.00000000001
                 charge before normalized = 1217.99999588868
                  charge after normalized = 1218
                 charge before normalized = 1217.99999588882
                  charge after normalized = 1218.00000000001
                 charge before normalized = 1217.99999588879
                  charge after normalized = 1218
                 charge before normalized = 1217.99999588892
                  charge after normalized = 1218.00000000001
