                                                                                     
                              ABACUS v3.4.1

               Atomic-orbital Based Ab-initio Computation at UStc                    

                     Website: http://abacus.ustc.edu.cn/                             
               Documentation: https://abacus.deepmodeling.com/                       
                  Repository: https://github.com/abacusmodeling/abacus-develop       
                              https://github.com/deepmodeling/abacus-develop         
                      Commit: 4865b77c8 (Thu Nov 2 12:16:32 2023 +0800)

 Sat Nov  4 20:59:07 2023
 MAKE THE DIR         : OUT.ABACUS/
 RUNNING WITH DEVICE     : CPU / Intel(R) Xeon(R) Platinum 8358 CPU @ 2.60GHz

%%%%%%%%%%%%%%%%%%%%%%%%%%%%%%%%%%%%%%%%%%%%%%%%%%%%%%%%%%%%%%%%%%%%%%%%%%%%%%%%%%%%%%%%%%%%%%%%%%%%%%%%%
 Warning: the number of valence electrons in pseudopotential > 11 for Au: [Xe] 4f14 5d10 6s1
 Pseudopotentials with additional electrons can yield (more) accurate outcomes, but may be less efficient.
 If you're confident that your chosen pseudopotential is appropriate, you can safely ignore this warning.
%%%%%%%%%%%%%%%%%%%%%%%%%%%%%%%%%%%%%%%%%%%%%%%%%%%%%%%%%%%%%%%%%%%%%%%%%%%%%%%%%%%%%%%%%%%%%%%%%%%%%%%%%

 UNIFORM GRID DIM        : 144 * 240 * 144
 UNIFORM GRID DIM(BIG)   : 48 * 48 * 48
 DONE(0.247098   SEC) : SETUP UNITCELL
 DONE(0.966404   SEC) : SYMMETRY
 DONE(1.08708    SEC) : INIT K-POINTS
 ---------------------------------------------------------
 Self-consistent calculations for electrons
 ---------------------------------------------------------
 SPIN    KPOINTS         PROCESSORS  NBASE       
 2       10              16          1738        
 ---------------------------------------------------------
 Use Systematically Improvable Atomic bases
 ---------------------------------------------------------
 ELEMENT ORBITALS        NBASE       NATOM       XC          
 H       2s1p-6au        5           2           
 Au      4s2p2d1f-7au    27          64          
 ---------------------------------------------------------
 Initial plane wave basis and FFT box
 ---------------------------------------------------------
 DONE(1.12413    SEC) : INIT PLANEWAVE
 -------------------------------------------
 SELF-CONSISTENT : 
 -------------------------------------------
 START CHARGE      : atomic
 DONE(3.36232    SEC) : INIT SCF
 ITER   TMAG      AMAG      ETOT(eV)       EDIFF(eV)      DRHO       TIME(s)    
 GE1    -1.42e-14 6.67e-13  -2.392563e+05  0.000000e+00   1.580e-02  2.110e+01  
 GE2    -7.72e-15 8.09e-13  -2.392547e+05  1.534534e+00   1.191e-02  1.313e+01  
 GE3    -3.11e-13 8.37e-13  -2.392551e+05  -3.262828e-01  2.592e-03  1.128e+01  
 GE4    -4.94e-13 1.03e-12  -2.392541e+05  9.145353e-01   2.982e-03  1.136e+01  
 GE5    -1.11e-13 8.02e-13  -2.392543e+05  -2.005764e-01  5.024e-03  1.319e+01  
 GE6    -2.27e-13 9.07e-13  -2.392551e+05  -8.047314e-01  5.575e-04  9.794e+00  
 GE7    1.08e-13  8.92e-13  -2.392551e+05  -2.619331e-03  3.607e-04  1.413e+01  
 GE8    -7.73e-14 9.21e-13  -2.392551e+05  -1.282378e-04  2.246e-04  1.183e+01  
 GE9    -9.13e-14 8.43e-13  -2.392551e+05  -4.758644e-04  1.269e-04  1.253e+01  
 GE10   1.39e-13  9.10e-13  -2.392551e+05  -3.572609e-04  7.783e-05  1.242e+01  
 GE11   -9.76e-14 9.15e-13  -2.392551e+05  -3.120450e-04  5.086e-05  1.296e+01  
 GE12   6.72e-15  9.32e-13  -2.392551e+05  -2.210709e-04  2.639e-05  1.533e+01  
 GE13   -4.12e-13 1.02e-12  -2.392551e+05  -1.074913e-04  1.492e-05  1.545e+01  
 GE14   2.98e-13  9.20e-13  -2.392551e+05  -1.112436e-04  9.685e-06  1.429e+01  
 GE15   8.47e-14  9.41e-13  -2.392551e+05  -4.997533e-05  5.037e-06  1.338e+01  
 GE16   -1.05e-14 8.64e-13  -2.392551e+05  -2.940502e-05  4.978e-06  1.467e+01  
 GE17   3.11e-13  9.46e-13  -2.392551e+05  -1.279365e-05  2.090e-06  1.306e+01  
 GE18   -3.61e-13 9.86e-13  -2.392551e+05  -6.505868e-06  1.175e-06  1.102e+01  
 GE19   -2.48e-13 8.69e-13  -2.392551e+05  -7.204224e-06  6.618e-07  6.246e+00  
----------------------------------------------------------------
TOTAL-STRESS (KBAR)                                           
----------------------------------------------------------------
      -12.0898447314        -0.1266368543         0.6558247280
       -0.1266368543         8.5424071202         0.0555108380
        0.6558247280         0.0555108380       -11.3024254910
----------------------------------------------------------------
TIME STATISTICS
------------------------------------------------------------------------------------
     CLASS_NAME                 NAME            TIME(Sec)  CALLS   AVG(Sec) PER(%)
------------------------------------------------------------------------------------
                     total                      257.26          11  23.39   100.00
Driver               reading                      0.04           1   0.04     0.02
Input                Init                         0.02           1   0.02     0.01
Input_Conv           Convert                      0.00           1   0.00     0.00
Driver               driver_line                257.22           1 257.22    99.98
UnitCell             check_tau                    0.00           1   0.00     0.00
PW_Basis             setuptransform               0.03           1   0.03     0.01
PW_Basis             distributeg                  0.03           1   0.03     0.01
mymath               heapsort                     0.02        1233   0.00     0.01
Symmetry             analy_sys                    0.00           1   0.00     0.00
PW_Basis_K           setuptransform               0.02           1   0.02     0.01
PW_Basis_K           distributeg                  0.02           1   0.02     0.01
PW_Basis             setup_struc_factor           0.05           1   0.05     0.02
ORB_control          read_orb_first               0.07           1   0.07     0.03
LCAO_Orbitals        Read_Orbitals                0.07           1   0.07     0.03
NOrbital_Lm          extra_uniform                0.04          12   0.00     0.01
Mathzone_Add1        SplineD2                     0.00          12   0.00     0.00
Mathzone_Add1        Cubic_Spline_Interpolation   0.00          12   0.00     0.00
Mathzone_Add1        Uni_Deriv_Phi                0.03          12   0.00     0.01
Sphbes               Spherical_Bessel             0.04       10050   0.00     0.02
ppcell_vl            init_vloc                    0.16           1   0.16     0.06
Ions                 opt_ions                   255.64           1 255.64    99.37
ESolver_KS_LCAO      Run                        249.00           1 249.00    96.79
ESolver_KS_LCAO      beforescf                    1.82           1   1.82     0.71
Vdwd3                cal_energy                   0.05           1   0.05     0.02
ESolver_KS_LCAO      beforesolver                 0.29           1   0.29     0.11
ESolver_KS_LCAO      set_matrix_grid              0.15           1   0.15     0.06
atom_arrange         search                       0.01           1   0.01     0.00
Grid_Technique       init                         0.13           1   0.13     0.05
Grid_BigCell         grid_expansion_index         0.01           2   0.01     0.00
Record_adj           for_2d                       0.01           1   0.01     0.00
Grid_Driver          Find_atom                    0.01        2456   0.00     0.00
LCAO_Hamilt          grid_prepare                 0.00           1   0.00     0.00
Veff                 initialize_HR                0.01           1   0.01     0.00
OverlapNew           initialize_SR                0.01           1   0.01     0.00
EkineticNew          initialize_HR                0.01           1   0.01     0.00
NonlocalNew          initialize_HR                0.01           1   0.01     0.00
Charge               set_rho_core                 0.00           1   0.00     0.00
Charge               atomic_rho                   0.47           1   0.47     0.18
PW_Basis             recip2real                   4.27         265   0.02     1.66
PW_Basis             gathers_scatterp             2.99         265   0.01     1.16
Potential            init_pot                     0.39           1   0.39     0.15
Potential            update_from_charge           9.15          20   0.46     3.56
Potential            cal_fixed_v                  0.01           1   0.01     0.00
PotLocal             cal_fixed_v                  0.01           1   0.01     0.00
Potential            cal_v_eff                    9.14          20   0.46     3.55
H_Hartree_pw         v_hartree                    0.77          20   0.04     0.30
PW_Basis             real2recip                   5.23         283   0.02     2.03
PW_Basis             gatherp_scatters             4.04         283   0.01     1.57
PotXC                cal_v_eff                    8.14          20   0.41     3.16
XC_Functional        v_xc                         8.12          20   0.41     3.16
Efield               add_efield                   0.12          20   0.01     0.05
Symmetry             rhog_symmetry                7.89          40   0.20     3.07
Symmetry             group fft grids              5.82          40   0.15     2.26
H_Ewald_pw           compute_ewald                0.01           1   0.01     0.00
HSolverLCAO          solve                      223.31          19  11.75    86.80
HamiltLCAO           updateHk                    22.55         190   0.12     8.77
OperatorLCAO         init                        22.22         570   0.04     8.64
Veff                 contributeHR                20.77          38   0.55     8.07
Gint_interface       cal_gint                    25.79          59   0.44    10.02
Gint_interface       cal_gint_vlocal             13.02          38   0.34     5.06
Gint_Tools           cal_psir_ylm                 2.69       79686   0.00     1.05
Gint_k               transfer_pvpR                7.74          38   0.20     3.01
OverlapNew           calculate_SR                 0.10           1   0.10     0.04
OverlapNew           contributeHk                 0.23         190   0.00     0.09
EkineticNew          contributeHR                 0.11          38   0.00     0.04
EkineticNew          calculate_HR                 0.11           1   0.11     0.04
NonlocalNew          contributeHR                 1.01          38   0.03     0.39
NonlocalNew          calculate_HR                 0.95           1   0.95     0.37
OperatorLCAO         contributeHk                 0.19         190   0.00     0.07
HSolverLCAO          hamiltSolvePsiK            174.72         190   0.92    67.92
DiagoElpa            elpa_solve                 172.15         190   0.91    66.92
ElecStateLCAO        psiToRho                    26.04          19   1.37    10.12
elecstate            cal_dm                       6.35          20   0.32     2.47
psiMulPsiMpi         pdgemm                       6.31         200   0.03     2.45
DensityMatrix        cal_DMR                      0.13          20   0.01     0.05
 Local_Orbital_wfc   wfc_2d_to_grid               5.08         200   0.03     1.97
Gint                 transfer_DMR                 2.75          19   0.14     1.07
Gint_interface       cal_gint_rho                 9.88          19   0.52     3.84
Charge_Mixing        get_drho                     0.12          19   0.01     0.05
Charge               mix_rho                      2.85          18   0.16     1.11
Charge               Broyden_mixing               1.56          18   0.09     0.61
Force_Stress_LCAO    getForceStress               6.63           1   6.63     2.58
Forces               cal_force_loc                0.05           1   0.05     0.02
Forces               cal_force_ew                 0.05           1   0.05     0.02
Forces               cal_force_cc                 0.00           1   0.00     0.00
Forces               cal_force_scc                0.22           1   0.22     0.09
Stress_Func          stress_loc                   0.57           1   0.57     0.22
Stress_Func          stress_har                   0.01           1   0.01     0.00
Stress_Func          stress_ewa                   0.04           1   0.04     0.01
Stress_Func          stress_cc                    0.00           1   0.00     0.00
Stress_Func          stress_gga                   0.08           1   0.08     0.03
Force_LCAO_k         ftable_k                     5.40           1   5.40     2.10
Force_LCAO_k         allocate_k                   0.97           1   0.97     0.38
LCAO_gen_fixedH      b_NL_mu_new                  0.63           1   0.63     0.25
Force_LCAO_k         cal_foverlap_k               0.49           1   0.49     0.19
Force_LCAO_k         cal_edm_2d                   0.49           1   0.49     0.19
DensityMatrix        sum_DMR_spin                 0.00           1   0.00     0.00
Force_LCAO_k         cal_ftvnl_dphi_k             0.00           1   0.00     0.00
Force_LCAO_k         cal_fvl_dphi_k               2.88           1   2.88     1.12
Gint_interface       cal_gint_force               2.88           2   1.44     1.12
Gint_Tools           cal_dpsir_ylm                1.52        2796   0.00     0.59
Gint_Tools           cal_dpsirr_ylm               0.25        2796   0.00     0.10
Force_LCAO_k         cal_fvnl_dbeta_k_new         0.85           1   0.85     0.33
Vdwd3                cal_force                    0.10           1   0.10     0.04
Vdwd3                cal_stress                   0.10           1   0.10     0.04
ModuleIO             write_istate_info            0.07           1   0.07     0.03
------------------------------------------------------------------------------------

 ----------------------------------------------------------

 START  Time  : Sat Nov  4 20:59:07 2023
 FINISH Time  : Sat Nov  4 21:03:24 2023
 TOTAL  Time  : 257
 SEE INFORMATION IN : OUT.ABACUS/
