                                                                                     
                              ABACUS v3.3.4

               Atomic-orbital Based Ab-initio Computation at UStc                    

                     Website: http://abacus.ustc.edu.cn/                             
               Documentation: https://abacus.deepmodeling.com/                       
                  Repository: https://github.com/abacusmodeling/abacus-develop       
                              https://github.com/deepmodeling/abacus-develop         
                      Commit: unknown

 Tue Sep 26 03:05:07 2023
 MAKE THE DIR         : OUT.ABACUS/

%%%%%%%%%%%%%%%%%%%%%%%%%%%%%%%%%%%%%%%%%%%%%%%%%%%%%%%%%%%%%%%%%%%%%%%%%%%%%%%%%%%%%%%%%%%%%%%%%%%%%%%%%
 Warning: the number of valence electrons in pseudopotential > 11 for Cu: [Ar] 3d10 4s1
 Warning: the number of valence electrons in pseudopotential > 11 for Ag: [Kr] 4d10 5s1
 Pseudopotentials with additional electrons can yield (more) accurate outcomes, but may be less efficient.
 If you're confident that your chosen pseudopotential is appropriate, you can safely ignore this warning.
%%%%%%%%%%%%%%%%%%%%%%%%%%%%%%%%%%%%%%%%%%%%%%%%%%%%%%%%%%%%%%%%%%%%%%%%%%%%%%%%%%%%%%%%%%%%%%%%%%%%%%%%%

 UNIFORM GRID DIM     : 90 * 90 * 243
 UNIFORM GRID DIM(BIG): 18 * 18 * 81
 DONE(0.270184   SEC) : SETUP UNITCELL
 DONE(0.302242   SEC) : SYMMETRY
 DONE(0.395203   SEC) : INIT K-POINTS
 ---------------------------------------------------------
 Self-consistent calculations for electrons
 ---------------------------------------------------------
 SPIN    KPOINTS         PROCESSORS  NBASE       
 1       10              1           891         
 ---------------------------------------------------------
 Use Systematically Improvable Atomic bases
 ---------------------------------------------------------
 ELEMENT ORBITALS        NBASE       NATOM       XC          
 Cu      4s2p2d1f-8au    27          32          
 Ag      4s2p2d1f-7au    27          1           
 ---------------------------------------------------------
 Initial plane wave basis and FFT box
 ---------------------------------------------------------
 DONE(0.468666   SEC) : INIT PLANEWAVE
 -------------------------------------------
 SELF-CONSISTENT : 
 -------------------------------------------
 START CHARGE      : atomic
 DONE(1.96825    SEC) : INIT SCF
 ITER   ETOT(eV)       EDIFF(eV)      DRHO       TIME(s)    
 GE1    -1.629229e+05  0.000000e+00   2.759e-02  1.278e+01  
 GE2    -1.629201e+05  2.772881e+00   1.761e-02  8.949e+00  
 GE3    -1.629198e+05  3.327532e-01   9.321e-03  7.410e+00  
 GE4    -1.629199e+05  -1.208938e-01  3.977e-03  7.500e+00  
 GE5    -1.629199e+05  -2.595473e-02  3.015e-03  7.498e+00  
 GE6    -1.629199e+05  6.613833e-02   2.490e-03  8.119e+00  
 GE7    -1.629198e+05  1.785616e-02   1.565e-03  1.601e+01  
 GE8    -1.629198e+05  2.463767e-02   1.340e-03  1.862e+01  
 GE9    -1.629198e+05  3.037042e-02   1.060e-03  1.640e+01  
 GE10   -1.629198e+05  2.302307e-03   7.242e-04  2.389e+01  
 GE11   -1.629198e+05  1.340878e-03   5.151e-04  1.722e+01  
 GE12   -1.629198e+05  -1.307013e-03  4.477e-04  1.165e+01  
 GE13   -1.629198e+05  7.540090e-04   3.467e-04  1.189e+01  
 GE14   -1.629198e+05  -2.090121e-04  2.802e-04  1.157e+01  
 GE15   -1.629198e+05  -4.019413e-04  2.438e-04  7.856e+00  
 GE16   -1.629198e+05  -3.599391e-04  1.688e-04  7.371e+00  
 GE17   -1.629198e+05  -4.573414e-04  1.595e-04  7.548e+00  
 GE18   -1.629198e+05  -3.773061e-04  1.320e-04  7.287e+00  
 GE19   -1.629198e+05  -7.384231e-04  1.186e-04  7.549e+00  
 GE20   -1.629198e+05  -4.131959e-04  9.156e-05  7.506e+00  
 GE21   -1.629198e+05  -2.003969e-04  7.922e-05  7.636e+00  
 GE22   -1.629198e+05  -8.535854e-04  7.255e-05  7.247e+00  
 GE23   -1.629198e+05  -8.598844e-05  5.192e-05  7.319e+00  
 GE24   -1.629198e+05  -6.939053e-04  4.935e-05  7.384e+00  
 GE25   -1.629198e+05  -1.759713e-04  3.155e-05  7.305e+00  
 GE26   -1.629198e+05  -5.046321e-04  2.745e-05  7.189e+00  
 GE27   -1.629198e+05  -1.338393e-04  1.662e-05  7.325e+00  
 GE28   -1.629198e+05  -9.705991e-05  1.382e-05  7.016e+00  
 GE29   -1.629198e+05  -4.042323e-05  1.129e-05  7.211e+00  
 GE30   -1.629198e+05  -1.931263e-04  1.026e-05  7.081e+00  
 GE31   -1.629198e+05  -7.972184e-05  5.565e-06  7.001e+00  
 GE32   -1.629198e+05  -4.915512e-05  3.440e-06  7.090e+00  
 GE33   -1.629198e+05  -3.796827e-05  2.413e-06  6.994e+00  
 GE34   -1.629198e+05  -4.262207e-06  2.213e-06  7.266e+00  
 GE35   -1.629198e+05  6.349036e-06   1.854e-06  7.214e+00  
 GE36   -1.629198e+05  7.951014e-06   1.396e-06  7.407e+00  
 GE37   -1.629198e+05  -8.422673e-06  6.984e-07  1.088e+01  
 ><><><><><><><><><><><><><><><><><><><><><><
 TOTAL-STRESS (KBAR):
 ><><><><><><><><><><><><><><><><><><><><><><
 -4.958e+01     -9.461e-01     1.729e+00      
 -9.461e-01     -4.958e+01     1.702e+00      
 1.729e+00      1.702e+00      -2.777e+01     
 TOTAL-PRESSURE: -4.231e+01 KBAR

  |CLASS_NAME---------|NAME---------------|TIME(Sec)-----|CALLS----|AVG------|PER%-------
                       total               370.15         11        34        1e+02     %
   Driver              driver_line         370.15         1         3.7e+02   1e+02     %
   mymath              heapsort            0.14828        253       0.00059   0.04      %
   Ions                opt_ions            369.19         1         3.7e+02   1e+02     %
   ESolver_KS_LCAO     Run                 352.26         1         3.5e+02   95        %
   ESolver_KS_LCAO     beforescf           1.0157         1         1         0.27      %
   ESolver_KS_LCAO     beforesolver        0.17276        1         0.17      0.047     %
   ESolver_KS_LCAO     set_matrix_grid     0.15068        1         0.15      0.041     %
   Grid_Technique      init                0.11571        1         0.12      0.031     %
   Charge              atomic_rho          0.1097         1         0.11      0.03      %
   PW_Basis            recip2real          9.1728         232       0.04      2.5       %
   PW_Basis            gathers_scatterp    1.4411         232       0.0062    0.39      %
   Potential           init_pot            0.55978        1         0.56      0.15      %
   Potential           update_from_charge  22.762         38        0.6       6.1       %
   Potential           cal_v_eff           22.718         38        0.6       6.1       %
   H_Hartree_pw        v_hartree           3.3253         38        0.088     0.9       %
   PW_Basis            real2recip          9.68           345       0.028     2.6       %
   PW_Basis            gatherp_scatters    0.81535        345       0.0024    0.22      %
   PotXC               cal_v_eff           16.752         38        0.44      4.5       %
   XC_Functional       v_xc                16.66          38        0.44      4.5       %
   Efield              add_efield          2.101          38        0.055     0.57      %
   Symmetry            rho_symmetry        2.6847         38        0.071     0.73      %
   HSolverLCAO         solve               316.49         37        8.6       86        %
   HamiltLCAO          updateHk            84.742         370       0.23      23        %
   OperatorLCAO        init                77.981         740       0.11      21        %
   Veff                contributeHk        77.707         370       0.21      21        %
   Gint_interface      cal_gint            111.15         75        1.5       30        %
   Gint_interface      cal_gint_vlocal     54.967         37        1.5       15        %
   Gint_Tools          cal_psir_ylm        9.9783         89614     0.00011   2.7       %
   Gint_k              folding_vl_k        22.738         370       0.061     6.1       %
   Gint_k              Distri              21.089         370       0.057     5.7       %
   Overlap             contributeHR        1.0296         1         1         0.28      %
   LCAO_gen_fixedH     calculate_S_no      1.0296         1         1         0.28      %
   Ekin<LCAO>          contributeHR        0.96038        1         0.96      0.26      %
   Nonlocal<LCAO>      contributeHR        0.79479        1         0.79      0.21      %
   LCAO_gen_fixedH     b_NL_mu_new         2.7049         2         1.4       0.73      %
   OperatorLCAO        folding_fixed       3.972          370       0.011     1.1       %
   LCAO_nnr            folding_fixedH      2.8358         370       0.0077    0.77      %
   HSolverLCAO         hamiltSolvePsiK     162.77         370       0.44      44        %
   DiagoElpa           elpa_solve          160.01         370       0.43      43        %
   ElecStateLCAO       psiToRho            68.971         37        1.9       19        %
   elecstate           cal_dm              6.0578         38        0.16      1.6       %
   psiMulPsiMpi        pdgemm              4.6079         380       0.012     1.2       %
    Local_Orbital_wfc  wfc_2d_to_grid      1.251          380       0.0033    0.34      %
   LCAO_Charge         cal_dk_k            11.746         37        0.32      3.2       %
   Gint_interface      cal_gint_rho        49.416         37        1.3       13        %
   Charge              mix_rho             4.8404         36        0.13      1.3       %
   Charge              Pulay_mixing        4.6253         36        0.13      1.2       %
   Charge              plain_mixing        0.10716        1         0.11      0.029     %
   Force_Stress_LCAO   getForceStress      16.931         1         17        4.6       %
   Forces              cal_force_loc       0.19694        1         0.2       0.053     %
   Forces              cal_force_ew        0.19793        1         0.2       0.053     %
   Forces              cal_force_scc       0.20615        1         0.21      0.056     %
   Stress_Func         stress_loc          0.28819        1         0.29      0.078     %
   Stress_Func         stress_gga          0.24358        1         0.24      0.066     %
   Force_LCAO_k        ftable_k            15.554         1         16        4.2       %
   Force_LCAO_k        allocate_k          4.5142         1         4.5       1.2       %
   Force_LCAO_k        cal_foverlap_k      0.20959        1         0.21      0.057     %
   Force_LCAO_k        cal_edm_2d          0.18765        1         0.19      0.051     %
   Force_LCAO_k        cal_fvl_dphi_k      6.7707         1         6.8       1.8       %
   Gint_interface      cal_gint_force      6.7707         1         6.8       1.8       %
   Gint_Tools          cal_dpsir_ylm       2.5969         1211      0.0021    0.7       %
   Gint_Tools          cal_dpsirr_ylm      0.74796        1211      0.00062   0.2       %
   Force_LCAO_k        cal_fvnl_dbeta_k_new3.9673         1         4         1.1       %
 ----------------------------------------------------------------------------------------

 START  Time  : Tue Sep 26 03:05:07 2023
 FINISH Time  : Tue Sep 26 03:11:17 2023
 TOTAL  Time  : 370
 SEE INFORMATION IN : OUT.ABACUS/
