Loading mkl version 2023.2.0
Loading tbb version 2021.10.0
Loading compiler-rt version 2023.2.1
Loading mpi version 2021.8.0

Loading abacus/3.4.1-icc
  Loading requirement: tbb/latest compiler-rt/latest mkl/latest mpi/latest
                                                                                     
                              ABACUS v3.4.1

               Atomic-orbital Based Ab-initio Computation at UStc                    

                     Website: http://abacus.ustc.edu.cn/                             
               Documentation: https://abacus.deepmodeling.com/                       
                  Repository: https://github.com/abacusmodeling/abacus-develop       
                              https://github.com/deepmodeling/abacus-develop         
                      Commit: 77f178d04 (Thu Oct 26 11:32:59 2023 +0800)

 Fri Nov  3 17:13:53 2023
 MAKE THE DIR         : OUT.ABACUS/

%%%%%%%%%%%%%%%%%%%%%%%%%%%%%%%%%%%%%%%%%%%%%%%%%%%%%%%%%%%%%%%%%%%%%%%%%%%%%%%%%%%%%%%%%%%%%%%%%%%%%%%%%
 Warning: the number of valence electrons in pseudopotential > 10 for Pt: [Xe] 4f14 5d9 6s1
 Pseudopotentials with additional electrons can yield (more) accurate outcomes, but may be less efficient.
 If you're confident that your chosen pseudopotential is appropriate, you can safely ignore this warning.
%%%%%%%%%%%%%%%%%%%%%%%%%%%%%%%%%%%%%%%%%%%%%%%%%%%%%%%%%%%%%%%%%%%%%%%%%%%%%%%%%%%%%%%%%%%%%%%%%%%%%%%%%

 UNIFORM GRID DIM        : 150 * 243 * 150
 UNIFORM GRID DIM(BIG)   : 75 * 81 * 75
 DONE(0.23427    SEC) : SETUP UNITCELL
 DONE(0.235061   SEC) : INIT K-POINTS
 ---------------------------------------------------------
 Ion relaxation calculations
 ---------------------------------------------------------
 SPIN    KPOINTS         PROCESSORS  NBASE       
 2       8               4           789         
 ---------------------------------------------------------
 Use Systematically Improvable Atomic bases
 ---------------------------------------------------------
 ELEMENT ORBITALS        NBASE       NATOM       XC          
 C       2s2p1d-7au      13          54          
 Pt      4s2p2d1f-7au    27          1           
 H       2s1p-6au        5           12          
 ---------------------------------------------------------
 Initial plane wave basis and FFT box
 ---------------------------------------------------------
 DONE(0.32314    SEC) : INIT PLANEWAVE
 -------------------------------------------
 STEP OF ION RELAXATION : 1
 -------------------------------------------
 START CHARGE      : atomic
 DONE(3.61991    SEC) : INIT SCF
 ITER   TMAG      AMAG      ETOT(eV)       EDIFF(eV)      DRHO       TIME(s)    
 GE1    -1.13e-14 1.73e-13  -1.188729e+04  0.000000e+00   1.779e-01  4.658e+00  
 GE2    -1.05e-14 2.73e-13  -1.186754e+04  1.974943e+01   1.387e-01  4.594e+00  
 GE3    -3.22e-16 2.73e-13  -1.186705e+04  4.913661e-01   5.750e-02  4.220e+00  
 GE4    -2.13e-15 2.50e-13  -1.186682e+04  2.294444e-01   2.930e-02  4.654e+00  
 GE5    -9.58e-15 2.44e-13  -1.186669e+04  1.293593e-01   1.850e-02  4.347e+00  
 GE6    2.04e-15  2.61e-13  -1.186667e+04  2.662526e-02   1.155e-02  4.144e+00  
 GE7    -8.03e-15 2.65e-13  -1.186654e+04  1.299624e-01   9.652e-03  4.182e+00  
 GE8    7.78e-15  2.91e-13  -1.186647e+04  6.337051e-02   7.396e-03  4.057e+00  
 GE9    4.23e-16  2.86e-13  -1.186642e+04  5.456182e-02   5.792e-03  3.929e+00  
 GE10   -8.61e-15 3.20e-13  -1.186642e+04  4.803403e-03   4.007e-03  3.928e+00  
 GE11   1.83e-14  3.38e-13  -1.186641e+04  5.523540e-03   3.501e-03  4.222e+00  
 GE12   1.46e-14  3.62e-13  -1.186641e+04  2.297228e-04   2.668e-03  4.540e+00  
 GE13   2.51e-15  3.27e-13  -1.186641e+04  -1.417995e-03  1.854e-03  4.203e+00  
 GE14   1.73e-14  3.37e-13  -1.186642e+04  -5.456434e-03  1.693e-03  4.191e+00  
 GE15   4.69e-15  3.26e-13  -1.186642e+04  -6.289736e-03  1.158e-03  4.202e+00  
 GE16   1.44e-14  3.41e-13  -1.186642e+04  -1.442184e-03  8.012e-04  4.264e+00  
 GE17   7.80e-15  3.73e-13  -1.186643e+04  -3.650265e-03  7.217e-04  4.499e+00  
 GE18   1.71e-14  3.58e-13  -1.186643e+04  -1.660473e-03  5.041e-04  4.390e+00  
 GE19   1.19e-14  3.75e-13  -1.186643e+04  -8.772347e-04  4.018e-04  4.018e+00  
 GE20   1.74e-14  4.21e-13  -1.186643e+04  -2.112406e-03  3.469e-04  4.451e+00  
 GE21   -8.52e-15 4.03e-13  -1.186643e+04  -6.505948e-04  2.222e-04  4.008e+00  
 GE22   -1.99e-15 4.27e-13  -1.186643e+04  -2.993446e-04  1.883e-04  4.021e+00  
 GE23   2.81e-15  3.76e-13  -1.186643e+04  -4.611753e-04  1.713e-04  4.101e+00  
 GE24   -9.60e-15 3.34e-13  -1.186643e+04  -8.173536e-04  1.383e-04  4.246e+00  
 GE25   3.68e-15  4.50e-13  -1.186644e+04  -1.946134e-04  9.236e-05  4.024e+00  
 GE26   5.62e-15  4.20e-13  -1.186644e+04  -9.197247e-05  8.067e-05  3.950e+00  
 GE27   -1.02e-14 3.88e-13  -1.186644e+04  1.516111e-04   6.071e-05  3.965e+00  
 GE28   -8.83e-16 3.66e-13  -1.186643e+04  2.817782e-05   4.031e-05  3.973e+00  
 GE29   -7.73e-15 3.95e-13  -1.186643e+04  4.514288e-05   3.677e-05  4.571e+00  
 GE30   -1.51e-14 3.76e-13  -1.186643e+04  -1.939625e-05  3.470e-05  4.168e+00  
 GE31   1.08e-14  3.65e-13  -1.186644e+04  -1.783078e-04  3.316e-05  4.418e+00  
 GE32   8.19e-15  3.88e-13  -1.186644e+04  -6.754753e-05  2.151e-05  4.300e+00  
 GE33   -1.36e-15 3.71e-13  -1.186644e+04  -1.248665e-04  1.718e-05  5.375e+00  
 GE34   5.86e-15  3.41e-13  -1.186644e+04  -4.619980e-05  9.092e-06  4.256e+00  
 GE35   -3.05e-15 3.04e-13  -1.186644e+04  -7.060624e-06  5.823e-06  4.202e+00  
 GE36   -5.10e-15 3.15e-13  -1.186644e+04  -1.234472e-05  5.136e-06  4.657e+00  
 GE37   -3.85e-15 2.78e-13  -1.186644e+04  -7.722108e-06  3.954e-06  3.975e+00  
 GE38   -1.29e-15 2.65e-13  -1.186644e+04  -3.771221e-06  3.415e-06  3.885e+00  
 GE39   -1.05e-14 2.89e-13  -1.186644e+04  -7.185313e-07  3.030e-06  4.062e+00  
 GE40   1.30e-14  2.88e-13  -1.186644e+04  -7.301709e-07  2.800e-06  4.095e+00  
 GE41   -5.27e-15 2.55e-13  -1.186644e+04  6.946056e-07   1.829e-06  4.291e+00  
 GE42   -6.34e-16 2.84e-13  -1.186644e+04  1.813007e-07   1.492e-06  4.264e+00  
 GE43   -2.23e-14 2.52e-13  -1.186644e+04  5.608037e-08   1.387e-06  4.286e+00  
 GE44   4.70e-15  2.52e-13  -1.186644e+04  -9.449101e-07  1.282e-06  4.714e+00  
 GE45   3.55e-16  2.54e-13  -1.186644e+04  -1.305850e-06  1.108e-06  4.076e+00  
 GE46   5.30e-15  2.39e-13  -1.186644e+04  -4.565619e-06  9.271e-07  4.272e+00  
----------------------------------------------------------------
TOTAL-STRESS (KBAR)                                           
----------------------------------------------------------------
       11.8459093241        -0.0644305464        -1.7589935225
       -0.0644305464         2.4791364567        -0.1687579953
       -1.7589935225        -0.1687579953        -7.2008133853
----------------------------------------------------------------
 ETOT DIFF (eV)       : 0.000e+00
 LARGEST GRAD (eV/A)  : 4.431e-02
TIME STATISTICS
------------------------------------------------------------------------------------
     CLASS_NAME                 NAME            TIME(Sec)  CALLS   AVG(Sec) PER(%)
------------------------------------------------------------------------------------
                     total                      214.36           9  23.82   100.00
Driver               reading                      0.01           1   0.01     0.01
Input                Init                         0.01           1   0.01     0.00
Input_Conv           Convert                      0.00           1   0.00     0.00
Driver               driver_line                214.35           1 214.35    99.99
UnitCell             check_tau                    0.00           1   0.00     0.00
PW_Basis             setuptransform               0.03           1   0.03     0.01
PW_Basis             distributeg                  0.03           1   0.03     0.01
mymath               heapsort                     0.08           3   0.03     0.04
PW_Basis_K           setuptransform               0.04           1   0.04     0.02
PW_Basis_K           distributeg                  0.02           1   0.02     0.01
PW_Basis             setup_struc_factor           0.10           1   0.10     0.05
ORB_control          read_orb_first               0.09           1   0.09     0.04
LCAO_Orbitals        Read_Orbitals                0.09           1   0.09     0.04
NOrbital_Lm          extra_uniform                0.05          17   0.00     0.02
Mathzone_Add1        SplineD2                     0.00          17   0.00     0.00
Mathzone_Add1        Cubic_Spline_Interpolation   0.00          17   0.00     0.00
Mathzone_Add1        Uni_Deriv_Phi                0.05          17   0.00     0.02
Sphbes               Spherical_Bessel             0.05       14070   0.00     0.03
ppcell_vl            init_vloc                    0.57           1   0.57     0.27
Ions                 opt_ions                   213.07           1 213.07    99.40
ESolver_KS_LCAO      Run                        205.65           1 205.65    95.94
ESolver_KS_LCAO      beforescf                    2.34           1   2.34     1.09
Vdwd3                cal_energy                   0.05           1   0.05     0.02
ESolver_KS_LCAO      beforesolver                 0.60           1   0.60     0.28
ESolver_KS_LCAO      set_matrix_grid              0.57           1   0.57     0.27
atom_arrange         search                       0.00           1   0.00     0.00
Grid_Technique       init                         0.56           1   0.56     0.26
Grid_BigCell         grid_expansion_index         0.09           2   0.04     0.04
Record_adj           for_2d                       0.01           1   0.01     0.00
Grid_Driver          Find_atom                    0.02        6399   0.00     0.01
LCAO_Hamilt          grid_prepare                 0.00           1   0.00     0.00
Veff                 initialize_HR                0.00           1   0.00     0.00
OverlapNew           initialize_SR                0.00           1   0.00     0.00
EkineticNew          initialize_HR                0.00           1   0.00     0.00
NonlocalNew          initialize_HR                0.01           1   0.01     0.00
Charge               set_rho_core                 0.00           1   0.00     0.00
Charge               atomic_rho                   1.76           2   0.88     0.82
PW_Basis             recip2real                  14.04         524   0.03     6.55
PW_Basis             gathers_scatterp             7.41         524   0.01     3.46
Potential            init_pot                     0.90           1   0.90     0.42
Potential            update_from_charge          33.96          47   0.72    15.84
Potential            cal_fixed_v                  0.04           1   0.04     0.02
PotLocal             cal_fixed_v                  0.04           1   0.04     0.02
Potential            cal_v_eff                   33.92          47   0.72    15.83
H_Hartree_pw         v_hartree                    3.02          47   0.06     1.41
PW_Basis             real2recip                  14.84         567   0.03     6.92
PW_Basis             gatherp_scatters             8.71         567   0.02     4.06
PotXC                cal_v_eff                   28.66          47   0.61    13.37
XC_Functional        v_xc                        28.56          47   0.61    13.32
Efield               add_efield                   1.72          47   0.04     0.80
H_Ewald_pw           compute_ewald                0.03           1   0.03     0.01
HSolverLCAO          solve                      153.77          46   3.34    71.74
HamiltLCAO           updateHk                    38.26         368   0.10    17.85
OperatorLCAO         init                        37.98        1104   0.03    17.72
Veff                 contributeHR                37.50          92   0.41    17.49
Gint_interface       cal_gint                    44.03         140   0.31    20.54
Gint_interface       cal_gint_vlocal             21.79          92   0.24    10.16
Gint_Tools           cal_psir_ylm                 3.69      561246   0.00     1.72
Gint_k               transfer_pvpR               15.71          92   0.17     7.33
OverlapNew           calculate_SR                 0.05           1   0.05     0.02
OverlapNew           contributeHk                 0.22         368   0.00     0.10
EkineticNew          contributeHR                 0.04          92   0.00     0.02
EkineticNew          calculate_HR                 0.04           1   0.04     0.02
NonlocalNew          contributeHR                 0.27          92   0.00     0.13
NonlocalNew          calculate_HR                 0.20           1   0.20     0.09
OperatorLCAO         contributeHk                 0.08         368   0.00     0.04
HSolverLCAO          hamiltSolvePsiK             75.99         368   0.21    35.45
DiagoElpa            elpa_solve                  74.15         368   0.20    34.59
ElecStateLCAO        psiToRho                    39.52          46   0.86    18.44
elecstate            cal_dm                       1.72          47   0.04     0.80
psiMulPsiMpi         pdgemm                       1.69         376   0.00     0.79
DensityMatrix        cal_DMR                      0.10          47   0.00     0.05
 Local_Orbital_wfc   wfc_2d_to_grid               1.42         376   0.00     0.66
Gint                 transfer_DMR                 0.78          46   0.02     0.36
Gint_interface       cal_gint_rho                20.50          46   0.45     9.56
Charge_Mixing        get_drho                     0.09          46   0.00     0.04
Charge               mix_rho                      6.94          45   0.15     3.24
Charge               Broyden_mixing               0.83          45   0.02     0.39
Force_Stress_LCAO    getForceStress               7.42           1   7.42     3.46
Forces               cal_force_loc                0.18           1   0.18     0.08
Forces               cal_force_ew                 0.11           1   0.11     0.05
Forces               cal_force_cc                 0.00           1   0.00     0.00
Forces               cal_force_scc                1.00           1   1.00     0.47
Stress_Func          stress_loc                   2.05           1   2.05     0.95
Stress_Func          stress_har                   0.03           1   0.03     0.02
Stress_Func          stress_ewa                   0.09           1   0.09     0.04
Stress_Func          stress_cc                    0.00           1   0.00     0.00
Stress_Func          stress_gga                   0.36           1   0.36     0.17
Force_LCAO_k         ftable_k                     3.37           1   3.37     1.57
Force_LCAO_k         allocate_k                   0.24           1   0.24     0.11
LCAO_gen_fixedH      b_NL_mu_new                  0.11           1   0.11     0.05
Force_LCAO_k         cal_foverlap_k               0.07           1   0.07     0.03
Force_LCAO_k         cal_edm_2d                   0.06           1   0.06     0.03
DensityMatrix        sum_DMR_spin                 0.00           1   0.00     0.00
Force_LCAO_k         cal_ftvnl_dphi_k             0.00           1   0.00     0.00
Force_LCAO_k         cal_fvl_dphi_k               1.75           1   1.75     0.81
Gint_interface       cal_gint_force               1.75           2   0.87     0.81
Gint_Tools           cal_dpsir_ylm                0.74        8134   0.00     0.35
Gint_Tools           cal_dpsirr_ylm               0.04        8134   0.00     0.02
Force_LCAO_k         cal_fvnl_dbeta_k_new         0.20           1   0.20     0.09
Vdwd3                cal_force                    0.11           1   0.11     0.05
Vdwd3                cal_stress                   0.11           1   0.11     0.05
ModuleIO             write_istate_info            0.00           1   0.00     0.00
------------------------------------------------------------------------------------

 START  Time  : Fri Nov  3 17:13:53 2023
 FINISH Time  : Fri Nov  3 17:17:27 2023
 TOTAL  Time  : 214
 SEE INFORMATION IN : OUT.ABACUS/
