Loading mkl version 2023.2.0
Loading tbb version 2021.10.0
Loading compiler-rt version 2023.2.1
Loading mpi version 2021.8.0

Loading abacus/3.3.4-icc
  Loading requirement: tbb/latest compiler-rt/latest mkl/latest mpi/latest
      Step     Time          Energy          fmax
FIRE:    0 07:39:14    -7052.603570         0.056201
FIRE:    1 07:40:32    -7052.603762         0.049619
      Step     Time          Energy          fmax
FIRE:    0 07:40:32    -7052.603762         0.049619
Dynamic NEB should be efficient in serial calculation
set parallel flag to False
----- Running Dynamic NEB -----
----- improvedtangent method is being used -----
----- Default scale_fmax = 1.0 -----
      Step     Time          Energy          fmax
FIRE:    0 07:51:59    -7051.846748         0.735741
FIRE:    1 08:04:51    -7051.880550         0.596182
FIRE:    2 08:17:01    -7051.924589         0.351362
FIRE:    3 08:26:56    -7051.951362         0.199695
FIRE:    4 08:36:18    -7051.953173         0.228739
FIRE:    5 08:45:26    -7051.954746         0.217699
FIRE:    6 08:54:25    -7051.957487         0.203145
FIRE:    7 09:03:39    -7051.960940         0.183707
FIRE:    8 09:12:56    -7051.964478         0.160596
FIRE:    9 09:23:31    -7051.967534         0.134585
FIRE:   10 09:33:53    -7051.969738         0.107345
FIRE:   11 09:42:59    -7051.971085         0.113741
FIRE:   12 09:53:58    -7051.971929         0.129615
FIRE:   13 10:05:31    -7051.972771         0.138646
FIRE:   14 10:15:48    -7051.974243         0.136729
FIRE:   15 10:25:58    -7051.976698         0.131005
FIRE:   16 10:36:18    -7051.979856         0.111163
FIRE:   17 10:47:42    -7051.982678         0.075291
FIRE:   18 10:52:06    -7051.984252         0.050677
FIRE:   19 10:56:37    -7051.985567         0.116545
FIRE:   20 11:02:21    -7051.986921         0.114534
FIRE:   21 11:11:12    -7051.987842         0.105187
FIRE:   22 11:17:58    -7051.987842         0.108844
FIRE:   23 11:26:06    -7051.987842         0.115957
FIRE:   24 11:32:26    -7051.987842         0.101013
FIRE:   25 11:37:00    -7051.987842         0.092707
FIRE:   26 11:39:58    -7051.987842         0.066989
FIRE:   27 11:41:26    -7051.987842         0.038703
-7052.6037618
-7052.5128322
-7052.2866052
-7052.0710687
-7051.9878424
-7052.075456
-7052.2899455
-7052.5137422
-7052.6035978
(0.6159194000001662, 0.00016400000004068715)
Appears to be only one band in the images.
Processing band          0 /          1
