Notice: Parallel calculation is not being used
Set NEB method to DyNEB automatically
----- Running Dynamic NEB -----
----- improvedtangent method is being used -----
----- Default scale_fmax = 1.0 -----
      Step     Time          Energy          fmax
FIRE:    0 18:28:24    -7051.845345         0.733359
FIRE:    1 18:34:09    -7051.879062         0.594320
FIRE:    2 18:39:55    -7051.922971         0.350617
FIRE:    3 18:45:23    -7051.949616         0.195919
FIRE:    4 18:50:57    -7051.951295         0.224455
FIRE:    5 18:56:39    -7051.952800         0.217455
FIRE:    6 19:04:29    -7051.955533         0.203700
FIRE:    7 19:12:16    -7051.958973         0.183747
FIRE:    8 19:19:13    -7051.962508         0.159008
FIRE:    9 19:24:39    -7051.965466         0.134910
FIRE:   10 19:30:23    -7051.967701         0.103314
FIRE:   11 19:35:58    -7051.968988         0.112794
FIRE:   12 19:41:36    -7051.969789         0.129614
FIRE:   13 19:47:16    -7051.970598         0.138944
FIRE:   14 19:52:55    -7051.972043         0.136817
FIRE:   15 19:58:38    -7051.974469         0.120972
FIRE:   16 20:04:24    -7051.977592         0.091176
FIRE:   17 20:09:53    -7051.980373         0.075211
FIRE:   18 20:11:43    -7051.981981         0.052248
FIRE:   19 20:13:33    -7051.982934         0.087704
FIRE:   20 20:17:14    -7051.984384         0.084422
FIRE:   21 20:22:44    -7051.985587         0.112840
FIRE:   22 20:26:29    -7051.985587         0.086535
FIRE:   23 20:28:27    -7051.985587         0.036730

=== n_max set to 0, automatically detect the images of chain by NEBTools ===
Number of images per band guessed to be 5.
num: 0; Energy: -7052.6037618 (eV)
num: 1; Energy: -7052.2767038 (eV)
num: 2; Energy: -7051.9855868 (eV)
num: 3; Energy: -7052.2797724 (eV)
num: 4; Energy: -7052.6035978 (eV)
Reaction Barrier and Energy Difference: (0.61817499999961, 0.00016400000004068715) (eV)
Number of images per band guessed to be 5.
Processing band         23 /         24
Appears to be only one band in the images.
Processing band          0 /          1