 In SCAN_BEGIN, can't find: LATTICE_PARAMETERS block.
 AUTO_SET NBANDS to 0
 AUTO_SET NBANDS to 731
      Processor           Atom
              1             21
              2             20
              3             21
              4             21
              5             21
              6             21
              7             21
              8             21
              9             21
             10             22
             11             21
             12             22
             13             21
             14             21
             15             21
             16             20
                            startmag_type = 2
                       charge from rho_at = 0.997867
                         charge should be = 1
                            startmag_type = 2
                       charge from rho_at = 18.9775
                         charge should be = 19
 Warning: negative or imaginary starting charge :  neg = -0.000905707 ima = 1.82619e-07 SPIN = 0
 Warning: negative or imaginary starting charge :  neg = -0.000905707 ima = 1.82619e-07 SPIN = 1

 SETUP ATOMIC RHO FOR SPIN 1
                 Electron number from rho = 609

 SETUP ATOMIC RHO FOR SPIN 2
                 Electron number from rho = 609
           total electron number from rho = 1218
                                should be = 1218
                 charge before normalized = 1218
                  charge after normalized = 1218
                 charge before normalized = 1217.99999637075
                  charge after normalized = 1218
                 charge before normalized = 1217.99999627636
                  charge after normalized = 1218
                 charge before normalized = 1217.99999654906
                  charge after normalized = 1218
                 charge before normalized = 1217.99999622576
                  charge after normalized = 1218
                 charge before normalized = 1217.99999623971
                  charge after normalized = 1218
                 charge before normalized = 1217.99999624512
                  charge after normalized = 1218.00000000001
                 charge before normalized = 1217.99999625801
                  charge after normalized = 1218
                 charge before normalized = 1217.99999626023
                  charge after normalized = 1218
                 charge before normalized = 1217.99999626398
                  charge after normalized = 1218.00000000001
                 charge before normalized = 1217.99999626377
                  charge after normalized = 1218.00000000001
                 charge before normalized = 1217.99999626512
                  charge after normalized = 1217.99999999999
                 charge before normalized = 1217.99999626453
                  charge after normalized = 1218
                 charge before normalized = 1217.99999626453
                  charge after normalized = 1218
                 charge before normalized = 1217.99999626457
                  charge after normalized = 1218.00000000001
                 charge before normalized = 1217.99999626468
                  charge after normalized = 1218
                 charge before normalized = 1217.99999626487
                  charge after normalized = 1218
                 charge before normalized = 1217.99999626467
                  charge after normalized = 1217.99999999999
                 charge before normalized = 1217.9999962648
                  charge after normalized = 1218
                 charge before normalized = 1217.99999626469
                  charge after normalized = 1218.00000000001
