 In SCAN_BEGIN, can't find: LATTICE_PARAMETERS block.
 AUTO_SET NBANDS to 0
 AUTO_SET NBANDS to 698
      Processor           Atom
              1             22
              2             23
              3             23
              4             23
              5             22
              6             23
              7             23
              8             23
              9             23
             10             23
             11             23
             12             23
             13             23
             14             23
             15             22
             16             23
                            startmag_type = 2
                       charge from rho_at = 3.99303
                         charge should be = 4
                            startmag_type = 2
                       charge from rho_at = 5.99905
                         charge should be = 6
                            startmag_type = 2
                       charge from rho_at = 17.9731
                         charge should be = 18
 Warning: negative or imaginary starting charge :  neg = -0.000970616 ima = 6.70426e-08 SPIN = 0
 Warning: negative or imaginary starting charge :  neg = -0.000970616 ima = 6.70426e-08 SPIN = 1

 SETUP ATOMIC RHO FOR SPIN 1
                 Electron number from rho = 581

 SETUP ATOMIC RHO FOR SPIN 2
                 Electron number from rho = 581
           total electron number from rho = 1162
                                should be = 1162
                 charge before normalized = 1162
                  charge after normalized = 1162
                 charge before normalized = 1161.99999961265
                  charge after normalized = 1162
                 charge before normalized = 1161.99999947711
                  charge after normalized = 1162
                 charge before normalized = 1161.9999990111
                  charge after normalized = 1162
                 charge before normalized = 1161.99999922518
                  charge after normalized = 1162
                 charge before normalized = 1161.99999936262
                  charge after normalized = 1161.99999999999
                 charge before normalized = 1161.99999934857
                  charge after normalized = 1162
                 charge before normalized = 1161.99999932729
                  charge after normalized = 1162
                 charge before normalized = 1161.99999930636
                  charge after normalized = 1162
                 charge before normalized = 1161.99999925521
                  charge after normalized = 1161.99999999999
                 charge before normalized = 1161.99999925398
                  charge after normalized = 1162.00000000001
                 charge before normalized = 1161.99999925713
                  charge after normalized = 1162
                 charge before normalized = 1161.99999925387
                  charge after normalized = 1161.99999999999
                 charge before normalized = 1161.99999926496
                  charge after normalized = 1162.00000000001
                 charge before normalized = 1161.99999926326
                  charge after normalized = 1162
                 charge before normalized = 1161.99999926209
                  charge after normalized = 1162
                 charge before normalized = 1161.99999926113
                  charge after normalized = 1162
                 charge before normalized = 1161.99999925659
                  charge after normalized = 1162
                 charge before normalized = 1161.99999925781
                  charge after normalized = 1162.00000000001
                 charge before normalized = 1161.99999925937
                  charge after normalized = 1162
                 charge before normalized = 1161.99999925806
                  charge after normalized = 1161.99999999999
                 charge before normalized = 1161.9999992572
                  charge after normalized = 1162
                 charge before normalized = 1161.99999925604
                  charge after normalized = 1162
                 charge before normalized = 1161.99999925633
                  charge after normalized = 1162
                 charge before normalized = 1161.99999925619
                  charge after normalized = 1162
                 charge before normalized = 1161.99999925602
                  charge after normalized = 1161.99999999999
                 charge before normalized = 1161.99999925562
                  charge after normalized = 1162.00000000001
                 charge before normalized = 1161.9999992556
                  charge after normalized = 1162
                 charge before normalized = 1161.99999925536
                  charge after normalized = 1161.99999999999
                 charge before normalized = 1161.99999925527
                  charge after normalized = 1162
                 charge before normalized = 1161.99999925514
                  charge after normalized = 1162
                 charge before normalized = 1161.99999925511
                  charge after normalized = 1162
                 charge before normalized = 1161.99999925495
                  charge after normalized = 1162
                 charge before normalized = 1161.9999992551
                  charge after normalized = 1162.00000000001
                 charge before normalized = 1161.99999925501
                  charge after normalized = 1162.00000000001
                 charge before normalized = 1161.99999925494
                  charge after normalized = 1162
                 charge before normalized = 1161.99999925502
                  charge after normalized = 1162
                 charge before normalized = 1161.99999925495
                  charge after normalized = 1162
                 charge before normalized = 1161.99999925492
                  charge after normalized = 1162
                 charge before normalized = 1161.9999992549
                  charge after normalized = 1161.99999999999
                 charge before normalized = 1161.99999925496
                  charge after normalized = 1162
                 charge before normalized = 1161.99999925495
                  charge after normalized = 1162.00000000001
                 charge before normalized = 1161.999999255
                  charge after normalized = 1162
