Loading abacus/latest
  Loading requirement: openmpi/4.1.4 openblas/0.3.21 libxc/6.0.0
                Step[ FC]     Time          Energy          fmax
*Force-consistent energies used in optimization.
BFGSLineSearch:    0[  0] 14:54:23   -26332.771462*       0.9703
BFGSLineSearch:    1[  2] 14:55:34   -26333.110093*       0.4618
BFGSLineSearch:    2[  3] 14:56:06   -26333.205770*       0.3734
BFGSLineSearch:    3[  4] 14:56:41   -26333.236423*       0.2088
BFGSLineSearch:    4[  5] 14:57:18   -26333.248848*       0.0489
                Step[ FC]     Time          Energy          fmax
*Force-consistent energies used in optimization.
BFGSLineSearch:    0[  0] 14:57:57   -26333.186148*       0.5433
BFGSLineSearch:    1[  1] 14:58:32   -26333.241913*       0.2361
BFGSLineSearch:    2[  2] 14:59:27   -26333.249189*       0.0675
BFGSLineSearch:    3[  3] 15:00:02   -26333.249554*       0.0244
-26333.248848
-26333.052262
-26332.725824
-26332.608166
-26332.724457
-26333.050121
-26333.249554
(0.6406819999974688, -0.0007060000025376212)
Appears to be only one band in the images.
Processing band          0 /          1
