 In SCAN_BEGIN, can't find: LATTICE_PARAMETERS block.
 AUTO_SET NBANDS to 0
 AUTO_SET NBANDS to 736
      Processor           Atom
              1             44
              2             43
              3             45
              4             45
              5             45
              6             45
              7             44
              8             45
              9             43
             10             42
             11             44
             12             45
             13             42
             14             42
             15             43
             16             42
                            startmag_type = 2
                       charge from rho_at = 18.9734
                         charge should be = 19
                            startmag_type = 2
                       charge from rho_at = 4.99741
                         charge should be = 5
 Warning: negative or imaginary starting charge :  neg = -0.00132302 ima = 2.91413e-10 SPIN = 0
 Warning: negative or imaginary starting charge :  neg = -0.00132302 ima = 2.91413e-10 SPIN = 1

 SETUP ATOMIC RHO FOR SPIN 1
                 Electron number from rho = 613

 SETUP ATOMIC RHO FOR SPIN 2
                 Electron number from rho = 613
           total electron number from rho = 1226
                                should be = 1226
                 charge before normalized = 1226.00000000001
                  charge after normalized = 1226
                 charge before normalized = 1226.00000213455
                  charge after normalized = 1225.99999999999
                 charge before normalized = 1226.0000022126
                  charge after normalized = 1226
                 charge before normalized = 1226.00000217483
                  charge after normalized = 1226.00000000001
                 charge before normalized = 1226.00000217857
                  charge after normalized = 1226.00000000001
                 charge before normalized = 1226.00000198664
                  charge after normalized = 1226
                 charge before normalized = 1226.00000215065
                  charge after normalized = 1226
                 charge before normalized = 1226.00000216367
                  charge after normalized = 1226
                 charge before normalized = 1226.00000216832
                  charge after normalized = 1226
                 charge before normalized = 1226.00000216071
                  charge after normalized = 1226
                 charge before normalized = 1226.00000216801
                  charge after normalized = 1226
                 charge before normalized = 1226.00000216699
                  charge after normalized = 1226
                 charge before normalized = 1226.00000216855
                  charge after normalized = 1226
                 charge before normalized = 1226.0000021683
                  charge after normalized = 1225.99999999999
                 charge before normalized = 1226.00000216743
                  charge after normalized = 1226
                 charge before normalized = 1226.00000216652
                  charge after normalized = 1226
                 charge before normalized = 1226.00000216557
                  charge after normalized = 1226.00000000001
                 charge before normalized = 1226.00000216456
                  charge after normalized = 1225.99999999999
                 charge before normalized = 1226.00000216419
                  charge after normalized = 1225.99999999999
                 charge before normalized = 1226.00000216403
                  charge after normalized = 1226
                 charge before normalized = 1226.00000216401
                  charge after normalized = 1226.00000000001
                 charge before normalized = 1226.00000216388
                  charge after normalized = 1226
