 In SCAN_BEGIN, can't find: LATTICE_PARAMETERS block.
 AUTO_SET NBANDS to 0
 AUTO_SET NBANDS to 731
      Processor           Atom
              1             20
              2             20
              3             21
              4             20
              5             20
              6             21
              7             21
              8             22
              9             21
             10             22
             11             21
             12             22
             13             21
             14             21
             15             21
             16             20
                            startmag_type = 2
                       charge from rho_at = 0.997867
                         charge should be = 1
                            startmag_type = 2
                       charge from rho_at = 18.9775
                         charge should be = 19
 Warning: negative or imaginary starting charge :  neg = -0.000902689 ima = 1.73884e-07 SPIN = 0
 Warning: negative or imaginary starting charge :  neg = -0.000902689 ima = 1.73884e-07 SPIN = 1

 SETUP ATOMIC RHO FOR SPIN 1
                 Electron number from rho = 609

 SETUP ATOMIC RHO FOR SPIN 2
                 Electron number from rho = 609
           total electron number from rho = 1218
                                should be = 1218
                 charge before normalized = 1218
                  charge after normalized = 1218
                 charge before normalized = 1217.99999677844
                  charge after normalized = 1218
                 charge before normalized = 1217.99999669631
                  charge after normalized = 1218
                 charge before normalized = 1217.99999686999
                  charge after normalized = 1217.99999999999
                 charge before normalized = 1217.99999665964
                  charge after normalized = 1217.99999999999
                 charge before normalized = 1217.99999667068
                  charge after normalized = 1218.00000000002
                 charge before normalized = 1217.99999667888
                  charge after normalized = 1218.00000000001
                 charge before normalized = 1217.99999669242
                  charge after normalized = 1218
                 charge before normalized = 1217.99999669497
                  charge after normalized = 1218
                 charge before normalized = 1217.999996698
                  charge after normalized = 1218
                 charge before normalized = 1217.99999669836
                  charge after normalized = 1218
                 charge before normalized = 1217.9999966989
                  charge after normalized = 1217.99999999999
                 charge before normalized = 1217.99999669891
                  charge after normalized = 1218.00000000001
                 charge before normalized = 1217.99999669848
                  charge after normalized = 1217.99999999999
                 charge before normalized = 1217.99999669904
                  charge after normalized = 1217.99999999999
                 charge before normalized = 1217.99999669893
                  charge after normalized = 1218
                 charge before normalized = 1217.99999669905
                  charge after normalized = 1218
                 charge before normalized = 1217.99999669903
                  charge after normalized = 1218.00000000001
                 charge before normalized = 1217.99999669906
                  charge after normalized = 1218
