                                                                                     
                              ABACUS v3.4.1

               Atomic-orbital Based Ab-initio Computation at UStc                    

                     Website: http://abacus.ustc.edu.cn/                             
               Documentation: https://abacus.deepmodeling.com/                       
                  Repository: https://github.com/abacusmodeling/abacus-develop       
                              https://github.com/deepmodeling/abacus-develop         
                      Commit: 77f178d04 (Thu Oct 26 11:32:59 2023 +0800)

 Fri Nov  3 10:41:08 2023
 MAKE THE DIR         : OUT.ABACUS/

%%%%%%%%%%%%%%%%%%%%%%%%%%%%%%%%%%%%%%%%%%%%%%%%%%%%%%%%%%%%%%%%%%%%%%%%%%%%%%%%%%%%%%%%%%%%%%%%%%%%%%%%%
 Warning: the number of valence electrons in pseudopotential > 11 for Cu: [Ar] 3d10 4s1
 Pseudopotentials with additional electrons can yield (more) accurate outcomes, but may be less efficient.
 If you're confident that your chosen pseudopotential is appropriate, you can safely ignore this warning.
%%%%%%%%%%%%%%%%%%%%%%%%%%%%%%%%%%%%%%%%%%%%%%%%%%%%%%%%%%%%%%%%%%%%%%%%%%%%%%%%%%%%%%%%%%%%%%%%%%%%%%%%%

 UNIFORM GRID DIM        : 125 * 375 * 125
 UNIFORM GRID DIM(BIG)   : 25 * 75 * 25
 DONE(0.139693   SEC) : SETUP UNITCELL
 DONE(0.174758   SEC) : SYMMETRY
 DONE(0.281741   SEC) : INIT K-POINTS
 ---------------------------------------------------------
 Ion relaxation calculations
 ---------------------------------------------------------
 SPIN    KPOINTS         PROCESSORS  NBASE       
 1       5               16          1754        
 ---------------------------------------------------------
 Use Systematically Improvable Atomic bases
 ---------------------------------------------------------
 ELEMENT ORBITALS        NBASE       NATOM       XC          
 Cu      4s2p2d1f-8au    27          64          
 N       2s2p1d-7au      13          2           
 ---------------------------------------------------------
 Initial plane wave basis and FFT box
 ---------------------------------------------------------
 DONE(0.320081   SEC) : INIT PLANEWAVE
 -------------------------------------------
 STEP OF ION RELAXATION : 1
 -------------------------------------------
 START CHARGE      : atomic
 DONE(2.0845     SEC) : INIT SCF
 ITER   ETOT(eV)       EDIFF(eV)      DRHO       TIME(s)    
 GE1    -3.185598e+05  0.000000e+00   2.609e-02  5.867e+00  
 GE2    -3.185584e+05  1.372603e+00   1.543e-02  4.256e+00  
 GE3    -3.185582e+05  2.489701e-01   9.547e-03  4.238e+00  
 GE4    -3.185575e+05  6.750860e-01   6.707e-03  4.226e+00  
 GE5    -3.185576e+05  -1.246881e-01  3.160e-03  4.228e+00  
 GE6    -3.185576e+05  5.233157e-02   2.335e-03  4.229e+00  
 GE7    -3.185576e+05  3.819476e-02   1.672e-03  4.239e+00  
 GE8    -3.185575e+05  5.223586e-02   1.292e-03  4.234e+00  
 GE9    -3.185575e+05  1.569565e-02   9.471e-04  4.234e+00  
 GE10   -3.185575e+05  2.608653e-02   8.233e-04  4.224e+00  
 GE11   -3.185575e+05  7.967860e-03   6.347e-04  4.234e+00  
 GE12   -3.185574e+05  8.377749e-03   5.328e-04  4.230e+00  
 GE13   -3.185574e+05  1.630137e-03   4.116e-04  4.216e+00  
 GE14   -3.185574e+05  -5.102485e-04  3.497e-04  4.211e+00  
 GE15   -3.185574e+05  -7.051372e-05  2.867e-04  4.221e+00  
 GE16   -3.185574e+05  -1.177823e-03  2.267e-04  4.223e+00  
 GE17   -3.185574e+05  -1.537893e-03  1.741e-04  4.221e+00  
 GE18   -3.185574e+05  -6.680150e-04  1.509e-04  4.217e+00  
 GE19   -3.185574e+05  -2.058869e-03  1.382e-04  4.223e+00  
 GE20   -3.185575e+05  -2.085151e-03  1.139e-04  4.215e+00  
 GE21   -3.185575e+05  -9.365967e-04  8.719e-05  4.221e+00  
 GE22   -3.185575e+05  -1.087764e-03  7.665e-05  4.218e+00  
 GE23   -3.185575e+05  -1.087788e-03  6.375e-05  4.214e+00  
 GE24   -3.185575e+05  -5.596431e-04  5.054e-05  4.218e+00  
 GE25   -3.185575e+05  -4.353993e-04  4.349e-05  4.207e+00  
 GE26   -3.185575e+05  -2.127094e-04  3.784e-05  4.223e+00  
 GE27   -3.185575e+05  -3.964137e-04  3.448e-05  4.223e+00  
 GE28   -3.185575e+05  -3.954663e-04  2.551e-05  4.208e+00  
 GE29   -3.185575e+05  -9.789441e-05  1.678e-05  4.212e+00  
 GE30   -3.185575e+05  -1.169161e-04  1.403e-05  4.213e+00  
 GE31   -3.185575e+05  -1.189775e-05  8.725e-06  4.222e+00  
 GE32   -3.185575e+05  -2.543158e-05  7.589e-06  4.212e+00  
 GE33   -3.185575e+05  4.902652e-06   5.362e-06  4.242e+00  
 GE34   -3.185575e+05  8.996124e-07   5.053e-06  4.216e+00  
 GE35   -3.185575e+05  -1.969500e-05  4.754e-06  4.218e+00  
 GE36   -3.185575e+05  -4.586048e-05  4.078e-06  4.211e+00  
 GE37   -3.185575e+05  -3.810852e-05  3.036e-06  4.225e+00  
 GE38   -3.185575e+05  -1.947726e-05  2.041e-06  4.220e+00  
 GE39   -3.185575e+05  -2.058922e-05  1.536e-06  4.218e+00  
 GE40   -3.185575e+05  -1.173238e-05  9.565e-07  4.232e+00  
----------------------------------------------------------------
TOTAL-STRESS (KBAR)                                           
----------------------------------------------------------------
      -33.1948373711         0.1416638370         0.0971153224
        0.1416638370       -21.9413044262         0.1875719893
        0.0971153224         0.1875719893       -32.7892676877
----------------------------------------------------------------
 ETOT DIFF (eV)       : 0.000e+00
 LARGEST GRAD (eV/A)  : 3.287e-02
TIME STATISTICS
------------------------------------------------------------------------------------
     CLASS_NAME                 NAME            TIME(Sec)  CALLS   AVG(Sec) PER(%)
------------------------------------------------------------------------------------
                     total                      184.92          11  16.81   100.00
Driver               reading                      0.03           1   0.03     0.02
Input                Init                         0.02           1   0.02     0.01
Input_Conv           Convert                      0.00           1   0.00     0.00
Driver               driver_line                184.89           1 184.89    99.98
UnitCell             check_tau                    0.00           1   0.00     0.00
PW_Basis             setuptransform               0.04           1   0.04     0.02
PW_Basis             distributeg                  0.03           1   0.03     0.02
mymath               heapsort                     0.02        1007   0.00     0.01
Symmetry             analy_sys                    0.00           1   0.00     0.00
PW_Basis_K           setuptransform               0.02           1   0.02     0.01
PW_Basis_K           distributeg                  0.02           1   0.02     0.01
PW_Basis             setup_struc_factor           0.06           1   0.06     0.03
ORB_control          read_orb_first               0.09           1   0.09     0.05
LCAO_Orbitals        Read_Orbitals                0.08           1   0.08     0.05
NOrbital_Lm          extra_uniform                0.04          14   0.00     0.02
Mathzone_Add1        SplineD2                     0.00          14   0.00     0.00
Mathzone_Add1        Cubic_Spline_Interpolation   0.00          14   0.00     0.00
Mathzone_Add1        Uni_Deriv_Phi                0.04          14   0.00     0.02
Sphbes               Spherical_Bessel             0.02       10050   0.00     0.01
ppcell_vl            init_vloc                    0.35           1   0.35     0.19
Ions                 opt_ions                   183.89           1 183.89    99.44
ESolver_KS_LCAO      Run                        174.40           1 174.40    94.31
ESolver_KS_LCAO      beforescf                    1.09           1   1.09     0.59
Vdwd3                cal_energy                   0.04           1   0.04     0.02
ESolver_KS_LCAO      beforesolver                 0.20           1   0.20     0.11
ESolver_KS_LCAO      set_matrix_grid              0.08           1   0.08     0.04
atom_arrange         search                       0.01           1   0.01     0.00
Grid_Technique       init                         0.05           1   0.05     0.03
Grid_BigCell         grid_expansion_index         0.00           2   0.00     0.00
Record_adj           for_2d                       0.02           1   0.02     0.01
Grid_Driver          Find_atom                    0.01        3234   0.00     0.01
LCAO_Hamilt          grid_prepare                 0.00           1   0.00     0.00
Veff                 initialize_HR                0.00           1   0.00     0.00
OverlapNew           initialize_SR                0.00           1   0.00     0.00
EkineticNew          initialize_HR                0.00           1   0.00     0.00
NonlocalNew          initialize_HR                0.00           1   0.00     0.00
Charge               set_rho_core                 0.00           1   0.00     0.00
Charge               atomic_rho                   0.81           2   0.41     0.44
PW_Basis             recip2real                   2.29         291   0.01     1.24
PW_Basis             gathers_scatterp             1.05         291   0.00     0.57
Potential            init_pot                     0.15           1   0.15     0.08
Potential            update_from_charge           5.41          41   0.13     2.93
Potential            cal_fixed_v                  0.01           1   0.01     0.01
PotLocal             cal_fixed_v                  0.01           1   0.01     0.01
Potential            cal_v_eff                    5.40          41   0.13     2.92
H_Hartree_pw         v_hartree                    0.73          41   0.02     0.40
PW_Basis             real2recip                   2.25         332   0.01     1.22
PW_Basis             gatherp_scatters             0.86         332   0.00     0.47
PotXC                cal_v_eff                    4.30          41   0.10     2.33
XC_Functional        v_xc                         4.27          41   0.10     2.31
Efield               add_efield                   0.24          41   0.01     0.13
Symmetry             rhog_symmetry                8.28          41   0.20     4.48
Symmetry             group fft grids              6.31          41   0.15     3.41
H_Ewald_pw           compute_ewald                0.01           1   0.01     0.00
HSolverLCAO          solve                      153.13          40   3.83    82.81
HamiltLCAO           updateHk                    47.86         200   0.24    25.88
OperatorLCAO         init                        47.41         600   0.08    25.64
Veff                 contributeHR                46.23          40   1.16    25.00
Gint_interface       cal_gint                    81.55          81   1.01    44.10
Gint_interface       cal_gint_vlocal             40.88          40   1.02    22.11
Gint_Tools           cal_psir_ylm                 9.15       36640   0.00     4.95
Gint_k               transfer_pvpR                5.34          40   0.13     2.89
OverlapNew           calculate_SR                 0.21           1   0.21     0.12
OverlapNew           contributeHk                 0.23         200   0.00     0.12
EkineticNew          contributeHR                 0.25          40   0.01     0.13
EkineticNew          calculate_HR                 0.24           1   0.24     0.13
NonlocalNew          contributeHR                 0.75          40   0.02     0.41
NonlocalNew          calculate_HR                 0.69           1   0.69     0.37
OperatorLCAO         contributeHk                 0.12         200   0.00     0.07
HSolverLCAO          hamiltSolvePsiK             60.22         200   0.30    32.57
DiagoElpa            elpa_solve                  59.28         200   0.30    32.06
ElecStateLCAO        psiToRho                    45.05          40   1.13    24.36
elecstate            cal_dm                       2.74          41   0.07     1.48
psiMulPsiMpi         pdgemm                       2.71         205   0.01     1.47
DensityMatrix        cal_DMR                      0.15          41   0.00     0.08
 Local_Orbital_wfc   wfc_2d_to_grid               2.32         205   0.01     1.26
Gint                 transfer_DMR                 2.90          40   0.07     1.57
Gint_interface       cal_gint_rho                36.19          40   0.90    19.57
Charge_Mixing        get_drho                     0.02          40   0.00     0.01
Charge               mix_rho                      1.04          39   0.03     0.56
Charge               Broyden_mixing               0.19          39   0.00     0.10
Force_Stress_LCAO    getForceStress               9.47           1   9.47     5.12
Forces               cal_force_loc                0.07           1   0.07     0.04
Forces               cal_force_ew                 0.06           1   0.06     0.03
Forces               cal_force_cc                 0.00           1   0.00     0.00
Forces               cal_force_scc                0.45           1   0.45     0.24
Stress_Func          stress_loc                   1.35           1   1.35     0.73
Stress_Func          stress_har                   0.01           1   0.01     0.00
Stress_Func          stress_ewa                   0.05           1   0.05     0.03
Stress_Func          stress_cc                    0.00           1   0.00     0.00
Stress_Func          stress_gga                   0.06           1   0.06     0.03
Force_LCAO_k         ftable_k                     7.26           1   7.26     3.93
Force_LCAO_k         allocate_k                   1.18           1   1.18     0.64
LCAO_gen_fixedH      b_NL_mu_new                  0.52           1   0.52     0.28
Force_LCAO_k         cal_foverlap_k               0.36           1   0.36     0.20
Force_LCAO_k         cal_edm_2d                   0.36           1   0.36     0.19
Force_LCAO_k         cal_ftvnl_dphi_k             0.00           1   0.00     0.00
Force_LCAO_k         cal_fvl_dphi_k               4.48           1   4.48     2.42
Gint_interface       cal_gint_force               4.48           1   4.48     2.42
Gint_Tools           cal_dpsir_ylm                1.64         458   0.00     0.89
Gint_Tools           cal_dpsirr_ylm               0.72         458   0.00     0.39
Force_LCAO_k         cal_fvnl_dbeta_k_new         0.95           1   0.95     0.51
Vdwd3                cal_force                    0.08           1   0.08     0.04
Vdwd3                cal_stress                   0.08           1   0.08     0.04
ModuleIO             write_istate_info            0.02           1   0.02     0.01
------------------------------------------------------------------------------------

 START  Time  : Fri Nov  3 10:41:08 2023
 FINISH Time  : Fri Nov  3 10:44:13 2023
 TOTAL  Time  : 185
 SEE INFORMATION IN : OUT.ABACUS/
