                                                                                     
                              ABACUS v3.3.4

               Atomic-orbital Based Ab-initio Computation at UStc                    

                     Website: http://abacus.ustc.edu.cn/                             
               Documentation: https://abacus.deepmodeling.com/                       
                  Repository: https://github.com/abacusmodeling/abacus-develop       
                              https://github.com/deepmodeling/abacus-develop         
                      Commit: unknown

 Thu Sep 21 08:32:14 2023
 MAKE THE DIR         : OUT.ABACUS/

%%%%%%%%%%%%%%%%%%%%%%%%%%%%%%%%%%%%%%%%%%%%%%%%%%%%%%%%%%%%%%%%%%%%%%%%%%%%%%%%%%%%%%%%%%%%%%%%%%%%%%%%%
 Warning: the number of valence electrons in pseudopotential > 11 for Cu: [Ar] 3d10 4s1
 Warning: the number of valence electrons in pseudopotential > 11 for Ag: [Kr] 4d10 5s1
 Pseudopotentials with additional electrons can yield (more) accurate outcomes, but may be less efficient.
 If you're confident that your chosen pseudopotential is appropriate, you can safely ignore this warning.
%%%%%%%%%%%%%%%%%%%%%%%%%%%%%%%%%%%%%%%%%%%%%%%%%%%%%%%%%%%%%%%%%%%%%%%%%%%%%%%%%%%%%%%%%%%%%%%%%%%%%%%%%

 UNIFORM GRID DIM     : 90 * 90 * 243
 UNIFORM GRID DIM(BIG): 18 * 18 * 81
 DONE(0.110819   SEC) : SETUP UNITCELL
 DONE(0.141651   SEC) : SYMMETRY
 DONE(0.232772   SEC) : INIT K-POINTS
 ---------------------------------------------------------
 Self-consistent calculations for electrons
 ---------------------------------------------------------
 SPIN    KPOINTS         PROCESSORS  NBASE       
 1       10              4           891         
 ---------------------------------------------------------
 Use Systematically Improvable Atomic bases
 ---------------------------------------------------------
 ELEMENT ORBITALS        NBASE       NATOM       XC          
 Cu      4s2p2d1f-8au    27          32          
 Ag      4s2p2d1f-7au    27          1           
 ---------------------------------------------------------
 Initial plane wave basis and FFT box
 ---------------------------------------------------------
 DONE(0.267719   SEC) : INIT PLANEWAVE
 -------------------------------------------
 SELF-CONSISTENT : 
 -------------------------------------------
 START CHARGE      : atomic
 DONE(1.08494    SEC) : INIT SCF
 ITER   ETOT(eV)       EDIFF(eV)      DRHO       TIME(s)    
 GE1    -1.629230e+05  0.000000e+00   2.736e-02  6.733e+00  
 GE2    -1.629203e+05  2.665606e+00   1.750e-02  5.736e+00  
 GE3    -1.629199e+05  4.234330e-01   9.437e-03  5.689e+00  
 GE4    -1.629200e+05  -1.608129e-01  3.751e-03  5.699e+00  
 GE5    -1.629200e+05  2.056411e-02   2.913e-03  5.936e+00  
 GE6    -1.629199e+05  7.241882e-02   2.447e-03  5.890e+00  
 GE7    -1.629199e+05  3.038219e-02   1.638e-03  5.741e+00  
 GE8    -1.629199e+05  3.900742e-02   1.314e-03  5.719e+00  
 GE9    -1.629199e+05  6.478871e-03   9.549e-04  5.716e+00  
 GE10   -1.629199e+05  6.092473e-03   7.912e-04  6.452e+00  
 GE11   -1.629199e+05  7.570020e-03   6.386e-04  5.656e+00  
 GE12   -1.629199e+05  -1.258232e-03  4.215e-04  5.665e+00  
 GE13   -1.629199e+05  -2.935868e-04  3.676e-04  5.678e+00  
 GE14   -1.629199e+05  6.323174e-04   2.702e-04  5.661e+00  
 GE15   -1.629199e+05  -3.296794e-04  2.048e-04  5.659e+00  
 GE16   -1.629199e+05  -2.687668e-04  1.740e-04  5.680e+00  
 GE17   -1.629199e+05  -6.277147e-04  1.431e-04  5.731e+00  
 GE18   -1.629199e+05  -7.627786e-04  1.220e-04  5.659e+00  
 GE19   -1.629199e+05  -1.039408e-03  1.079e-04  5.685e+00  
 GE20   -1.629199e+05  -7.764642e-04  8.716e-05  5.669e+00  
 GE21   -1.629199e+05  -8.969846e-04  7.267e-05  6.138e+00  
 GE22   -1.629199e+05  -1.135742e-03  5.679e-05  5.606e+00  
 GE23   -1.629199e+05  -8.744296e-04  3.733e-05  5.598e+00  
 GE24   -1.629199e+05  -4.106542e-04  2.122e-05  5.619e+00  
 GE25   -1.629199e+05  -1.379073e-04  1.424e-05  5.834e+00  
 GE26   -1.629199e+05  -2.242756e-04  1.163e-05  5.589e+00  
 GE27   -1.629199e+05  -9.522000e-05  6.210e-06  5.539e+00  
 GE28   -1.629199e+05  -2.239146e-05  3.588e-06  5.584e+00  
 GE29   -1.629199e+05  1.698807e-05   2.287e-06  5.648e+00  
 GE30   -1.629199e+05  -9.122465e-06  2.008e-06  5.619e+00  
 GE31   -1.629199e+05  -2.732681e-05  1.624e-06  5.637e+00  
 GE32   -1.629199e+05  8.610788e-07   9.254e-07  5.699e+00  
 ><><><><><><><><><><><><><><><><><><><><><><
 TOTAL-STRESS (KBAR):
 ><><><><><><><><><><><><><><><><><><><><><><
 -2.427e+01     -9.724e-01     1.725e+00      
 -9.724e-01     -2.427e+01     1.701e+00      
 1.725e+00      1.701e+00      -2.209e+00     
 TOTAL-PRESSURE: -1.691e+01 KBAR

  |CLASS_NAME---------|NAME---------------|TIME(Sec)-----|CALLS----|AVG------|PER%-------
                       total               192.53         11        18        1e+02     %
   Driver              driver_line         192.52         1         1.9e+02   1e+02     %
   ORB_control         read_orb_first      0.10816        1         0.11      0.056     %
   LCAO_Orbitals       Read_Orbitals       0.10801        1         0.11      0.056     %
   Ions                opt_ions            191.87         1         1.9e+02   1e+02     %
   ESolver_KS_LCAO     Run                 184.63         1         1.8e+02   96        %
   ESolver_KS_LCAO     beforescf           0.44275        1         0.44      0.23      %
   ESolver_KS_LCAO     beforesolver        0.13138        1         0.13      0.068     %
   ESolver_KS_LCAO     set_matrix_grid     0.11477        1         0.11      0.06      %
   Grid_Technique      init                0.10119        1         0.1       0.053     %
   PW_Basis            recip2real          1.8504         202       0.0092    0.96      %
   PW_Basis            gathers_scatterp    0.96604        202       0.0048    0.5       %
   Potential           init_pot            0.1345         1         0.13      0.07      %
   Potential           update_from_charge  4.1026         33        0.12      2.1       %
   Potential           cal_v_eff           4.0905         33        0.12      2.1       %
   H_Hartree_pw        v_hartree           0.66902        33        0.02      0.35      %
   PW_Basis            real2recip          2.5218         300       0.0084    1.3       %
   PW_Basis            gatherp_scatters    1.3349         300       0.0044    0.69      %
   PotXC               cal_v_eff           3.3907         33        0.1       1.8       %
   XC_Functional       v_xc                3.3772         33        0.1       1.8       %
   Symmetry            rho_symmetry        1.9544         33        0.059     1         %
   HSolverLCAO         solve               175.85         32        5.5       91        %
   HamiltLCAO          updateHk            55.558         320       0.17      29        %
   OperatorLCAO        init                54.1           640       0.085     28        %
   Veff                contributeHk        54.048         320       0.17      28        %
   Gint_interface      cal_gint            58.606         65        0.9       30        %
   Gint_interface      cal_gint_vlocal     29.128         32        0.91      15        %
   Gint_Tools          cal_psir_ylm        4.7548         27264     0.00017   2.5       %
   Gint_k              folding_vl_k        24.919         320       0.078     13        %
   Gint_k              Distri              23.891         320       0.075     12        %
   Overlap             contributeHR        0.29427        1         0.29      0.15      %
   LCAO_gen_fixedH     calculate_S_no      0.29427        1         0.29      0.15      %
   Ekin<LCAO>          contributeHR        0.27424        1         0.27      0.14      %
   Nonlocal<LCAO>      contributeHR        0.25417        1         0.25      0.13      %
   LCAO_gen_fixedH     b_NL_mu_new         0.78779        2         0.39      0.41      %
   OperatorLCAO        folding_fixed       0.63296        320       0.002     0.33      %
   LCAO_nnr            folding_fixedH      0.47381        320       0.0015    0.25      %
   HSolverLCAO         hamiltSolvePsiK     80.133         320       0.25      42        %
   DiagoElpa           elpa_solve          79.407         320       0.25      41        %
   ElecStateLCAO       psiToRho            40.157         32        1.3       21        %
   elecstate           cal_dm              3.3517         33        0.1       1.7       %
   psiMulPsiMpi        pdgemm              3.1907         330       0.0097    1.7       %
    Local_Orbital_wfc  wfc_2d_to_grid      2.4721         330       0.0075    1.3       %
   LCAO_Charge         cal_dk_k            8.973          32        0.28      4.7       %
   Gint_interface      cal_gint_rho        25.511         32        0.8       13        %
   Charge              mix_rho             0.81014        31        0.026     0.42      %
   Charge              Pulay_mixing        0.79073        31        0.026     0.41      %
   Force_Stress_LCAO   getForceStress      7.234          1         7.2       3.8       %
   Stress_Func         stress_loc          0.12623        1         0.13      0.066     %
   Force_LCAO_k        ftable_k            6.7278         1         6.7       3.5       %
   Force_LCAO_k        allocate_k          1.3094         1         1.3       0.68      %
   Force_LCAO_k        cal_foverlap_k      0.23368        1         0.23      0.12      %
   Force_LCAO_k        cal_edm_2d          0.22912        1         0.23      0.12      %
   Force_LCAO_k        cal_fvl_dphi_k      3.9667         1         4         2.1       %
   Gint_interface      cal_gint_force      3.9667         1         4         2.1       %
   Gint_Tools          cal_dpsir_ylm       1.361          426       0.0032    0.71      %
   Gint_Tools          cal_dpsirr_ylm      0.39116        426       0.00092   0.2       %
   Force_LCAO_k        cal_fvnl_dbeta_k_new1.2023         1         1.2       0.62      %
 ----------------------------------------------------------------------------------------

 START  Time  : Thu Sep 21 08:32:14 2023
 FINISH Time  : Thu Sep 21 08:35:26 2023
 TOTAL  Time  : 192
 SEE INFORMATION IN : OUT.ABACUS/
