Loading mkl version 2023.0.0
Loading tbb version 2021.8.0
Loading compiler-rt version 2023.0.0
Loading mpi version 2021.8.0
Loading compiler version 2023.0.0
Loading oclfpga version 2023.0.0
  Load "debugger" to debug DPC++ applications with the gdb-oneapi debugger.
  Load "dpl" for additional DPC++ APIs: https://github.com/oneapi-src/oneDPL

Loading abacus/3.7.5-icx
  Loading requirement: tbb/latest compiler-rt/latest mkl/latest mpi/latest
    oclfpga/latest compiler/latest
                Step[ FC]     Time          Energy          fmax
BFGSLineSearch:    0[  0] 01:34:48   -11866.828275       0.1252
BFGSLineSearch:    1[  2] 01:36:26   -11866.829731       0.0815
BFGSLineSearch:    2[  4] 01:37:57   -11866.830063       0.0441
                Step[ FC]     Time          Energy          fmax
BFGSLineSearch:    0[  0] 01:38:42   -11866.435419       0.0487
Generating NEB path, number of images: 10, sort_tol: 1
      Step     Time          Energy          fmax
FIRE:    0 01:49:05   -11864.151251        4.034597
FIRE:    1 01:53:04   -11864.383329        3.258928
FIRE:    2 01:57:04   -11864.653440        2.744681
FIRE:    3 02:00:09   -11864.879994        2.747666
FIRE:    4 02:02:35   -11865.038334        2.818983
FIRE:    5 02:04:07   -11865.027676        1.860410
FIRE:    6 02:04:53   -11865.048280        1.664480
FIRE:    7 02:05:40   -11865.081056        1.317951
FIRE:    8 02:06:26   -11865.114363        0.878154
Appears to be only one band in the images.
=== Locate TS in 6 of 0-11 images  ===
=== NEB Raw Barrier: -11865.1144 (eV) ===
=== NEB Fmax: 3.2465 (eV/A) ===
=== Now Turn to Sella with NEB Information ===
     Step     Time          Energy         fmax         cmax       rtrust          rho
Sella   0 02:07:14   -11865.114363       0.8749       0.0000       0.1000       1.0000
Sella   1 02:26:15   -11865.241812       0.3090       0.0000       0.1000       0.9207
Sella   2 02:27:36   -11865.282593       0.4343       0.0000       0.1000       0.7929
Sella   3 02:29:00   -11865.325022       0.2571       0.0000       0.1000       0.8962
Sella   4 02:30:23   -11865.350766       0.4631       0.0000       0.1000       0.7874
Sella   5 02:31:15   -11865.344625       0.5155       0.0000       0.0317      -0.6285
Sella   6 02:32:52   -11865.351992       0.4045       0.0000       0.0317       0.8885
Sella   7 02:34:13   -11865.361207       0.2864       0.0000       0.0365       0.9978
Sella   8 02:35:33   -11865.378145       0.3228       0.0000       0.0365       0.7531
Sella   9 02:36:56   -11865.380040       0.2679       0.0000       0.0365       0.3669
Sella  10 02:38:09   -11865.386524       0.2469       0.0000       0.0365       0.4448
Sella  11 02:39:28   -11865.404985       0.2301       0.0000       0.0365       1.2390
Sella  12 02:40:47   -11865.406920       0.4033       0.0000       0.0237       0.1032
Sella  13 02:42:03   -11865.426712       0.1402       0.0000       0.0237       1.0519
Sella  14 02:43:28   -11865.435073       0.2045       0.0000       0.0237       0.7395
Sella  15 02:44:49   -11865.447161       0.1197       0.0000       0.0237       1.1546
Sella  16 02:46:16   -11865.455603       0.2031       0.0000       0.0237       0.7800
Sella  17 02:47:43   -11865.466259       0.1208       0.0000       0.0237       1.0911
Sella  18 02:48:59   -11865.474991       0.1603       0.0000       0.0237       0.8265
Sella  19 02:50:20   -11865.482908       0.1299       0.0000       0.0237       0.9513
Sella  20 02:51:46   -11865.487931       0.1006       0.0000       0.0273       0.9944
Sella  21 02:53:12   -11865.493055       0.1492       0.0000       0.0314       0.9716
Sella  22 02:54:25   -11865.498289       0.1130       0.0000       0.0314       0.8624
Sella  23 02:55:17   -11865.501364       0.1056       0.0000       0.0314       0.8332
Sella  24 02:56:05   -11865.504961       0.0733       0.0000       0.0314       1.3274
Sella  25 02:56:54   -11865.507132       0.2218       0.0000       0.0314       0.3862
Sella  26 02:57:42   -11865.511491       0.0789       0.0000       0.0314       1.1675
Sella  27 02:58:35   -11865.513616       0.1197       0.0000       0.0314       0.7995
Sella  28 02:59:28   -11865.516915       0.0791       0.0000       0.0314       1.2920
Sella  29 03:00:45   -11865.520128       0.1844       0.0000       0.0314       0.6938
Sella  30 03:01:37   -11865.522811       0.0870       0.0000       0.0314       1.0552
Sella  31 03:02:27   -11865.524934       0.0939       0.0000       0.0314       0.8749
Sella  32 03:03:19   -11865.527394       0.0804       0.0000       0.0314       1.2669
Sella  33 03:04:12   -11865.529410       0.0900       0.0000       0.0314       0.6949
Sella  34 03:05:04   -11865.530798       0.0836       0.0000       0.0314       0.8858
Sella  35 03:05:53   -11865.532060       0.0518       0.0000       0.0314       1.1885
Sella  36 03:06:42   -11865.533617       0.0661       0.0000       0.0314       1.0092
Sella  37 03:07:28   -11865.535115       0.0754       0.0000       0.0314       1.0745
Sella  38 03:08:18   -11865.536663       0.0600       0.0000       0.0314       1.0550
Sella  39 03:09:10   -11865.538748       0.0737       0.0000       0.0314       1.1875
Sella  40 03:09:58   -11865.540976       0.0937       0.0000       0.0314       0.8653
Sella  41 03:10:49   -11865.543111       0.0796       0.0000       0.0314       1.1595
Sella  42 03:11:40   -11865.545712       0.0941       0.0000       0.0314       1.1118
Sella  43 03:12:31   -11865.548326       0.1476       0.0000       0.0314       0.9011
Sella  44 03:13:21   -11865.550817       0.0875       0.0000       0.0314       1.0633
Sella  45 03:14:10   -11865.552783       0.0919       0.0000       0.0314       0.8785
Sella  46 03:14:57   -11865.554390       0.0773       0.0000       0.0314       0.9764
Sella  47 03:15:45   -11865.556025       0.0674       0.0000       0.0314       1.1775
Sella  48 03:16:36   -11865.557428       0.0592       0.0000       0.0314       0.9154
Sella  49 03:17:25   -11865.558034       0.0583       0.0000       0.0314       0.6801
Sella  50 03:18:17   -11865.558644       0.0462       0.0000       0.0314       1.0556

==> TS-Search Results <==
- Items      Energy
- IS         -11866.830045
- FS         -11866.435419
- TS         -11865.558644
- dE         0.394626
- Ea_f       1.271401
- Ea_r       0.876775

===== NEB2SELLA Calculation Done at Fri Sep 20 03:18:21 CST 2024! =====
