                                                                                     
                              ABACUS v3.3.4

               Atomic-orbital Based Ab-initio Computation at UStc                    

                     Website: http://abacus.ustc.edu.cn/                             
               Documentation: https://abacus.deepmodeling.com/                       
                  Repository: https://github.com/abacusmodeling/abacus-develop       
                              https://github.com/deepmodeling/abacus-develop         
                      Commit: unknown

 Wed Sep 20 20:33:46 2023
 MAKE THE DIR         : OUT.ABACUS/

%%%%%%%%%%%%%%%%%%%%%%%%%%%%%%%%%%%%%%%%%%%%%%%%%%%%%%%%%%%%%%%%%%%%%%%%%%%%%%%%%%%%%%%%%%%%%%%%%%%%%%%%%
 Warning: the number of valence electrons in pseudopotential > 1 for Li: [He] 2s1
 Pseudopotentials with additional electrons can yield (more) accurate outcomes, but may be less efficient.
 If you're confident that your chosen pseudopotential is appropriate, you can safely ignore this warning.
%%%%%%%%%%%%%%%%%%%%%%%%%%%%%%%%%%%%%%%%%%%%%%%%%%%%%%%%%%%%%%%%%%%%%%%%%%%%%%%%%%%%%%%%%%%%%%%%%%%%%%%%%

 UNIFORM GRID DIM     : 135 * 135 * 135
 UNIFORM GRID DIM(BIG): 27 * 27 * 27
 DONE(0.0991879  SEC) : SETUP UNITCELL
 DONE(0.124712   SEC) : SYMMETRY
 DONE(0.19456    SEC) : INIT K-POINTS
 ---------------------------------------------------------
 Self-consistent calculations for electrons
 ---------------------------------------------------------
 SPIN    KPOINTS         PROCESSORS  NBASE       
 1       8               4           839         
 ---------------------------------------------------------
 Use Systematically Improvable Atomic bases
 ---------------------------------------------------------
 ELEMENT ORBITALS        NBASE       NATOM       XC          
 Li      4s1p-8au        7           1           
 Si      2s2p1d-8au      13          64          
 ---------------------------------------------------------
 Initial plane wave basis and FFT box
 ---------------------------------------------------------
 DONE(0.223005   SEC) : INIT PLANEWAVE
 -------------------------------------------
 SELF-CONSISTENT : 
 -------------------------------------------
 START CHARGE      : atomic
 DONE(0.756593   SEC) : INIT SCF
 ITER   ETOT(eV)       EDIFF(eV)      DRHO       TIME(s)    
 GE1    -7.075425e+03  0.000000e+00   1.465e-01  1.759e+00  
 GE2    -7.072523e+03  2.901882e+00   1.138e-01  1.411e+00  
 GE3    -7.073126e+03  -6.034429e-01  1.178e-02  1.493e+00  
 GE4    -7.073115e+03  1.132135e-02   8.107e-03  1.395e+00  
 GE5    -7.073123e+03  -7.772958e-03  2.148e-03  1.403e+00  
 GE6    -7.073124e+03  -9.011339e-04  4.490e-04  1.393e+00  
 GE7    -7.073124e+03  -1.570658e-04  1.882e-04  1.394e+00  
 GE8    -7.073124e+03  -9.980562e-06  6.030e-05  1.397e+00  
 GE9    -7.073124e+03  -1.075611e-06  1.991e-05  1.399e+00  
 GE10   -7.073124e+03  -1.155838e-07  6.448e-06  1.395e+00  
 GE11   -7.073124e+03  1.203402e-09   3.866e-06  1.404e+00  
 GE12   -7.073124e+03  -2.959007e-09  1.716e-06  1.394e+00  
 GE13   -7.073124e+03  -8.089705e-10  1.028e-06  1.390e+00  
 GE14   -7.073124e+03  -9.899448e-11  3.180e-07  1.393e+00  
 ><><><><><><><><><><><><><><><><><><><><><><
 TOTAL-STRESS (KBAR):
 ><><><><><><><><><><><><><><><><><><><><><><
 6.070e+00      -2.148e-02     -1.776e-02     
 -2.148e-02     6.072e+00      -1.382e-02     
 -1.776e-02     -1.382e-02     6.071e+00      
 TOTAL-PRESSURE: 6.071e+00 KBAR

  |CLASS_NAME---------|NAME---------------|TIME(Sec)-----|CALLS----|AVG------|PER%-------
                       total               23.652         11        2.2       1e+02     %
   Driver              driver_line         23.645         1         24        1e+02     %
   Ions                opt_ions            23.24          1         23        98        %
   ESolver_KS_LCAO     Run                 20.383         1         20        86        %
   ESolver_KS_LCAO     beforescf           0.35989        1         0.36      1.5       %
   PW_Basis            recip2real          0.28909        80        0.0036    1.2       %
   PW_Basis            gathers_scatterp    0.14018        80        0.0018    0.59      %
   Potential           update_from_charge  1.0269         15        0.068     4.3       %
   Potential           cal_v_eff           1.0197         15        0.068     4.3       %
   H_Hartree_pw        v_hartree           0.15338        15        0.01      0.65      %
   PW_Basis            real2recip          0.43245        124       0.0035    1.8       %
   PW_Basis            gatherp_scatters    0.20344        124       0.0016    0.86      %
   PotXC               cal_v_eff           0.84909        15        0.057     3.6       %
   XC_Functional       v_xc                0.83905        15        0.056     3.5       %
   Symmetry            rho_symmetry        0.85964        15        0.057     3.6       %
   HSolverLCAO         solve               17.516         14        1.3       74        %
   HamiltLCAO          updateHk            4.7642         112       0.043     20        %
   OperatorLCAO        init                4.3104         224       0.019     18        %
   Veff                contributeHk        4.3064         112       0.038     18        %
   Gint_interface      cal_gint            6.4847         29        0.22      27        %
   Gint_interface      cal_gint_vlocal     2.7867         14        0.2       12        %
   Gint_Tools          cal_psir_ylm        0.98513        8932      0.00011   4.2       %
   Gint_k              folding_vl_k        1.5195         112       0.014     6.4       %
   Gint_k              Distri              1.3717         112       0.012     5.8       %
   Nonlocal<LCAO>      contributeHR        0.11335        1         0.11      0.48      %
   LCAO_gen_fixedH     b_NL_mu_new         0.29797        2         0.15      1.3       %
   OperatorLCAO        folding_fixed       0.20191        112       0.0018    0.85      %
   LCAO_nnr            folding_fixedH      0.17945        112       0.0016    0.76      %
   HSolverLCAO         hamiltSolvePsiK     9.2967         112       0.083     39        %
   DiagoElpa           elpa_solve          9.1733         112       0.082     39        %
   ElecStateLCAO       psiToRho            3.4549         14        0.25      15        %
   elecstate           cal_dm              0.31969        15        0.021     1.4       %
   psiMulPsiMpi        pdgemm              0.2666         120       0.0022    1.1       %
    Local_Orbital_wfc  wfc_2d_to_grid      0.11983        120       0.001     0.51      %
   LCAO_Charge         cal_dk_k            0.62434        14        0.045     2.6       %
   Gint_interface      cal_gint_rho        2.3198         14        0.17      9.8       %
   Force_Stress_LCAO   getForceStress      2.8533         1         2.9       12        %
   Force_LCAO_k        ftable_k            2.3408         1         2.3       9.9       %
   Force_LCAO_k        allocate_k          0.36152        1         0.36      1.5       %
   Force_LCAO_k        cal_fvl_dphi_k      1.3783         1         1.4       5.8       %
   Gint_interface      cal_gint_force      1.3783         1         1.4       5.8       %
   Gint_Tools          cal_dpsir_ylm       0.5911         319       0.0019    2.5       %
   Gint_Tools          cal_dpsirr_ylm      0.23028        319       0.00072   0.97      %
   Force_LCAO_k        cal_fvnl_dbeta_k_new0.44523        1         0.45      1.9       %
   Vdwd3               cal_force           0.16504        1         0.17      0.7       %
   Vdwd3               cal_stress          0.16636        1         0.17      0.7       %
 ----------------------------------------------------------------------------------------

 START  Time  : Wed Sep 20 20:33:46 2023
 FINISH Time  : Wed Sep 20 20:34:10 2023
 TOTAL  Time  : 24
 SEE INFORMATION IN : OUT.ABACUS/
