Loading mkl version 2023.0.0
Loading tbb version 2021.8.0
Loading compiler-rt version 2023.0.0
Loading mpi version 2021.8.0
Loading compiler version 2023.0.0
Loading oclfpga version 2023.0.0
  Load "debugger" to debug DPC++ applications with the gdb-oneapi debugger.
  Load "dpl" for additional DPC++ APIs: https://github.com/oneapi-src/oneDPL

Loading abacus/3.4.1-dev-icx
  Loading requirement: tbb/latest compiler-rt/latest mkl/latest mpi/latest
    oclfpga/latest compiler/latest
NMAX is 8
 ===== Make Initial NEB Guess =====
===== Running NEB =====
Notice: Parallel calculation is not being used
Set NEB method to DyNEB automatically
----- Running Dynamic NEB -----
----- improvedtangent method is being used -----
----- Default scale_fmax = 1.0 -----
      Step     Time          Energy          fmax
FIRE:    0 10:17:36  -239253.377660         4.103469
FIRE:    1 10:32:00  -239253.437260         4.096040
FIRE:    2 10:46:29  -239253.561360         3.714696
FIRE:    3 11:01:02  -239253.708860         3.112537
FIRE:    4 11:15:34  -239253.887400         4.614592
FIRE:    5 11:29:56  -239254.094930         6.213053
FIRE:    6 11:44:18  -239254.325040         8.318300
FIRE:    7 11:58:42  -239254.534350         2.047596
FIRE:    8 12:13:13  -239254.713670         5.559694
FIRE:    9 12:27:40  -239254.710950         4.785889
FIRE:   10 12:42:11  -239254.706880         3.275704
FIRE:   11 12:56:41  -239254.704080         1.582266
FIRE:   12 13:11:06  -239254.706430         1.412709
FIRE:   13 13:25:26  -239254.718600         1.379108
FIRE:   14 13:39:43  -239254.719640         1.291100
FIRE:   15 13:54:00  -239254.721750         1.207613
FIRE:   16 14:08:25  -239254.724890         1.193499
FIRE:   17 14:22:43  -239254.729130         1.174229
FIRE:   18 14:37:04  -239254.734450         1.150686
FIRE:   19 14:51:22  -239254.740880         1.122713
FIRE:   20 15:03:52  -239254.748460         1.090173
FIRE:   21 15:16:17  -239254.758150         1.051331
FIRE:   22 15:28:48  -239254.770410         1.002856
FIRE:   23 15:41:18  -239254.785670         0.944560
FIRE:   24 15:54:00  -239254.804600         0.880333
FIRE:   25 16:06:34  -239254.827590         0.822858
FIRE:   26 16:19:12  -239254.855150         0.879871
FIRE:   27 16:31:46  -239254.887430         0.680706
FIRE:   28 16:44:11  -239254.923690         0.605320
FIRE:   29 16:56:36  -239254.961830         0.507672
FIRE:   30 17:09:04  -239254.997720         0.626912
FIRE:   31 17:21:35  -239255.026670         0.605715
FIRE:   32 17:32:18  -239255.046060         0.495292
FIRE:   33 17:44:48  -239255.057280         0.543177
FIRE:   34 17:51:58  -239255.064320         0.632486
FIRE:   35 18:00:55  -239255.071000         0.339781
FIRE:   36 18:11:31  -239255.079790         0.603045
FIRE:   37 18:20:22  -239255.088020         0.283375
FIRE:   38 18:29:13  -239255.094430         0.746793
FIRE:   39 18:38:03  -239255.095750         0.453365
FIRE:   40 18:46:58  -239255.098270         0.330415
FIRE:   41 18:53:58  -239255.101810         0.282031
FIRE:   42 19:00:57  -239255.106000         0.228172
FIRE:   43 19:07:57  -239255.110470         0.177914
FIRE:   44 19:14:56  -239255.115080         0.142325
FIRE:   45 19:21:56  -239255.119590         0.129766
FIRE:   46 19:28:56  -239255.124440         0.131605
FIRE:   47 19:35:56  -239255.129590         0.135226
FIRE:   48 19:42:59  -239255.134690         0.128752
FIRE:   49 19:50:03  -239255.139330         0.108619
FIRE:   50 19:57:03  -239255.142690         0.119274
FIRE:   51 20:03:58  -239255.144100         0.122339
FIRE:   52 20:10:49  -239255.143280         0.115465
FIRE:   53 20:17:44  -239255.140710         0.101202
FIRE:   54 20:22:57  -239255.140910         0.098867
FIRE:   55 20:28:09  -239255.141280         0.094466
FIRE:   56 20:33:18  -239255.141830         0.088485
FIRE:   57 20:36:41  -239255.142570         0.079651
FIRE:   58 20:40:03  -239255.143410         0.071305
FIRE:   59 20:43:31  -239255.144330         0.066007
FIRE:   60 20:46:59  -239255.145240         0.064653
FIRE:   61 20:50:21  -239255.146190         0.058255
FIRE:   62 20:53:49  -239255.147120         0.059507
FIRE:   63 20:57:11  -239255.147890         0.071831
FIRE:   64 21:00:34  -239255.148340         0.065251
FIRE:   65 21:03:57  -239255.148380         0.063108
FIRE:   66 21:09:06  -239255.148050         0.072104
FIRE:   67 21:12:39  -239255.147450         0.077149
FIRE:   68 21:16:06  -239255.147450         0.041475
===== NEB Process Done ! =====
num: 0; Energy: -239256.26878 (eV)
num: 1; Energy: -239256.22954 (eV)
num: 2; Energy: -239256.1606 (eV)
num: 3; Energy: -239255.95345 (eV)
num: 4; Energy: -239255.14745 (eV)
num: 5; Energy: -239255.26882 (eV)
num: 6; Energy: -239255.49605 (eV)
num: 7; Energy: -239255.67204 (eV)
num: 8; Energy: -239255.81648 (eV)
num: 9; Energy: -239255.88577 (eV)
Reaction Barrier and Energy Difference: (1.1216459157736267, 0.3830100000195671) (eV)
Number of images per band guessed to be 10.
Processing band         68 /         69
Processing band          0 /          1
===== Done ! =====
