Loading mkl version 2023.2.0
Loading tbb version 2021.10.0
Loading compiler-rt version 2023.2.1
Loading mpi version 2021.8.0

Loading abacus/3.3.4-icc
  Loading requirement: tbb/latest compiler-rt/latest mkl/latest mpi/latest
Dynamic NEB should be efficient in serial calculation
set parallel flag to False
----- Running Dynamic NEB -----
----- improvedtangent method is being used -----
----- Default scale_fmax = 1.0 -----
---- idpp method is used for interpolation ----
      Step     Time          Energy          fmax
FIRE:    0 16:57:27  -162919.065150         3.725583
FIRE:    1 17:37:22  -162919.301000         2.530329
FIRE:    2 18:34:41  -162919.524810         1.091922
FIRE:    3 19:17:18  -162919.599100         0.363967
FIRE:    4 19:54:39  -162919.571010         0.891726
FIRE:    5 20:33:43  -162919.577570         0.849479
FIRE:    6 21:08:43  -162919.589680         0.787216
FIRE:    7 21:40:57  -162919.605420         0.685294
FIRE:    8 22:13:04  -162919.622260         0.555597
FIRE:    9 22:46:55  -162919.638110         0.414082
FIRE:   10 23:40:35  -162919.650560         0.257021
FIRE:   11 00:53:52  -162919.657850         0.143403
FIRE:   12 01:38:50  -162919.659980         0.129680
FIRE:   13 02:08:11  -162919.657230         0.263153
FIRE:   14 02:38:24  -162919.657500         0.259068
FIRE:   15 03:08:16  -162919.658020         0.251467
FIRE:   16 03:38:07  -162919.658790         0.239845
FIRE:   17 04:07:07  -162919.659750         0.225670
FIRE:   18 04:34:48  -162919.660840         0.207333
FIRE:   19 04:57:19  -162919.662020         0.187839
FIRE:   20 05:20:24  -162919.663180         0.165804
FIRE:   21 05:42:58  -162919.664420         0.132780
FIRE:   22 06:05:54  -162919.665690         0.109399
FIRE:   23 06:33:14  -162919.666760         0.086793
FIRE:   24 06:55:50  -162919.667790         0.059807
FIRE:   25 07:09:45  -162919.668650         0.068121
FIRE:   26 07:19:06  -162919.669150         0.090404
FIRE:   27 07:32:58  -162919.669600         0.112390
FIRE:   28 07:51:49  -162919.670370         0.117392
FIRE:   29 08:09:53  -162919.671420         0.113712
FIRE:   30 08:28:42  -162919.672420         0.109927
FIRE:   31 08:47:10  -162919.673380         0.093596
FIRE:   32 09:09:57  -162919.673830         0.087305
FIRE:   33 09:19:17  -162919.673830         0.021077
-162920.00840772255
-162920.0224
-162919.86939
-162919.72615
-162919.67383
-162919.72506
-162919.86738
-162920.02139
-162920.0088215106
(0.33457772253314033, -0.0004137880459893495)
Appears to be only one band in the images.
Processing band          0 /          1
