MINMODE:METHOD: Dimer
DIM:CONTROL: Search Parameters:
DIM:CONTROL: ------------------
DIM:CONTROL: eigenmode_method = dimer
DIM:CONTROL: f_rot_min = 0.1
DIM:CONTROL: f_rot_max = 1.0
DIM:CONTROL: max_num_rot = 1
DIM:CONTROL: trial_angle = 0.7853981633974483
DIM:CONTROL: trial_trans_step = 0.001
DIM:CONTROL: maximum_translation = 0.1
DIM:CONTROL: cg_translation = True
DIM:CONTROL: use_central_forces = True
DIM:CONTROL: dimer_separation = 0.0001
DIM:CONTROL: initial_eigenmode_method = displacement
DIM:CONTROL: extrapolate_forces = False
DIM:CONTROL: displacement_method = vector
DIM:CONTROL: gauss_std = 0.1
DIM:CONTROL: order = 1
DIM:CONTROL: mask = [True, True, False, False, False, False, False, False, False, False, False, False, False, False, False, False, False, False, False, False, False, False, False, False, False, False, False, False, False, False, False, False, False, False, True, True, True, True, True, True, True, True, True, True, True, True, True, True, True, True, True, True, True, True, True, True, True, True, True, True, True, True, True, True, True, True]
DIM:CONTROL: displacement_center = None
DIM:CONTROL: displacement_radius = None
DIM:CONTROL: number_of_displacement_atoms = None
DIM:CONTROL: ------------------
DIM:ROT: OPT-STEP ROT-STEP CURVATURE ROT-ANGLE ROT-FORCE
MINMODE:DISP:       0     -0.00413662      0.00119250     -0.00553278
MINMODE:DISP:       1      0.00280987      0.00103319      0.00633761
MINMODE:DISP:       2      0.00000000      0.00000000      0.00000000
MINMODE:DISP:       3      0.00000000      0.00000000      0.00000000
MINMODE:DISP:       4      0.00000000      0.00000000      0.00000000
MINMODE:DISP:       5      0.00000000      0.00000000      0.00000000
MINMODE:DISP:       6      0.00000000      0.00000000      0.00000000
MINMODE:DISP:       7      0.00000000      0.00000000      0.00000000
MINMODE:DISP:       8      0.00000000      0.00000000      0.00000000
MINMODE:DISP:       9      0.00000000      0.00000000      0.00000000
MINMODE:DISP:      10      0.00000000      0.00000000      0.00000000
MINMODE:DISP:      11      0.00000000      0.00000000      0.00000000
MINMODE:DISP:      12      0.00000000      0.00000000      0.00000000
MINMODE:DISP:      13      0.00000000      0.00000000      0.00000000
MINMODE:DISP:      14      0.00000000      0.00000000      0.00000000
MINMODE:DISP:      15      0.00000000      0.00000000      0.00000000
MINMODE:DISP:      16      0.00000000      0.00000000      0.00000000
MINMODE:DISP:      17      0.00000000      0.00000000      0.00000000
MINMODE:DISP:      18      0.00000000      0.00000000      0.00000000
MINMODE:DISP:      19      0.00000000      0.00000000      0.00000000
MINMODE:DISP:      20      0.00000000      0.00000000      0.00000000
MINMODE:DISP:      21      0.00000000      0.00000000      0.00000000
MINMODE:DISP:      22      0.00000000      0.00000000      0.00000000
MINMODE:DISP:      23      0.00000000      0.00000000      0.00000000
MINMODE:DISP:      24      0.00000000      0.00000000      0.00000000
MINMODE:DISP:      25      0.00000000      0.00000000      0.00000000
MINMODE:DISP:      26      0.00000000      0.00000000      0.00000000
MINMODE:DISP:      27      0.00000000      0.00000000      0.00000000
MINMODE:DISP:      28      0.00000000      0.00000000      0.00000000
MINMODE:DISP:      29      0.00000000      0.00000000      0.00000000
MINMODE:DISP:      30      0.00000000      0.00000000      0.00000000
MINMODE:DISP:      31      0.00000000      0.00000000      0.00000000
MINMODE:DISP:      32      0.00000000      0.00000000      0.00000000
MINMODE:DISP:      33      0.00000000      0.00000000      0.00000000
MINMODE:DISP:      34     -0.00003862     -0.00003197     -0.00010226
MINMODE:DISP:      35      0.00005203      0.00007139      0.00004057
MINMODE:DISP:      36      0.00000466      0.00002195     -0.00002134
MINMODE:DISP:      37     -0.00003895      0.00003978      0.00002570
MINMODE:DISP:      38      0.00002282      0.00009588      0.00005252
MINMODE:DISP:      39     -0.00002487      0.00027001      0.00007477
MINMODE:DISP:      40     -0.00009639      0.00000744      0.00005492
MINMODE:DISP:      41      0.00001900      0.00001689      0.00000790
MINMODE:DISP:      42      0.00009716      0.00009982      0.00004110
MINMODE:DISP:      43      0.00001521      0.00016641      0.00000025
MINMODE:DISP:      44     -0.00008011      0.00026788     -0.00001045
MINMODE:DISP:      45     -0.00000746      0.00006844     -0.00006528
MINMODE:DISP:      46     -0.00000367      0.00008507      0.00000481
MINMODE:DISP:      47      0.00003131      0.00012350     -0.00010242
MINMODE:DISP:      48     -0.00004767      0.00010900     -0.00004354
MINMODE:DISP:      49      0.00006021     -0.00003258      0.00007823
MINMODE:DISP:      50     -0.00001437      0.00011392     -0.00000110
MINMODE:DISP:      51     -0.00003346      0.00009181      0.00005044
MINMODE:DISP:      52      0.00007854      0.00006127     -0.00015137
MINMODE:DISP:      53      0.00000766      0.00016675     -0.00010759
MINMODE:DISP:      54      0.00009892      0.00016595      0.00003957
MINMODE:DISP:      55      0.00002488     -0.00021964      0.00004482
MINMODE:DISP:      56     -0.00018386      0.00018577      0.00021560
MINMODE:DISP:      57     -0.00000604     -0.00004903      0.00000596
MINMODE:DISP:      58      0.00014823      0.00006514      0.00001189
MINMODE:DISP:      59     -0.00012589      0.00027576     -0.00018437
MINMODE:DISP:      60     -0.00027350      0.00061817      0.00013959
MINMODE:DISP:      61     -0.00028025      0.00018537      0.00004952
MINMODE:DISP:      62     -0.00007085      0.00009471     -0.00000201
MINMODE:DISP:      63      0.00023090      0.00006368     -0.00012927
MINMODE:DISP:      64      0.00013885      0.00041092      0.00014208
MINMODE:DISP:      65     -0.00002702     -0.00021591     -0.00005241
MinModeTranslate: STEP      TIME          ENERGY    MAX-FORCE     STEPSIZE    CURVATURE  ROT-STEPS
DIM:ROT:       0         1   -6.1854   24.9082    5.6953
MinModeTranslate:    0  22:02:37  -239254.830167       0.6718     --------    -6.185415          1
MinModeTranslate:    0  22:06:32  -239254.830167       0.6718     0.100000    -6.185415          1
DIM:ROT:       1         1   -7.8175   13.1388    3.2966
MinModeTranslate:    1  22:12:26  -239254.917191       0.4940     --------    -7.817477          1
MinModeTranslate:    1  22:16:22  -239254.917191       0.4940     0.100000    -7.817477          1
DIM:ROT:       2         1   -7.0323   12.2143    2.7513
MinModeTranslate:    2  22:22:15  -239254.976216       0.2836     --------    -7.032276          1
MinModeTranslate:    2  22:26:12  -239254.976216       0.2836     0.100000    -7.032276          1
DIM:ROT:       3         1   -7.1448   14.5687    4.4094
MinModeTranslate:    3  22:32:05  -239255.018172       0.2862     --------    -7.144755          1
MinModeTranslate:    3  22:36:01  -239255.018172       0.2862     0.100000    -7.144755          1
DIM:ROT:       4         1   -5.8353   10.9834    2.9562
MinModeTranslate:    4  22:41:55  -239255.045788       0.3741     --------    -5.835290          1
MinModeTranslate:    4  22:45:51  -239255.045788       0.3741     0.100000    -5.835290          1
DIM:ROT:       5         1   -5.8347   11.8986    3.7521
MinModeTranslate:    5  22:51:45  -239255.074815       0.1507     --------    -5.834693          1
MinModeTranslate:    5  22:55:40  -239255.074815       0.1507     0.079530    -5.834693          1
DIM:ROT:       6         1   -5.9865   12.7154    3.5773
MinModeTranslate:    6  23:01:35  -239255.087236       0.1817     --------    -5.986482          1
MinModeTranslate:    6  23:05:30  -239255.087236       0.1817     0.100000    -5.986482          1
DIM:ROT:       7         1   -6.2198   13.6302    3.8854
MinModeTranslate:    7  23:11:12  -239255.108901       0.1238     --------    -6.219802          1
MinModeTranslate:    7  23:14:59  -239255.108901       0.1238     0.051491    -6.219802          1
DIM:ROT:       8         1   -5.5465   18.3001    5.5101
MinModeTranslate:    8  23:20:40  -239255.107851       0.1596     --------    -5.546527          1
MinModeTranslate:    8  23:24:27  -239255.107851       0.1596     0.053081    -5.546527          1
DIM:ROT:       9         1   -5.5420   15.9728    3.9643
MinModeTranslate:    9  23:30:07  -239255.113742       0.1357     --------    -5.541979          1
MinModeTranslate:    9  23:33:55  -239255.113742       0.1357     0.036917    -5.541979          1
DIM:ROT:      10         1   -6.2439   22.1303    5.1771
MinModeTranslate:   10  23:39:35  -239255.117778       0.0795     --------    -6.243911          1
MinModeTranslate:   10  23:43:23  -239255.117778       0.0795     0.044007    -6.243911          1
DIM:ROT:      11         1   -6.5080   22.0600    5.2399
MinModeTranslate:   11  23:49:04  -239255.120616       0.0671     --------    -6.508041          1
MinModeTranslate:   11  23:52:51  -239255.120616       0.0671     0.043712    -6.508041          1
DIM:ROT:      12         1   -5.0832   16.3283    3.7101
MinModeTranslate:   12  23:58:32  -239255.123520       0.0720     --------    -5.083194          1
MinModeTranslate:   12  00:02:19  -239255.123520       0.0720     0.047643    -5.083194          1
DIM:ROT:      13         1   -5.0205   16.1546    4.2298
MinModeTranslate:   13  00:08:00  -239255.125296       0.0515     --------    -5.020493          1
MinModeTranslate:   13  00:11:47  -239255.125296       0.0515     0.037861    -5.020493          1
DIM:ROT:      14         1   -5.3158   17.5391    3.9117
MinModeTranslate:   14  00:17:28  -239255.126049       0.0316     --------    -5.315827          1