 In SCAN_BEGIN, can't find: LATTICE_PARAMETERS block.
 In SCAN_BEGIN, can't find: <PP_MESH block.
 In SCAN_BEGIN, can't find: <PP_MESH block.
 AUTO_SET NBANDS to 0
 AUTO_SET NBANDS to 92
 Grid_Technique::init_atoms_on_grid  warning : No atom on this sub-FFT-mesh.
      Processor           Atom
              1              1
              2              2
              3              4
              4              4
              5              4
              6              5
              7              6
              8              6
              9              7
             10              7
             11              9
             12             11
             13             11
             14             13
             15             13
             16             13
             17             14
             18             15
             19             15
             20             17
             21             18
             22             18
             23             19
             24             19
             25             19
             26             20
             27             20
             28             20
             29             20
             30             19
             31             19
             32             19
             33             19
             34             17
             35             16
             36             15
             37             14
             38             14
             39             14
             40             13
             41             13
             42             12
             43             11
             44              9
             45              8
             46              8
             47              6
             48              6
             49              6
             50              6
             51              4
             52              2
             53              2
             54              2
             55              1
             56              1
             57              1
             58              1
             59              1
             60              0
             61              0
             62              0
             63              0
             64              0
                            startmag_type = 2
                       charge from rho_at = 10.9185
                         charge should be = 11
                            startmag_type = 2
                       charge from rho_at = 18.9775
                         charge should be = 19
 Warning: negative or imaginary starting charge :  neg = -0.000833425 ima = 6.7728e-14 SPIN = 0

 SETUP ATOMIC RHO FOR SPIN 1
                 Electron number from rho = 151
           total electron number from rho = 151
                                should be = 151
                 charge before normalized = 151
                  charge after normalized = 151
                 charge before normalized = 151.002138566098
                  charge after normalized = 151
                 charge before normalized = 151.002128797511
                  charge after normalized = 151
                 charge before normalized = 151.002106664022
                  charge after normalized = 151
                 charge before normalized = 151.002079050193
                  charge after normalized = 151
                 charge before normalized = 151.002083211263
                  charge after normalized = 151
                 charge before normalized = 151.002094938279
                  charge after normalized = 151
                 charge before normalized = 151.002097088003
                  charge after normalized = 151
                 charge before normalized = 151.002098990649
                  charge after normalized = 151
                 charge before normalized = 151.002101902066
                  charge after normalized = 151
                 charge before normalized = 151.002103363335
                  charge after normalized = 151
                 charge before normalized = 151.002104335
                  charge after normalized = 151
                 charge before normalized = 151.0021065571
                  charge after normalized = 151
                 charge before normalized = 151.002107060749
                  charge after normalized = 151
                 charge before normalized = 151.002107729795
                  charge after normalized = 151
                 charge before normalized = 151.002108180414
                  charge after normalized = 151
                 charge before normalized = 151.002108730218
                  charge after normalized = 151
                 charge before normalized = 151.00210892267
                  charge after normalized = 151
                 charge before normalized = 151.002108948438
                  charge after normalized = 151
                 charge before normalized = 151.002109033605
                  charge after normalized = 151
                 charge before normalized = 151.002109032216
                  charge after normalized = 151
                 charge before normalized = 151.002109022391
                  charge after normalized = 151
                 charge before normalized = 151.002109019559
                  charge after normalized = 151
                 charge before normalized = 151.002109019547
                  charge after normalized = 151
                 charge before normalized = 151.002109019986
                  charge after normalized = 151
                 charge before normalized = 151.002109023089
                  charge after normalized = 151
                 charge before normalized = 151.002109023579
                  charge after normalized = 151
                 charge before normalized = 151.002109024667
                  charge after normalized = 151
                 charge before normalized = 151.002109024868
                  charge after normalized = 151
                 charge before normalized = 151.00210902506
                  charge after normalized = 151
                 charge before normalized = 151.002109025032
                  charge after normalized = 151
                 charge before normalized = 151.002109025105
                  charge after normalized = 151
