                                                                                     
                              ABACUS v3.4.1

               Atomic-orbital Based Ab-initio Computation at UStc                    

                     Website: http://abacus.ustc.edu.cn/                             
               Documentation: https://abacus.deepmodeling.com/                       
                  Repository: https://github.com/abacusmodeling/abacus-develop       
                              https://github.com/deepmodeling/abacus-develop         
                      Commit: 77f178d04 (Thu Oct 26 11:32:59 2023 +0800)

 Wed Nov  8 11:41:56 2023
 MAKE THE DIR         : OUT.ABACUS/

%%%%%%%%%%%%%%%%%%%%%%%%%%%%%%%%%%%%%%%%%%%%%%%%%%%%%%%%%%%%%%%%%%%%%%%%%%%%%%%%%%%%%%%%%%%%%%%%%%%%%%%%%
 Warning: the number of valence electrons in pseudopotential > 8 for Fe: [Ar] 3d6 4s2
 Pseudopotentials with additional electrons can yield (more) accurate outcomes, but may be less efficient.
 If you're confident that your chosen pseudopotential is appropriate, you can safely ignore this warning.
%%%%%%%%%%%%%%%%%%%%%%%%%%%%%%%%%%%%%%%%%%%%%%%%%%%%%%%%%%%%%%%%%%%%%%%%%%%%%%%%%%%%%%%%%%%%%%%%%%%%%%%%%

 UNIFORM GRID DIM        : 125 * 300 * 160
 UNIFORM GRID DIM(BIG)   : 25 * 60 * 32
 DONE(0.132649   SEC) : SETUP UNITCELL
 DONE(0.166618   SEC) : SYMMETRY
 DONE(0.245906   SEC) : INIT K-POINTS
 ---------------------------------------------------------
 Ion relaxation calculations
 ---------------------------------------------------------
 SPIN    KPOINTS         PROCESSORS  NBASE       
 2       8               16          2672        
 ---------------------------------------------------------
 Use Systematically Improvable Atomic bases
 ---------------------------------------------------------
 ELEMENT ORBITALS        NBASE       NATOM       XC          
 C       2s2p1d-7au      13          38          
 Fe      4s2p2d1f-8au    27          80          
 H       2s1p-6au        5           1           
 O       2s2p1d-7au      13          1           
 ---------------------------------------------------------
 Initial plane wave basis and FFT box
 ---------------------------------------------------------
 DONE(0.288078   SEC) : INIT PLANEWAVE
 -------------------------------------------
 STEP OF ION RELAXATION : 1
 -------------------------------------------
 START CHARGE      : atomic
 DONE(3.93732    SEC) : INIT SCF
 ITER   TMAG      AMAG      ETOT(eV)       EDIFF(eV)      DRHO       TIME(s)    
 GE1    1.29e+02  1.39e+02  -2.639124e+05  0.000000e+00   6.610e-02  1.463e+01  
 GE2    1.24e+02  1.35e+02  -2.639066e+05  5.818679e+00   5.013e-02  1.200e+01  
 GE3    1.27e+02  1.38e+02  -2.639067e+05  -6.902109e-02  5.050e-02  1.202e+01  
 GE4    1.29e+02  1.41e+02  -2.639112e+05  -4.543439e+00  3.181e-02  1.198e+01  
 GE5    1.28e+02  1.40e+02  -2.639132e+05  -1.991689e+00  3.001e-02  1.200e+01  
 GE6    1.32e+02  1.44e+02  -2.639170e+05  -3.824378e+00  1.841e-02  1.200e+01  
 GE7    1.34e+02  1.47e+02  -2.639188e+05  -1.736334e+00  1.549e-02  1.199e+01  
 GE8    1.36e+02  1.48e+02  -2.639190e+05  -2.719079e-01  1.322e-02  1.196e+01  
 GE9    1.37e+02  1.49e+02  -2.639190e+05  4.434362e-02   1.217e-02  1.197e+01  
 GE10   1.38e+02  1.51e+02  -2.639192e+05  -1.693194e-01  1.092e-02  1.196e+01  
 GE11   1.39e+02  1.52e+02  -2.639191e+05  2.578908e-02   1.069e-02  1.199e+01  
 GE12   1.39e+02  1.53e+02  -2.639190e+05  9.758707e-02   1.047e-02  1.199e+01  
 GE13   1.40e+02  1.54e+02  -2.639191e+05  -3.433684e-02  9.734e-03  1.198e+01  
 GE14   1.40e+02  1.54e+02  -2.639191e+05  -3.531171e-02  9.466e-03  1.194e+01  
 GE15   1.40e+02  1.54e+02  -2.639192e+05  -5.405224e-02  9.110e-03  1.202e+01  
 GE16   1.40e+02  1.55e+02  -2.639192e+05  -2.630286e-02  8.690e-03  1.198e+01  
 GE17   1.40e+02  1.55e+02  -2.639193e+05  -5.817860e-02  8.367e-03  1.198e+01  
 GE18   1.40e+02  1.55e+02  -2.639193e+05  -7.783393e-02  7.975e-03  1.195e+01  
 GE19   1.41e+02  1.55e+02  -2.639194e+05  -7.126540e-02  7.402e-03  1.194e+01  
 GE20   1.41e+02  1.55e+02  -2.639194e+05  -3.380511e-02  6.730e-03  1.194e+01  
 GE21   1.41e+02  1.55e+02  -2.639195e+05  -4.258140e-02  6.459e-03  1.198e+01  
 GE22   1.41e+02  1.55e+02  -2.639195e+05  -3.738763e-02  6.062e-03  1.196e+01  
 GE23   1.41e+02  1.55e+02  -2.639195e+05  -3.280934e-02  5.663e-03  1.195e+01  
 GE24   1.41e+02  1.55e+02  -2.639196e+05  -5.045489e-02  5.355e-03  1.195e+01  
 GE25   1.41e+02  1.55e+02  -2.639196e+05  -1.889202e-02  4.761e-03  1.194e+01  
 GE26   1.41e+02  1.55e+02  -2.639196e+05  -3.048917e-02  4.575e-03  1.199e+01  
 GE27   1.41e+02  1.55e+02  -2.639197e+05  -1.380415e-02  4.185e-03  1.196e+01  
 GE28   1.41e+02  1.55e+02  -2.639197e+05  -2.491578e-02  4.023e-03  1.192e+01  
 GE29   1.41e+02  1.55e+02  -2.639197e+05  -7.985222e-03  3.703e-03  1.193e+01  
 GE30   1.41e+02  1.55e+02  -2.639197e+05  -1.459461e-02  3.606e-03  1.199e+01  
 GE31   1.41e+02  1.55e+02  -2.639197e+05  -1.019245e-02  3.398e-03  1.196e+01  
 GE32   1.41e+02  1.55e+02  -2.639197e+05  -7.379348e-03  3.258e-03  1.195e+01  
 GE33   1.41e+02  1.55e+02  -2.639197e+05  -6.500410e-03  3.141e-03  1.194e+01  
 GE34   1.41e+02  1.55e+02  -2.639197e+05  -9.156163e-03  3.036e-03  1.196e+01  
 GE35   1.41e+02  1.55e+02  -2.639198e+05  -1.038412e-02  2.871e-03  1.202e+01  
 GE36   1.42e+02  1.55e+02  -2.639198e+05  -3.540344e-03  2.682e-03  1.194e+01  
 GE37   1.42e+02  1.55e+02  -2.639198e+05  -1.212248e-02  2.611e-03  1.194e+01  
 GE38   1.42e+02  1.55e+02  -2.639198e+05  -5.242070e-03  2.350e-03  1.196e+01  
 GE39   1.42e+02  1.55e+02  -2.639198e+05  -6.586331e-03  2.231e-03  1.196e+01  
 GE40   1.42e+02  1.55e+02  -2.639198e+05  -4.065875e-03  2.049e-03  1.196e+01  
 GE41   1.42e+02  1.55e+02  -2.639198e+05  -5.631822e-03  1.931e-03  1.196e+01  
 GE42   1.42e+02  1.55e+02  -2.639198e+05  -3.437164e-03  1.767e-03  1.196e+01  
 GE43   1.42e+02  1.55e+02  -2.639198e+05  -4.725921e-03  1.659e-03  1.198e+01  
 GE44   1.42e+02  1.56e+02  -2.639198e+05  -4.006480e-03  1.498e-03  1.194e+01  
 GE45   1.42e+02  1.56e+02  -2.639198e+05  -8.740906e-04  1.347e-03  1.205e+01  
 GE46   1.42e+02  1.56e+02  -2.639198e+05  -4.059584e-03  1.319e-03  1.197e+01  
 GE47   1.42e+02  1.56e+02  -2.639198e+05  -1.741446e-03  1.150e-03  1.195e+01  
 GE48   1.43e+02  1.56e+02  -2.639198e+05  -1.351706e-03  1.080e-03  1.199e+01  
 GE49   1.43e+02  1.56e+02  -2.639198e+05  -1.120045e-03  1.022e-03  1.196e+01  
 GE50   1.43e+02  1.56e+02  -2.639198e+05  -4.165189e-04  9.712e-04  1.196e+01  
 GE51   1.43e+02  1.56e+02  -2.639198e+05  -9.483677e-04  9.538e-04  1.198e+01  
 GE52   1.43e+02  1.56e+02  -2.639198e+05  -7.240643e-04  9.012e-04  1.192e+01  
 GE53   1.43e+02  1.56e+02  -2.639198e+05  -6.189048e-04  8.566e-04  1.195e+01  
 GE54   1.43e+02  1.56e+02  -2.639198e+05  -3.770954e-04  8.124e-04  1.196e+01  
 GE55   1.43e+02  1.56e+02  -2.639198e+05  -5.830175e-04  7.855e-04  1.204e+01  
 GE56   1.43e+02  1.56e+02  -2.639198e+05  -5.671943e-04  7.306e-04  1.197e+01  
 GE57   1.43e+02  1.56e+02  -2.639198e+05  -6.707029e-04  6.840e-04  1.198e+01  
 GE58   1.43e+02  1.56e+02  -2.639198e+05  -7.680881e-04  6.224e-04  1.196e+01  
 GE59   1.43e+02  1.56e+02  -2.639198e+05  -3.600008e-04  5.504e-04  1.196e+01  
 GE60   1.43e+02  1.56e+02  -2.639198e+05  -5.603441e-04  5.178e-04  1.195e+01  
 GE61   1.43e+02  1.56e+02  -2.639198e+05  -4.332387e-04  4.588e-04  1.197e+01  
 GE62   1.43e+02  1.56e+02  -2.639198e+05  -3.434634e-04  4.122e-04  1.198e+01  
 GE63   1.43e+02  1.56e+02  -2.639198e+05  -3.318681e-04  3.716e-04  1.194e+01  
 GE64   1.43e+02  1.56e+02  -2.639198e+05  -2.373179e-04  3.289e-04  1.194e+01  
 GE65   1.43e+02  1.56e+02  -2.639198e+05  -2.470600e-04  2.971e-04  1.201e+01  
 GE66   1.43e+02  1.56e+02  -2.639198e+05  -2.375283e-04  2.635e-04  1.197e+01  
 GE67   1.43e+02  1.56e+02  -2.639198e+05  -1.767223e-04  2.297e-04  1.194e+01  
 GE68   1.43e+02  1.56e+02  -2.639198e+05  -8.198842e-05  2.038e-04  1.199e+01  
 GE69   1.43e+02  1.56e+02  -2.639198e+05  -7.015269e-05  1.928e-04  1.195e+01  
 GE70   1.43e+02  1.56e+02  -2.639198e+05  -9.139878e-05  1.786e-04  1.193e+01  
 GE71   1.43e+02  1.56e+02  -2.639198e+05  -4.434973e-05  1.612e-04  1.194e+01  
 GE72   1.43e+02  1.56e+02  -2.639198e+05  -4.893223e-05  1.489e-04  1.198e+01  
 GE73   1.43e+02  1.56e+02  -2.639198e+05  -2.143815e-05  1.360e-04  1.197e+01  
 GE74   1.43e+02  1.56e+02  -2.639198e+05  -4.710316e-05  1.293e-04  1.197e+01  
 GE75   1.43e+02  1.56e+02  -2.639198e+05  -2.499452e-05  1.147e-04  1.211e+01  
 GE76   1.43e+02  1.56e+02  -2.639198e+05  -1.988913e-05  1.053e-04  1.198e+01  
 GE77   1.43e+02  1.56e+02  -2.639198e+05  -2.372883e-05  9.786e-05  1.196e+01  
 GE78   1.43e+02  1.56e+02  -2.639198e+05  -5.250172e-07  8.816e-05  1.195e+01  
 GE79   1.43e+02  1.56e+02  -2.639198e+05  -2.881116e-05  8.876e-05  1.200e+01  
 GE80   1.43e+02  1.56e+02  -2.639198e+05  -1.066473e-05  7.835e-05  1.199e+01  
 GE81   1.43e+02  1.56e+02  -2.639198e+05  -1.743788e-05  7.343e-05  1.199e+01  
 GE82   1.43e+02  1.56e+02  -2.639198e+05  -2.742791e-06  6.724e-05  1.200e+01  
 GE83   1.43e+02  1.56e+02  -2.639198e+05  -2.287248e-05  6.493e-05  1.200e+01  
 GE84   1.43e+02  1.56e+02  -2.639198e+05  -1.409157e-05  5.677e-05  1.201e+01  
 GE85   1.43e+02  1.56e+02  -2.639198e+05  -1.468944e-05  5.144e-05  1.202e+01  
 GE86   1.43e+02  1.56e+02  -2.639198e+05  -2.054640e-05  4.576e-05  1.201e+01  
 GE87   1.43e+02  1.56e+02  -2.639198e+05  6.977626e-07   3.503e-05  1.200e+01  
 GE88   1.43e+02  1.56e+02  -2.639198e+05  -1.602864e-05  3.718e-05  1.200e+01  
 GE89   1.43e+02  1.56e+02  -2.639198e+05  -6.298326e-06  2.655e-05  1.201e+01  
 GE90   1.43e+02  1.56e+02  -2.639198e+05  -5.407524e-06  2.229e-05  1.200e+01  
 GE91   1.43e+02  1.56e+02  -2.639198e+05  9.432194e-07   1.701e-05  1.200e+01  
 GE92   1.43e+02  1.56e+02  -2.639198e+05  -3.441791e-06  1.606e-05  1.200e+01  
 GE93   1.43e+02  1.56e+02  -2.639198e+05  1.087009e-06   1.172e-05  1.201e+01  
 GE94   1.43e+02  1.56e+02  -2.639198e+05  -2.962410e-07  1.037e-05  1.199e+01  
 GE95   1.43e+02  1.56e+02  -2.639198e+05  5.729801e-07   8.476e-06  1.205e+01  
 GE96   1.43e+02  1.56e+02  -2.639198e+05  -2.307066e-07  7.795e-06  1.201e+01  
 GE97   1.43e+02  1.56e+02  -2.639198e+05  9.406456e-07   6.693e-06  1.199e+01  
 GE98   1.43e+02  1.56e+02  -2.639198e+05  -4.558696e-07  6.508e-06  1.201e+01  
 GE99   1.43e+02  1.56e+02  -2.639198e+05  -8.447694e-07  6.144e-06  1.199e+01  
 GE100  1.43e+02  1.56e+02  -2.639198e+05  6.742514e-07   5.521e-06  1.201e+01  
 GE101  1.43e+02  1.56e+02  -2.639198e+05  -1.063349e-06  5.682e-06  1.199e+01  
 GE102  1.43e+02  1.56e+02  -2.639198e+05  -4.182517e-08  5.252e-06  1.200e+01  
 GE103  1.43e+02  1.56e+02  -2.639198e+05  -4.087482e-07  5.094e-06  1.199e+01  
 GE104  1.43e+02  1.56e+02  -2.639198e+05  -2.857971e-07  4.942e-06  1.200e+01  
 GE105  1.43e+02  1.56e+02  -2.639198e+05  -9.512380e-07  4.860e-06  1.206e+01  
 GE106  1.43e+02  1.56e+02  -2.639198e+05  6.406923e-07   4.415e-06  1.202e+01  
 GE107  1.43e+02  1.56e+02  -2.639198e+05  -9.477732e-07  4.553e-06  1.200e+01  
 GE108  1.43e+02  1.56e+02  -2.639198e+05  -4.193406e-07  4.119e-06  1.202e+01  
 GE109  1.43e+02  1.56e+02  -2.639198e+05  4.231024e-07   3.489e-06  1.199e+01  
 GE110  1.43e+02  1.56e+02  -2.639198e+05  -1.419581e-07  3.256e-06  1.203e+01  
 GE111  1.43e+02  1.56e+02  -2.639198e+05  8.592721e-08   2.863e-06  1.204e+01  
 GE112  1.43e+02  1.56e+02  -2.639198e+05  3.034181e-08   2.531e-06  1.201e+01  
 GE113  1.43e+02  1.56e+02  -2.639198e+05  1.262675e-07   2.149e-06  1.203e+01  
 GE114  1.43e+02  1.56e+02  -2.639198e+05  7.191949e-08   1.832e-06  1.200e+01  
 GE115  1.43e+02  1.56e+02  -2.639198e+05  4.553746e-09   1.650e-06  1.209e+01  
 GE116  1.43e+02  1.56e+02  -2.639198e+05  -3.781589e-08  1.501e-06  1.203e+01  
 GE117  1.43e+02  1.56e+02  -2.639198e+05  -5.890172e-09  1.327e-06  1.199e+01  
 GE118  1.43e+02  1.56e+02  -2.639198e+05  -9.508420e-08  1.215e-06  1.204e+01  
 GE119  1.43e+02  1.56e+02  -2.639198e+05  -2.172929e-08  1.055e-06  1.206e+01  
 GE120  1.43e+02  1.56e+02  -2.639198e+05  -4.340908e-08  1.081e-06  1.201e+01  
 GE121  1.43e+02  1.56e+02  -2.639198e+05  -1.796750e-07  9.690e-07  1.214e+01  
----------------------------------------------------------------
TOTAL-STRESS (KBAR)                                           
----------------------------------------------------------------
      -15.3560084875        -0.1903394892        -0.6474189194
       -0.1903394892        -2.3141599527        -0.0662785197
       -0.6474189194        -0.0662785197        -7.7869012271
----------------------------------------------------------------
 ETOT DIFF (eV)       : 0.000e+00
 LARGEST GRAD (eV/A)  : 5.313e-01
 BFGS TRUST (Bohr)    : 5.000e-01
 -------------------------------------------
 STEP OF ION RELAXATION : 2
 -------------------------------------------
 DONE(1.493e+03  SEC) : INIT SCF
 ITER   TMAG      AMAG      ETOT(eV)       EDIFF(eV)      DRHO       TIME(s)    
 GE1    1.43e+02  1.56e+02  -2.639138e+05  0.000000e+00   3.956e-03  1.435e+01  
 GE2    1.43e+02  1.56e+02  -2.639133e+05  4.921526e-01   3.585e-03  1.200e+01  
 GE3    1.43e+02  1.56e+02  -2.639127e+05  5.460903e-01   6.016e-03  1.200e+01  
 GE4    1.43e+02  1.56e+02  -2.639132e+05  -4.429702e-01  3.332e-03  1.201e+01  
 GE5    1.43e+02  1.56e+02  -2.639133e+05  -9.717177e-02  1.079e-03  1.201e+01  
 GE6    1.43e+02  1.56e+02  -2.639133e+05  1.135857e-02   9.652e-04  1.202e+01  
 GE7    1.43e+02  1.56e+02  -2.639133e+05  2.597428e-03   7.455e-04  1.202e+01  
 GE8    1.43e+02  1.56e+02  -2.639132e+05  3.552613e-03   6.352e-04  1.202e+01  
 GE9    1.43e+02  1.56e+02  -2.639132e+05  6.001330e-03   4.991e-04  1.201e+01  
 GE10   1.43e+02  1.56e+02  -2.639132e+05  8.171640e-04   4.286e-04  1.201e+01  
 GE11   1.43e+02  1.56e+02  -2.639132e+05  1.038437e-03   3.668e-04  1.205e+01  
 GE12   1.43e+02  1.56e+02  -2.639132e+05  1.663944e-03   3.352e-04  1.203e+01  
 GE13   1.43e+02  1.56e+02  -2.639132e+05  2.787917e-04   3.127e-04  1.201e+01  
 GE14   1.43e+02  1.56e+02  -2.639132e+05  1.753981e-03   3.158e-04  1.201e+01  
 GE15   1.43e+02  1.56e+02  -2.639132e+05  3.384647e-04   2.502e-04  1.201e+01  
 GE16   1.43e+02  1.56e+02  -2.639132e+05  -1.881051e-04  2.286e-04  1.201e+01  
 GE17   1.43e+02  1.56e+02  -2.639132e+05  -5.127904e-05  2.172e-04  1.202e+01  
 GE18   1.43e+02  1.56e+02  -2.639132e+05  -2.207472e-04  2.001e-04  1.202e+01  
 GE19   1.43e+02  1.56e+02  -2.639132e+05  -4.490581e-04  1.838e-04  1.203e+01  
 GE20   1.43e+02  1.56e+02  -2.639132e+05  -6.559338e-04  1.658e-04  1.200e+01  
 GE21   1.43e+02  1.56e+02  -2.639132e+05  -4.384870e-04  1.467e-04  1.207e+01  
 GE22   1.43e+02  1.56e+02  -2.639132e+05  -2.546110e-04  1.315e-04  1.202e+01  
 GE23   1.43e+02  1.56e+02  -2.639132e+05  -1.897998e-04  1.285e-04  1.202e+01  
 GE24   1.43e+02  1.56e+02  -2.639132e+05  -3.123780e-04  1.143e-04  1.200e+01  
 GE25   1.43e+02  1.56e+02  -2.639132e+05  -2.444930e-04  1.061e-04  1.201e+01  
 GE26   1.43e+02  1.56e+02  -2.639132e+05  -5.699995e-04  1.006e-04  1.201e+01  
 GE27   1.43e+02  1.56e+02  -2.639132e+05  -3.424231e-04  9.275e-05  1.202e+01  
 GE28   1.43e+02  1.56e+02  -2.639132e+05  -2.906311e-04  8.333e-05  1.198e+01  
 GE29   1.43e+02  1.56e+02  -2.639132e+05  -1.701703e-04  7.771e-05  1.198e+01  
 GE30   1.43e+02  1.56e+02  -2.639132e+05  -1.377285e-04  7.345e-05  1.200e+01  
 GE31   1.43e+02  1.56e+02  -2.639132e+05  -1.533181e-04  6.890e-05  1.200e+01  
 GE32   1.43e+02  1.56e+02  -2.639132e+05  -1.409503e-05  6.357e-05  1.197e+01  
 GE33   1.43e+02  1.56e+02  -2.639132e+05  -7.625599e-05  6.214e-05  1.199e+01  
 GE34   1.43e+02  1.56e+02  -2.639132e+05  -5.023732e-05  5.727e-05  1.199e+01  
 GE35   1.43e+02  1.56e+02  -2.639132e+05  -4.551405e-05  5.330e-05  1.197e+01  
 GE36   1.43e+02  1.56e+02  -2.639132e+05  -2.081300e-05  4.775e-05  1.197e+01  
 GE37   1.43e+02  1.56e+02  -2.639132e+05  -1.813886e-05  4.542e-05  1.195e+01  
 GE38   1.43e+02  1.56e+02  -2.639132e+05  -1.662360e-05  4.161e-05  1.196e+01  
 GE39   1.43e+02  1.56e+02  -2.639132e+05  -1.036571e-05  3.903e-05  1.199e+01  
 GE40   1.43e+02  1.56e+02  -2.639132e+05  -1.578106e-05  3.667e-05  1.198e+01  
 GE41   1.43e+02  1.56e+02  -2.639132e+05  -2.425419e-05  3.453e-05  1.200e+01  
 GE42   1.43e+02  1.56e+02  -2.639132e+05  3.946415e-06   3.182e-05  1.199e+01  
 GE43   1.43e+02  1.56e+02  -2.639132e+05  -1.674977e-05  3.089e-05  1.196e+01  
 GE44   1.43e+02  1.56e+02  -2.639132e+05  -4.157971e-05  2.917e-05  1.195e+01  
 GE45   1.43e+02  1.56e+02  -2.639132e+05  -1.638017e-05  2.580e-05  1.198e+01  
 GE46   1.43e+02  1.56e+02  -2.639132e+05  -6.320194e-05  2.403e-05  1.195e+01  
 GE47   1.43e+02  1.56e+02  -2.639132e+05  -3.666122e-05  2.063e-05  1.198e+01  
 GE48   1.43e+02  1.56e+02  -2.639132e+05  -4.393603e-05  1.814e-05  1.196e+01  
 GE49   1.43e+02  1.56e+02  -2.639132e+05  -2.285768e-05  1.571e-05  1.197e+01  
 GE50   1.43e+02  1.56e+02  -2.639132e+05  -5.880059e-05  1.475e-05  1.196e+01  
 GE51   1.43e+02  1.56e+02  -2.639132e+05  -2.823065e-05  1.150e-05  1.197e+01  
 GE52   1.43e+02  1.56e+02  -2.639132e+05  -1.053088e-05  1.108e-05  1.199e+01  
 GE53   1.43e+02  1.56e+02  -2.639132e+05  -2.010197e-05  9.973e-06  1.196e+01  
 GE54   1.43e+02  1.56e+02  -2.639132e+05  -1.551511e-05  9.355e-06  1.198e+01  
 GE55   1.43e+02  1.56e+02  -2.639132e+05  -3.168912e-06  8.418e-06  1.196e+01  
 GE56   1.43e+02  1.56e+02  -2.639132e+05  -9.065816e-06  8.065e-06  1.194e+01  
 GE57   1.43e+02  1.56e+02  -2.639132e+05  -5.136180e-06  7.526e-06  1.201e+01  
 GE58   1.43e+02  1.56e+02  -2.639132e+05  -4.533700e-06  7.041e-06  1.194e+01  
 GE59   1.43e+02  1.56e+02  -2.639132e+05  -7.276094e-07  6.693e-06  1.199e+01  
 GE60   1.43e+02  1.56e+02  -2.639132e+05  -7.185910e-06  6.619e-06  1.193e+01  
 GE61   1.43e+02  1.56e+02  -2.639132e+05  6.116869e-07   5.965e-06  1.204e+01  
 GE62   1.43e+02  1.56e+02  -2.639132e+05  -8.108391e-06  6.007e-06  1.198e+01  
 GE63   1.43e+02  1.56e+02  -2.639132e+05  -5.519685e-06  5.241e-06  1.197e+01  
 GE64   1.43e+02  1.56e+02  -2.639132e+05  -2.450608e-06  4.654e-06  1.197e+01  
 GE65   1.43e+02  1.56e+02  -2.639132e+05  -4.518900e-06  4.373e-06  1.193e+01  
 GE66   1.43e+02  1.56e+02  -2.639132e+05  -3.251721e-06  3.857e-06  1.196e+01  
 GE67   1.43e+02  1.56e+02  -2.639132e+05  -6.449095e-06  3.488e-06  1.198e+01  
 GE68   1.43e+02  1.56e+02  -2.639132e+05  1.009892e-06   2.683e-06  1.198e+01  
 GE69   1.43e+02  1.56e+02  -2.639132e+05  -6.289416e-06  2.838e-06  1.197e+01  
 GE70   1.43e+02  1.56e+02  -2.639132e+05  -2.186194e-06  1.892e-06  1.198e+01  
 GE71   1.43e+02  1.56e+02  -2.639132e+05  -6.613326e-07  1.563e-06  1.204e+01  
 GE72   1.43e+02  1.56e+02  -2.639132e+05  -1.192141e-06  1.448e-06  1.199e+01  
 GE73   1.43e+02  1.56e+02  -2.639132e+05  -8.772396e-07  1.218e-06  1.197e+01  
 GE74   1.43e+02  1.56e+02  -2.639132e+05  -1.592326e-07  1.065e-06  1.199e+01  
 GE75   1.43e+02  1.56e+02  -2.639132e+05  -5.952043e-07  1.092e-06  1.195e+01  
 GE76   1.43e+02  1.56e+02  -2.639132e+05  -2.703490e-06  9.011e-07  1.206e+01  
----------------------------------------------------------------
TOTAL-STRESS (KBAR)                                           
----------------------------------------------------------------
       20.2039805908        -3.5441760502         0.4462594942
       -3.5441760502        59.7089728405        -6.8119580750
        0.4462594942        -6.8119580750        28.3290116652
----------------------------------------------------------------
 ETOT DIFF (eV)       : 6.577e+00
 LARGEST GRAD (eV/A)  : 6.314e+01
 BFGS TRUST (Bohr)    : 1.858e-02
 -------------------------------------------
 STEP OF ION RELAXATION : 3
 -------------------------------------------
 DONE(2.445e+03  SEC) : INIT SCF
 ITER   TMAG      AMAG      ETOT(eV)       EDIFF(eV)      DRHO       TIME(s)    
 GE1    1.43e+02  1.56e+02  -2.639218e+05  0.000000e+00   7.946e-03  1.426e+01  
 GE2    1.43e+02  1.56e+02  -2.639199e+05  1.824782e+00   7.292e-03  1.197e+01  
 GE3    1.43e+02  1.56e+02  -2.639181e+05  1.866908e+00   1.167e-02  1.200e+01  
 GE4    1.43e+02  1.56e+02  -2.639195e+05  -1.484399e+00  6.563e-03  1.196e+01  
 GE5    1.43e+02  1.56e+02  -2.639200e+05  -4.428727e-01  2.388e-03  1.195e+01  
 GE6    1.43e+02  1.56e+02  -2.639200e+05  3.065783e-02   1.841e-03  1.196e+01  
 GE7    1.43e+02  1.56e+02  -2.639199e+05  4.185100e-02   1.528e-03  1.197e+01  
 GE8    1.43e+02  1.56e+02  -2.639199e+05  1.397722e-03   1.101e-03  1.200e+01  
 GE9    1.43e+02  1.56e+02  -2.639199e+05  1.895558e-02   9.271e-04  1.198e+01  
 GE10   1.43e+02  1.56e+02  -2.639199e+05  6.006590e-03   7.900e-04  1.195e+01  
 GE11   1.43e+02  1.56e+02  -2.639199e+05  1.059229e-02   7.090e-04  1.200e+01  
 GE12   1.43e+02  1.56e+02  -2.639199e+05  9.681907e-03   6.634e-04  1.197e+01  
 GE13   1.43e+02  1.56e+02  -2.639199e+05  7.590447e-03   5.918e-04  1.199e+01  
 GE14   1.43e+02  1.56e+02  -2.639199e+05  2.272883e-03   5.646e-04  1.194e+01  
 GE15   1.43e+02  1.56e+02  -2.639199e+05  1.248961e-02   5.295e-04  1.198e+01  
 GE16   1.43e+02  1.56e+02  -2.639198e+05  2.948172e-03   4.398e-04  1.197e+01  
 GE17   1.43e+02  1.56e+02  -2.639198e+05  4.442378e-03   4.090e-04  1.195e+01  
 GE18   1.43e+02  1.56e+02  -2.639198e+05  2.187948e-03   3.689e-04  1.196e+01  
 GE19   1.43e+02  1.56e+02  -2.639198e+05  3.758471e-03   3.477e-04  1.196e+01  
 GE20   1.43e+02  1.56e+02  -2.639198e+05  1.408984e-03   3.051e-04  1.198e+01  
 GE21   1.43e+02  1.56e+02  -2.639198e+05  2.799839e-03   2.889e-04  1.198e+01  
 GE22   1.43e+02  1.56e+02  -2.639198e+05  1.525126e-03   2.598e-04  1.197e+01  
 GE23   1.43e+02  1.56e+02  -2.639198e+05  5.998020e-04   2.335e-04  1.197e+01  
 GE24   1.43e+02  1.56e+02  -2.639198e+05  1.188105e-03   2.412e-04  1.197e+01  
 GE25   1.43e+02  1.56e+02  -2.639198e+05  1.619755e-03   2.080e-04  1.197e+01  
 GE26   1.43e+02  1.56e+02  -2.639198e+05  5.863715e-04   1.883e-04  1.196e+01  
 GE27   1.43e+02  1.56e+02  -2.639198e+05  5.919454e-04   1.718e-04  1.198e+01  
 GE28   1.43e+02  1.56e+02  -2.639198e+05  3.983845e-04   1.607e-04  1.200e+01  
 GE29   1.43e+02  1.56e+02  -2.639198e+05  3.386355e-04   1.525e-04  1.196e+01  
 GE30   1.43e+02  1.56e+02  -2.639198e+05  5.027269e-04   1.446e-04  1.195e+01  
 GE31   1.43e+02  1.56e+02  -2.639198e+05  3.441336e-04   1.329e-04  1.196e+01  
 GE32   1.43e+02  1.56e+02  -2.639198e+05  6.617349e-04   1.233e-04  1.203e+01  
 GE33   1.43e+02  1.56e+02  -2.639198e+05  -1.253233e-04  1.046e-04  1.200e+01  
 GE34   1.43e+02  1.56e+02  -2.639198e+05  3.601690e-04   1.094e-04  1.194e+01  
 GE35   1.43e+02  1.56e+02  -2.639198e+05  3.981108e-05   9.452e-05  1.199e+01  
 GE36   1.43e+02  1.56e+02  -2.639198e+05  1.762567e-04   9.157e-05  1.199e+01  
 GE37   1.43e+02  1.56e+02  -2.639198e+05  5.903417e-05   8.130e-05  1.197e+01  
 GE38   1.43e+02  1.56e+02  -2.639198e+05  5.797196e-05   7.586e-05  1.198e+01  
 GE39   1.43e+02  1.56e+02  -2.639198e+05  3.537979e-05   6.969e-05  1.195e+01  
 GE40   1.43e+02  1.56e+02  -2.639198e+05  1.944212e-05   6.557e-05  1.196e+01  
 GE41   1.43e+02  1.56e+02  -2.639198e+05  1.700463e-05   6.160e-05  1.196e+01  
 GE42   1.43e+02  1.56e+02  -2.639198e+05  -6.295208e-06  5.603e-05  1.205e+01  
 GE43   1.43e+02  1.56e+02  -2.639198e+05  -1.866244e-06  5.307e-05  1.198e+01  
 GE44   1.43e+02  1.56e+02  -2.639198e+05  -1.192567e-05  5.230e-05  1.197e+01  
 GE45   1.43e+02  1.56e+02  -2.639198e+05  -2.142493e-05  4.962e-05  1.197e+01  
 GE46   1.43e+02  1.56e+02  -2.639198e+05  -1.019396e-05  4.668e-05  1.198e+01  
 GE47   1.43e+02  1.56e+02  -2.639198e+05  -1.764750e-05  4.503e-05  1.195e+01  
 GE48   1.43e+02  1.56e+02  -2.639198e+05  -2.038994e-05  4.333e-05  1.196e+01  
 GE49   1.43e+02  1.56e+02  -2.639198e+05  -6.139143e-07  4.057e-05  1.197e+01  
 GE50   1.43e+02  1.56e+02  -2.639198e+05  -1.073679e-05  4.004e-05  1.198e+01  
 GE51   1.43e+02  1.56e+02  -2.639198e+05  -1.029582e-05  3.832e-05  1.198e+01  
 GE52   1.43e+02  1.56e+02  -2.639198e+05  2.385841e-05   3.455e-05  1.202e+01  
 GE53   1.43e+02  1.56e+02  -2.639198e+05  -1.885602e-05  3.607e-05  1.197e+01  
 GE54   1.43e+02  1.56e+02  -2.639198e+05  4.802420e-06   3.183e-05  1.196e+01  
 GE55   1.43e+02  1.56e+02  -2.639198e+05  -2.866385e-06  3.013e-05  1.197e+01  
 GE56   1.43e+02  1.56e+02  -2.639198e+05  -8.982858e-06  2.850e-05  1.198e+01  
 GE57   1.43e+02  1.56e+02  -2.639198e+05  -2.195905e-05  2.581e-05  1.195e+01  
 GE58   1.43e+02  1.56e+02  -2.639198e+05  -4.631511e-05  2.170e-05  1.195e+01  
 GE59   1.43e+02  1.56e+02  -2.639198e+05  -2.232459e-05  1.580e-05  1.199e+01  
 GE60   1.43e+02  1.56e+02  -2.639198e+05  -3.503830e-05  1.219e-05  1.195e+01  
 GE61   1.43e+02  1.56e+02  -2.639198e+05  -1.869308e-05  7.133e-06  1.195e+01  
 GE62   1.43e+02  1.56e+02  -2.639198e+05  8.268019e-06   4.536e-06  1.200e+01  
 GE63   1.43e+02  1.56e+02  -2.639198e+05  -6.469190e-06  4.938e-06  1.196e+01  
 GE64   1.43e+02  1.56e+02  -2.639198e+05  2.242176e-06   3.939e-06  1.196e+01  
 GE65   1.43e+02  1.56e+02  -2.639198e+05  -3.564296e-07  3.144e-06  1.195e+01  
 GE66   1.43e+02  1.56e+02  -2.639198e+05  -1.953854e-06  2.994e-06  1.195e+01  
 GE67   1.43e+02  1.56e+02  -2.639198e+05  -2.744028e-06  2.976e-06  1.196e+01  
 GE68   1.43e+02  1.56e+02  -2.639198e+05  2.351119e-08   2.783e-06  1.197e+01  
 GE69   1.43e+02  1.56e+02  -2.639198e+05  -2.155110e-06  2.760e-06  1.197e+01  
 GE70   1.43e+02  1.56e+02  -2.639198e+05  -2.277368e-06  2.783e-06  1.193e+01  
 GE71   1.43e+02  1.56e+02  -2.639198e+05  -1.069833e-06  2.484e-06  1.195e+01  
 GE72   1.43e+02  1.56e+02  -2.639198e+05  -3.998882e-07  2.274e-06  1.202e+01  
 GE73   1.43e+02  1.56e+02  -2.639198e+05  -9.241630e-07  2.254e-06  1.197e+01  
 GE74   1.43e+02  1.56e+02  -2.639198e+05  -1.141852e-06  2.048e-06  1.196e+01  
 GE75   1.43e+02  1.56e+02  -2.639198e+05  1.564608e-07   1.713e-06  1.196e+01  
 GE76   1.43e+02  1.56e+02  -2.639198e+05  -7.668113e-07  1.628e-06  1.194e+01  
 GE77   1.43e+02  1.56e+02  -2.639198e+05  1.801205e-07   1.399e-06  1.197e+01  
 GE78   1.43e+02  1.56e+02  -2.639198e+05  -1.231986e-07  1.288e-06  1.194e+01  
 GE79   1.43e+02  1.56e+02  -2.639198e+05  -5.485779e-07  1.167e-06  1.196e+01  
 GE80   1.43e+02  1.56e+02  -2.639198e+05  2.723338e-07   1.020e-06  1.195e+01  
 GE81   1.43e+02  1.56e+02  -2.639198e+05  -3.274737e-06  9.090e-07  1.210e+01  
----------------------------------------------------------------
TOTAL-STRESS (KBAR)                                           
----------------------------------------------------------------
      -14.1761490767        -0.2341938775        -0.6271452162
       -0.2341938775        -0.7342528855        -0.1756928775
       -0.6271452162        -0.1756928775        -6.5982454096
----------------------------------------------------------------
 ETOT DIFF (eV)       : -5.203e-03
 LARGEST GRAD (eV/A)  : 2.709e-01
 BFGS TRUST (Bohr)    : 2.044e-02
 -------------------------------------------
 STEP OF ION RELAXATION : 4
 -------------------------------------------
 DONE(3.454e+03  SEC) : INIT SCF
 ITER   TMAG      AMAG      ETOT(eV)       EDIFF(eV)      DRHO       TIME(s)    
 GE1    1.43e+02  1.56e+02  -2.639203e+05  0.000000e+00   4.088e-03  1.428e+01  
 GE2    1.43e+02  1.56e+02  -2.639199e+05  4.048017e-01   3.805e-03  1.194e+01  
 GE3    1.43e+02  1.56e+02  -2.639193e+05  5.679190e-01   6.110e-03  1.191e+01  
 GE4    1.43e+02  1.56e+02  -2.639197e+05  -4.147435e-01  3.623e-03  1.195e+01  
 GE5    1.43e+02  1.56e+02  -2.639198e+05  -1.393854e-01  1.135e-03  1.194e+01  
 GE6    1.43e+02  1.56e+02  -2.639198e+05  5.693432e-03   9.622e-04  1.195e+01  
 GE7    1.43e+02  1.56e+02  -2.639198e+05  4.730830e-03   7.253e-04  1.197e+01  
 GE8    1.43e+02  1.56e+02  -2.639198e+05  9.364882e-04   5.801e-04  1.194e+01  
 GE9    1.43e+02  1.56e+02  -2.639198e+05  1.800731e-03   4.597e-04  1.196e+01  
 GE10   1.43e+02  1.56e+02  -2.639198e+05  4.732610e-04   4.098e-04  1.196e+01  
 GE11   1.43e+02  1.56e+02  -2.639198e+05  1.112740e-03   3.716e-04  1.194e+01  
 GE12   1.43e+02  1.56e+02  -2.639198e+05  9.989134e-04   3.407e-04  1.195e+01  
 GE13   1.43e+02  1.56e+02  -2.639198e+05  5.111828e-04   3.070e-04  1.197e+01  
 GE14   1.43e+02  1.56e+02  -2.639198e+05  4.188414e-04   2.906e-04  1.198e+01  
 GE15   1.43e+02  1.56e+02  -2.639198e+05  4.621737e-04   2.501e-04  1.195e+01  
 GE16   1.43e+02  1.56e+02  -2.639198e+05  -7.255256e-05  2.224e-04  1.197e+01  
 GE17   1.43e+02  1.56e+02  -2.639198e+05  -3.809738e-05  2.105e-04  1.198e+01  
 GE18   1.43e+02  1.56e+02  -2.639198e+05  -2.486954e-04  1.886e-04  1.196e+01  
 GE19   1.43e+02  1.56e+02  -2.639198e+05  -4.839737e-04  1.778e-04  1.198e+01  
 GE20   1.43e+02  1.56e+02  -2.639198e+05  -4.422227e-04  1.549e-04  1.195e+01  
 GE21   1.43e+02  1.56e+02  -2.639198e+05  -4.761105e-04  1.458e-04  1.197e+01  
 GE22   1.43e+02  1.56e+02  -2.639198e+05  -4.349452e-04  1.331e-04  1.195e+01  
 GE23   1.43e+02  1.56e+02  -2.639198e+05  -9.995131e-05  1.105e-04  1.199e+01  
 GE24   1.43e+02  1.56e+02  -2.639198e+05  -2.510736e-04  1.061e-04  1.199e+01  
 GE25   1.43e+02  1.56e+02  -2.639198e+05  -1.937858e-04  9.831e-05  1.195e+01  
 GE26   1.43e+02  1.56e+02  -2.639198e+05  -6.158647e-04  9.600e-05  1.199e+01  
 GE27   1.43e+02  1.56e+02  -2.639198e+05  -2.309725e-04  8.250e-05  1.198e+01  
 GE28   1.43e+02  1.56e+02  -2.639198e+05  -2.010721e-04  7.751e-05  1.197e+01  
 GE29   1.43e+02  1.56e+02  -2.639198e+05  -1.050966e-04  7.042e-05  1.196e+01  
 GE30   1.43e+02  1.56e+02  -2.639198e+05  -7.645225e-05  6.691e-05  1.194e+01  
 GE31   1.43e+02  1.56e+02  -2.639198e+05  -1.011103e-04  6.411e-05  1.195e+01  
 GE32   1.43e+02  1.56e+02  -2.639198e+05  -6.219026e-05  5.904e-05  1.198e+01  
 GE33   1.43e+02  1.56e+02  -2.639198e+05  -3.925255e-05  5.549e-05  1.198e+01  
 GE34   1.43e+02  1.56e+02  -2.639198e+05  -5.266170e-05  5.190e-05  1.199e+01  
 GE35   1.43e+02  1.56e+02  -2.639198e+05  -3.777530e-06  4.705e-05  1.196e+01  
 GE36   1.43e+02  1.56e+02  -2.639198e+05  -1.275064e-05  4.484e-05  1.199e+01  
 GE37   1.43e+02  1.56e+02  -2.639198e+05  -7.233477e-06  4.278e-05  1.198e+01  
 GE38   1.43e+02  1.56e+02  -2.639198e+05  -1.905446e-05  4.045e-05  1.258e+01  
 GE39   1.43e+02  1.56e+02  -2.639198e+05  7.498535e-06   3.692e-05  1.202e+01  
 GE40   1.43e+02  1.56e+02  -2.639198e+05  -2.304458e-05  3.698e-05  1.201e+01  
 GE41   1.43e+02  1.56e+02  -2.639198e+05  -1.397169e-05  3.386e-05  1.197e+01  
 GE42   1.43e+02  1.56e+02  -2.639198e+05  -1.605136e-05  3.163e-05  1.202e+01  
 GE43   1.43e+02  1.56e+02  -2.639198e+05  -2.122061e-05  3.004e-05  1.201e+01  
 GE44   1.43e+02  1.56e+02  -2.639198e+05  -9.630827e-06  2.796e-05  1.203e+01  
 GE45   1.43e+02  1.56e+02  -2.639198e+05  -3.083549e-05  2.731e-05  1.195e+01  
 GE46   1.43e+02  1.56e+02  -2.639198e+05  -2.320950e-05  2.521e-05  1.200e+01  
 GE47   1.43e+02  1.56e+02  -2.639198e+05  -3.268060e-05  2.359e-05  1.203e+01  
 GE48   1.43e+02  1.56e+02  -2.639198e+05  -1.919676e-05  2.171e-05  1.197e+01  
 GE49   1.43e+02  1.56e+02  -2.639198e+05  -2.459181e-05  2.102e-05  1.200e+01  
 GE50   1.43e+02  1.56e+02  -2.639198e+05  -3.046045e-05  1.936e-05  1.199e+01  
 GE51   1.43e+02  1.56e+02  -2.639198e+05  -1.846935e-05  1.798e-05  1.198e+01  
 GE52   1.43e+02  1.56e+02  -2.639198e+05  -3.266427e-05  1.693e-05  1.199e+01  
 GE53   1.43e+02  1.56e+02  -2.639198e+05  -1.204327e-05  1.534e-05  1.196e+01  
 GE54   1.43e+02  1.56e+02  -2.639198e+05  -3.067582e-05  1.477e-05  1.200e+01  
 GE55   1.43e+02  1.56e+02  -2.639198e+05  -1.213009e-05  1.326e-05  1.201e+01  
 GE56   1.43e+02  1.56e+02  -2.639198e+05  -2.922391e-05  1.257e-05  1.200e+01  
 GE57   1.43e+02  1.56e+02  -2.639198e+05  -1.145277e-05  1.099e-05  1.195e+01  
 GE58   1.43e+02  1.56e+02  -2.639198e+05  -4.259584e-06  1.024e-05  1.197e+01  
 GE59   1.43e+02  1.56e+02  -2.639198e+05  -8.053746e-06  9.800e-06  1.196e+01  
 GE60   1.43e+02  1.56e+02  -2.639198e+05  -5.318875e-06  9.321e-06  1.200e+01  
 GE61   1.43e+02  1.56e+02  -2.639198e+05  2.390717e-08   8.867e-06  1.198e+01  
 GE62   1.43e+02  1.56e+02  -2.639198e+05  -9.237670e-06  8.781e-06  1.200e+01  
 GE63   1.43e+02  1.56e+02  -2.639198e+05  -4.802222e-07  8.192e-06  1.199e+01  
 GE64   1.43e+02  1.56e+02  -2.639198e+05  -1.069091e-06  8.040e-06  1.202e+01  
 GE65   1.43e+02  1.56e+02  -2.639198e+05  -5.841912e-06  7.886e-06  1.198e+01  
 GE66   1.43e+02  1.56e+02  -2.639198e+05  -9.907417e-06  7.522e-06  1.200e+01  
 GE67   1.43e+02  1.56e+02  -2.639198e+05  -4.220085e-06  6.871e-06  1.196e+01  
 GE68   1.43e+02  1.56e+02  -2.639198e+05  -1.292665e-05  6.525e-06  1.195e+01  
 GE69   1.43e+02  1.56e+02  -2.639198e+05  -1.210544e-05  5.690e-06  1.196e+01  
 GE70   1.43e+02  1.56e+02  -2.639198e+05  -5.397872e-06  4.571e-06  1.199e+01  
 GE71   1.43e+02  1.56e+02  -2.639198e+05  -4.877310e-06  4.009e-06  1.198e+01  
 GE72   1.43e+02  1.56e+02  -2.639198e+05  -4.339374e-06  3.456e-06  1.198e+01  
 GE73   1.43e+02  1.56e+02  -2.639198e+05  -3.182425e-06  2.982e-06  1.197e+01  
 GE74   1.43e+02  1.56e+02  -2.639198e+05  -1.889458e-06  2.606e-06  1.200e+01  
 GE75   1.43e+02  1.56e+02  -2.639198e+05  -1.828478e-06  2.338e-06  1.201e+01  
 GE76   1.43e+02  1.56e+02  -2.639198e+05  -1.778386e-06  2.124e-06  1.204e+01  
 GE77   1.43e+02  1.56e+02  -2.639198e+05  -4.048874e-07  1.842e-06  1.202e+01  
 GE78   1.43e+02  1.56e+02  -2.639198e+05  -3.540043e-07  1.781e-06  1.200e+01  
 GE79   1.43e+02  1.56e+02  -2.639198e+05  -7.896790e-07  1.719e-06  1.202e+01  
 GE80   1.43e+02  1.56e+02  -2.639198e+05  -1.118638e-07  1.582e-06  1.201e+01  
 GE81   1.43e+02  1.56e+02  -2.639198e+05  -3.582610e-07  1.549e-06  1.202e+01  
 GE82   1.43e+02  1.56e+02  -2.639198e+05  -1.425521e-07  1.450e-06  1.202e+01  
 GE83   1.43e+02  1.56e+02  -2.639198e+05  -2.335280e-07  1.402e-06  1.201e+01  
 GE84   1.43e+02  1.56e+02  -2.639198e+05  -4.889832e-07  1.340e-06  1.202e+01  
 GE85   1.43e+02  1.56e+02  -2.639198e+05  -1.978900e-07  1.228e-06  1.199e+01  
 GE86   1.43e+02  1.56e+02  -2.639198e+05  -7.912629e-07  1.145e-06  1.201e+01  
 GE87   1.43e+02  1.56e+02  -2.639198e+05  -1.739234e-06  9.569e-07  1.212e+01  
----------------------------------------------------------------
TOTAL-STRESS (KBAR)                                           
----------------------------------------------------------------
      -14.1806279242        -0.2318494528        -0.6092191526
       -0.2318494528        -0.8781183679        -0.2024772527
       -0.6092191526        -0.2024772527        -6.6192454785
----------------------------------------------------------------
 ETOT DIFF (eV)       : -5.747e-03
 LARGEST GRAD (eV/A)  : 2.257e-01
 BFGS TRUST (Bohr)    : 6.133e-02
 -------------------------------------------
 STEP OF ION RELAXATION : 5
 -------------------------------------------
 DONE(4.537e+03  SEC) : INIT SCF
 ITER   TMAG      AMAG      ETOT(eV)       EDIFF(eV)      DRHO       TIME(s)    
 GE1    1.43e+02  1.56e+02  -2.639198e+05  0.000000e+00   3.663e-04  1.432e+01  
 GE2    1.43e+02  1.56e+02  -2.639198e+05  2.394212e-04   3.151e-04  1.199e+01  
 GE3    1.43e+02  1.56e+02  -2.639198e+05  2.207386e-04   3.706e-04  1.198e+01  
 GE4    1.43e+02  1.56e+02  -2.639198e+05  -5.972589e-04  3.300e-04  1.198e+01  
 GE5    1.43e+02  1.56e+02  -2.639198e+05  -1.476497e-03  8.972e-05  1.200e+01  
 GE6    1.43e+02  1.56e+02  -2.639198e+05  -3.335975e-05  5.942e-05  1.201e+01  
 GE7    1.43e+02  1.56e+02  -2.639198e+05  -1.675170e-05  4.686e-05  1.203e+01  
 GE8    1.43e+02  1.56e+02  -2.639198e+05  -8.975087e-06  4.389e-05  1.199e+01  
 GE9    1.43e+02  1.56e+02  -2.639198e+05  -5.940609e-06  3.350e-05  1.199e+01  
 GE10   1.43e+02  1.56e+02  -2.639198e+05  -3.037101e-06  3.396e-05  1.199e+01  
 GE11   1.43e+02  1.56e+02  -2.639198e+05  -3.485546e-06  2.832e-05  1.196e+01  
 GE12   1.43e+02  1.56e+02  -2.639198e+05  -1.240450e-06  2.663e-05  1.198e+01  
 GE13   1.43e+02  1.56e+02  -2.639198e+05  -1.829418e-06  2.317e-05  1.197e+01  
 GE14   1.43e+02  1.56e+02  -2.639198e+05  -7.837888e-07  2.127e-05  1.199e+01  
 GE15   1.43e+02  1.56e+02  -2.639198e+05  -7.374594e-07  1.940e-05  1.198e+01  
 GE16   1.43e+02  1.56e+02  -2.639198e+05  -8.315536e-07  1.732e-05  1.197e+01  
 GE17   1.43e+02  1.56e+02  -2.639198e+05  -6.708361e-07  1.594e-05  1.201e+01  
 GE18   1.43e+02  1.56e+02  -2.639198e+05  -4.556716e-07  1.367e-05  1.197e+01  
 GE19   1.43e+02  1.56e+02  -2.639198e+05  -1.834714e-06  1.142e-05  1.199e+01  
 GE20   1.43e+02  1.56e+02  -2.639198e+05  -1.024197e-06  1.068e-05  1.200e+01  
 GE21   1.43e+02  1.56e+02  -2.639198e+05  -2.000579e-06  9.553e-06  1.196e+01  
 GE22   1.43e+02  1.56e+02  -2.639198e+05  -6.791021e-07  8.839e-06  1.196e+01  
 GE23   1.43e+02  1.56e+02  -2.639198e+05  -2.012459e-06  8.249e-06  1.202e+01  
 GE24   1.43e+02  1.56e+02  -2.639198e+05  -1.531643e-06  7.631e-06  1.197e+01  
 GE25   1.43e+02  1.56e+02  -2.639198e+05  -5.673869e-07  7.380e-06  1.201e+01  
 GE26   1.43e+02  1.56e+02  -2.639198e+05  -2.381857e-06  6.806e-06  1.198e+01  
 GE27   1.43e+02  1.56e+02  -2.639198e+05  -1.002666e-06  6.142e-06  1.204e+01  
 GE28   1.43e+02  1.56e+02  -2.639198e+05  -1.493431e-06  5.744e-06  1.199e+01  
 GE29   1.43e+02  1.56e+02  -2.639198e+05  -4.571070e-07  5.242e-06  1.197e+01  
 GE30   1.43e+02  1.56e+02  -2.639198e+05  -1.134180e-06  5.122e-06  1.197e+01  
 GE31   1.43e+02  1.56e+02  -2.639198e+05  -7.106814e-07  4.762e-06  1.199e+01  
 GE32   1.43e+02  1.56e+02  -2.639198e+05  -7.898275e-07  4.498e-06  1.197e+01  
 GE33   1.43e+02  1.56e+02  -2.639198e+05  -7.850262e-07  4.258e-06  1.201e+01  
 GE34   1.43e+02  1.56e+02  -2.639198e+05  -4.780444e-07  3.984e-06  1.194e+01  
 GE35   1.43e+02  1.56e+02  -2.639198e+05  -7.372614e-07  3.803e-06  1.196e+01  
 GE36   1.43e+02  1.56e+02  -2.639198e+05  -3.267313e-07  3.550e-06  1.198e+01  
 GE37   1.43e+02  1.56e+02  -2.639198e+05  -1.478582e-06  3.421e-06  1.202e+01  
 GE38   1.43e+02  1.56e+02  -2.639198e+05  1.155266e-07   2.933e-06  1.197e+01  
 GE39   1.43e+02  1.56e+02  -2.639198e+05  -1.035136e-06  2.883e-06  1.194e+01  
 GE40   1.43e+02  1.56e+02  -2.639198e+05  -3.473716e-07  2.495e-06  1.199e+01  
 GE41   1.43e+02  1.56e+02  -2.639198e+05  -3.390561e-07  2.306e-06  1.198e+01  
 GE42   1.43e+02  1.56e+02  -2.639198e+05  -2.776300e-07  2.165e-06  1.199e+01  
 GE43   1.43e+02  1.56e+02  -2.639198e+05  -3.129711e-07  2.027e-06  1.195e+01  
 GE44   1.43e+02  1.56e+02  -2.639198e+05  -3.432634e-07  1.910e-06  1.193e+01  
 GE45   1.43e+02  1.56e+02  -2.639198e+05  -2.016023e-07  1.767e-06  1.193e+01  
 GE46   1.43e+02  1.56e+02  -2.639198e+05  -4.379516e-07  1.687e-06  1.197e+01  
 GE47   1.43e+02  1.56e+02  -2.639198e+05  -4.667590e-08  1.511e-06  1.199e+01  
 GE48   1.43e+02  1.56e+02  -2.639198e+05  -1.896239e-07  1.462e-06  1.199e+01  
 GE49   1.43e+02  1.56e+02  -2.639198e+05  -8.033402e-08  1.376e-06  1.197e+01  
 GE50   1.43e+02  1.56e+02  -2.639198e+05  -1.913563e-07  1.315e-06  1.200e+01  
 GE51   1.43e+02  1.56e+02  -2.639198e+05  -3.999377e-08  1.246e-06  1.194e+01  
 GE52   1.43e+02  1.56e+02  -2.639198e+05  -1.909604e-07  1.211e-06  1.197e+01  
 GE53   1.43e+02  1.56e+02  -2.639198e+05  3.707343e-08   1.142e-06  1.194e+01  
 GE54   1.43e+02  1.56e+02  -2.639198e+05  -1.326526e-07  1.121e-06  1.200e+01  
 GE55   1.43e+02  1.56e+02  -2.639198e+05  -1.253270e-07  1.072e-06  1.198e+01  
 GE56   1.43e+02  1.56e+02  -2.639198e+05  -9.458923e-08  1.019e-06  1.197e+01  
 GE57   1.43e+02  1.56e+02  -2.639198e+05  -1.379934e-06  9.567e-07  1.211e+01  
----------------------------------------------------------------
TOTAL-STRESS (KBAR)                                           
----------------------------------------------------------------
      -14.4050782480        -0.2435567163        -0.5940712954
       -0.2435567163        -1.3636976404        -0.2743248599
       -0.5940712954        -0.2743248599        -6.8117651311
----------------------------------------------------------------
 ETOT DIFF (eV)       : -1.292e-02
 LARGEST GRAD (eV/A)  : 1.519e-01
 BFGS TRUST (Bohr)    : 1.840e-01
 -------------------------------------------
 STEP OF ION RELAXATION : 6
 -------------------------------------------
 DONE(5.260e+03  SEC) : INIT SCF
 ITER   TMAG      AMAG      ETOT(eV)       EDIFF(eV)      DRHO       TIME(s)    
 GE1    1.43e+02  1.56e+02  -2.639198e+05  0.000000e+00   1.056e-03  1.424e+01  
 GE2    1.43e+02  1.56e+02  -2.639198e+05  1.000140e-03   9.054e-04  1.197e+01  
 GE3    1.43e+02  1.56e+02  -2.639198e+05  -1.262979e-03  1.011e-03  1.195e+01  
 GE4    1.43e+02  1.56e+02  -2.639198e+05  -3.930149e-03  8.587e-04  1.197e+01  
 GE5    1.43e+02  1.56e+02  -2.639199e+05  -1.082692e-02  2.767e-04  1.195e+01  
 GE6    1.43e+02  1.56e+02  -2.639199e+05  -3.257174e-04  1.729e-04  1.197e+01  
 GE7    1.43e+02  1.56e+02  -2.639199e+05  -1.409269e-04  1.414e-04  1.192e+01  
 GE8    1.43e+02  1.56e+02  -2.639199e+05  -7.413444e-05  1.343e-04  1.197e+01  
 GE9    1.43e+02  1.56e+02  -2.639199e+05  -4.409981e-05  1.038e-04  1.196e+01  
 GE10   1.43e+02  1.56e+02  -2.639199e+05  -2.119472e-05  1.048e-04  1.196e+01  
 GE11   1.43e+02  1.56e+02  -2.639199e+05  -2.690363e-05  8.972e-05  1.195e+01  
 GE12   1.43e+02  1.56e+02  -2.639199e+05  -1.071912e-05  8.557e-05  1.192e+01  
 GE13   1.43e+02  1.56e+02  -2.639199e+05  -1.495896e-05  7.555e-05  1.195e+01  
 GE14   1.43e+02  1.56e+02  -2.639199e+05  -5.687678e-06  6.911e-05  1.193e+01  
 GE15   1.43e+02  1.56e+02  -2.639199e+05  -1.022064e-05  6.426e-05  1.195e+01  
 GE16   1.43e+02  1.56e+02  -2.639199e+05  -7.039300e-06  5.722e-05  1.195e+01  
 GE17   1.43e+02  1.56e+02  -2.639199e+05  -1.374133e-05  5.316e-05  1.199e+01  
 GE18   1.43e+02  1.56e+02  -2.639199e+05  -9.796098e-06  4.166e-05  1.192e+01  
 GE19   1.43e+02  1.56e+02  -2.639199e+05  -1.021331e-05  3.866e-05  1.199e+01  
 GE20   1.43e+02  1.56e+02  -2.639199e+05  -5.976148e-06  3.351e-05  1.196e+01  
 GE21   1.43e+02  1.56e+02  -2.639199e+05  -1.280271e-05  3.010e-05  1.197e+01  
 GE22   1.43e+02  1.56e+02  -2.639199e+05  -6.799485e-06  2.708e-05  1.197e+01  
 GE23   1.43e+02  1.56e+02  -2.639199e+05  -1.451259e-05  2.553e-05  1.193e+01  
 GE24   1.43e+02  1.56e+02  -2.639199e+05  -7.678457e-06  2.216e-05  1.195e+01  
 GE25   1.43e+02  1.56e+02  -2.639199e+05  -7.157004e-06  2.102e-05  1.194e+01  
 GE26   1.43e+02  1.56e+02  -2.639199e+05  -1.055722e-05  1.920e-05  1.196e+01  
 GE27   1.43e+02  1.56e+02  -2.639199e+05  -9.474613e-06  1.755e-05  1.199e+01  
 GE28   1.43e+02  1.56e+02  -2.639199e+05  -5.494045e-06  1.540e-05  1.197e+01  
 GE29   1.43e+02  1.56e+02  -2.639199e+05  -3.596618e-06  1.452e-05  1.195e+01  
 GE30   1.43e+02  1.56e+02  -2.639199e+05  -9.338991e-06  1.395e-05  1.194e+01  
 GE31   1.43e+02  1.56e+02  -2.639199e+05  -6.409447e-06  1.213e-05  1.193e+01  
 GE32   1.43e+02  1.56e+02  -2.639199e+05  -4.547955e-06  1.106e-05  1.195e+01  
 GE33   1.43e+02  1.56e+02  -2.639199e+05  -4.250625e-06  1.015e-05  1.195e+01  
 GE34   1.43e+02  1.56e+02  -2.639199e+05  -3.242663e-06  9.507e-06  1.193e+01  
 GE35   1.43e+02  1.56e+02  -2.639199e+05  -1.676076e-06  9.240e-06  1.194e+01  
 GE36   1.43e+02  1.56e+02  -2.639199e+05  -3.399372e-06  8.853e-06  1.192e+01  
 GE37   1.43e+02  1.56e+02  -2.639199e+05  -3.292259e-06  8.462e-06  1.198e+01  
 GE38   1.43e+02  1.56e+02  -2.639199e+05  -9.078289e-07  7.926e-06  1.194e+01  
 GE39   1.43e+02  1.56e+02  -2.639199e+05  -1.337415e-06  7.788e-06  1.195e+01  
 GE40   1.43e+02  1.56e+02  -2.639199e+05  -2.511985e-06  7.557e-06  1.193e+01  
 GE41   1.43e+02  1.56e+02  -2.639199e+05  -5.458061e-07  7.083e-06  1.194e+01  
 GE42   1.43e+02  1.56e+02  -2.639199e+05  -2.567818e-06  6.973e-06  1.195e+01  
 GE43   1.43e+02  1.56e+02  -2.639199e+05  -2.953500e-06  6.485e-06  1.191e+01  
 GE44   1.43e+02  1.56e+02  -2.639199e+05  -1.116658e-07  5.912e-06  1.206e+01  
 GE45   1.43e+02  1.56e+02  -2.639199e+05  -2.336963e-06  5.837e-06  1.194e+01  
 GE46   1.43e+02  1.56e+02  -2.639199e+05  -8.830803e-07  5.386e-06  1.194e+01  
 GE47   1.43e+02  1.56e+02  -2.639199e+05  -1.676175e-06  5.174e-06  1.196e+01  
 GE48   1.43e+02  1.56e+02  -2.639199e+05  -5.334813e-07  4.835e-06  1.195e+01  
 GE49   1.43e+02  1.56e+02  -2.639199e+05  -2.090664e-06  4.705e-06  1.195e+01  
 GE50   1.43e+02  1.56e+02  -2.639199e+05  -1.086662e-06  4.281e-06  1.195e+01  
 GE51   1.43e+02  1.56e+02  -2.639199e+05  -1.054687e-06  4.016e-06  1.196e+01  
 GE52   1.43e+02  1.56e+02  -2.639199e+05  -9.754421e-07  3.782e-06  1.193e+01  
 GE53   1.43e+02  1.56e+02  -2.639199e+05  -4.964078e-07  3.572e-06  1.194e+01  
 GE54   1.43e+02  1.56e+02  -2.639199e+05  -7.518631e-07  3.448e-06  1.192e+01  
 GE55   1.43e+02  1.56e+02  -2.639199e+05  -6.270805e-07  3.273e-06  1.195e+01  
 GE56   1.43e+02  1.56e+02  -2.639199e+05  -7.653758e-07  3.138e-06  1.192e+01  
 GE57   1.43e+02  1.56e+02  -2.639199e+05  -9.043146e-08  2.948e-06  1.198e+01  
 GE58   1.43e+02  1.56e+02  -2.639199e+05  -4.835385e-07  2.903e-06  1.192e+01  
 GE59   1.43e+02  1.56e+02  -2.639199e+05  -2.305087e-07  2.792e-06  1.193e+01  
 GE60   1.43e+02  1.56e+02  -2.639199e+05  -4.611163e-07  2.723e-06  1.194e+01  
 GE61   1.43e+02  1.56e+02  -2.639199e+05  -2.840647e-07  2.598e-06  1.191e+01  
 GE62   1.43e+02  1.56e+02  -2.639199e+05  -3.395511e-07  2.499e-06  1.192e+01  
 GE63   1.43e+02  1.56e+02  -2.639199e+05  -6.051533e-07  2.389e-06  1.192e+01  
 GE64   1.43e+02  1.56e+02  -2.639199e+05  -3.783569e-07  2.212e-06  1.192e+01  
 GE65   1.43e+02  1.56e+02  -2.639199e+05  -7.121168e-07  2.055e-06  1.190e+01  
 GE66   1.43e+02  1.56e+02  -2.639199e+05  -1.982365e-07  1.822e-06  1.193e+01  
 GE67   1.43e+02  1.56e+02  -2.639199e+05  -4.850730e-07  1.709e-06  1.191e+01  
 GE68   1.43e+02  1.56e+02  -2.639199e+05  -1.600246e-07  1.512e-06  1.192e+01  
 GE69   1.43e+02  1.56e+02  -2.639199e+05  -2.822333e-07  1.416e-06  1.194e+01  
 GE70   1.43e+02  1.56e+02  -2.639199e+05  -9.488621e-08  1.282e-06  1.191e+01  
 GE71   1.43e+02  1.56e+02  -2.639199e+05  -2.508520e-07  1.207e-06  1.192e+01  
 GE72   1.43e+02  1.56e+02  -2.639199e+05  -4.964573e-08  1.103e-06  1.191e+01  
 GE73   1.43e+02  1.56e+02  -2.639199e+05  -6.731625e-08  1.046e-06  1.194e+01  
 GE74   1.43e+02  1.56e+02  -2.639199e+05  -1.008754e-07  1.004e-06  1.191e+01  
 GE75   1.43e+02  1.56e+02  -2.639199e+05  -1.004002e-06  9.416e-07  1.202e+01  
----------------------------------------------------------------
TOTAL-STRESS (KBAR)                                           
----------------------------------------------------------------
      -14.6676310568        -0.1905202846        -0.4683224873
       -0.1905202846        -2.7351578971        -0.4008895948
       -0.4683224873        -0.4008895948        -7.2467293375
----------------------------------------------------------------
 ETOT DIFF (eV)       : -8.662e-03
 LARGEST GRAD (eV/A)  : 5.323e-01
 BFGS TRUST (Bohr)    : 4.303e-02
 -------------------------------------------
 STEP OF ION RELAXATION : 7
 -------------------------------------------
 DONE(6.196e+03  SEC) : INIT SCF
 ITER   TMAG      AMAG      ETOT(eV)       EDIFF(eV)      DRHO       TIME(s)    
 GE1    1.43e+02  1.56e+02  -2.639198e+05  0.000000e+00   1.498e-03  1.418e+01  
 GE2    1.43e+02  1.56e+02  -2.639198e+05  2.935663e-03   1.283e-03  1.190e+01  
 GE3    1.44e+02  1.57e+02  -2.639198e+05  -3.428966e-03  1.388e-03  1.191e+01  
 GE4    1.43e+02  1.56e+02  -2.639198e+05  -9.583956e-03  1.033e-03  1.191e+01  
 GE5    1.43e+02  1.56e+02  -2.639199e+05  -1.456715e-02  3.953e-04  1.190e+01  
 GE6    1.43e+02  1.56e+02  -2.639199e+05  -6.929814e-04  2.634e-04  1.189e+01  
 GE7    1.43e+02  1.56e+02  -2.639199e+05  -4.028166e-04  2.022e-04  1.190e+01  
 GE8    1.43e+02  1.56e+02  -2.639199e+05  -1.094908e-04  1.977e-04  1.189e+01  
 GE9    1.43e+02  1.56e+02  -2.639199e+05  -1.012271e-04  1.480e-04  1.199e+01  
 GE10   1.43e+02  1.56e+02  -2.639199e+05  -3.912752e-05  1.471e-04  1.195e+01  
 GE11   1.43e+02  1.56e+02  -2.639199e+05  -7.000761e-05  1.262e-04  1.188e+01  
 GE12   1.43e+02  1.56e+02  -2.639199e+05  -2.866954e-05  1.159e-04  1.190e+01  
 GE13   1.43e+02  1.56e+02  -2.639199e+05  -2.947486e-05  1.055e-04  1.191e+01  
 GE14   1.43e+02  1.56e+02  -2.639199e+05  -1.402885e-05  9.431e-05  1.192e+01  
 GE15   1.43e+02  1.56e+02  -2.639199e+05  -1.687470e-05  8.742e-05  1.190e+01  
 GE16   1.43e+02  1.56e+02  -2.639199e+05  -5.858543e-06  7.933e-05  1.191e+01  
 GE17   1.43e+02  1.56e+02  -2.639199e+05  -1.386076e-05  7.474e-05  1.191e+01  
 GE18   1.43e+02  1.56e+02  -2.639199e+05  -6.996485e-06  6.163e-05  1.189e+01  
 GE19   1.43e+02  1.56e+02  -2.639199e+05  -7.339698e-06  5.384e-05  1.198e+01  
 GE20   1.43e+02  1.56e+02  -2.639199e+05  -3.339628e-06  5.132e-05  1.189e+01  
 GE21   1.43e+02  1.56e+02  -2.639199e+05  -1.023925e-05  4.478e-05  1.193e+01  
 GE22   1.43e+02  1.56e+02  -2.639199e+05  -4.470343e-06  4.050e-05  1.191e+01  
 GE23   1.43e+02  1.56e+02  -2.639199e+05  -1.124572e-05  3.818e-05  1.191e+01  
 GE24   1.43e+02  1.56e+02  -2.639199e+05  -5.683273e-06  3.511e-05  1.191e+01  
 GE25   1.43e+02  1.56e+02  -2.639199e+05  -6.237048e-06  3.475e-05  1.190e+01  
 GE26   1.43e+02  1.56e+02  -2.639199e+05  -1.541691e-05  3.133e-05  1.194e+01  
 GE27   1.43e+02  1.56e+02  -2.639199e+05  -6.392024e-06  2.797e-05  1.192e+01  
 GE28   1.43e+02  1.56e+02  -2.639199e+05  -1.232417e-05  2.635e-05  1.193e+01  
 GE29   1.43e+02  1.56e+02  -2.639199e+05  -1.858671e-06  2.378e-05  1.197e+01  
 GE30   1.43e+02  1.56e+02  -2.639199e+05  -1.255290e-05  2.329e-05  1.193e+01  
 GE31   1.43e+02  1.56e+02  -2.639199e+05  -6.130035e-06  2.097e-05  1.190e+01  
 GE32   1.43e+02  1.56e+02  -2.639199e+05  -9.063935e-06  1.984e-05  1.191e+01  
 GE33   1.43e+02  1.56e+02  -2.639199e+05  -8.042559e-06  1.838e-05  1.194e+01  
 GE34   1.43e+02  1.56e+02  -2.639199e+05  -3.835937e-06  1.710e-05  1.192e+01  
 GE35   1.43e+02  1.56e+02  -2.639199e+05  -5.917197e-06  1.662e-05  1.193e+01  
 GE36   1.43e+02  1.56e+02  -2.639199e+05  -7.437752e-06  1.563e-05  1.192e+01  
 GE37   1.43e+02  1.56e+02  -2.639199e+05  -1.383260e-05  1.458e-05  1.191e+01  
 GE38   1.43e+02  1.56e+02  -2.639199e+05  5.926305e-07   1.250e-05  1.194e+01  
 GE39   1.43e+02  1.56e+02  -2.639199e+05  -1.070531e-05  1.265e-05  1.194e+01  
 GE40   1.43e+02  1.56e+02  -2.639199e+05  -5.480384e-06  1.074e-05  1.194e+01  
 GE41   1.43e+02  1.56e+02  -2.639199e+05  -2.837380e-06  9.811e-06  1.194e+01  
 GE42   1.43e+02  1.56e+02  -2.639199e+05  -3.228111e-06  9.174e-06  1.195e+01  
 GE43   1.43e+02  1.56e+02  -2.639199e+05  -4.783314e-06  8.504e-06  1.193e+01  
 GE44   1.43e+02  1.56e+02  -2.639199e+05  -1.388398e-06  7.677e-06  1.193e+01  
 GE45   1.43e+02  1.56e+02  -2.639199e+05  -3.349379e-06  7.212e-06  1.193e+01  
 GE46   1.43e+02  1.56e+02  -2.639199e+05  -3.289191e-06  6.607e-06  1.194e+01  
 GE47   1.43e+02  1.56e+02  -2.639199e+05  -3.027746e-06  6.001e-06  1.195e+01  
 GE48   1.43e+02  1.56e+02  -2.639199e+05  -1.076021e-06  5.490e-06  1.191e+01  
 GE49   1.43e+02  1.56e+02  -2.639199e+05  -2.093634e-06  5.208e-06  1.195e+01  
 GE50   1.43e+02  1.56e+02  -2.639199e+05  -1.957368e-06  4.844e-06  1.194e+01  
 GE51   1.43e+02  1.56e+02  -2.639199e+05  -9.683640e-07  4.520e-06  1.195e+01  
 GE52   1.43e+02  1.56e+02  -2.639199e+05  -2.207626e-06  4.338e-06  1.195e+01  
 GE53   1.43e+02  1.56e+02  -2.639199e+05  3.297506e-07   3.994e-06  1.191e+01  
 GE54   1.43e+02  1.56e+02  -2.639199e+05  -2.206241e-06  3.988e-06  1.192e+01  
 GE55   1.43e+02  1.56e+02  -2.639199e+05  -1.200704e-06  3.691e-06  1.191e+01  
 GE56   1.43e+02  1.56e+02  -2.639199e+05  -2.549207e-06  3.469e-06  1.195e+01  
 GE57   1.43e+02  1.56e+02  -2.639199e+05  -4.440397e-07  3.090e-06  1.195e+01  
 GE58   1.43e+02  1.56e+02  -2.639199e+05  -3.348439e-06  2.923e-06  1.193e+01  
 GE59   1.43e+02  1.56e+02  -2.639199e+05  -1.823627e-06  2.414e-06  1.194e+01  
 GE60   1.43e+02  1.56e+02  -2.639199e+05  -4.593344e-08  1.969e-06  1.192e+01  
 GE61   1.43e+02  1.56e+02  -2.639199e+05  -2.055719e-06  1.793e-06  1.194e+01  
 GE62   1.43e+02  1.56e+02  -2.639199e+05  6.233188e-07   1.363e-06  1.194e+01  
 GE63   1.43e+02  1.56e+02  -2.639199e+05  -1.138437e-06  1.292e-06  1.193e+01  
 GE64   1.43e+02  1.56e+02  -2.639199e+05  1.799720e-07   1.015e-06  1.191e+01  
 GE65   1.43e+02  1.56e+02  -2.639199e+05  -2.304344e-06  9.289e-07  1.203e+01  
----------------------------------------------------------------
TOTAL-STRESS (KBAR)                                           
----------------------------------------------------------------
      -15.2123873178        -0.2265450714        -0.5503594751
       -0.2265450714        -2.8710363173        -0.4075980149
       -0.5503594751        -0.4075980149        -7.5835685514
----------------------------------------------------------------
 ETOT DIFF (eV)       : -1.775e-03
 LARGEST GRAD (eV/A)  : 5.923e-01
 BFGS TRUST (Bohr)    : 4.733e-02
 -------------------------------------------
 STEP OF ION RELAXATION : 8
 -------------------------------------------
 DONE(7.011e+03  SEC) : INIT SCF
 ITER   TMAG      AMAG      ETOT(eV)       EDIFF(eV)      DRHO       TIME(s)    
 GE1    1.43e+02  1.56e+02  -2.639199e+05  0.000000e+00   5.857e-04  1.426e+01  
 GE2    1.43e+02  1.56e+02  -2.639199e+05  1.533608e-03   5.006e-04  1.194e+01  
 GE3    1.43e+02  1.57e+02  -2.639199e+05  -1.716082e-04  4.881e-04  1.192e+01  
 GE4    1.43e+02  1.56e+02  -2.639199e+05  -2.234946e-03  2.812e-04  1.194e+01  
 GE5    1.43e+02  1.56e+02  -2.639199e+05  -7.327805e-04  1.510e-04  1.193e+01  
 GE6    1.43e+02  1.56e+02  -2.639199e+05  -3.491501e-05  1.354e-04  1.194e+01  
 GE7    1.43e+02  1.56e+02  -2.639199e+05  -1.780403e-04  7.865e-05  1.192e+01  
 GE8    1.43e+02  1.56e+02  -2.639199e+05  -1.389699e-05  6.838e-05  1.194e+01  
 GE9    1.43e+02  1.56e+02  -2.639199e+05  -6.917635e-06  5.365e-05  1.197e+01  
 GE10   1.43e+02  1.56e+02  -2.639199e+05  -1.116999e-05  5.386e-05  1.193e+01  
 GE11   1.43e+02  1.56e+02  -2.639199e+05  -8.531889e-06  4.453e-05  1.201e+01  
 GE12   1.43e+02  1.56e+02  -2.639199e+05  -4.701149e-06  4.296e-05  1.192e+01  
 GE13   1.43e+02  1.56e+02  -2.639199e+05  -3.240980e-06  3.601e-05  1.195e+01  
 GE14   1.43e+02  1.56e+02  -2.639199e+05  -1.140367e-06  3.438e-05  1.196e+01  
 GE15   1.43e+02  1.56e+02  -2.639199e+05  -9.147585e-07  3.240e-05  1.196e+01  
 GE16   1.43e+02  1.56e+02  -2.639199e+05  -3.071056e-06  3.103e-05  1.196e+01  
 GE17   1.43e+02  1.56e+02  -2.639199e+05  -2.542376e-06  2.645e-05  1.192e+01  
 GE18   1.43e+02  1.56e+02  -2.639199e+05  -2.265043e-06  2.230e-05  1.196e+01  
 GE19   1.43e+02  1.56e+02  -2.639199e+05  6.015400e-07   1.846e-05  1.195e+01  
 GE20   1.43e+02  1.56e+02  -2.639199e+05  -2.082299e-06  1.745e-05  1.193e+01  
 GE21   1.43e+02  1.56e+02  -2.639199e+05  8.577872e-08   1.546e-05  1.200e+01  
 GE22   1.43e+02  1.56e+02  -2.639199e+05  -2.463973e-06  1.466e-05  1.197e+01  
 GE23   1.43e+02  1.56e+02  -2.639199e+05  8.850107e-07   1.263e-05  1.195e+01  
 GE24   1.43e+02  1.56e+02  -2.639199e+05  -1.070328e-06  1.168e-05  1.196e+01  
 GE25   1.43e+02  1.56e+02  -2.639199e+05  -1.099829e-07  1.114e-05  1.193e+01  
 GE26   1.43e+02  1.56e+02  -2.639199e+05  -3.902857e-07  1.042e-05  1.193e+01  
 GE27   1.43e+02  1.56e+02  -2.639199e+05  -1.127052e-06  9.986e-06  1.192e+01  
 GE28   1.43e+02  1.56e+02  -2.639199e+05  -4.984372e-07  9.145e-06  1.194e+01  
 GE29   1.43e+02  1.56e+02  -2.639199e+05  -6.502948e-07  8.537e-06  1.196e+01  
 GE30   1.43e+02  1.56e+02  -2.639199e+05  -3.532618e-07  7.716e-06  1.195e+01  
 GE31   1.43e+02  1.56e+02  -2.639199e+05  -4.009771e-07  7.335e-06  1.200e+01  
 GE32   1.43e+02  1.56e+02  -2.639199e+05  -2.658992e-07  6.657e-06  1.192e+01  
 GE33   1.43e+02  1.56e+02  -2.639199e+05  -3.348488e-07  6.452e-06  1.194e+01  
 GE34   1.43e+02  1.56e+02  -2.639199e+05  -2.845101e-07  5.924e-06  1.194e+01  
 GE35   1.43e+02  1.56e+02  -2.639199e+05  -2.446154e-07  5.712e-06  1.192e+01  
 GE36   1.43e+02  1.56e+02  -2.639199e+05  -3.766245e-07  5.457e-06  1.191e+01  
 GE37   1.43e+02  1.56e+02  -2.639199e+05  -1.126607e-06  5.195e-06  1.192e+01  
 GE38   1.43e+02  1.56e+02  -2.639199e+05  -4.360707e-08  4.631e-06  1.191e+01  
 GE39   1.43e+02  1.56e+02  -2.639199e+05  -6.219823e-07  4.395e-06  1.192e+01  
 GE40   1.43e+02  1.56e+02  -2.639199e+05  -9.948945e-08  4.027e-06  1.194e+01  
 GE41   1.43e+02  1.56e+02  -2.639199e+05  -7.254811e-07  3.876e-06  1.195e+01  
 GE42   1.43e+02  1.56e+02  -2.639199e+05  -1.082505e-07  3.553e-06  1.190e+01  
 GE43   1.43e+02  1.56e+02  -2.639199e+05  -8.070525e-07  3.391e-06  1.193e+01  
 GE44   1.43e+02  1.56e+02  -2.639199e+05  -3.413825e-07  3.046e-06  1.190e+01  
 GE45   1.43e+02  1.56e+02  -2.639199e+05  -1.226542e-07  2.811e-06  1.192e+01  
 GE46   1.43e+02  1.56e+02  -2.639199e+05  -6.465825e-07  2.653e-06  1.192e+01  
 GE47   1.43e+02  1.56e+02  -2.639199e+05  -7.483983e-08  2.401e-06  1.190e+01  
 GE48   1.43e+02  1.56e+02  -2.639199e+05  -5.398664e-07  2.275e-06  1.195e+01  
 GE49   1.43e+02  1.56e+02  -2.639199e+05  -6.850418e-08  2.079e-06  1.191e+01  
 GE50   1.43e+02  1.56e+02  -2.639199e+05  -6.280210e-07  1.966e-06  1.194e+01  
 GE51   1.43e+02  1.56e+02  -2.639199e+05  2.847576e-07   1.749e-06  1.196e+01  
 GE52   1.43e+02  1.56e+02  -2.639199e+05  -5.443707e-07  1.732e-06  1.191e+01  
 GE53   1.43e+02  1.56e+02  -2.639199e+05  -1.666572e-07  1.571e-06  1.192e+01  
 GE54   1.43e+02  1.56e+02  -2.639199e+05  1.277029e-08   1.446e-06  1.192e+01  
 GE55   1.43e+02  1.56e+02  -2.639199e+05  -4.269137e-07  1.386e-06  1.193e+01  
 GE56   1.43e+02  1.56e+02  -2.639199e+05  9.137191e-08   1.234e-06  1.194e+01  
 GE57   1.43e+02  1.56e+02  -2.639199e+05  -2.525349e-07  1.183e-06  1.192e+01  
 GE58   1.43e+02  1.56e+02  -2.639199e+05  9.275783e-08   1.086e-06  1.194e+01  
 GE59   1.43e+02  1.56e+02  -2.639199e+05  -2.309046e-07  1.054e-06  1.190e+01  
 GE60   1.43e+02  1.56e+02  -2.639199e+05  -1.237431e-06  9.618e-07  1.202e+01  
----------------------------------------------------------------
TOTAL-STRESS (KBAR)                                           
----------------------------------------------------------------
      -15.0010916814        -0.2257768668        -0.5488705789
       -0.2257768668        -2.6769607280        -0.3748082354
       -0.5488705789        -0.3748082354        -7.4442677289
----------------------------------------------------------------
 ETOT DIFF (eV)       : -7.077e-03
 LARGEST GRAD (eV/A)  : 1.212e-01
 BFGS TRUST (Bohr)    : 3.281e-02
 -------------------------------------------
 STEP OF ION RELAXATION : 9
 -------------------------------------------
 DONE(7.767e+03  SEC) : INIT SCF
 ITER   TMAG      AMAG      ETOT(eV)       EDIFF(eV)      DRHO       TIME(s)    
 GE1    1.43e+02  1.57e+02  -2.639199e+05  0.000000e+00   5.335e-04  1.421e+01  
 GE2    1.44e+02  1.57e+02  -2.639199e+05  2.714024e-04   4.571e-04  1.190e+01  
 GE3    1.43e+02  1.56e+02  -2.639199e+05  -8.067885e-04  4.943e-04  1.222e+01  
 GE4    1.44e+02  1.57e+02  -2.639199e+05  -1.012590e-03  3.866e-04  1.207e+01  
 GE5    1.43e+02  1.57e+02  -2.639199e+05  -2.162887e-03  1.389e-04  1.192e+01  
 GE6    1.43e+02  1.57e+02  -2.639199e+05  -9.145189e-05  8.632e-05  1.194e+01  
 GE7    1.43e+02  1.57e+02  -2.639199e+05  -3.398233e-05  6.962e-05  1.194e+01  
 GE8    1.43e+02  1.57e+02  -2.639199e+05  -1.572295e-05  6.580e-05  1.199e+01  
 GE9    1.43e+02  1.57e+02  -2.639199e+05  -1.126810e-05  5.176e-05  1.191e+01  
 GE10   1.43e+02  1.57e+02  -2.639199e+05  -4.722779e-06  5.187e-05  1.193e+01  
 GE11   1.43e+02  1.57e+02  -2.639199e+05  -5.630806e-06  4.508e-05  1.193e+01  
 GE12   1.43e+02  1.57e+02  -2.639199e+05  -1.484670e-06  4.287e-05  1.193e+01  
 GE13   1.43e+02  1.57e+02  -2.639199e+05  -2.814215e-06  3.871e-05  1.193e+01  
 GE14   1.44e+02  1.57e+02  -2.639199e+05  -1.128240e-06  3.590e-05  1.191e+01  
 GE15   1.44e+02  1.57e+02  -2.639199e+05  -1.948211e-06  3.343e-05  1.191e+01  
 GE16   1.44e+02  1.57e+02  -2.639199e+05  -1.714287e-06  3.060e-05  1.191e+01  
 GE17   1.44e+02  1.57e+02  -2.639199e+05  -3.002404e-06  2.852e-05  1.192e+01  
 GE18   1.44e+02  1.57e+02  -2.639199e+05  -2.917021e-06  2.456e-05  1.198e+01  
 GE19   1.44e+02  1.57e+02  -2.639199e+05  -4.007544e-06  2.098e-05  1.194e+01  
 GE20   1.44e+02  1.57e+02  -2.639199e+05  -2.385322e-06  1.919e-05  1.193e+01  
 GE21   1.44e+02  1.57e+02  -2.639199e+05  -4.151086e-06  1.683e-05  1.193e+01  
 GE22   1.44e+02  1.57e+02  -2.639199e+05  -2.873067e-06  1.583e-05  1.191e+01  
 GE23   1.44e+02  1.57e+02  -2.639199e+05  -6.011588e-06  1.438e-05  1.191e+01  
 GE24   1.44e+02  1.57e+02  -2.639199e+05  -3.257265e-06  1.297e-05  1.192e+01  
 GE25   1.44e+02  1.57e+02  -2.639199e+05  -2.172236e-06  1.254e-05  1.191e+01  
 GE26   1.44e+02  1.57e+02  -2.639199e+05  -5.972238e-06  1.150e-05  1.191e+01  
 GE27   1.44e+02  1.57e+02  -2.639199e+05  -1.959744e-06  1.028e-05  1.195e+01  
 GE28   1.44e+02  1.57e+02  -2.639199e+05  -4.300023e-06  9.834e-06  1.197e+01  
 GE29   1.44e+02  1.57e+02  -2.639199e+05  -1.050678e-06  8.865e-06  1.193e+01  
 GE30   1.44e+02  1.57e+02  -2.639199e+05  -2.854555e-06  8.698e-06  1.192e+01  
 GE31   1.44e+02  1.57e+02  -2.639199e+05  -1.787890e-06  8.064e-06  1.192e+01  
 GE32   1.44e+02  1.57e+02  -2.639199e+05  -9.739572e-07  7.704e-06  1.193e+01  
 GE33   1.44e+02  1.57e+02  -2.639199e+05  -2.445560e-06  7.490e-06  1.192e+01  
 GE34   1.44e+02  1.57e+02  -2.639199e+05  -9.434669e-07  6.924e-06  1.194e+01  
 GE35   1.44e+02  1.57e+02  -2.639199e+05  -1.216939e-06  6.693e-06  1.194e+01  
 GE36   1.44e+02  1.57e+02  -2.639199e+05  -1.351374e-06  6.330e-06  1.192e+01  
 GE37   1.44e+02  1.57e+02  -2.639199e+05  -2.718586e-06  5.920e-06  1.189e+01  
 GE38   1.44e+02  1.57e+02  -2.639199e+05  6.959312e-08   4.978e-06  1.193e+01  
 GE39   1.44e+02  1.57e+02  -2.639199e+05  -1.611828e-06  4.943e-06  1.189e+01  
 GE40   1.44e+02  1.57e+02  -2.639199e+05  -1.048500e-06  4.286e-06  1.194e+01  
 GE41   1.44e+02  1.57e+02  -2.639199e+05  -4.326059e-07  3.803e-06  1.192e+01  
 GE42   1.44e+02  1.57e+02  -2.639199e+05  -7.306288e-07  3.581e-06  1.194e+01  
 GE43   1.44e+02  1.57e+02  -2.639199e+05  -7.782946e-07  3.211e-06  1.190e+01  
 GE44   1.44e+02  1.57e+02  -2.639199e+05  -1.615590e-07  2.857e-06  1.194e+01  
 GE45   1.44e+02  1.57e+02  -2.639199e+05  -5.867898e-07  2.779e-06  1.192e+01  
 GE46   1.44e+02  1.57e+02  -2.639199e+05  -5.159097e-07  2.479e-06  1.189e+01  
 GE47   1.44e+02  1.57e+02  -2.639199e+05  -3.072789e-07  2.243e-06  1.192e+01  
 GE48   1.44e+02  1.57e+02  -2.639199e+05  -1.821003e-07  2.114e-06  1.193e+01  
 GE49   1.44e+02  1.57e+02  -2.639199e+05  -1.510656e-07  2.019e-06  1.194e+01  
 GE50   1.44e+02  1.57e+02  -2.639199e+05  -2.231831e-07  1.953e-06  1.194e+01  
 GE51   1.44e+02  1.57e+02  -2.639199e+05  -3.628148e-08  1.849e-06  1.192e+01  
 GE52   1.44e+02  1.57e+02  -2.639199e+05  -3.263353e-07  1.810e-06  1.189e+01  
 GE53   1.44e+02  1.57e+02  -2.639199e+05  1.395822e-07   1.661e-06  1.192e+01  
 GE54   1.44e+02  1.57e+02  -2.639199e+05  -3.430159e-07  1.690e-06  1.197e+01  
 GE55   1.44e+02  1.57e+02  -2.639199e+05  -1.556193e-07  1.535e-06  1.193e+01  
 GE56   1.44e+02  1.57e+02  -2.639199e+05  -3.476191e-07  1.440e-06  1.192e+01  
 GE57   1.44e+02  1.57e+02  -2.639199e+05  -4.296361e-08  1.228e-06  1.192e+01  
 GE58   1.44e+02  1.57e+02  -2.639199e+05  -2.151645e-07  1.143e-06  1.194e+01  
 GE59   1.44e+02  1.57e+02  -2.639199e+05  -5.195725e-07  9.655e-07  1.206e+01  
----------------------------------------------------------------
TOTAL-STRESS (KBAR)                                           
----------------------------------------------------------------
      -14.9765846761        -0.1799305568        -0.5216035148
       -0.1799305568        -2.8527112209        -0.3705557116
       -0.5216035148        -0.3705557116        -7.5357247928
----------------------------------------------------------------
 ETOT DIFF (eV)       : -3.121e-03
 LARGEST GRAD (eV/A)  : 8.436e-02
 BFGS TRUST (Bohr)    : 9.844e-02
 -------------------------------------------
 STEP OF ION RELAXATION : 10
 -------------------------------------------
 DONE(8.511e+03  SEC) : INIT SCF
 ITER   TMAG      AMAG      ETOT(eV)       EDIFF(eV)      DRHO       TIME(s)    
 GE1    1.44e+02  1.57e+02  -2.639199e+05  0.000000e+00   5.344e-04  1.416e+01  
 GE2    1.44e+02  1.57e+02  -2.639199e+05  8.618474e-04   4.768e-04  1.191e+01  
 GE3    1.44e+02  1.57e+02  -2.639199e+05  -1.152152e-05  5.259e-04  1.187e+01  
 GE4    1.44e+02  1.57e+02  -2.639199e+05  -3.773016e-04  5.527e-04  1.187e+01  
 GE5    1.44e+02  1.57e+02  -2.639199e+05  -3.947130e-03  1.267e-04  1.189e+01  
 GE6    1.44e+02  1.57e+02  -2.639199e+05  -3.846198e-05  9.003e-05  1.193e+01  
 GE7    1.44e+02  1.57e+02  -2.639199e+05  -3.144446e-05  7.120e-05  1.187e+01  
 GE8    1.44e+02  1.57e+02  -2.639199e+05  -1.264130e-05  6.486e-05  1.189e+01  
 GE9    1.44e+02  1.57e+02  -2.639199e+05  -6.228139e-06  5.649e-05  1.186e+01  
 GE10   1.44e+02  1.57e+02  -2.639199e+05  -2.030773e-06  5.598e-05  1.187e+01  
 GE11   1.44e+02  1.57e+02  -2.639199e+05  -4.214245e-06  5.126e-05  1.190e+01  
 GE12   1.44e+02  1.57e+02  -2.639199e+05  1.423689e-06   5.087e-05  1.189e+01  
 GE13   1.44e+02  1.57e+02  -2.639199e+05  -7.661678e-07  4.764e-05  1.187e+01  
 GE14   1.44e+02  1.57e+02  -2.639199e+05  -8.417501e-07  4.598e-05  1.189e+01  
 GE15   1.44e+02  1.57e+02  -2.639199e+05  -1.298065e-06  4.362e-05  1.189e+01  
 GE16   1.44e+02  1.57e+02  -2.639199e+05  -8.167540e-07  4.235e-05  1.191e+01  
 GE17   1.44e+02  1.57e+02  -2.639199e+05  -2.182531e-06  3.955e-05  1.187e+01  
 GE18   1.44e+02  1.57e+02  -2.639199e+05  -2.254005e-06  3.803e-05  1.191e+01  
 GE19   1.44e+02  1.57e+02  -2.639199e+05  -3.269788e-06  3.388e-05  1.189e+01  
 GE20   1.44e+02  1.57e+02  -2.639199e+05  -1.783633e-06  3.247e-05  1.191e+01  
 GE21   1.44e+02  1.57e+02  -2.639199e+05  -2.617860e-06  3.042e-05  1.191e+01  
 GE22   1.44e+02  1.57e+02  -2.639199e+05  -2.888016e-06  2.944e-05  1.188e+01  
 GE23   1.44e+02  1.57e+02  -2.639199e+05  -3.681407e-06  2.665e-05  1.187e+01  
 GE24   1.44e+02  1.57e+02  -2.639199e+05  -3.910431e-06  2.435e-05  1.189e+01  
 GE25   1.44e+02  1.57e+02  -2.639199e+05  -1.588218e-06  2.219e-05  1.189e+01  
 GE26   1.44e+02  1.57e+02  -2.639199e+05  -2.685473e-06  2.196e-05  1.190e+01  
 GE27   1.44e+02  1.57e+02  -2.639199e+05  -2.284842e-06  2.061e-05  1.191e+01  
 GE28   1.44e+02  1.57e+02  -2.639199e+05  -4.036945e-06  1.966e-05  1.192e+01  
 GE29   1.44e+02  1.57e+02  -2.639199e+05  -1.736264e-06  1.818e-05  1.189e+01  
 GE30   1.44e+02  1.57e+02  -2.639199e+05  -3.096102e-06  1.767e-05  1.188e+01  
 GE31   1.44e+02  1.57e+02  -2.639199e+05  -1.680827e-06  1.672e-05  1.189e+01  
 GE32   1.44e+02  1.57e+02  -2.639199e+05  -1.630043e-06  1.628e-05  1.188e+01  
 GE33   1.44e+02  1.57e+02  -2.639199e+05  -4.483559e-06  1.575e-05  1.188e+01  
 GE34   1.44e+02  1.57e+02  -2.639199e+05  -1.433391e-06  1.444e-05  1.188e+01  
 GE35   1.44e+02  1.57e+02  -2.639199e+05  -3.010521e-06  1.424e-05  1.187e+01  
 GE36   1.44e+02  1.57e+02  -2.639199e+05  -3.725311e-06  1.322e-05  1.188e+01  
 GE37   1.44e+02  1.57e+02  -2.639199e+05  -6.575312e-06  1.222e-05  1.189e+01  
 GE38   1.44e+02  1.57e+02  -2.639199e+05  -7.832443e-07  1.029e-05  1.190e+01  
 GE39   1.44e+02  1.57e+02  -2.639199e+05  -4.975067e-06  1.004e-05  1.190e+01  
 GE40   1.44e+02  1.57e+02  -2.639199e+05  -1.956230e-06  8.478e-06  1.190e+01  
 GE41   1.44e+02  1.57e+02  -2.639199e+05  -2.166791e-06  7.703e-06  1.188e+01  
 GE42   1.44e+02  1.57e+02  -2.639199e+05  -3.895482e-06  6.955e-06  1.186e+01  
 GE43   1.44e+02  1.57e+02  -2.639199e+05  -1.952666e-06  5.522e-06  1.191e+01  
 GE44   1.44e+02  1.57e+02  -2.639199e+05  -4.878448e-07  4.557e-06  1.189e+01  
 GE45   1.44e+02  1.57e+02  -2.639199e+05  -1.196794e-06  4.115e-06  1.189e+01  
 GE46   1.44e+02  1.57e+02  -2.639199e+05  -1.114579e-06  3.524e-06  1.188e+01  
 GE47   1.44e+02  1.57e+02  -2.639199e+05  1.523525e-07   2.896e-06  1.187e+01  
 GE48   1.44e+02  1.57e+02  -2.639199e+05  -2.198667e-07  2.793e-06  1.191e+01  
 GE49   1.44e+02  1.57e+02  -2.639199e+05  -9.156990e-08  2.646e-06  1.190e+01  
 GE50   1.44e+02  1.57e+02  -2.639199e+05  -4.239934e-07  2.583e-06  1.188e+01  
 GE51   1.44e+02  1.57e+02  -2.639199e+05  -8.681816e-08  2.389e-06  1.189e+01  
 GE52   1.44e+02  1.57e+02  -2.639199e+05  -3.604389e-07  2.304e-06  1.189e+01  
 GE53   1.44e+02  1.57e+02  -2.639199e+05  2.093238e-07   2.106e-06  1.189e+01  
 GE54   1.44e+02  1.57e+02  -2.639199e+05  -2.515945e-07  2.112e-06  1.189e+01  
 GE55   1.44e+02  1.57e+02  -2.639199e+05  -1.840802e-07  1.997e-06  1.188e+01  
 GE56   1.44e+02  1.57e+02  -2.639199e+05  -1.618065e-07  1.850e-06  1.188e+01  
 GE57   1.44e+02  1.57e+02  -2.639199e+05  2.118482e-07   1.667e-06  1.187e+01  
 GE58   1.44e+02  1.57e+02  -2.639199e+05  -2.501591e-07  1.670e-06  1.189e+01  
 GE59   1.44e+02  1.57e+02  -2.639199e+05  -4.885378e-08  1.522e-06  1.192e+01  
 GE60   1.44e+02  1.57e+02  -2.639199e+05  -8.018553e-09  1.366e-06  1.186e+01  
 GE61   1.44e+02  1.57e+02  -2.639199e+05  -7.053357e-08  1.260e-06  1.189e+01  
 GE62   1.44e+02  1.57e+02  -2.639199e+05  1.178034e-08   1.133e-06  1.189e+01  
 GE63   1.44e+02  1.57e+02  -2.639199e+05  -2.841142e-08  1.046e-06  1.192e+01  
 GE64   1.44e+02  1.57e+02  -2.639199e+05  -2.111552e-07  9.703e-07  1.199e+01  
----------------------------------------------------------------
TOTAL-STRESS (KBAR)                                           
----------------------------------------------------------------
      -15.3239741502        -0.1226265185        -0.4997359581
       -0.1226265185        -3.6949256354        -0.3906305313
       -0.4997359581        -0.3906305313        -8.0182565731
----------------------------------------------------------------
 ETOT DIFF (eV)       : -5.003e-03
 LARGEST GRAD (eV/A)  : 2.653e-01
 BFGS TRUST (Bohr)    : 6.925e-02
 -------------------------------------------
 STEP OF ION RELAXATION : 11
 -------------------------------------------
 DONE(9.311e+03  SEC) : INIT SCF
 ITER   TMAG      AMAG      ETOT(eV)       EDIFF(eV)      DRHO       TIME(s)    
 GE1    1.44e+02  1.57e+02  -2.639199e+05  0.000000e+00   2.791e-04  1.416e+01  
 GE2    1.44e+02  1.57e+02  -2.639199e+05  3.252265e-04   2.589e-04  1.187e+01  
 GE3    1.44e+02  1.57e+02  -2.639199e+05  9.505222e-05   2.875e-04  1.190e+01  
 GE4    1.44e+02  1.57e+02  -2.639199e+05  -2.467607e-04  3.008e-04  1.187e+01  
 GE5    1.44e+02  1.57e+02  -2.639199e+05  -1.131900e-03  7.018e-05  1.188e+01  
 GE6    1.44e+02  1.57e+02  -2.639199e+05  -6.390391e-06  5.259e-05  1.188e+01  
 GE7    1.44e+02  1.57e+02  -2.639199e+05  -9.411801e-06  4.335e-05  1.188e+01  
 GE8    1.44e+02  1.57e+02  -2.639199e+05  -8.269009e-07  4.024e-05  1.190e+01  
 GE9    1.44e+02  1.57e+02  -2.639199e+05  -1.842881e-06  3.531e-05  1.187e+01  
 GE10   1.44e+02  1.57e+02  -2.639199e+05  9.206487e-08   3.530e-05  1.187e+01  
 GE11   1.44e+02  1.57e+02  -2.639199e+05  -6.638075e-07  3.273e-05  1.192e+01  
 GE12   1.44e+02  1.57e+02  -2.639199e+05  1.405177e-06   3.222e-05  1.189e+01  
 GE13   1.44e+02  1.57e+02  -2.639199e+05  3.437088e-07   3.010e-05  1.192e+01  
 GE14   1.44e+02  1.57e+02  -2.639199e+05  6.335647e-07   2.910e-05  1.187e+01  
 GE15   1.44e+02  1.57e+02  -2.639199e+05  2.752542e-07   2.775e-05  1.187e+01  
 GE16   1.44e+02  1.57e+02  -2.639199e+05  2.320431e-07   2.675e-05  1.188e+01  
 GE17   1.44e+02  1.57e+02  -2.639199e+05  1.508676e-07   2.520e-05  1.187e+01  
 GE18   1.44e+02  1.57e+02  -2.639199e+05  -1.121113e-07  2.421e-05  1.190e+01  
 GE19   1.44e+02  1.57e+02  -2.639199e+05  4.216175e-07   2.151e-05  1.188e+01  
 GE20   1.44e+02  1.57e+02  -2.639199e+05  1.060726e-07   2.049e-05  1.188e+01  
 GE21   1.44e+02  1.57e+02  -2.639199e+05  -1.634399e-07  1.943e-05  1.188e+01  
 GE22   1.44e+02  1.57e+02  -2.639199e+05  -4.652741e-07  1.856e-05  1.186e+01  
 GE23   1.44e+02  1.57e+02  -2.639199e+05  -6.992970e-07  1.723e-05  1.188e+01  
 GE24   1.44e+02  1.57e+02  -2.639199e+05  7.777007e-07   1.547e-05  1.188e+01  
 GE25   1.44e+02  1.57e+02  -2.639199e+05  -6.690542e-07  1.503e-05  1.189e+01  
 GE26   1.44e+02  1.57e+02  -2.639199e+05  -1.215652e-07  1.403e-05  1.190e+01  
 GE27   1.44e+02  1.57e+02  -2.639199e+05  -1.249162e-06  1.353e-05  1.189e+01  
 GE28   1.44e+02  1.57e+02  -2.639199e+05  3.343044e-07   1.227e-05  1.191e+01  
 GE29   1.44e+02  1.57e+02  -2.639199e+05  -1.056618e-06  1.175e-05  1.188e+01  
 GE30   1.44e+02  1.57e+02  -2.639199e+05  3.266818e-09   1.088e-05  1.188e+01  
 GE31   1.44e+02  1.57e+02  -2.639199e+05  -9.643052e-07  1.048e-05  1.187e+01  
 GE32   1.44e+02  1.57e+02  -2.639199e+05  -3.738527e-07  9.849e-06  1.193e+01  
 GE33   1.44e+02  1.57e+02  -2.639199e+05  -1.086959e-06  9.373e-06  1.187e+01  
 GE34   1.44e+02  1.57e+02  -2.639199e+05  -3.838016e-07  8.645e-06  1.188e+01  
 GE35   1.44e+02  1.57e+02  -2.639199e+05  -8.725869e-07  8.238e-06  1.191e+01  
 GE36   1.44e+02  1.57e+02  -2.639199e+05  -7.144432e-07  7.684e-06  1.187e+01  
 GE37   1.44e+02  1.57e+02  -2.639199e+05  -5.509538e-07  7.218e-06  1.190e+01  
 GE38   1.44e+02  1.57e+02  -2.639199e+05  -7.827494e-07  6.794e-06  1.187e+01  
 GE39   1.44e+02  1.57e+02  -2.639199e+05  -4.552261e-07  6.332e-06  1.188e+01  
 GE40   1.44e+02  1.57e+02  -2.639199e+05  -9.759371e-07  5.997e-06  1.193e+01  
 GE41   1.44e+02  1.57e+02  -2.639199e+05  -4.420104e-08  5.395e-06  1.188e+01  
 GE42   1.44e+02  1.57e+02  -2.639199e+05  -8.233371e-07  5.177e-06  1.190e+01  
 GE43   1.44e+02  1.57e+02  -2.639199e+05  -2.587221e-07  4.706e-06  1.189e+01  
 GE44   1.44e+02  1.57e+02  -2.639199e+05  -4.949724e-07  4.373e-06  1.190e+01  
 GE45   1.44e+02  1.57e+02  -2.639199e+05  -1.506201e-07  3.968e-06  1.189e+01  
 GE46   1.44e+02  1.57e+02  -2.639199e+05  -4.185982e-07  3.695e-06  1.187e+01  
 GE47   1.44e+02  1.57e+02  -2.639199e+05  -1.499271e-07  3.321e-06  1.189e+01  
 GE48   1.44e+02  1.57e+02  -2.639199e+05  -3.247019e-08  3.029e-06  1.189e+01  
 GE49   1.44e+02  1.57e+02  -2.639199e+05  -1.743293e-07  2.817e-06  1.191e+01  
 GE50   1.44e+02  1.57e+02  -2.639199e+05  1.875945e-08   2.606e-06  1.196e+01  
 GE51   1.44e+02  1.57e+02  -2.639199e+05  -2.835202e-07  2.471e-06  1.189e+01  
 GE52   1.44e+02  1.57e+02  -2.639199e+05  -1.306727e-08  2.229e-06  1.189e+01  
 GE53   1.44e+02  1.57e+02  -2.639199e+05  -1.669542e-07  2.090e-06  1.188e+01  
 GE54   1.44e+02  1.57e+02  -2.639199e+05  1.430470e-08   1.907e-06  1.190e+01  
 GE55   1.44e+02  1.57e+02  -2.639199e+05  -5.919870e-08  1.797e-06  1.187e+01  
 GE56   1.44e+02  1.57e+02  -2.639199e+05  -1.842287e-07  1.680e-06  1.188e+01  
 GE57   1.44e+02  1.57e+02  -2.639199e+05  4.425053e-08   1.516e-06  1.190e+01  
 GE58   1.44e+02  1.57e+02  -2.639199e+05  -1.293363e-07  1.458e-06  1.190e+01  
 GE59   1.44e+02  1.57e+02  -2.639199e+05  1.021623e-07   1.301e-06  1.190e+01  
 GE60   1.44e+02  1.57e+02  -2.639199e+05  -1.470563e-07  1.295e-06  1.193e+01  
 GE61   1.44e+02  1.57e+02  -2.639199e+05  1.277029e-08   1.168e-06  1.190e+01  
 GE62   1.44e+02  1.57e+02  -2.639199e+05  5.543691e-09   1.088e-06  1.188e+01  
 GE63   1.44e+02  1.57e+02  -2.639199e+05  -5.444697e-09  1.031e-06  1.189e+01  
 GE64   1.44e+02  1.57e+02  -2.639199e+05  -3.672200e-07  9.669e-07  1.201e+01  
----------------------------------------------------------------
TOTAL-STRESS (KBAR)                                           
----------------------------------------------------------------
      -15.6774972916        -0.0737142574        -0.5034183677
       -0.0737142574        -4.2842624045        -0.4034647050
       -0.5034183677        -0.4034647050        -8.4447833961
----------------------------------------------------------------
 ETOT DIFF (eV)       : -2.630e-03
 LARGEST GRAD (eV/A)  : 1.399e-01
 BFGS TRUST (Bohr)    : 5.257e-02
 -------------------------------------------
 STEP OF ION RELAXATION : 12
 -------------------------------------------
 DONE(1.011e+04  SEC) : INIT SCF
 ITER   TMAG      AMAG      ETOT(eV)       EDIFF(eV)      DRHO       TIME(s)    
 GE1    1.44e+02  1.57e+02  -2.639199e+05  0.000000e+00   1.965e-04  1.415e+01  
 GE2    1.44e+02  1.57e+02  -2.639199e+05  1.507634e-04   1.816e-04  1.185e+01  
 GE3    1.44e+02  1.57e+02  -2.639199e+05  6.546886e-05   1.990e-04  1.183e+01  
 GE4    1.44e+02  1.57e+02  -2.639199e+05  -1.329494e-04  2.020e-04  1.182e+01  
 GE5    1.44e+02  1.57e+02  -2.639199e+05  -4.930332e-04  4.631e-05  1.184e+01  
 GE6    1.44e+02  1.57e+02  -2.639199e+05  3.212371e-07   3.707e-05  1.185e+01  
 GE7    1.44e+02  1.57e+02  -2.639199e+05  -4.634724e-06  2.954e-05  1.186e+01  
 GE8    1.44e+02  1.57e+02  -2.639199e+05  3.910777e-07   2.745e-05  1.188e+01  
 GE9    1.44e+02  1.57e+02  -2.639199e+05  -1.335337e-06  2.403e-05  1.187e+01  
 GE10   1.44e+02  1.57e+02  -2.639199e+05  3.984033e-07   2.396e-05  1.185e+01  
 GE11   1.44e+02  1.57e+02  -2.639199e+05  -2.670871e-07  2.228e-05  1.187e+01  
 GE12   1.44e+02  1.57e+02  -2.639199e+05  1.595593e-06   2.196e-05  1.185e+01  
 GE13   1.44e+02  1.57e+02  -2.639199e+05  1.194863e-07   2.050e-05  1.189e+01  
 GE14   1.44e+02  1.57e+02  -2.639199e+05  6.667278e-07   1.981e-05  1.184e+01  
 GE15   1.44e+02  1.57e+02  -2.639199e+05  1.988799e-07   1.885e-05  1.187e+01  
 GE16   1.44e+02  1.57e+02  -2.639199e+05  8.428390e-07   1.831e-05  1.185e+01  
 GE17   1.44e+02  1.57e+02  -2.639199e+05  2.876285e-07   1.700e-05  1.186e+01  
 GE18   1.44e+02  1.57e+02  -2.639199e+05  9.311916e-07   1.631e-05  1.186e+01  
 GE19   1.44e+02  1.57e+02  -2.639199e+05  4.598294e-07   1.454e-05  1.187e+01  
 GE20   1.44e+02  1.57e+02  -2.639199e+05  4.316654e-07   1.392e-05  1.185e+01  
 GE21   1.44e+02  1.57e+02  -2.639199e+05  2.770856e-07   1.315e-05  1.185e+01  
 GE22   1.44e+02  1.57e+02  -2.639199e+05  7.419636e-08   1.247e-05  1.188e+01  
 GE23   1.44e+02  1.57e+02  -2.639199e+05  3.271273e-07   1.160e-05  1.186e+01  
 GE24   1.44e+02  1.57e+02  -2.639199e+05  7.850262e-08   1.063e-05  1.190e+01  
 GE25   1.44e+02  1.57e+02  -2.639199e+05  2.730268e-07   9.991e-06  1.190e+01  
 GE26   1.44e+02  1.57e+02  -2.639199e+05  -4.437923e-07  9.631e-06  1.187e+01  
 GE27   1.44e+02  1.57e+02  -2.639199e+05  -2.890144e-07  9.123e-06  1.185e+01  
 GE28   1.44e+02  1.57e+02  -2.639199e+05  -7.357765e-07  8.572e-06  1.185e+01  
 GE29   1.44e+02  1.57e+02  -2.639199e+05  1.561638e-07   7.803e-06  1.186e+01  
 GE30   1.44e+02  1.57e+02  -2.639199e+05  -2.572867e-07  7.526e-06  1.187e+01  
 GE31   1.44e+02  1.57e+02  -2.639199e+05  -7.788886e-07  7.324e-06  1.186e+01  
 GE32   1.44e+02  1.57e+02  -2.639199e+05  -1.358204e-07  6.875e-06  1.188e+01  
 GE33   1.44e+02  1.57e+02  -2.639199e+05  -1.215306e-06  6.654e-06  1.192e+01  
 GE34   1.44e+02  1.57e+02  -2.639199e+05  2.905488e-08   6.094e-06  1.187e+01  
 GE35   1.44e+02  1.57e+02  -2.639199e+05  -1.175708e-06  6.011e-06  1.187e+01  
 GE36   1.44e+02  1.57e+02  -2.639199e+05  -4.929925e-07  5.495e-06  1.187e+01  
 GE37   1.44e+02  1.57e+02  -2.639199e+05  -1.835952e-06  5.196e-06  1.185e+01  
 GE38   1.44e+02  1.57e+02  -2.639199e+05  -7.375089e-09  4.364e-06  1.186e+01  
 GE39   1.44e+02  1.57e+02  -2.639199e+05  -3.668736e-07  4.098e-06  1.185e+01  
 GE40   1.44e+02  1.57e+02  -2.639199e+05  -9.995473e-07  3.829e-06  1.187e+01  
 GE41   1.44e+02  1.57e+02  -2.639199e+05  1.709140e-07   3.241e-06  1.186e+01  
 GE42   1.44e+02  1.57e+02  -2.639199e+05  -1.090523e-06  3.080e-06  1.186e+01  
 GE43   1.44e+02  1.57e+02  -2.639199e+05  2.157090e-07   2.455e-06  1.194e+01  
 GE44   1.44e+02  1.57e+02  -2.639199e+05  -2.970824e-07  2.223e-06  1.185e+01  
 GE45   1.44e+02  1.57e+02  -2.639199e+05  7.439435e-08   1.912e-06  1.185e+01  
 GE46   1.44e+02  1.57e+02  -2.639199e+05  -3.571721e-07  1.751e-06  1.187e+01  
 GE47   1.44e+02  1.57e+02  -2.639199e+05  3.037151e-07   1.454e-06  1.187e+01  
 GE48   1.44e+02  1.57e+02  -2.639199e+05  -2.231831e-07  1.445e-06  1.186e+01  
 GE49   1.44e+02  1.57e+02  -2.639199e+05  2.182828e-08   1.306e-06  1.184e+01  
 GE50   1.44e+02  1.57e+02  -2.639199e+05  3.251969e-08   1.230e-06  1.190e+01  
 GE51   1.44e+02  1.57e+02  -2.639199e+05  -1.730424e-07  1.209e-06  1.184e+01  
 GE52   1.44e+02  1.57e+02  -2.639199e+05  4.840830e-08   1.105e-06  1.188e+01  
 GE53   1.44e+02  1.57e+02  -2.639199e+05  -6.667278e-08  1.083e-06  1.192e+01  
 GE54   1.44e+02  1.57e+02  -2.639199e+05  -1.004794e-08  1.009e-06  1.186e+01  
 GE55   1.44e+02  1.57e+02  -2.639199e+05  -7.099389e-07  9.866e-07  1.199e+01  
----------------------------------------------------------------
TOTAL-STRESS (KBAR)                                           
----------------------------------------------------------------
      -16.0469470258        -0.0528690944        -0.5169780288
       -0.0528690944        -4.8214431445        -0.4161847782
       -0.5169780288        -0.4161847782        -8.8160895103
----------------------------------------------------------------
 ETOT DIFF (eV)       : -1.495e-03
 LARGEST GRAD (eV/A)  : 3.635e-02
TIME STATISTICS
------------------------------------------------------------------------------------
     CLASS_NAME                 NAME            TIME(Sec)  CALLS   AVG(Sec) PER(%)
------------------------------------------------------------------------------------
                     total                      10794.44        33 327.10   100.00
Driver               reading                      0.01           1   0.01     0.00
Input                Init                         0.01           1   0.01     0.00
Input_Conv           Convert                      0.00           1   0.00     0.00
Driver               driver_line                10794.42         1 10794.42 100.00
UnitCell             check_tau                    0.00           1   0.00     0.00
PW_Basis             setuptransform               0.03           1   0.03     0.00
PW_Basis             distributeg                  0.03           1   0.03     0.00
mymath               heapsort                     0.02         423   0.00     0.00
Symmetry             analy_sys                    0.00           1   0.00     0.00
PW_Basis_K           setuptransform               0.03           1   0.03     0.00
PW_Basis_K           distributeg                  0.02           1   0.02     0.00
PW_Basis             setup_struc_factor           1.44          12   0.12     0.01
ORB_control          read_orb_first               0.13           1   0.13     0.00
LCAO_Orbitals        Read_Orbitals                0.13           1   0.13     0.00
NOrbital_Lm          extra_uniform                0.07          22   0.00     0.00
Mathzone_Add1        SplineD2                     0.00          22   0.00     0.00
Mathzone_Add1        Cubic_Spline_Interpolation   0.00          22   0.00     0.00
Mathzone_Add1        Uni_Deriv_Phi                0.07          22   0.00     0.00
Sphbes               Spherical_Bessel             0.03       16080   0.00     0.00
ppcell_vl            init_vloc                    0.80           1   0.80     0.01
Ions                 opt_ions                   10792.61         1 10792.61  99.98
ESolver_KS_LCAO      Run                        10550.18        12 879.18    97.74
ESolver_KS_LCAO      beforescf                  112.28          12   9.36     1.04
ESolver_KS_LCAO      beforesolver                 3.66          12   0.30     0.03
ESolver_KS_LCAO      set_matrix_grid              1.39          12   0.12     0.01
atom_arrange         search                       0.15          12   0.01     0.00
Grid_Technique       init                         0.61          12   0.05     0.01
Grid_BigCell         grid_expansion_index         0.05          24   0.00     0.00
Record_adj           for_2d                       0.60          12   0.05     0.01
Grid_Driver          Find_atom                    0.71      163814   0.00     0.01
LCAO_Hamilt          grid_prepare                 0.00          12   0.00     0.00
Veff                 initialize_HR                0.02          12   0.00     0.00
OverlapNew           initialize_SR                0.02          12   0.00     0.00
EkineticNew          initialize_HR                0.02          12   0.00     0.00
NonlocalNew          initialize_HR                0.11          12   0.01     0.00
Charge               set_rho_core                 0.01          12   0.00     0.00
Charge               atomic_rho                  24.18          24   1.01     0.22
PW_Basis             recip2real                  70.35       11472   0.01     0.65
PW_Basis             gathers_scatterp            29.98       11472   0.00     0.28
Potential            init_pot                     2.76          12   0.23     0.03
Potential            update_from_charge         188.90         876   0.22     1.75
Potential            cal_fixed_v                  0.15          12   0.01     0.00
PotLocal             cal_fixed_v                  0.15          12   0.01     0.00
Potential            cal_v_eff                  188.75         876   0.22     1.75
H_Hartree_pw         v_hartree                   13.97         876   0.02     0.13
PW_Basis             real2recip                  71.41       12300   0.01     0.66
PW_Basis             gatherp_scatters            30.53       12300   0.00     0.28
PotXC                cal_v_eff                  165.31         876   0.19     1.53
XC_Functional        v_xc                       164.16         876   0.19     1.52
Efield               add_efield                   4.60         876   0.01     0.04
Symmetry             rhog_symmetry              390.76        1752   0.22     3.62
Symmetry             group fft grids            294.99        1752   0.17     2.73
H_Ewald_pw           compute_ewald                0.18          12   0.01     0.00
HSolverLCAO          solve                      9612.57        864  11.13    89.05
HamiltLCAO           updateHk                   2281.14       6912   0.33    21.13
OperatorLCAO         init                       2257.77      20736   0.11    20.92
Veff                 contributeHR               2219.63       1728   1.28    20.56
Gint_interface       cal_gint                   3614.36       2616   1.38    33.48
Gint_interface       cal_gint_vlocal            1837.72       1728   1.06    17.02
Gint_Tools           cal_psir_ylm               400.73     1293408   0.00     3.71
Gint_k               transfer_pvpR              381.88        1728   0.22     3.54
OverlapNew           calculate_SR                 4.80          12   0.40     0.04
OverlapNew           contributeHk                18.50        6912   0.00     0.17
EkineticNew          contributeHR                 4.24        1728   0.00     0.04
EkineticNew          calculate_HR                 4.20          12   0.35     0.04
NonlocalNew          contributeHR                19.29        1728   0.01     0.18
NonlocalNew          calculate_HR                13.79          12   1.15     0.13
OperatorLCAO         contributeHk                 9.04        6912   0.00     0.08
HSolverLCAO          hamiltSolvePsiK            4923.05       6912   0.71    45.61
DiagoElpa            elpa_solve                 4885.38       6912   0.71    45.26
ElecStateLCAO        psiToRho                   2408.35        864   2.79    22.31
elecstate            cal_dm                     298.58         876   0.34     2.77
psiMulPsiMpi         pdgemm                     295.49        7008   0.04     2.74
DensityMatrix        cal_DMR                     12.66         876   0.01     0.12
 Local_Orbital_wfc   wfc_2d_to_grid             143.40        7008   0.02     1.33
Gint                 transfer_DMR               126.39         864   0.15     1.17
Gint_interface       cal_gint_rho               1658.41        864   1.92    15.36
Charge_Mixing        get_drho                     0.68         864   0.00     0.01
Charge               mix_rho                     35.19         852   0.04     0.33
Charge               Pulay_mixing                 3.58         852   0.00     0.03
HamiltLCAO           updateSk                     0.21          96   0.00     0.00
Force_Stress_LCAO    getForceStress             242.21          12  20.18     2.24
Forces               cal_force_loc                1.94          12   0.16     0.02
Forces               cal_force_ew                 1.48          12   0.12     0.01
Forces               cal_force_cc                 0.00          12   0.00     0.00
Forces               cal_force_scc               12.50          12   1.04     0.12
Stress_Func          stress_loc                  37.77          12   3.15     0.35
Stress_Func          stress_har                   0.09          12   0.01     0.00
Stress_Func          stress_ewa                   1.23          12   0.10     0.01
Stress_Func          stress_cc                    0.00          12   0.00     0.00
Stress_Func          stress_gga                   1.24          12   0.10     0.01
Force_LCAO_k         ftable_k                   185.94          12  15.49     1.72
Force_LCAO_k         allocate_k                  24.62          12   2.05     0.23
LCAO_gen_fixedH      b_NL_mu_new                 12.70          12   1.06     0.12
Force_LCAO_k         cal_foverlap_k               8.98          12   0.75     0.08
Force_LCAO_k         cal_edm_2d                   8.69          12   0.72     0.08
DensityMatrix        sum_DMR_spin                 0.03          12   0.00     0.00
Force_LCAO_k         cal_ftvnl_dphi_k             0.07          12   0.01     0.00
Force_LCAO_k         cal_fvl_dphi_k             118.23          12   9.85     1.10
Gint_interface       cal_gint_force             118.23          24   4.93     1.10
Gint_Tools           cal_dpsir_ylm               45.09       11976   0.00     0.42
Gint_Tools           cal_dpsirr_ylm              19.82       11976   0.00     0.18
Force_LCAO_k         cal_fvnl_dbeta_k_new        22.02          12   1.83     0.20
ModuleIO             write_istate_info            0.02           1   0.02     0.00
------------------------------------------------------------------------------------

 START  Time  : Wed Nov  8 11:41:56 2023
 FINISH Time  : Wed Nov  8 14:41:50 2023
 TOTAL  Time  : 10794
 SEE INFORMATION IN : OUT.ABACUS/
