Loading mkl version 2023.0.0
Loading tbb version 2021.8.0
Loading compiler-rt version 2023.0.0
Loading mpi version 2021.8.0
Loading compiler version 2023.0.0
Loading oclfpga version 2023.0.0
  Load "debugger" to debug DPC++ applications with the gdb-oneapi debugger.
  Load "dpl" for additional DPC++ APIs: https://github.com/oneapi-src/oneDPL

Loading abacus/3.7.5-icx
  Loading requirement: tbb/latest compiler-rt/latest mkl/latest mpi/latest
    oclfpga/latest compiler/latest
     Step     Time          Energy          fmax
IRC:    0 02:22:18  -239255.122800        0.048260
IRC:    1 02:28:12  -239255.139780        0.267745
IRC:    2 02:34:03  -239255.184990        0.435354
IRC:    3 02:39:56  -239255.244350        0.483288
IRC:    4 02:43:49  -239255.306200        0.494103
IRC:    5 02:47:44  -239255.365810        0.520506
IRC:    6 02:51:39  -239255.422090        0.531359
IRC:    7 02:57:30  -239255.475620        0.524176
IRC:    8 03:01:24  -239255.526430        0.503251
IRC:    9 03:03:22  -239255.573890        0.469293
IRC:   10 03:07:17  -239255.617880        0.428419
IRC:   11 03:09:14  -239255.659000        0.383645
IRC:   12 03:11:12  -239255.697570        0.372457
IRC:   13 03:15:05  -239255.732720        0.393560
IRC:   14 03:19:00  -239255.762580        0.410279
IRC:   15 03:22:56  -239255.785260        0.420506
IRC:   16 03:28:48  -239255.799380        0.417470
IRC:   17 03:32:45  -239255.806810        0.399765
IRC:   18 03:34:45  -239255.812380        0.377016
IRC:   19 03:36:43  -239255.817510        0.353624
IRC:   20 03:38:40  -239255.822250        0.330752
IRC:   21 03:40:38  -239255.826680        0.308262
IRC:   22 03:42:35  -239255.830820        0.286664
IRC:   23 03:44:33  -239255.834650        0.265499
IRC:   24 03:46:30  -239255.838250        0.245138
IRC:   25 03:48:27  -239255.841590        0.225516
IRC:   26 03:50:25  -239255.844700        0.206834
IRC:   27 03:52:22  -239255.847560        0.188984
IRC:   28 03:54:20  -239255.850240        0.172273
IRC:   29 03:56:18  -239255.852720        0.156417
IRC:   30 03:58:15  -239255.855010        0.142307
IRC:   31 04:00:13  -239255.857130        0.128531
IRC:   32 04:02:10  -239255.859130        0.116227
IRC:   33 04:04:07  -239255.860960        0.104093
IRC:   34 04:06:04  -239255.862670        0.093641
IRC:   35 04:08:01  -239255.864240        0.083081
IRC:   36 04:10:00  -239255.865720        0.074254
IRC:   37 04:11:58  -239255.867050        0.065400
IRC:   38 04:13:55  -239255.868270        0.057765
IRC:   39 04:15:52  -239255.869400        0.050548
IRC:   40 04:17:49  -239255.870430        0.045971
IRC:   41 04:25:39  -239255.140220        0.229534
IRC:   42 04:31:29  -239255.179620        0.350775
IRC:   43 04:37:22  -239255.227100        0.434114
IRC:   44 04:43:29  -239255.278790        0.473178
IRC:   45 04:47:33  -239255.333790        0.495731
IRC:   46 04:51:36  -239255.391260        0.512503
IRC:   47 04:55:40  -239255.450270        0.526038
IRC:   48 04:59:44  -239255.510050        0.537836
IRC:   49 05:03:49  -239255.569870        0.548644
IRC:   50 05:07:57  -239255.629020        0.557338
IRC:   51 05:12:02  -239255.686660        0.561310
IRC:   52 05:14:06  -239255.742010        0.559583
IRC:   53 05:18:11  -239255.794190        0.553834
IRC:   54 05:22:13  -239255.842700        0.547564
IRC:   55 05:24:15  -239255.887370        0.542617
IRC:   56 05:28:19  -239255.928260        0.538274
IRC:   57 05:30:19  -239255.965390        0.532957
IRC:   58 05:32:21  -239255.998670        0.526187
IRC:   59 05:34:23  -239256.028020        0.519118
IRC:   60 05:36:25  -239256.053650        0.512399
IRC:   61 05:40:30  -239256.075940        0.506091
IRC:   62 05:44:33  -239256.095370        0.499514
IRC:   63 05:48:37  -239256.112280        0.491960
IRC:   64 05:50:40  -239256.126890        0.482961
IRC:   65 05:52:46  -239256.139490        0.472787
IRC:   66 05:56:58  -239256.150420        0.461469
IRC:   67 06:01:13  -239256.160030        0.448866
IRC:   68 06:05:28  -239256.168610        0.435200
IRC:   69 06:09:41  -239256.176410        0.420642
IRC:   70 06:13:54  -239256.183610        0.405496
IRC:   71 06:18:07  -239256.190360        0.389743
IRC:   72 06:22:20  -239256.196710        0.373878
IRC:   73 06:26:30  -239256.202760        0.357898
IRC:   74 06:32:48  -239256.208590        0.342650
IRC:   75 06:39:10  -239256.214240        0.327345
IRC:   76 06:47:33  -239256.219680        0.312465
IRC:   77 06:56:01  -239256.224850        0.297604
IRC:   78 07:04:28  -239256.229690        0.282553
IRC:   79 07:10:47  -239256.234190        0.266872
IRC:   80 07:17:09  -239256.238410        0.251562
IRC:   81 07:23:31  -239256.242280        0.236400
IRC:   82 07:27:44  -239256.245850        0.220613
IRC:   83 07:36:12  -239256.249140        0.205641
IRC:   84 07:40:25  -239256.252140        0.190341
IRC:   85 07:44:39  -239256.254880        0.175390
IRC:   86 07:50:58  -239256.257400        0.160812
IRC:   87 07:55:12  -239256.259710        0.146468
IRC:   88 07:57:19  -239256.261840        0.132576
IRC:   89 07:59:27  -239256.263760        0.119259
IRC:   90 08:01:34  -239256.265510        0.106487
IRC:   91 08:03:41  -239256.267080        0.094195
IRC:   92 08:05:47  -239256.268490        0.083075
IRC:   93 08:12:07  -239256.269790        0.073605
IRC:   94 08:14:14  -239256.270960        0.064898
IRC:   95 08:16:20  -239256.271990        0.057083
IRC:   96 08:18:28  -239256.272900        0.050056
IRC:   97 08:20:34  -239256.273650        0.043732
IRC:   98 08:22:39  -239256.274310        0.038012
IRC:   99 08:24:46  -239256.274880        0.032815
IRC:  100 08:26:48  -239256.275370        0.027980
IRC:  101 08:28:54  -239256.275750        0.023401
IRC:  102 08:31:00  -239256.276090        0.019289
IRC:  103 08:33:06  -239256.276370        0.015118
IRC:  104 08:35:14  -239256.276610        0.011643
IRC:  105 08:37:21  -239256.276800        0.007936
IRC:  106 08:39:28  -239256.276940        0.005681
IRC:  107 08:41:35  -239256.277050        0.004102
IRC:  108 08:43:41  -239256.277130        0.002780
IRC:  109 08:45:47  -239256.277150        0.002711
IRC:  110 08:47:53  -239256.277140        0.007742
IRC:  111 09:02:38  -239256.277160        0.007582
===== Sella Calculation Done at Fri Sep 20 09:02:38 CST 2024! =====
