 In SCAN_BEGIN, can't find: LATTICE_PARAMETERS block.
 AUTO_SET NBANDS to 0
 AUTO_SET NBANDS to 698
      Processor           Atom
              1             23
              2             23
              3             24
              4             23
              5             24
              6             23
              7             23
              8             23
              9             24
             10             24
             11             24
             12             23
             13             23
             14             23
             15             23
             16             23
                            startmag_type = 2
                       charge from rho_at = 3.99303
                         charge should be = 4
                            startmag_type = 2
                       charge from rho_at = 5.99905
                         charge should be = 6
                            startmag_type = 2
                       charge from rho_at = 17.9731
                         charge should be = 18
 Warning: negative or imaginary starting charge :  neg = -0.00100428 ima = 1.14667e-07 SPIN = 0
 Warning: negative or imaginary starting charge :  neg = -0.00100428 ima = 1.14667e-07 SPIN = 1

 SETUP ATOMIC RHO FOR SPIN 1
                 Electron number from rho = 581

 SETUP ATOMIC RHO FOR SPIN 2
                 Electron number from rho = 581
           total electron number from rho = 1162
                                should be = 1162
                 charge before normalized = 1162.00000000001
                  charge after normalized = 1162
                 charge before normalized = 1161.99999893474
                  charge after normalized = 1161.99999999999
                 charge before normalized = 1161.99999880885
                  charge after normalized = 1162
                 charge before normalized = 1161.99999787709
                  charge after normalized = 1162
                 charge before normalized = 1161.99999871374
                  charge after normalized = 1162
                 charge before normalized = 1161.99999868046
                  charge after normalized = 1162.00000000001
                 charge before normalized = 1161.99999865087
                  charge after normalized = 1162.00000000001
                 charge before normalized = 1161.99999855072
                  charge after normalized = 1162.00000000001
                 charge before normalized = 1161.99999844542
                  charge after normalized = 1161.99999999998
                 charge before normalized = 1161.99999844118
                  charge after normalized = 1162.00000000001
                 charge before normalized = 1161.99999843648
                  charge after normalized = 1162
                 charge before normalized = 1161.9999984905
                  charge after normalized = 1162
                 charge before normalized = 1161.99999851476
                  charge after normalized = 1161.99999999999
                 charge before normalized = 1161.99999849363
                  charge after normalized = 1161.99999999999
                 charge before normalized = 1161.99999848756
                  charge after normalized = 1162
                 charge before normalized = 1161.99999846511
                  charge after normalized = 1162
                 charge before normalized = 1161.99999846213
                  charge after normalized = 1161.99999999999
                 charge before normalized = 1161.99999847956
                  charge after normalized = 1162.00000000001
                 charge before normalized = 1161.99999848458
                  charge after normalized = 1162
                 charge before normalized = 1161.9999984836
                  charge after normalized = 1162
                 charge before normalized = 1161.99999847488
                  charge after normalized = 1162
                 charge before normalized = 1161.9999984792
                  charge after normalized = 1162
                 charge before normalized = 1161.99999847763
                  charge after normalized = 1162
                 charge before normalized = 1161.99999847691
                  charge after normalized = 1162
                 charge before normalized = 1161.99999847643
                  charge after normalized = 1162
                 charge before normalized = 1161.9999984754
                  charge after normalized = 1162
                 charge before normalized = 1161.99999847552
                  charge after normalized = 1162.00000000001
                 charge before normalized = 1161.99999847551
                  charge after normalized = 1162.00000000001
                 charge before normalized = 1161.99999847505
                  charge after normalized = 1162
                 charge before normalized = 1161.99999847475
                  charge after normalized = 1161.99999999999
                 charge before normalized = 1161.99999847462
                  charge after normalized = 1162.00000000001
                 charge before normalized = 1161.99999847491
                  charge after normalized = 1161.99999999999
                 charge before normalized = 1161.99999847472
                  charge after normalized = 1162
                 charge before normalized = 1161.99999847467
                  charge after normalized = 1161.99999999999
                 charge before normalized = 1161.99999847461
                  charge after normalized = 1161.99999999999
                 charge before normalized = 1161.99999847449
                  charge after normalized = 1162
                 charge before normalized = 1161.99999847439
                  charge after normalized = 1162
                 charge before normalized = 1161.99999847434
                  charge after normalized = 1162.00000000001
                 charge before normalized = 1161.9999984743
                  charge after normalized = 1162
                 charge before normalized = 1161.99999847423
                  charge after normalized = 1162.00000000001
                 charge before normalized = 1161.99999847431
                  charge after normalized = 1162
                 charge before normalized = 1161.99999847433
                  charge after normalized = 1162
                 charge before normalized = 1161.99999847425
                  charge after normalized = 1162
                 charge before normalized = 1161.99999847426
                  charge after normalized = 1162
                 charge before normalized = 1161.99999847436
                  charge after normalized = 1162
                 charge before normalized = 1161.99999847433
                  charge after normalized = 1162
                 charge before normalized = 1161.99999847422
                  charge after normalized = 1162.00000000001
                 charge before normalized = 1161.99999847429
                  charge after normalized = 1162
                 charge before normalized = 1161.99999847429
                  charge after normalized = 1162
                 charge before normalized = 1161.9999984742
                  charge after normalized = 1161.99999999999
