 In SCAN_BEGIN, can't find: LATTICE_PARAMETERS block.
 AUTO_SET NBANDS to 0
 AUTO_SET NBANDS to 731
      Processor           Atom
              1             21
              2             20
              3             21
              4             21
              5             21
              6             21
              7             21
              8             21
              9             21
             10             22
             11             21
             12             22
             13             21
             14             21
             15             21
             16             20
                            startmag_type = 2
                       charge from rho_at = 0.997867
                         charge should be = 1
                            startmag_type = 2
                       charge from rho_at = 18.9775
                         charge should be = 19
 Warning: negative or imaginary starting charge :  neg = -0.000908774 ima = 2.30136e-07 SPIN = 0
 Warning: negative or imaginary starting charge :  neg = -0.000908774 ima = 2.30136e-07 SPIN = 1

 SETUP ATOMIC RHO FOR SPIN 1
                 Electron number from rho = 609

 SETUP ATOMIC RHO FOR SPIN 2
                 Electron number from rho = 609
           total electron number from rho = 1218
                                should be = 1218
                 charge before normalized = 1217.99999999999
                  charge after normalized = 1218
                 charge before normalized = 1217.9999963871
                  charge after normalized = 1217.99999999999
                 charge before normalized = 1217.99999626717
                  charge after normalized = 1218
                 charge before normalized = 1217.99999659515
                  charge after normalized = 1218.00000000001
                 charge before normalized = 1217.99999616002
                  charge after normalized = 1218
                 charge before normalized = 1217.99999620098
                  charge after normalized = 1218
                 charge before normalized = 1217.99999619766
                  charge after normalized = 1218.00000000001
                 charge before normalized = 1217.99999621683
                  charge after normalized = 1218
                 charge before normalized = 1217.99999621884
                  charge after normalized = 1217.99999999999
                 charge before normalized = 1217.99999622243
                  charge after normalized = 1218
                 charge before normalized = 1217.99999622142
                  charge after normalized = 1218.00000000001
                 charge before normalized = 1217.99999622244
                  charge after normalized = 1218
                 charge before normalized = 1217.99999622246
                  charge after normalized = 1218.00000000001
                 charge before normalized = 1217.9999962223
                  charge after normalized = 1217.99999999999
                 charge before normalized = 1217.99999622239
                  charge after normalized = 1218.00000000001
                 charge before normalized = 1217.9999962225
                  charge after normalized = 1218
                 charge before normalized = 1217.99999622257
                  charge after normalized = 1218.00000000001
                 charge before normalized = 1217.99999622247
                  charge after normalized = 1218
                 charge before normalized = 1217.99999622245
                  charge after normalized = 1218
                 charge before normalized = 1217.99999622248
                  charge after normalized = 1218.00000000001
