 In SCAN_BEGIN, can't find: LATTICE_PARAMETERS block.
 AUTO_SET NBANDS to 0
 AUTO_SET NBANDS to 731
      Processor           Atom
              1             21
              2             20
              3             21
              4             21
              5             21
              6             21
              7             21
              8             21
              9             21
             10             22
             11             21
             12             22
             13             21
             14             21
             15             21
             16             20
                            startmag_type = 2
                       charge from rho_at = 0.997867
                         charge should be = 1
                            startmag_type = 2
                       charge from rho_at = 18.9775
                         charge should be = 19
 Warning: negative or imaginary starting charge :  neg = -0.000905945 ima = 1.85365e-07 SPIN = 0
 Warning: negative or imaginary starting charge :  neg = -0.000905945 ima = 1.85365e-07 SPIN = 1

 SETUP ATOMIC RHO FOR SPIN 1
                 Electron number from rho = 609

 SETUP ATOMIC RHO FOR SPIN 2
                 Electron number from rho = 609
           total electron number from rho = 1218
                                should be = 1218
                 charge before normalized = 1217.99999999999
                  charge after normalized = 1218
                 charge before normalized = 1217.99999643831
                  charge after normalized = 1218
                 charge before normalized = 1217.99999633569
                  charge after normalized = 1218
                 charge before normalized = 1217.99999660559
                  charge after normalized = 1218
                 charge before normalized = 1217.99999625988
                  charge after normalized = 1218
                 charge before normalized = 1217.9999962848
                  charge after normalized = 1218.00000000001
                 charge before normalized = 1217.99999628765
                  charge after normalized = 1217.99999999999
                 charge before normalized = 1217.99999630412
                  charge after normalized = 1218.00000000001
                 charge before normalized = 1217.99999630613
                  charge after normalized = 1218
                 charge before normalized = 1217.99999631021
                  charge after normalized = 1218
                 charge before normalized = 1217.99999630982
                  charge after normalized = 1218
                 charge before normalized = 1217.99999631123
                  charge after normalized = 1217.99999999999
                 charge before normalized = 1217.99999631072
                  charge after normalized = 1218
                 charge before normalized = 1217.99999631075
                  charge after normalized = 1218
                 charge before normalized = 1217.99999631089
                  charge after normalized = 1218
                 charge before normalized = 1217.999996311
                  charge after normalized = 1217.99999999999
                 charge before normalized = 1217.99999631092
                  charge after normalized = 1218
                 charge before normalized = 1217.99999631097
                  charge after normalized = 1218
                 charge before normalized = 1217.99999631096
                  charge after normalized = 1218.00000000001
