 In SCAN_BEGIN, can't find: LATTICE_PARAMETERS block.
 AUTO_SET NBANDS to 0
 AUTO_SET NBANDS to 736
      Processor           Atom
              1             44
              2             43
              3             46
              4             46
              5             45
              6             43
              7             43
              8             44
              9             43
             10             43
             11             43
             12             44
             13             44
             14             42
             15             44
             16             43
                            startmag_type = 2
                       charge from rho_at = 18.9734
                         charge should be = 19
                            startmag_type = 2
                       charge from rho_at = 4.99741
                         charge should be = 5
 Warning: negative or imaginary starting charge :  neg = -0.00137849 ima = 1.83831e-09 SPIN = 0
 Warning: negative or imaginary starting charge :  neg = -0.00137849 ima = 1.83831e-09 SPIN = 1

 SETUP ATOMIC RHO FOR SPIN 1
                 Electron number from rho = 613

 SETUP ATOMIC RHO FOR SPIN 2
                 Electron number from rho = 613
           total electron number from rho = 1226
                                should be = 1226
                 charge before normalized = 1226
                  charge after normalized = 1226
                 charge before normalized = 1226.00000163878
                  charge after normalized = 1226.00000000001
                 charge before normalized = 1226.00000165832
                  charge after normalized = 1226.00000000001
                 charge before normalized = 1226.00000059382
                  charge after normalized = 1225.99999999999
                 charge before normalized = 1226.00000139072
                  charge after normalized = 1226.00000000001
                 charge before normalized = 1226.00000155761
                  charge after normalized = 1225.99999999998
                 charge before normalized = 1226.00000149174
                  charge after normalized = 1226.00000000001
                 charge before normalized = 1226.00000151139
                  charge after normalized = 1226
                 charge before normalized = 1226.00000147244
                  charge after normalized = 1226
                 charge before normalized = 1226.00000143346
                  charge after normalized = 1226
                 charge before normalized = 1226.00000143953
                  charge after normalized = 1226.00000000001
                 charge before normalized = 1226.00000145648
                  charge after normalized = 1226.00000000001
                 charge before normalized = 1226.00000145726
                  charge after normalized = 1226.00000000001
                 charge before normalized = 1226.00000145982
                  charge after normalized = 1226.00000000001
                 charge before normalized = 1226.00000145168
                  charge after normalized = 1226.00000000002
                 charge before normalized = 1226.00000145132
                  charge after normalized = 1226
                 charge before normalized = 1226.00000145179
                  charge after normalized = 1226
                 charge before normalized = 1226.00000145152
                  charge after normalized = 1226.00000000001
                 charge before normalized = 1226.00000145105
                  charge after normalized = 1225.99999999999
                 charge before normalized = 1226.00000145106
                  charge after normalized = 1226
                 charge before normalized = 1226.00000145064
                  charge after normalized = 1226
                 charge before normalized = 1226.00000145067
                  charge after normalized = 1226
                 charge before normalized = 1226.00000145057
                  charge after normalized = 1226
                 charge before normalized = 1226.00000145049
                  charge after normalized = 1225.99999999999
