 In SCAN_BEGIN, can't find: LATTICE_PARAMETERS block.
 AUTO_SET NBANDS to 0
 AUTO_SET NBANDS to 736
      Processor           Atom
              1             44
              2             43
              3             46
              4             46
              5             45
              6             43
              7             43
              8             44
              9             43
             10             43
             11             42
             12             44
             13             44
             14             42
             15             43
             16             43
                            startmag_type = 2
                       charge from rho_at = 18.9734
                         charge should be = 19
                            startmag_type = 2
                       charge from rho_at = 4.99741
                         charge should be = 5
 Warning: negative or imaginary starting charge :  neg = -0.00138352 ima = 2.06126e-09 SPIN = 0
 Warning: negative or imaginary starting charge :  neg = -0.00138352 ima = 2.06126e-09 SPIN = 1

 SETUP ATOMIC RHO FOR SPIN 1
                 Electron number from rho = 613

 SETUP ATOMIC RHO FOR SPIN 2
                 Electron number from rho = 613
           total electron number from rho = 1226
                                should be = 1226
                 charge before normalized = 1225.99999999999
                  charge after normalized = 1226
                 charge before normalized = 1226.00000299146
                  charge after normalized = 1226
                 charge before normalized = 1226.0000029244
                  charge after normalized = 1226
                 charge before normalized = 1226.00000255154
                  charge after normalized = 1225.99999999999
                 charge before normalized = 1226.00000291766
                  charge after normalized = 1225.99999999999
                 charge before normalized = 1226.00000270483
                  charge after normalized = 1226
                 charge before normalized = 1226.00000286886
                  charge after normalized = 1225.99999999999
                 charge before normalized = 1226.00000284694
                  charge after normalized = 1226.00000000001
                 charge before normalized = 1226.00000282126
                  charge after normalized = 1226
                 charge before normalized = 1226.00000279758
                  charge after normalized = 1225.99999999999
                 charge before normalized = 1226.00000280079
                  charge after normalized = 1226
                 charge before normalized = 1226.00000280764
                  charge after normalized = 1226
                 charge before normalized = 1226.00000280721
                  charge after normalized = 1226
                 charge before normalized = 1226.00000280639
                  charge after normalized = 1226
                 charge before normalized = 1226.00000280628
                  charge after normalized = 1226
                 charge before normalized = 1226.00000280553
                  charge after normalized = 1226.00000000001
                 charge before normalized = 1226.00000280492
                  charge after normalized = 1225.99999999999
                 charge before normalized = 1226.00000280431
                  charge after normalized = 1226.00000000001
                 charge before normalized = 1226.0000028038
                  charge after normalized = 1226
                 charge before normalized = 1226.00000280369
                  charge after normalized = 1225.99999999999
                 charge before normalized = 1226.00000280356
                  charge after normalized = 1226
                 charge before normalized = 1226.00000280359
                  charge after normalized = 1225.99999999999
                 charge before normalized = 1226.00000280352
                  charge after normalized = 1226
