 In SCAN_BEGIN, can't find: LATTICE_PARAMETERS block.
 AUTO_SET NBANDS to 0
 AUTO_SET NBANDS to 731
      Processor           Atom
              1             20
              2             20
              3             21
              4             20
              5             21
              6             21
              7             21
              8             22
              9             21
             10             22
             11             21
             12             22
             13             22
             14             21
             15             21
             16             20
                            startmag_type = 2
                       charge from rho_at = 0.997867
                         charge should be = 1
                            startmag_type = 2
                       charge from rho_at = 18.9775
                         charge should be = 19
 Warning: negative or imaginary starting charge :  neg = -0.000909636 ima = 1.17778e-07 SPIN = 0
 Warning: negative or imaginary starting charge :  neg = -0.000909636 ima = 1.17778e-07 SPIN = 1

 SETUP ATOMIC RHO FOR SPIN 1
                 Electron number from rho = 609

 SETUP ATOMIC RHO FOR SPIN 2
                 Electron number from rho = 609
           total electron number from rho = 1218
                                should be = 1218
                 charge before normalized = 1218.00000000001
                  charge after normalized = 1218
                 charge before normalized = 1217.99999677877
                  charge after normalized = 1218
                 charge before normalized = 1217.99999675636
                  charge after normalized = 1218
                 charge before normalized = 1217.9999966622
                  charge after normalized = 1217.99999999999
                 charge before normalized = 1217.99999667025
                  charge after normalized = 1217.99999999999
                 charge before normalized = 1217.99999670385
                  charge after normalized = 1217.99999999999
                 charge before normalized = 1217.99999659345
                  charge after normalized = 1218
                 charge before normalized = 1217.99999668834
                  charge after normalized = 1218.00000000001
                 charge before normalized = 1217.99999668643
                  charge after normalized = 1218.00000000001
                 charge before normalized = 1217.99999669089
                  charge after normalized = 1218
                 charge before normalized = 1217.99999669185
                  charge after normalized = 1218
                 charge before normalized = 1217.99999669231
                  charge after normalized = 1217.99999999999
                 charge before normalized = 1217.99999669221
                  charge after normalized = 1218.00000000001
                 charge before normalized = 1217.9999966923
                  charge after normalized = 1217.99999999999
                 charge before normalized = 1217.99999669253
                  charge after normalized = 1217.99999999999
                 charge before normalized = 1217.9999966925
                  charge after normalized = 1217.99999999999
                 charge before normalized = 1217.99999669245
                  charge after normalized = 1218
                 charge before normalized = 1217.99999669241
                  charge after normalized = 1217.99999999999
                 charge before normalized = 1217.99999669242
                  charge after normalized = 1218
