 In SCAN_BEGIN, can't find: LATTICE_PARAMETERS block.
 AUTO_SET NBANDS to 0
 AUTO_SET NBANDS to 731
      Processor           Atom
              1             20
              2             20
              3             21
              4             20
              5             20
              6             20
              7             21
              8             20
              9             21
             10             21
             11             21
             12             21
             13             20
             14             20
             15             21
             16             21
                            startmag_type = 2
                       charge from rho_at = 0.997867
                         charge should be = 1
                            startmag_type = 2
                       charge from rho_at = 18.9775
                         charge should be = 19
 Warning: negative or imaginary starting charge :  neg = -0.000853234 ima = 1.23176e-07 SPIN = 0
 Warning: negative or imaginary starting charge :  neg = -0.000853234 ima = 1.23176e-07 SPIN = 1

 SETUP ATOMIC RHO FOR SPIN 1
                 Electron number from rho = 609

 SETUP ATOMIC RHO FOR SPIN 2
                 Electron number from rho = 609
           total electron number from rho = 1218
                                should be = 1218
                 charge before normalized = 1217.99999999999
                  charge after normalized = 1218
                 charge before normalized = 1217.99999564702
                  charge after normalized = 1218
                 charge before normalized = 1217.99999554796
                  charge after normalized = 1218
                 charge before normalized = 1217.99999537466
                  charge after normalized = 1218
                 charge before normalized = 1217.99999519447
                  charge after normalized = 1217.99999999999
                 charge before normalized = 1217.99999535236
                  charge after normalized = 1218
                 charge before normalized = 1217.99999534766
                  charge after normalized = 1218
                 charge before normalized = 1217.99999535841
                  charge after normalized = 1218
                 charge before normalized = 1217.99999537002
                  charge after normalized = 1218
                 charge before normalized = 1217.99999536524
                  charge after normalized = 1217.99999999999
                 charge before normalized = 1217.99999536674
                  charge after normalized = 1218.00000000001
                 charge before normalized = 1217.99999536465
                  charge after normalized = 1218
                 charge before normalized = 1217.99999536428
                  charge after normalized = 1218
                 charge before normalized = 1217.99999536445
                  charge after normalized = 1218
                 charge before normalized = 1217.99999536467
                  charge after normalized = 1218.00000000001
                 charge before normalized = 1217.99999536447
                  charge after normalized = 1218
                 charge before normalized = 1217.99999536468
                  charge after normalized = 1218
                 charge before normalized = 1217.99999536455
                  charge after normalized = 1218
                 charge before normalized = 1217.99999536462
                  charge after normalized = 1218.00000000001
                 charge before normalized = 1217.99999536461
                  charge after normalized = 1217.99999999999
                 charge before normalized = 1217.99999536464
                  charge after normalized = 1218
