                                                                                     
                              ABACUS v3.3.4

               Atomic-orbital Based Ab-initio Computation at UStc                    

                     Website: http://abacus.ustc.edu.cn/                             
               Documentation: https://abacus.deepmodeling.com/                       
                  Repository: https://github.com/abacusmodeling/abacus-develop       
                              https://github.com/deepmodeling/abacus-develop         
                      Commit: unknown

 Wed Sep 20 19:54:13 2023
 MAKE THE DIR         : OUT.ABACUS/

%%%%%%%%%%%%%%%%%%%%%%%%%%%%%%%%%%%%%%%%%%%%%%%%%%%%%%%%%%%%%%%%%%%%%%%%%%%%%%%%%%%%%%%%%%%%%%%%%%%%%%%%%
 Warning: the number of valence electrons in pseudopotential > 11 for Cu: [Ar] 3d10 4s1
 Pseudopotentials with additional electrons can yield (more) accurate outcomes, but may be less efficient.
 If you're confident that your chosen pseudopotential is appropriate, you can safely ignore this warning.
%%%%%%%%%%%%%%%%%%%%%%%%%%%%%%%%%%%%%%%%%%%%%%%%%%%%%%%%%%%%%%%%%%%%%%%%%%%%%%%%%%%%%%%%%%%%%%%%%%%%%%%%%

 UNIFORM GRID DIM     : 125 * 125 * 375
 UNIFORM GRID DIM(BIG): 25 * 25 * 125
 DONE(0.59574    SEC) : SETUP UNITCELL
 DONE(0.619049   SEC) : SYMMETRY
 DONE(0.68609    SEC) : INIT K-POINTS
 ---------------------------------------------------------
 Ion relaxation calculations
 ---------------------------------------------------------
 SPIN    KPOINTS         PROCESSORS  NBASE       
 1       4               1           1754        
 ---------------------------------------------------------
 Use Systematically Improvable Atomic bases
 ---------------------------------------------------------
 ELEMENT ORBITALS        NBASE       NATOM       XC          
 Cu      4s2p2d1f-8au    27          64          
 N       2s2p1d-7au      13          2           
 ---------------------------------------------------------
 Initial plane wave basis and FFT box
 ---------------------------------------------------------
 DONE(0.768199   SEC) : INIT PLANEWAVE
 -------------------------------------------
 STEP OF ION RELAXATION : 1
 -------------------------------------------
 START CHARGE      : atomic
 DONE(3.44786    SEC) : INIT SCF
 ITER   ETOT(eV)       EDIFF(eV)      DRHO       TIME(s)    
 GE1    -3.185608e+05  0.000000e+00   2.512e-02  1.805e+01  
 GE2    -3.185572e+05  3.521503e+00   1.543e-02  1.375e+01  
 GE3    -3.185578e+05  -6.088714e-01  7.640e-03  1.383e+01  
 GE4    -3.185572e+05  6.290579e-01   5.371e-03  1.399e+01  
 GE5    -3.185573e+05  -8.982353e-02  2.343e-03  1.354e+01  
 GE6    -3.185573e+05  3.089752e-02   1.888e-03  1.369e+01  
 GE7    -3.185572e+05  5.293741e-02   1.391e-03  1.393e+01  
 GE8    -3.185572e+05  1.912608e-02   1.036e-03  1.354e+01  
 GE9    -3.185572e+05  2.984142e-02   8.883e-04  1.387e+01  
 GE10   -3.185572e+05  1.608492e-02   6.873e-04  1.370e+01  
 GE11   -3.185571e+05  7.613182e-03   5.528e-04  1.400e+01  
 GE12   -3.185571e+05  3.423872e-03   4.091e-04  1.361e+01  
 GE13   -3.185571e+05  -8.988751e-04  3.211e-04  1.372e+01  
 GE14   -3.185571e+05  -7.925619e-04  2.817e-04  1.354e+01  
 GE15   -3.185571e+05  -7.664791e-05  2.319e-04  1.365e+01  
 GE16   -3.185571e+05  -8.885905e-04  1.653e-04  1.383e+01  
 GE17   -3.185571e+05  -1.999263e-03  1.511e-04  1.404e+01  
 GE18   -3.185571e+05  -1.502159e-03  1.182e-04  1.383e+01  
 GE19   -3.185571e+05  -1.034429e-03  9.665e-05  1.330e+01  
 GE20   -3.185571e+05  -1.286427e-03  8.088e-05  1.378e+01  
 GE21   -3.185572e+05  -1.114391e-03  6.609e-05  1.387e+01  
 GE22   -3.185572e+05  -6.560325e-04  5.284e-05  1.422e+01  
 GE23   -3.185572e+05  -6.551220e-04  4.463e-05  1.388e+01  
 GE24   -3.185572e+05  -4.022561e-04  3.530e-05  1.344e+01  
 GE25   -3.185572e+05  -1.938436e-04  2.913e-05  1.365e+01  
 GE26   -3.185572e+05  -2.474897e-04  2.486e-05  1.405e+01  
 GE27   -3.185572e+05  -1.466844e-04  1.911e-05  1.378e+01  
 GE28   -3.185572e+05  -3.486706e-04  1.548e-05  1.384e+01  
 GE29   -3.185572e+05  -7.379875e-05  9.067e-06  1.365e+01  
 GE30   -3.185572e+05  -6.103317e-05  8.042e-06  1.391e+01  
 GE31   -3.185572e+05  -4.378630e-05  6.252e-06  1.368e+01  
 GE32   -3.185572e+05  -1.245628e-05  4.849e-06  1.351e+01  
 GE33   -3.185572e+05  -1.007467e-06  3.788e-06  1.365e+01  
 GE34   -3.185572e+05  1.172708e-05   1.787e-06  1.381e+01  
 GE35   -3.185572e+05  7.002870e-07   1.066e-06  1.351e+01  
 GE36   -3.185572e+05  -2.404789e-05  9.662e-07  1.313e+01  
 ><><><><><><><><><><><><><><><><><><><><><><
 TOTAL-STRESS (KBAR):
 ><><><><><><><><><><><><><><><><><><><><><><
 2.533e+01      -2.445e+00     3.793e-01      
 -2.445e+00     2.815e+01      2.190e-01      
 3.793e-01      2.190e-01      3.814e+01      
 TOTAL-PRESSURE: 3.054e+01 KBAR
 ETOT DIFF (eV)       : 0.000e+00
 LARGEST GRAD (eV/A)  : 3.490e+00
 BFGS TRUST (Bohr)    : 5.000e-01
 -------------------------------------------
 STEP OF ION RELAXATION : 2
 -------------------------------------------
 DONE(5.436e+02  SEC) : INIT SCF
 ITER   ETOT(eV)       EDIFF(eV)      DRHO       TIME(s)    
 GE1    -3.185589e+05  0.000000e+00   1.701e-03  1.774e+01  
 GE2    -3.185589e+05  3.654084e-02   1.370e-03  1.364e+01  
 GE3    -3.185589e+05  4.678038e-02   9.460e-04  1.351e+01  
 GE4    -3.185589e+05  8.877514e-03   5.688e-04  1.378e+01  
 GE5    -3.185589e+05  -2.391284e-03  2.728e-04  1.352e+01  
 GE6    -3.185589e+05  1.830104e-03   2.150e-04  1.390e+01  
 GE7    -3.185589e+05  5.944437e-04   1.335e-04  1.360e+01  
 GE8    -3.185589e+05  6.369069e-04   1.084e-04  1.389e+01  
 GE9    -3.185589e+05  1.807682e-04   7.657e-05  1.393e+01  
 GE10   -3.185589e+05  1.624145e-04   6.279e-05  1.367e+01  
 GE11   -3.185589e+05  -2.532051e-05  4.653e-05  1.391e+01  
 GE12   -3.185589e+05  -5.518650e-05  3.785e-05  1.373e+01  
 GE13   -3.185589e+05  -1.918055e-04  3.153e-05  1.359e+01  
 GE14   -3.185589e+05  -2.003306e-04  2.552e-05  1.355e+01  
 GE15   -3.185589e+05  -2.010424e-04  2.071e-05  1.352e+01  
 GE16   -3.185589e+05  -1.946413e-04  1.669e-05  1.373e+01  
 GE17   -3.185589e+05  -9.379900e-05  1.314e-05  1.378e+01  
 GE18   -3.185589e+05  -9.829469e-05  1.139e-05  1.385e+01  
 GE19   -3.185589e+05  -1.173576e-04  9.385e-06  1.355e+01  
 GE20   -3.185589e+05  -3.815188e-05  6.963e-06  1.378e+01  
 GE21   -3.185589e+05  -4.314219e-05  6.142e-06  1.344e+01  
 GE22   -3.185589e+05  -4.222253e-05  5.166e-06  1.346e+01  
 GE23   -3.185589e+05  -3.334050e-05  4.238e-06  1.371e+01  
 GE24   -3.185589e+05  -2.195569e-05  3.515e-06  1.368e+01  
 GE25   -3.185589e+05  -1.119652e-05  3.023e-06  1.382e+01  
 GE26   -3.185589e+05  -1.297031e-05  2.707e-06  1.389e+01  
 GE27   -3.185589e+05  -1.178455e-05  2.280e-06  1.331e+01  
 GE28   -3.185589e+05  -1.196225e-05  1.869e-06  1.362e+01  
 GE29   -3.185589e+05  -2.092827e-05  1.463e-06  1.394e+01  
 GE30   -3.185589e+05  -1.261546e-05  7.846e-07  1.371e+01  
 ><><><><><><><><><><><><><><><><><><><><><><
 TOTAL-STRESS (KBAR):
 ><><><><><><><><><><><><><><><><><><><><><><
 -9.658e+00     -2.519e+00     2.884e-01      
 -2.519e+00     -6.749e+00     1.665e-01      
 2.884e-01      1.665e-01      3.353e+00      
 TOTAL-PRESSURE: -4.351e+00 KBAR
 ETOT DIFF (eV)       : -1.701e+00
 LARGEST GRAD (eV/A)  : 3.321e+00
 BFGS TRUST (Bohr)    : 8.000e-01
 -------------------------------------------
 STEP OF ION RELAXATION : 3
 -------------------------------------------
 DONE(9.998e+02  SEC) : INIT SCF
 ITER   ETOT(eV)       EDIFF(eV)      DRHO       TIME(s)    
 GE1    -3.185368e+05  0.000000e+00   3.622e-03  1.787e+01  
 GE2    -3.185326e+05  4.239680e+00   2.745e-03  1.432e+01  
 GE3    -3.185338e+05  -1.185494e+00  1.118e-03  1.364e+01  
 GE4    -3.185337e+05  2.914665e-02   9.074e-04  1.399e+01  
 GE5    -3.185337e+05  3.684742e-02   6.449e-04  1.387e+01  
 GE6    -3.185337e+05  6.343534e-03   4.357e-04  1.353e+01  
 GE7    -3.185337e+05  1.355861e-02   3.713e-04  1.366e+01  
 GE8    -3.185337e+05  5.259102e-04   2.397e-04  1.352e+01  
 GE9    -3.185337e+05  2.752757e-03   1.946e-04  1.342e+01  
 GE10   -3.185337e+05  9.388530e-04   1.448e-04  1.391e+01  
 GE11   -3.185337e+05  2.965152e-04   1.186e-04  1.410e+01  
 GE12   -3.185337e+05  -2.837463e-04  1.023e-04  1.366e+01  
 GE13   -3.185337e+05  -7.747495e-04  8.898e-05  1.351e+01  
 GE14   -3.185337e+05  -4.449122e-04  6.811e-05  1.378e+01  
 GE15   -3.185337e+05  -6.518009e-04  5.819e-05  1.370e+01  
 GE16   -3.185337e+05  -4.512925e-04  4.750e-05  1.354e+01  
 GE17   -3.185337e+05  -4.427269e-04  3.990e-05  1.362e+01  
 GE18   -3.185337e+05  -2.331752e-04  3.296e-05  1.386e+01  
 GE19   -3.185337e+05  -5.363472e-04  2.936e-05  1.371e+01  
 GE20   -3.185337e+05  -2.008076e-04  2.125e-05  1.362e+01  
 GE21   -3.185337e+05  -1.024130e-04  1.830e-05  1.371e+01  
 GE22   -3.185337e+05  -2.536437e-04  1.674e-05  1.406e+01  
 GE23   -3.185337e+05  -9.580627e-05  1.287e-05  1.393e+01  
 GE24   -3.185337e+05  -1.469230e-04  1.123e-05  1.394e+01  
 GE25   -3.185337e+05  -9.343500e-05  8.324e-06  1.419e+01  
 GE26   -3.185337e+05  -2.078251e-05  6.375e-06  1.358e+01  
 GE27   -3.185337e+05  -4.021656e-05  5.834e-06  1.406e+01  
 GE28   -3.185337e+05  -4.513931e-05  4.916e-06  1.383e+01  
 GE29   -3.185337e+05  -3.234724e-05  3.833e-06  1.403e+01  
 GE30   -3.185337e+05  -2.942260e-05  3.068e-06  1.391e+01  
 GE31   -3.185337e+05  -2.309927e-05  2.247e-06  1.374e+01  
 GE32   -3.185337e+05  -1.244276e-05  1.522e-06  1.367e+01  
 GE33   -3.185337e+05  -6.595408e-06  1.100e-06  1.386e+01  
 GE34   -3.185337e+05  -1.302540e-05  8.401e-07  1.309e+01  
 ><><><><><><><><><><><><><><><><><><><><><><
 TOTAL-STRESS (KBAR):
 ><><><><><><><><><><><><><><><><><><><><><><
 -1.447e+01     3.676e+01      -8.802e-02     
 3.676e+01      -5.691e+01     -5.082e-02     
 -8.802e-02     -5.082e-02     -6.860e+01     
 TOTAL-PRESSURE: -4.666e+01 KBAR
 ETOT DIFF (eV)       : 2.519e+01
 LARGEST GRAD (eV/A)  : 1.747e+02
 BFGS TRUST (Bohr)    : 4.210e-02
 -------------------------------------------
 STEP OF ION RELAXATION : 4
 -------------------------------------------
 DONE(1.513e+03  SEC) : INIT SCF
 ITER   ETOT(eV)       EDIFF(eV)      DRHO       TIME(s)    
 GE1    -3.185614e+05  0.000000e+00   3.471e-03  1.750e+01  
 GE2    -3.185585e+05  2.894535e+00   2.772e-03  1.368e+01  
 GE3    -3.185590e+05  -4.378587e-01  1.732e-03  1.428e+01  
 GE4    -3.185590e+05  -6.302258e-02  1.047e-03  1.383e+01  
 GE5    -3.185590e+05  1.922347e-02   6.725e-04  1.374e+01  
 GE6    -3.185590e+05  6.094863e-03   3.909e-04  1.372e+01  
 GE7    -3.185590e+05  1.421474e-03   3.045e-04  1.381e+01  
 GE8    -3.185590e+05  5.266830e-03   2.453e-04  1.369e+01  
 GE9    -3.185590e+05  6.237757e-03   1.937e-04  1.401e+01  
 GE10   -3.185590e+05  1.767160e-03   1.460e-04  1.375e+01  
 GE11   -3.185590e+05  2.121543e-03   1.209e-04  1.379e+01  
 GE12   -3.185590e+05  2.354500e-03   1.065e-04  1.369e+01  
 GE13   -3.185590e+05  7.767749e-04   8.808e-05  1.394e+01  
 GE14   -3.185590e+05  1.518116e-03   6.968e-05  1.402e+01  
 GE15   -3.185590e+05  1.162975e-03   5.943e-05  1.412e+01  
 GE16   -3.185590e+05  2.031771e-03   5.214e-05  1.380e+01  
 GE17   -3.185590e+05  8.110198e-04   3.823e-05  1.400e+01  
 GE18   -3.185590e+05  5.085553e-04   3.164e-05  1.409e+01  
 GE19   -3.185590e+05  7.599407e-04   2.704e-05  1.400e+01  
 GE20   -3.185590e+05  2.478554e-04   1.964e-05  1.427e+01  
 GE21   -3.185590e+05  2.176463e-04   1.688e-05  1.443e+01  
 GE22   -3.185590e+05  1.532290e-04   1.432e-05  1.388e+01  
 GE23   -3.185590e+05  1.712182e-04   1.246e-05  1.385e+01  
 GE24   -3.185590e+05  1.113110e-04   1.001e-05  1.423e+01  
 GE25   -3.185590e+05  4.622899e-05   8.358e-06  1.375e+01  
 GE26   -3.185590e+05  5.402104e-05   7.461e-06  1.370e+01  
 GE27   -3.185590e+05  8.427420e-05   6.340e-06  1.363e+01  
 GE28   -3.185590e+05  5.387879e-05   4.561e-06  1.399e+01  
 GE29   -3.185590e+05  1.068442e-05   3.250e-06  1.378e+01  
 GE30   -3.185590e+05  2.378565e-05   2.919e-06  1.394e+01  
 GE31   -3.185590e+05  2.436086e-05   2.336e-06  1.343e+01  
 GE32   -3.185590e+05  2.610583e-05   1.712e-06  1.382e+01  
 GE33   -3.185590e+05  1.916736e-05   9.824e-07  1.372e+01  
 ><><><><><><><><><><><><><><><><><><><><><><
 TOTAL-STRESS (KBAR):
 ><><><><><><><><><><><><><><><><><><><><><><
 -1.307e+01     -2.288e+00     2.819e-01      
 -2.288e+00     -1.042e+01     1.627e-01      
 2.819e-01      1.627e-01      -4.273e-01     
 TOTAL-PRESSURE: -7.973e+00 KBAR
 ETOT DIFF (eV)       : -1.155e-01
 LARGEST GRAD (eV/A)  : 2.747e+00
 BFGS TRUST (Bohr)    : 1.263e-01
 -------------------------------------------
 STEP OF ION RELAXATION : 5
 -------------------------------------------
 DONE(2.016e+03  SEC) : INIT SCF
 ITER   ETOT(eV)       EDIFF(eV)      DRHO       TIME(s)    
 GE1    -3.185592e+05  0.000000e+00   5.909e-04  1.807e+01  
 GE2    -3.185592e+05  1.278148e-02   4.548e-04  1.407e+01  
 GE3    -3.185592e+05  3.094240e-03   2.942e-04  1.373e+01  
 GE4    -3.185592e+05  -6.503220e-05  1.531e-04  1.408e+01  
 GE5    -3.185592e+05  -2.639831e-05  8.591e-05  1.400e+01  
 GE6    -3.185592e+05  2.224208e-04   5.897e-05  1.404e+01  
 GE7    -3.185592e+05  4.992000e-05   3.866e-05  1.464e+01  
 GE8    -3.185592e+05  7.255038e-05   3.133e-05  1.379e+01  
 GE9    -3.185592e+05  -1.243291e-05  2.190e-05  1.419e+01  
 GE10   -3.185592e+05  -3.543666e-05  1.693e-05  1.411e+01  
 GE11   -3.185592e+05  -4.859674e-05  1.437e-05  1.386e+01  
 GE12   -3.185592e+05  -5.901294e-05  1.138e-05  1.404e+01  
 GE13   -3.185592e+05  -6.008698e-05  9.657e-06  1.384e+01  
 GE14   -3.185592e+05  -7.578072e-05  8.130e-06  1.371e+01  
 GE15   -3.185592e+05  -3.507271e-05  6.338e-06  1.410e+01  
 GE16   -3.185592e+05  -4.530468e-05  5.580e-06  1.373e+01  
 GE17   -3.185592e+05  -5.540889e-05  4.590e-06  1.372e+01  
 GE18   -3.185592e+05  -1.105397e-05  3.293e-06  1.383e+01  
 GE19   -3.185592e+05  -2.370284e-05  3.015e-06  1.419e+01  
 GE20   -3.185592e+05  -2.090650e-05  2.378e-06  1.379e+01  
 GE21   -3.185592e+05  -6.432265e-06  1.838e-06  1.454e+01  
 GE22   -3.185592e+05  -1.358417e-05  1.648e-06  1.391e+01  
 GE23   -3.185592e+05  -4.890921e-06  1.256e-06  1.373e+01  
 GE24   -3.185592e+05  -4.429211e-06  1.081e-06  1.357e+01  
