 In SCAN_BEGIN, can't find: LATTICE_PARAMETERS block.
 AUTO_SET NBANDS to 0
 AUTO_SET NBANDS to 731
      Processor           Atom
              1             20
              2             20
              3             21
              4             20
              5             20
              6             21
              7             21
              8             22
              9             21
             10             22
             11             22
             12             22
             13             21
             14             21
             15             21
             16             20
                            startmag_type = 2
                       charge from rho_at = 0.997867
                         charge should be = 1
                            startmag_type = 2
                       charge from rho_at = 18.9775
                         charge should be = 19
 Warning: negative or imaginary starting charge :  neg = -0.000903603 ima = 1.77466e-07 SPIN = 0
 Warning: negative or imaginary starting charge :  neg = -0.000903603 ima = 1.77466e-07 SPIN = 1

 SETUP ATOMIC RHO FOR SPIN 1
                 Electron number from rho = 609

 SETUP ATOMIC RHO FOR SPIN 2
                 Electron number from rho = 609
           total electron number from rho = 1218
                                should be = 1218
                 charge before normalized = 1218
                  charge after normalized = 1218
                 charge before normalized = 1217.99999720478
                  charge after normalized = 1218
                 charge before normalized = 1217.99999712971
                  charge after normalized = 1218
                 charge before normalized = 1217.99999741308
                  charge after normalized = 1218
                 charge before normalized = 1217.99999711713
                  charge after normalized = 1218
                 charge before normalized = 1217.99999713052
                  charge after normalized = 1217.99999999999
                 charge before normalized = 1217.99999713353
                  charge after normalized = 1218
                 charge before normalized = 1217.99999714996
                  charge after normalized = 1218.00000000001
                 charge before normalized = 1217.9999971525
                  charge after normalized = 1218.00000000002
                 charge before normalized = 1217.9999971552
                  charge after normalized = 1217.99999999999
                 charge before normalized = 1217.99999715614
                  charge after normalized = 1217.99999999999
                 charge before normalized = 1217.99999715645
                  charge after normalized = 1217.99999999999
                 charge before normalized = 1217.99999715684
                  charge after normalized = 1217.99999999999
                 charge before normalized = 1217.99999715625
                  charge after normalized = 1218.00000000001
                 charge before normalized = 1217.9999971569
                  charge after normalized = 1218
                 charge before normalized = 1217.99999715674
                  charge after normalized = 1218.00000000001
                 charge before normalized = 1217.99999715701
                  charge after normalized = 1218
                 charge before normalized = 1217.99999715693
                  charge after normalized = 1218
                 charge before normalized = 1217.99999715688
                  charge after normalized = 1218.00000000001
