 In SCAN_BEGIN, can't find: LATTICE_PARAMETERS block.
 AUTO_SET NBANDS to 0
 AUTO_SET NBANDS to 731
      Processor           Atom
              1             20
              2             20
              3             21
              4             20
              5             20
              6             20
              7             21
              8             22
              9             21
             10             21
             11             21
             12             21
             13             21
             14             21
             15             21
             16             21
                            startmag_type = 2
                       charge from rho_at = 0.997867
                         charge should be = 1
                            startmag_type = 2
                       charge from rho_at = 18.9775
                         charge should be = 19
 Warning: negative or imaginary starting charge :  neg = -0.000888449 ima = 1.25549e-07 SPIN = 0
 Warning: negative or imaginary starting charge :  neg = -0.000888449 ima = 1.25549e-07 SPIN = 1

 SETUP ATOMIC RHO FOR SPIN 1
                 Electron number from rho = 609

 SETUP ATOMIC RHO FOR SPIN 2
                 Electron number from rho = 609
           total electron number from rho = 1218
                                should be = 1218
                 charge before normalized = 1218
                  charge after normalized = 1218
                 charge before normalized = 1217.99999648932
                  charge after normalized = 1218.00000000001
                 charge before normalized = 1217.99999645531
                  charge after normalized = 1218
                 charge before normalized = 1217.9999963884
                  charge after normalized = 1217.99999999999
                 charge before normalized = 1217.99999628647
                  charge after normalized = 1218
                 charge before normalized = 1217.99999655773
                  charge after normalized = 1217.99999999999
                 charge before normalized = 1217.99999637318
                  charge after normalized = 1218
                 charge before normalized = 1217.999996382
                  charge after normalized = 1218.00000000001
                 charge before normalized = 1217.9999963894
                  charge after normalized = 1218
                 charge before normalized = 1217.9999963931
                  charge after normalized = 1218.00000000001
                 charge before normalized = 1217.99999639292
                  charge after normalized = 1217.99999999999
                 charge before normalized = 1217.99999639397
                  charge after normalized = 1218
                 charge before normalized = 1217.99999639406
                  charge after normalized = 1218
                 charge before normalized = 1217.99999639444
                  charge after normalized = 1217.99999999999
                 charge before normalized = 1217.99999639458
                  charge after normalized = 1217.99999999998
                 charge before normalized = 1217.99999639434
                  charge after normalized = 1217.99999999999
                 charge before normalized = 1217.99999639491
                  charge after normalized = 1218.00000000001
                 charge before normalized = 1217.99999639457
                  charge after normalized = 1218.00000000001
                 charge before normalized = 1217.99999639452
                  charge after normalized = 1218
                 charge before normalized = 1217.99999639472
                  charge after normalized = 1217.99999999999
