 In SCAN_BEGIN, can't find: LATTICE_PARAMETERS block.
 AUTO_SET NBANDS to 0
 AUTO_SET NBANDS to 731
      Processor           Atom
              1             20
              2             20
              3             21
              4             20
              5             20
              6             20
              7             21
              8             20
              9             21
             10             21
             11             21
             12             21
             13             20
             14             20
             15             21
             16             21
                            startmag_type = 2
                       charge from rho_at = 0.997867
                         charge should be = 1
                            startmag_type = 2
                       charge from rho_at = 18.9775
                         charge should be = 19
 Warning: negative or imaginary starting charge :  neg = -0.000861126 ima = 1.35355e-07 SPIN = 0
 Warning: negative or imaginary starting charge :  neg = -0.000861126 ima = 1.35355e-07 SPIN = 1

 SETUP ATOMIC RHO FOR SPIN 1
                 Electron number from rho = 609

 SETUP ATOMIC RHO FOR SPIN 2
                 Electron number from rho = 609
           total electron number from rho = 1218
                                should be = 1218
                 charge before normalized = 1217.99999999999
                  charge after normalized = 1218
                 charge before normalized = 1217.99999617934
                  charge after normalized = 1218.00000000001
                 charge before normalized = 1217.99999608561
                  charge after normalized = 1218.00000000002
                 charge before normalized = 1217.99999596248
                  charge after normalized = 1218
                 charge before normalized = 1217.99999570623
                  charge after normalized = 1217.99999999999
                 charge before normalized = 1217.99999590661
                  charge after normalized = 1217.99999999999
                 charge before normalized = 1217.99999590187
                  charge after normalized = 1218
                 charge before normalized = 1217.99999591188
                  charge after normalized = 1218.00000000001
                 charge before normalized = 1217.99999592216
                  charge after normalized = 1217.99999999999
                 charge before normalized = 1217.99999591893
                  charge after normalized = 1217.99999999999
                 charge before normalized = 1217.99999591992
                  charge after normalized = 1217.99999999998
                 charge before normalized = 1217.99999591831
                  charge after normalized = 1218
                 charge before normalized = 1217.99999591786
                  charge after normalized = 1218
                 charge before normalized = 1217.99999591814
                  charge after normalized = 1218.00000000001
                 charge before normalized = 1217.99999591822
                  charge after normalized = 1218.00000000001
                 charge before normalized = 1217.9999959182
                  charge after normalized = 1218.00000000001
                 charge before normalized = 1217.9999959182
                  charge after normalized = 1218
                 charge before normalized = 1217.99999591829
                  charge after normalized = 1218
                 charge before normalized = 1217.99999591821
                  charge after normalized = 1217.99999999999
                 charge before normalized = 1217.99999591823
                  charge after normalized = 1217.99999999999
                 charge before normalized = 1217.99999591821
                  charge after normalized = 1217.99999999999
