 In SCAN_BEGIN, can't find: LATTICE_PARAMETERS block.
 AUTO_SET NBANDS to 0
 AUTO_SET NBANDS to 698
      Processor           Atom
              1             23
              2             23
              3             24
              4             23
              5             23
              6             23
              7             23
              8             23
              9             23
             10             24
             11             24
             12             23
             13             23
             14             23
             15             23
             16             23
                            startmag_type = 2
                       charge from rho_at = 3.99303
                         charge should be = 4
                            startmag_type = 2
                       charge from rho_at = 5.99905
                         charge should be = 6
                            startmag_type = 2
                       charge from rho_at = 17.9731
                         charge should be = 18
 Warning: negative or imaginary starting charge :  neg = -0.00101091 ima = 2.8121e-07 SPIN = 0
 Warning: negative or imaginary starting charge :  neg = -0.00101091 ima = 2.8121e-07 SPIN = 1

 SETUP ATOMIC RHO FOR SPIN 1
                 Electron number from rho = 581

 SETUP ATOMIC RHO FOR SPIN 2
                 Electron number from rho = 581
           total electron number from rho = 1162
                                should be = 1162
                 charge before normalized = 1161.99999999999
                  charge after normalized = 1162
                 charge before normalized = 1161.99999845846
                  charge after normalized = 1162
                 charge before normalized = 1161.99999825071
                  charge after normalized = 1162.00000000001
                 charge before normalized = 1161.99999711803
                  charge after normalized = 1162
                 charge before normalized = 1161.99999795765
                  charge after normalized = 1162
                 charge before normalized = 1161.999998011
                  charge after normalized = 1162
                 charge before normalized = 1161.99999796737
                  charge after normalized = 1162
                 charge before normalized = 1161.99999788886
                  charge after normalized = 1162.00000000001
                 charge before normalized = 1161.99999779644
                  charge after normalized = 1161.99999999999
                 charge before normalized = 1161.99999775066
                  charge after normalized = 1162.00000000001
                 charge before normalized = 1161.99999771282
                  charge after normalized = 1161.99999999999
                 charge before normalized = 1161.9999977185
                  charge after normalized = 1162
                 charge before normalized = 1161.99999773498
                  charge after normalized = 1162
                 charge before normalized = 1161.99999774555
                  charge after normalized = 1162
                 charge before normalized = 1161.99999773509
                  charge after normalized = 1161.99999999999
                 charge before normalized = 1161.99999774241
                  charge after normalized = 1162
                 charge before normalized = 1161.99999773972
                  charge after normalized = 1162
                 charge before normalized = 1161.99999773986
                  charge after normalized = 1162.00000000001
                 charge before normalized = 1161.99999774096
                  charge after normalized = 1162.00000000001
                 charge before normalized = 1161.99999774451
                  charge after normalized = 1162
                 charge before normalized = 1161.99999774043
                  charge after normalized = 1162.00000000002
                 charge before normalized = 1161.99999774177
                  charge after normalized = 1162
                 charge before normalized = 1161.99999774192
                  charge after normalized = 1162
                 charge before normalized = 1161.9999977418
                  charge after normalized = 1161.99999999999
                 charge before normalized = 1161.99999774123
                  charge after normalized = 1162
                 charge before normalized = 1161.99999774077
                  charge after normalized = 1162.00000000001
                 charge before normalized = 1161.99999774027
                  charge after normalized = 1162
                 charge before normalized = 1161.99999773993
                  charge after normalized = 1162.00000000003
                 charge before normalized = 1161.99999773983
                  charge after normalized = 1161.99999999999
                 charge before normalized = 1161.99999773956
                  charge after normalized = 1162
                 charge before normalized = 1161.99999773939
                  charge after normalized = 1162
                 charge before normalized = 1161.99999773926
                  charge after normalized = 1162.00000000001
                 charge before normalized = 1161.99999773921
                  charge after normalized = 1162
                 charge before normalized = 1161.99999773914
                  charge after normalized = 1162
                 charge before normalized = 1161.99999773905
                  charge after normalized = 1162
                 charge before normalized = 1161.99999773901
                  charge after normalized = 1162
                 charge before normalized = 1161.99999773907
                  charge after normalized = 1162
                 charge before normalized = 1161.99999773894
                  charge after normalized = 1162
                 charge before normalized = 1161.99999773903
                  charge after normalized = 1162
                 charge before normalized = 1161.99999773897
                  charge after normalized = 1161.99999999999
                 charge before normalized = 1161.99999773891
                  charge after normalized = 1162
                 charge before normalized = 1161.99999773879
                  charge after normalized = 1161.99999999999
                 charge before normalized = 1161.99999773892
                  charge after normalized = 1161.99999999999
                 charge before normalized = 1161.99999773888
                  charge after normalized = 1162
                 charge before normalized = 1161.99999773893
                  charge after normalized = 1162.00000000001
                 charge before normalized = 1161.99999773891
                  charge after normalized = 1162
                 charge before normalized = 1161.99999773895
                  charge after normalized = 1162
                            startmag_type = 2
                       charge from rho_at = 3.99303358802097
                         charge should be = 4
                            startmag_type = 2
                       charge from rho_at = 5.99904704283839
                         charge should be = 6
                            startmag_type = 2
                       charge from rho_at = 17.9730965646447
                         charge should be = 18
 Warning: negative or imaginary starting charge :  neg = -0.00101090628902844 ima = 2.8120999982752e-07 SPIN = 0
 Warning: negative or imaginary starting charge :  neg = -0.00101090628902844 ima = 2.8120999982752e-07 SPIN = 1

 SETUP ATOMIC RHO FOR SPIN 1
                 Electron number from rho = 581.000000000002

 SETUP ATOMIC RHO FOR SPIN 2
                 Electron number from rho = 581.000000000002
           total electron number from rho = 1162
                                should be = 1162
