 In SCAN_BEGIN, can't find: LATTICE_PARAMETERS block.
 AUTO_SET NBANDS to 0
 AUTO_SET NBANDS to 736
      Processor           Atom
              1             44
              2             43
              3             45
              4             46
              5             45
              6             45
              7             44
              8             45
              9             43
             10             42
             11             44
             12             45
             13             42
             14             42
             15             43
             16             42
                            startmag_type = 2
                       charge from rho_at = 18.9734
                         charge should be = 19
                            startmag_type = 2
                       charge from rho_at = 4.99741
                         charge should be = 5
 Warning: negative or imaginary starting charge :  neg = -0.00131734 ima = 1.98218e-10 SPIN = 0
 Warning: negative or imaginary starting charge :  neg = -0.00131734 ima = 1.98218e-10 SPIN = 1

 SETUP ATOMIC RHO FOR SPIN 1
                 Electron number from rho = 613

 SETUP ATOMIC RHO FOR SPIN 2
                 Electron number from rho = 613
           total electron number from rho = 1226
                                should be = 1226
                 charge before normalized = 1226
                  charge after normalized = 1226
                 charge before normalized = 1226.0000026878
                  charge after normalized = 1225.99999999999
                 charge before normalized = 1226.00000276992
                  charge after normalized = 1225.99999999999
                 charge before normalized = 1226.00000274874
                  charge after normalized = 1226
                 charge before normalized = 1226.00000275545
                  charge after normalized = 1226
                 charge before normalized = 1226.00000264257
                  charge after normalized = 1226
                 charge before normalized = 1226.00000271645
                  charge after normalized = 1226
                 charge before normalized = 1226.00000273839
                  charge after normalized = 1225.99999999999
                 charge before normalized = 1226.00000273328
                  charge after normalized = 1226
                 charge before normalized = 1226.00000274217
                  charge after normalized = 1225.99999999999
                 charge before normalized = 1226.00000273965
                  charge after normalized = 1226
                 charge before normalized = 1226.0000027401
                  charge after normalized = 1226
                 charge before normalized = 1226.00000274186
                  charge after normalized = 1226
                 charge before normalized = 1226.00000274151
                  charge after normalized = 1225.99999999999
                 charge before normalized = 1226.00000274018
                  charge after normalized = 1225.99999999999
                 charge before normalized = 1226.00000273943
                  charge after normalized = 1226
                 charge before normalized = 1226.00000273854
                  charge after normalized = 1225.99999999999
                 charge before normalized = 1226.000002738
                  charge after normalized = 1225.99999999999
                 charge before normalized = 1226.00000273754
                  charge after normalized = 1226.00000000001
                 charge before normalized = 1226.00000273735
                  charge after normalized = 1226.00000000001
                 charge before normalized = 1226.00000273732
                  charge after normalized = 1226
                 charge before normalized = 1226.00000273726
                  charge after normalized = 1226
                 charge before normalized = 1226.0000027373
                  charge after normalized = 1226
