 In SCAN_BEGIN, can't find: LATTICE_PARAMETERS block.
 AUTO_SET NBANDS to 0
 AUTO_SET NBANDS to 698
      Processor           Atom
              1             24
              2             23
              3             23
              4             23
              5             23
              6             23
              7             23
              8             23
              9             23
             10             23
             11             23
             12             23
             13             23
             14             23
             15             23
             16             23
                            startmag_type = 2
                       charge from rho_at = 3.99303
                         charge should be = 4
                            startmag_type = 2
                       charge from rho_at = 5.99905
                         charge should be = 6
                            startmag_type = 2
                       charge from rho_at = 17.9731
                         charge should be = 18
 Warning: negative or imaginary starting charge :  neg = -0.000965293 ima = 6.46372e-08 SPIN = 0
 Warning: negative or imaginary starting charge :  neg = -0.000965293 ima = 6.46372e-08 SPIN = 1

 SETUP ATOMIC RHO FOR SPIN 1
                 Electron number from rho = 581

 SETUP ATOMIC RHO FOR SPIN 2
                 Electron number from rho = 581
           total electron number from rho = 1162
                                should be = 1162
                 charge before normalized = 1162
                  charge after normalized = 1162
                 charge before normalized = 1161.99999950184
                  charge after normalized = 1162
                 charge before normalized = 1161.99999932212
                  charge after normalized = 1162
                 charge before normalized = 1161.99999879721
                  charge after normalized = 1161.99999999999
                 charge before normalized = 1161.99999915161
                  charge after normalized = 1162
                 charge before normalized = 1161.99999914565
                  charge after normalized = 1162
                 charge before normalized = 1161.99999912443
                  charge after normalized = 1161.99999999999
                 charge before normalized = 1161.99999906647
                  charge after normalized = 1162
                 charge before normalized = 1161.99999903296
                  charge after normalized = 1162
                 charge before normalized = 1161.9999989867
                  charge after normalized = 1162
                 charge before normalized = 1161.99999897908
                  charge after normalized = 1162
                 charge before normalized = 1161.99999897643
                  charge after normalized = 1162
                 charge before normalized = 1161.99999898107
                  charge after normalized = 1162
                 charge before normalized = 1161.99999897985
                  charge after normalized = 1162
                 charge before normalized = 1161.99999898248
                  charge after normalized = 1162
                 charge before normalized = 1161.99999897935
                  charge after normalized = 1162
                 charge before normalized = 1161.99999897692
                  charge after normalized = 1161.99999999999
                 charge before normalized = 1161.99999897176
                  charge after normalized = 1162.00000000001
                 charge before normalized = 1161.99999897314
                  charge after normalized = 1162
                 charge before normalized = 1161.99999897388
                  charge after normalized = 1162.00000000002
                 charge before normalized = 1161.99999897299
                  charge after normalized = 1162.00000000001
                 charge before normalized = 1161.99999897171
                  charge after normalized = 1162
                 charge before normalized = 1161.99999897109
                  charge after normalized = 1161.99999999999
                 charge before normalized = 1161.99999897105
                  charge after normalized = 1161.99999999998
                 charge before normalized = 1161.99999897077
                  charge after normalized = 1162
                 charge before normalized = 1161.99999897067
                  charge after normalized = 1162
                 charge before normalized = 1161.99999897026
                  charge after normalized = 1162.00000000001
                 charge before normalized = 1161.99999897008
                  charge after normalized = 1162.00000000001
                 charge before normalized = 1161.9999989699
                  charge after normalized = 1161.99999999999
                 charge before normalized = 1161.99999896979
                  charge after normalized = 1162
                 charge before normalized = 1161.99999896962
                  charge after normalized = 1161.99999999999
                 charge before normalized = 1161.99999896954
                  charge after normalized = 1161.99999999998
                 charge before normalized = 1161.99999896955
                  charge after normalized = 1162.00000000001
                 charge before normalized = 1161.99999896953
                  charge after normalized = 1162.00000000001
                 charge before normalized = 1161.99999896946
                  charge after normalized = 1162
                 charge before normalized = 1161.99999896946
                  charge after normalized = 1162.00000000001
                 charge before normalized = 1161.99999896937
                  charge after normalized = 1162
                 charge before normalized = 1161.99999896947
                  charge after normalized = 1161.99999999999
                 charge before normalized = 1161.99999896928
                  charge after normalized = 1161.99999999999
                 charge before normalized = 1161.99999896937
                  charge after normalized = 1162.00000000001
                 charge before normalized = 1161.99999896939
                  charge after normalized = 1161.99999999999
                 charge before normalized = 1161.9999989693
                  charge after normalized = 1161.99999999999
                 charge before normalized = 1161.99999896929
                  charge after normalized = 1162
