 In SCAN_BEGIN, can't find: LATTICE_PARAMETERS block.
 AUTO_SET NBANDS to 0
 AUTO_SET NBANDS to 731
      Processor           Atom
              1             20
              2             20
              3             21
              4             20
              5             20
              6             21
              7             21
              8             22
              9             21
             10             22
             11             22
             12             22
             13             21
             14             21
             15             21
             16             20
                            startmag_type = 2
                       charge from rho_at = 0.997867
                         charge should be = 1
                            startmag_type = 2
                       charge from rho_at = 18.9775
                         charge should be = 19
 Warning: negative or imaginary starting charge :  neg = -0.000903816 ima = 1.62473e-07 SPIN = 0
 Warning: negative or imaginary starting charge :  neg = -0.000903816 ima = 1.62473e-07 SPIN = 1

 SETUP ATOMIC RHO FOR SPIN 1
                 Electron number from rho = 609

 SETUP ATOMIC RHO FOR SPIN 2
                 Electron number from rho = 609
           total electron number from rho = 1218
                                should be = 1218
                 charge before normalized = 1217.99999999999
                  charge after normalized = 1218
                 charge before normalized = 1217.99999711236
                  charge after normalized = 1218.00000000002
                 charge before normalized = 1217.99999704225
                  charge after normalized = 1218
                 charge before normalized = 1217.99999729669
                  charge after normalized = 1217.99999999999
                 charge before normalized = 1217.99999699825
                  charge after normalized = 1218.00000000001
                 charge before normalized = 1217.99999704172
                  charge after normalized = 1218
                 charge before normalized = 1217.99999703745
                  charge after normalized = 1218
                 charge before normalized = 1217.99999705311
                  charge after normalized = 1218
                 charge before normalized = 1217.99999705657
                  charge after normalized = 1218
                 charge before normalized = 1217.99999705877
                  charge after normalized = 1218
                 charge before normalized = 1217.99999705983
                  charge after normalized = 1218.00000000002
                 charge before normalized = 1217.99999706013
                  charge after normalized = 1218
                 charge before normalized = 1217.99999706044
                  charge after normalized = 1217.99999999999
                 charge before normalized = 1217.99999706004
                  charge after normalized = 1217.99999999999
                 charge before normalized = 1217.9999970607
                  charge after normalized = 1218
                 charge before normalized = 1217.99999706048
                  charge after normalized = 1218.00000000002
                 charge before normalized = 1217.99999706052
                  charge after normalized = 1218
                 charge before normalized = 1217.99999706044
                  charge after normalized = 1218
                 charge before normalized = 1217.99999706049
                  charge after normalized = 1218
