 In SCAN_BEGIN, can't find: LATTICE_PARAMETERS block.
 AUTO_SET NBANDS to 0
 AUTO_SET NBANDS to 157
      Processor           Atom
              1             31
              2             31
              3             31
              4             30
                            startmag_type = 2
                       charge from rho_at = 2.88725
                         charge should be = 3
                            startmag_type = 2
                       charge from rho_at = 3.95377
                         charge should be = 4

 SETUP ATOMIC RHO FOR SPIN 1
                 Electron number from rho = 259
           total electron number from rho = 259
                                should be = 259
                 charge before normalized = 259
                  charge after normalized = 259
                 charge before normalized = 258.999999757239
                  charge after normalized = 258.99999999999
                 charge before normalized = 258.999999767892
                  charge after normalized = 258.999999999999
                 charge before normalized = 258.999999766313
                  charge after normalized = 258.999999999995
                 charge before normalized = 258.999999805025
                  charge after normalized = 259.000000000001
                 charge before normalized = 258.999999788292
                  charge after normalized = 258.999999999997
                 charge before normalized = 258.999999794258
                  charge after normalized = 259.000000000006
                 charge before normalized = 258.999999792549
                  charge after normalized = 259.000000000005
                 charge before normalized = 258.999999793319
                  charge after normalized = 259.000000000006
                 charge before normalized = 258.999999793182
                  charge after normalized = 259
                 charge before normalized = 258.999999793533
                  charge after normalized = 259.000000000003
                 charge before normalized = 258.999999793404
                  charge after normalized = 259.00000000001
                 charge before normalized = 258.999999793549
                  charge after normalized = 258.999999999996
                 charge before normalized = 258.999999793349
                  charge after normalized = 259.000000000009
                 charge before normalized = 258.999999793479
                  charge after normalized = 259.000000000001
