MINMODE:METHOD: Dimer
DIM:CONTROL: Search Parameters:
DIM:CONTROL: ------------------
DIM:CONTROL: eigenmode_method = dimer
DIM:CONTROL: f_rot_min = 0.1
DIM:CONTROL: f_rot_max = 1.0
DIM:CONTROL: max_num_rot = 1
DIM:CONTROL: trial_angle = 0.7853981633974483
DIM:CONTROL: trial_trans_step = 0.001
DIM:CONTROL: maximum_translation = 0.1
DIM:CONTROL: cg_translation = True
DIM:CONTROL: use_central_forces = True
DIM:CONTROL: dimer_separation = 0.0001
DIM:CONTROL: initial_eigenmode_method = displacement
DIM:CONTROL: extrapolate_forces = False
DIM:CONTROL: displacement_method = vector
DIM:CONTROL: gauss_std = 0.1
DIM:CONTROL: order = 1
DIM:CONTROL: mask = [True, True, True, True, True, True, True, True, True, True, True, True, True, True, True, True, True, True, True, True, True, True, True, True, True, True, True, True, True, True, True, True, True, True, True, True, True, True, True, True, True, True, True, True, True, True, True, True, True, True, True, True, True, True, True, True, True, True, True, True, True, True, True, True, True, True, True]
DIM:CONTROL: displacement_center = None
DIM:CONTROL: displacement_radius = None
DIM:CONTROL: number_of_displacement_atoms = None
DIM:CONTROL: ------------------
DIM:ROT: OPT-STEP ROT-STEP CURVATURE ROT-ANGLE ROT-FORCE
MINMODE:DISP:       0     -0.00004135     -0.00004182      0.00003180
MINMODE:DISP:       1     -0.00004420     -0.00003206      0.00003915
MINMODE:DISP:       2     -0.00004583     -0.00005509      0.00004808
MINMODE:DISP:       3     -0.00003748     -0.00009781      0.00006163
MINMODE:DISP:       4     -0.00003135      0.00000431      0.00005042
MINMODE:DISP:       5     -0.00004506      0.00004165      0.00005640
MINMODE:DISP:       6     -0.00003948      0.00014218      0.00003709
MINMODE:DISP:       7     -0.00003762      0.00007898      0.00004542
MINMODE:DISP:       8     -0.00004649      0.00009093      0.00004417
MINMODE:DISP:       9     -0.00005423      0.00000023      0.00003071
MINMODE:DISP:      10     -0.00005134      0.00000112      0.00003198
MINMODE:DISP:      11     -0.00005773      0.00004030      0.00004266
MINMODE:DISP:      12     -0.00005178     -0.00001101      0.00003515
MINMODE:DISP:      13     -0.00010423      0.00002544      0.00004116
MINMODE:DISP:      14     -0.00003132     -0.00006751      0.00007533
MINMODE:DISP:      15     -0.00004678     -0.00023178      0.00012622
MINMODE:DISP:      16     -0.00006183     -0.00008860      0.00007810
MINMODE:DISP:      17     -0.00004215     -0.00012827      0.00003788
MINMODE:DISP:      18     -0.00005830     -0.00005127      0.00002757
MINMODE:DISP:      19     -0.00004231     -0.00006528      0.00005053
MINMODE:DISP:      20     -0.00003321     -0.00005163      0.00001226
MINMODE:DISP:      21     -0.00002497      0.00004409      0.00002016
MINMODE:DISP:      22     -0.00008914      0.00010705      0.00001241
MINMODE:DISP:      23     -0.00008532      0.00026508      0.00004023
MINMODE:DISP:      24     -0.00014525      0.00042525      0.00001141
MINMODE:DISP:      25     -0.00010718     -0.00062409      0.00020640
MINMODE:DISP:      26     -0.00000110     -0.00043097      0.00006815
MINMODE:DISP:      27     -0.00000371     -0.00016928      0.00004155
MINMODE:DISP:      28     -0.00002098     -0.00013337      0.00003700
MINMODE:DISP:      29     -0.00003500     -0.00016493      0.00002465
MINMODE:DISP:      30     -0.00001617     -0.00004256      0.00004980
MINMODE:DISP:      31     -0.00001751      0.00009059      0.00002751
MINMODE:DISP:      32     -0.00004502      0.00023187      0.00002898
MINMODE:DISP:      33     -0.00003882      0.00033272      0.00000493
MINMODE:DISP:      34      0.00002230      0.00039042     -0.00005591
MINMODE:DISP:      35     -0.00006033     -0.00023132     -0.00003594
MINMODE:DISP:      36     -0.00002020     -0.00030654      0.00002968
MINMODE:DISP:      37     -0.00000305     -0.00023791      0.00003885
MINMODE:DISP:      38     -0.00003468     -0.00014016      0.00003987
MINMODE:DISP:      39     -0.00004329     -0.00007832      0.00004166
MINMODE:DISP:      40     -0.00002910     -0.00002580      0.00001753
MINMODE:DISP:      41     -0.00000592      0.00007317      0.00004337
MINMODE:DISP:      42     -0.00003070      0.00021130      0.00003237
MINMODE:DISP:      43     -0.00003531      0.00024804      0.00003201
MINMODE:DISP:      44     -0.00002049      0.00021440      0.00000841
MINMODE:DISP:      45     -0.00004644      0.00007802      0.00002919
MINMODE:DISP:      46     -0.00002023     -0.00005804      0.00002562
MINMODE:DISP:      47     -0.00003038     -0.00006861      0.00004540
MINMODE:DISP:      48      0.00039020      0.00145445     -0.00215584
MINMODE:DISP:      49      0.00031771      0.00130027     -0.00185129
MINMODE:DISP:      50      0.00051496      0.00127814     -0.00171810
MINMODE:DISP:      51      0.00059393      0.00143409     -0.00164520
MINMODE:DISP:      52      0.00049297      0.00155305     -0.00159814
MINMODE:DISP:      53      0.00033650      0.00150641     -0.00177486
MINMODE:DISP:      54      0.00008891     -0.00040633     -0.00001159
MINMODE:DISP:      55      0.00057048      0.00168260     -0.00150076
MINMODE:DISP:      56      0.00021757      0.00179675     -0.00188668
MINMODE:DISP:      57      0.00027813      0.00119434     -0.00184613
MINMODE:DISP:      58      0.00024918      0.00121256     -0.00183558
MINMODE:DISP:      59      0.00057533      0.00116880     -0.00175407
MINMODE:DISP:      60      0.00052314      0.00132113     -0.00171159
MINMODE:DISP:      61      0.00073543      0.00144580     -0.00161822
MINMODE:DISP:      62      0.00059053      0.00141928     -0.00164726
MINMODE:DISP:      63      0.00046063      0.00166477     -0.00156212
MINMODE:DISP:      64      0.00016235      0.00171539     -0.00166653
MINMODE:DISP:      65      0.00027974      0.00151058     -0.00170637
MINMODE:DISP:      66     -0.00140278      0.00172191      0.00120742
MinModeTranslate: STEP      TIME          ENERGY    MAX-FORCE     STEPSIZE    CURVATURE  ROT-STEPS
DIM:ROT:       0         1   -9.4855   20.3516   23.7779
MinModeTranslate:    0  17:09:49   -11865.113427       0.8869     --------    -9.485504          1
MinModeTranslate:    0  17:11:29   -11865.113427       0.8869     0.056490    -9.485504          1
DIM:ROT:       1         1  -14.0474   31.4794   37.4072
MinModeTranslate:    1  17:14:00   -11865.154980       0.3476     --------   -14.047392          1
MinModeTranslate:    1  17:15:41   -11865.154980       0.3476     0.031646   -14.047392          1
DIM:ROT:       2         1   -9.3930   26.6707   36.6305
MinModeTranslate:    2  17:18:12   -11865.167158       0.3907     --------    -9.392955          1
MinModeTranslate:    2  17:19:52   -11865.167158       0.3907     0.070905    -9.392955          1
DIM:ROT:       3         1  -19.6215   33.0191   44.9782
MinModeTranslate:    3  17:22:23   -11865.188288       0.3360     --------   -19.621469          1
MinModeTranslate:    3  17:24:03   -11865.188288       0.3360     0.061787   -19.621469          1
DIM:ROT:       4         1  -16.7100   33.8381   46.8984
MinModeTranslate:    4  17:26:31   -11865.201940       0.3008     --------   -16.709963          1
MinModeTranslate:    4  17:28:09   -11865.201940       0.3008     0.059411   -16.709963          1
DIM:ROT:       5         1  -16.9160   34.2037   45.7874
MinModeTranslate:    5  17:30:37   -11865.213359       0.2760     --------   -16.916007          1
MinModeTranslate:    5  17:32:15   -11865.213359       0.2760     0.038084   -16.916007          1
DIM:ROT:       6         1  -14.6156   30.8899   43.7418
MinModeTranslate:    6  17:34:42   -11865.221433       0.2002     --------   -14.615563          1
MinModeTranslate:    6  17:36:21   -11865.221433       0.2002     0.038814   -14.615563          1
DIM:ROT:       7         1  -19.6950   32.4461   51.4840
MinModeTranslate:    7  17:38:49   -11865.229126       0.1870     --------   -19.694954          1
MinModeTranslate:    7  17:40:27   -11865.229126       0.1870     0.042193   -19.694954          1
DIM:ROT:       8         1  -25.1296   37.3814   55.1974
MinModeTranslate:    8  17:42:54   -11865.237568       0.1941     --------   -25.129635          1
MinModeTranslate:    8  17:44:33   -11865.237568       0.1941     0.099939   -25.129635          1
DIM:ROT:       9         1  -17.0045   32.8318   43.8251
MinModeTranslate:    9  17:47:08   -11865.249829       0.3261     --------   -17.004547          1
MinModeTranslate:    9  17:48:52   -11865.249829       0.3261     0.100000   -17.004547          1
DIM:ROT:      10         1  -16.1966   29.9509   44.9749
MinModeTranslate:   10  17:51:18   -11865.296624       0.4539     --------   -16.196607          1
MinModeTranslate:   10  17:52:56   -11865.296624       0.4539     0.100000   -16.196607          1
DIM:ROT:      11         1  -18.4786   31.8070   49.6348
MinModeTranslate:   11  17:55:23   -11865.363526       0.4743     --------   -18.478641          1
MinModeTranslate:   11  17:57:01   -11865.363526       0.4743     0.100000   -18.478641          1
DIM:ROT:      12         1  -23.6955   36.7203   50.9304
MinModeTranslate:   12  17:59:32   -11865.451056       0.6745     --------   -23.695540          1
MinModeTranslate:   12  18:01:13   -11865.451056       0.6745     0.100000   -23.695540          1
DIM:ROT:      13         1  -25.2803   35.4559   58.5102
MinModeTranslate:   13  18:03:49   -11865.557916       0.7563     --------   -25.280326          1
MinModeTranslate:   13  18:05:32   -11865.557916       0.7563     0.100000   -25.280326          1
DIM:ROT:      14         1  -19.6732   35.5730   56.4594
MinModeTranslate:   14  18:08:12   -11865.674783       0.8684     --------   -19.673152          1
MinModeTranslate:   14  18:10:00   -11865.674783       0.8684     0.100000   -19.673152          1
DIM:ROT:      15         1  -18.8001   35.2764   46.0524
MinModeTranslate:   15  18:12:27   -11865.815436       0.8467     --------   -18.800143          1
MinModeTranslate:   15  18:14:06   -11865.815436       0.8467     0.100000   -18.800143          1
DIM:ROT:      16         1  -12.8583   30.4926   50.1541
MinModeTranslate:   16  18:16:34   -11865.892650       0.9909     --------   -12.858254          1
MinModeTranslate:   16  18:18:12   -11865.892650       0.9909     0.100000   -12.858254          1
DIM:ROT:      17         1  -14.4012   29.6556   48.6872
MinModeTranslate:   17  18:20:39   -11865.962207       1.0388     --------   -14.401191          1
MinModeTranslate:   17  18:22:17   -11865.962207       1.0388     0.100000   -14.401191          1
DIM:ROT:      18         1  -18.1041   34.6450   49.2898
MinModeTranslate:   18  18:24:45   -11866.044622       1.2555     --------   -18.104082          1
MinModeTranslate:   18  18:26:24   -11866.044622       1.2555     0.100000   -18.104082          1
DIM:ROT:      19         1  -15.2193   32.7187   53.8088
MinModeTranslate:   19  18:28:51   -11866.074555       1.1168     --------   -15.219296          1
MinModeTranslate:   19  18:30:29   -11866.074555       1.1168     0.100000   -15.219296          1
DIM:ROT:      20         1  -11.2954   27.6562   47.9160
MinModeTranslate:   20  18:32:57   -11866.183222       0.7646     --------   -11.295351          1
MinModeTranslate:   20  18:34:35   -11866.183222       0.7646     0.100000   -11.295351          1
DIM:ROT:      21         1  -28.6309   38.9757   59.1288
MinModeTranslate:   21  18:37:03   -11866.216817       0.7725     --------   -28.630871          1
MinModeTranslate:   21  18:38:42   -11866.216817       0.7725     0.100000   -28.630871          1
DIM:ROT:      22         1  -16.1236   34.6843   46.9491
MinModeTranslate:   22  18:41:10   -11866.254712       0.7802     --------   -16.123566          1
MinModeTranslate:   22  18:42:48   -11866.254712       0.7802     0.077812   -16.123566          1
DIM:ROT:      23         1  -16.6227   32.6939   48.8838
MinModeTranslate:   23  18:45:16   -11866.318559       0.4807     --------   -16.622734          1
MinModeTranslate:   23  18:46:54   -11866.318559       0.4807     0.100000   -16.622734          1
DIM:ROT:      24         1  -20.6510   36.5456   53.7512
MinModeTranslate:   24  18:49:43   -11866.328175       0.7307     --------   -20.651019          1
MinModeTranslate:   24  18:51:35   -11866.328175       0.7307     0.100000   -20.651019          1
DIM:ROT:      25         1  -26.9392   38.5492   54.5881
MinModeTranslate:   25  18:54:19   -11866.377566       0.6274     --------   -26.939209          1
MinModeTranslate:   25  18:56:07   -11866.377566       0.6274     0.037210   -26.939209          1
DIM:ROT:      26         1  -16.6791   34.9890   51.0143
MinModeTranslate:   26  18:58:50   -11866.418089       0.2896     --------   -16.679110          1
MinModeTranslate:   26  19:00:39   -11866.418089       0.2896     0.028501   -16.679110          1
DIM:ROT:      27         1  -17.9733   36.2899   49.4569
MinModeTranslate:   27  19:03:22   -11866.424588       0.3256     --------   -17.973348          1
MinModeTranslate:   27  19:05:11   -11866.424588       0.3256     0.073423   -17.973348          1
DIM:ROT:      28         1  -17.3212   32.4770   46.3055
MinModeTranslate:   28  19:07:49   -11866.436762       0.4851     --------   -17.321209          1
MinModeTranslate:   28  19:09:36   -11866.436762       0.4851     0.100000   -17.321209          1
DIM:ROT:      29         1   -7.1788   27.6009   50.7371
MinModeTranslate:   29  19:12:16   -11866.461361       0.5181     --------    -7.178759          1
MinModeTranslate:   29  19:14:02   -11866.461361       0.5181     0.080971    -7.178759          1
DIM:ROT:      30         1  -15.0306   29.0532   43.9995
MinModeTranslate:   30  19:16:42   -11866.491863       0.4513     --------   -15.030607          1
MinModeTranslate:   30  19:18:28   -11866.491863       0.4513     0.100000   -15.030607          1
DIM:ROT:      31         1  -23.0043   35.7685   51.7118
MinModeTranslate:   31  19:21:12   -11866.507142       0.6086     --------   -23.004315          1
MinModeTranslate:   31  19:23:01   -11866.507142       0.6086     0.094327   -23.004315          1
DIM:ROT:      32         1  -18.8524   36.1184   48.0918
MinModeTranslate:   32  19:25:45   -11866.528217       0.4204     --------   -18.852405          1
MinModeTranslate:   32  19:27:33   -11866.528217       0.4204     0.090124   -18.852405          1
DIM:ROT:      33         1  -24.2251   38.4607   51.5730
MinModeTranslate:   33  19:30:11   -11866.546970       0.4768     --------   -24.225091          1
MinModeTranslate:   33  19:31:58   -11866.546970       0.4768     0.079925   -24.225091          1
DIM:ROT:      34         1  -25.9456   39.2666   52.5390
MinModeTranslate:   34  19:34:36   -11866.562673       0.4553     --------   -25.945633          1
MinModeTranslate:   34  19:36:22   -11866.562673       0.4553     0.100000   -25.945633          1
DIM:ROT:      35         1  -18.5263   38.8027   53.5310
MinModeTranslate:   35  19:39:05   -11866.569494       0.5017     --------   -18.526275          1
MinModeTranslate:   35  19:40:54   -11866.569494       0.5017     0.064970   -18.526275          1
DIM:ROT:      36         1   -9.6779   27.5784   44.4551
MinModeTranslate:   36  19:43:45   -11866.590078       0.3653     --------    -9.677937          1
MinModeTranslate:   36  19:45:38   -11866.590078       0.3653     0.047423    -9.677937          1
DIM:ROT:      37         1  -24.7596   33.8721   59.7941
MinModeTranslate:   37  19:48:29   -11866.603801       0.2860     --------   -24.759641          1
MinModeTranslate:   37  19:50:22   -11866.603801       0.2860     0.038588   -24.759641          1
DIM:ROT:      38         1  -10.1998   28.6332   41.8963
MinModeTranslate:   38  19:52:53   -11866.611231       0.2255     --------   -10.199781          1
MinModeTranslate:   38  19:54:35   -11866.611231       0.2255     0.032193   -10.199781          1
DIM:ROT:      39         1  -13.7182   29.5883   52.4739
MinModeTranslate:   39  19:57:37   -11866.616377       0.1791     --------   -13.718237          1
MinModeTranslate:   39  19:59:42   -11866.616377       0.1791     0.032770   -13.718237          1
DIM:ROT:      40         1  -15.7367   30.1865   44.8254
MinModeTranslate:   40  20:02:20   -11866.622156       0.2093     --------   -15.736679          1
MinModeTranslate:   40  20:04:06   -11866.622156       0.2093     0.049246   -15.736679          1
DIM:ROT:      41         1  -13.7534   28.3508   44.9699
MinModeTranslate:   41  20:06:48   -11866.626800       0.2647     --------   -13.753353          1
MinModeTranslate:   41  20:08:36   -11866.626800       0.2647     0.068431   -13.753353          1
DIM:ROT:      42         1  -17.8598   36.2176   43.7807
MinModeTranslate:   42  20:11:19   -11866.629420       0.3378     --------   -17.859756          1
MinModeTranslate:   42  20:13:07   -11866.629420       0.3378     0.100000   -17.859756          1
DIM:ROT:      43         1  -11.2852   28.2827   44.7970
MinModeTranslate:   43  20:15:56   -11866.635753       0.3983     --------   -11.285195          1
MinModeTranslate:   43  20:17:50   -11866.635753       0.3983     0.078353   -11.285195          1
DIM:ROT:      44         1  -16.2848   31.3136   49.6461
MinModeTranslate:   44  20:20:32   -11866.651001       0.3019     --------   -16.284789          1
MinModeTranslate:   44  20:22:20   -11866.651001       0.3019     0.070859   -16.284789          1
DIM:ROT:      45         1  -11.2826   26.9819   46.2564
MinModeTranslate:   45  20:25:15   -11866.656060       0.3360     --------   -11.282575          1
MinModeTranslate:   45  20:27:10   -11866.656060       0.3360     0.076493   -11.282575          1
