 In SCAN_BEGIN, can't find: LATTICE_PARAMETERS block.
 AUTO_SET NBANDS to 0
 AUTO_SET NBANDS to 736
      Processor           Atom
              1             44
              2             43
              3             46
              4             46
              5             45
              6             43
              7             44
              8             45
              9             42
             10             43
             11             44
             12             45
             13             42
             14             42
             15             43
             16             43
                            startmag_type = 2
                       charge from rho_at = 18.9734
                         charge should be = 19
                            startmag_type = 2
                       charge from rho_at = 4.99741
                         charge should be = 5
 Warning: negative or imaginary starting charge :  neg = -0.00137921 ima = 1.48127e-09 SPIN = 0
 Warning: negative or imaginary starting charge :  neg = -0.00137921 ima = 1.48127e-09 SPIN = 1

 SETUP ATOMIC RHO FOR SPIN 1
                 Electron number from rho = 613

 SETUP ATOMIC RHO FOR SPIN 2
                 Electron number from rho = 613
           total electron number from rho = 1226
                                should be = 1226
                 charge before normalized = 1226.00000000001
                  charge after normalized = 1226
                 charge before normalized = 1226.00000259401
                  charge after normalized = 1226.00000000001
                 charge before normalized = 1226.00000265436
                  charge after normalized = 1225.99999999999
                 charge before normalized = 1226.00000257586
                  charge after normalized = 1226
                 charge before normalized = 1226.00000235528
                  charge after normalized = 1225.99999999999
                 charge before normalized = 1226.00000257883
                  charge after normalized = 1226
                 charge before normalized = 1226.00000258373
                  charge after normalized = 1225.99999999998
                 charge before normalized = 1226.00000257232
                  charge after normalized = 1225.99999999999
                 charge before normalized = 1226.00000257359
                  charge after normalized = 1226
                 charge before normalized = 1226.00000257323
                  charge after normalized = 1226
                 charge before normalized = 1226.00000257496
                  charge after normalized = 1226
                 charge before normalized = 1226.00000257497
                  charge after normalized = 1225.99999999999
                 charge before normalized = 1226.00000257562
                  charge after normalized = 1226
                 charge before normalized = 1226.00000257513
                  charge after normalized = 1226
                 charge before normalized = 1226.00000257429
                  charge after normalized = 1226
                 charge before normalized = 1226.0000025739
                  charge after normalized = 1226.00000000001
                 charge before normalized = 1226.00000257291
                  charge after normalized = 1226
                 charge before normalized = 1226.00000257263
                  charge after normalized = 1225.99999999999
                 charge before normalized = 1226.00000257233
                  charge after normalized = 1226
                 charge before normalized = 1226.00000257238
                  charge after normalized = 1225.99999999998
                 charge before normalized = 1226.00000257227
                  charge after normalized = 1226.00000000001
                 charge before normalized = 1226.00000257221
                  charge after normalized = 1226
