                                                                                     
                              ABACUS v3.3.4

               Atomic-orbital Based Ab-initio Computation at UStc                    

                     Website: http://abacus.ustc.edu.cn/                             
               Documentation: https://abacus.deepmodeling.com/                       
                  Repository: https://github.com/abacusmodeling/abacus-develop       
                              https://github.com/deepmodeling/abacus-develop         
                      Commit: unknown

 Fri Sep 22 11:39:59 2023
 MAKE THE DIR         : OUT.ABACUS/

%%%%%%%%%%%%%%%%%%%%%%%%%%%%%%%%%%%%%%%%%%%%%%%%%%%%%%%%%%%%%%%%%%%%%%%%%%%%%%%%%%%%%%%%%%%%%%%%%%%%%%%%%
 Warning: the number of valence electrons in pseudopotential > 1 for Li: [He] 2s1
 Pseudopotentials with additional electrons can yield (more) accurate outcomes, but may be less efficient.
 If you're confident that your chosen pseudopotential is appropriate, you can safely ignore this warning.
%%%%%%%%%%%%%%%%%%%%%%%%%%%%%%%%%%%%%%%%%%%%%%%%%%%%%%%%%%%%%%%%%%%%%%%%%%%%%%%%%%%%%%%%%%%%%%%%%%%%%%%%%

 UNIFORM GRID DIM     : 135 * 135 * 135
 UNIFORM GRID DIM(BIG): 45 * 45 * 45
 DONE(0.290699   SEC) : SETUP UNITCELL
 DONE(0.324627   SEC) : SYMMETRY
 DONE(0.419281   SEC) : INIT K-POINTS
 ---------------------------------------------------------
 Self-consistent calculations for electrons
 ---------------------------------------------------------
 SPIN    KPOINTS         PROCESSORS  NBASE       
 1       8               1           839         
 ---------------------------------------------------------
 Use Systematically Improvable Atomic bases
 ---------------------------------------------------------
 ELEMENT ORBITALS        NBASE       NATOM       XC          
 Li      4s1p-8au        7           1           
 Si      2s2p1d-8au      13          64          
 ---------------------------------------------------------
 Initial plane wave basis and FFT box
 ---------------------------------------------------------
 DONE(0.500262   SEC) : INIT PLANEWAVE
 -------------------------------------------
 SELF-CONSISTENT : 
 -------------------------------------------
 START CHARGE      : atomic
 DONE(2.45082    SEC) : INIT SCF
 ITER   ETOT(eV)       EDIFF(eV)      DRHO       TIME(s)    
 GE1    -7.054395e+03  0.000000e+00   1.470e-01  7.233e+00  
 GE2    -7.051470e+03  2.925622e+00   1.141e-01  5.473e+00  
 GE3    -7.052077e+03  -6.072699e-01  1.178e-02  5.230e+00  
 GE4    -7.052066e+03  1.057803e-02   7.567e-03  5.446e+00  
 GE5    -7.052074e+03  -7.926685e-03  2.393e-03  5.325e+00  
 GE6    -7.052075e+03  -9.952145e-04  4.654e-04  5.264e+00  
 GE7    -7.052075e+03  -1.498214e-04  1.948e-04  5.435e+00  
 GE8    -7.052075e+03  -8.687804e-06  6.960e-05  5.329e+00  
 GE9    -7.052075e+03  -1.245231e-06  3.098e-05  5.206e+00  
 GE10   -7.052075e+03  -2.847344e-07  1.479e-05  5.191e+00  
 GE11   -7.052075e+03  -5.801850e-08  7.601e-06  5.497e+00  
 GE12   -7.052075e+03  -2.114770e-08  3.325e-06  5.225e+00  
 GE13   -7.052075e+03  -1.641143e-09  1.354e-06  5.191e+00  
 GE14   -7.052075e+03  -2.737816e-10  6.877e-07  5.276e+00  
 ><><><><><><><><><><><><><><><><><><><><><><
 TOTAL-STRESS (KBAR):
 ><><><><><><><><><><><><><><><><><><><><><><
 3.347e+01      -7.141e-01     -7.147e-01     
 -7.141e-01     3.347e+01      -7.151e-01     
 -7.147e-01     -7.151e-01     3.347e+01      
 TOTAL-PRESSURE: 3.347e+01 KBAR

  |CLASS_NAME---------|NAME---------------|TIME(Sec)-----|CALLS----|AVG------|PER%-------
                       total               86.825         11        7.9       1e+02     %
   Driver              driver_line         86.82          1         87        1e+02     %
   mymath              heapsort            0.16571        3653      4.5e-05   0.19      %
   PW_Basis            setup_struc_factor  0.2993         1         0.3       0.34      %
   Ions                opt_ions            85.836         1         86        99        %
   ESolver_KS_LCAO     Run                 77.809         1         78        90        %
   ESolver_KS_LCAO     beforescf           1.4767         1         1.5       1.7       %
   ESolver_KS_LCAO     beforesolver        0.39106        1         0.39      0.45      %
   ESolver_KS_LCAO     set_matrix_grid     0.3819         1         0.38      0.44      %
   Grid_Technique      init                0.32678        1         0.33      0.38      %
   PW_Basis            recip2real          3.3181         80        0.041     3.8       %
   PW_Basis            gathers_scatterp    0.40365        80        0.005     0.46      %
   Potential           init_pot            0.80592        1         0.81      0.93      %
   Potential           update_from_charge  8.501          15        0.57      9.8       %
   Potential           cal_v_eff           8.4363         15        0.56      9.7       %
   H_Hartree_pw        v_hartree           1.3866         15        0.092     1.6       %
   PW_Basis            real2recip          3.4392         124       0.028     4         %
   PW_Basis            gatherp_scatters    0.30292        124       0.0024    0.35      %
   PotXC               cal_v_eff           6.9465         15        0.46      8         %
   XC_Functional       v_xc                6.9108         15        0.46      8         %
   Symmetry            rho_symmetry        1.1702         15        0.078     1.3       %
   HSolverLCAO         solve               65.139         14        4.7       75        %
   HamiltLCAO          updateHk            18.03          112       0.16      21        %
   OperatorLCAO        init                16.181         224       0.072     19        %
   Veff                contributeHk        16.124         112       0.14      19        %
   Gint_interface      cal_gint            33.182         29        1.1       38        %
   Gint_interface      cal_gint_vlocal     14.287         14        1         16        %
   Gint_Tools          cal_psir_ylm        3.9644         159488    2.5e-05   4.6       %
   Gint_k              folding_vl_k        1.8359         112       0.016     2.1       %
   Gint_k              Distri              1.5707         112       0.014     1.8       %
   Overlap             contributeHR        0.31974        1         0.32      0.37      %
   LCAO_gen_fixedH     calculate_S_no      0.31973        1         0.32      0.37      %
   Ekin<LCAO>          contributeHR        0.33455        1         0.33      0.39      %
   Nonlocal<LCAO>      contributeHR        0.38132        1         0.38      0.44      %
   LCAO_gen_fixedH     b_NL_mu_new         1.0063         2         0.5       1.2       %
   OperatorLCAO        folding_fixed       0.81197        112       0.0072    0.94      %
   LCAO_nnr            folding_fixedH      0.53912        112       0.0048    0.62      %
   HSolverLCAO         hamiltSolvePsiK     30.226         112       0.27      35        %
   DiagoElpa           elpa_solve          29.471         112       0.26      34        %
   ElecStateLCAO       psiToRho            16.883         14        1.2       19        %
   elecstate           cal_dm              0.82314        15        0.055     0.95      %
   psiMulPsiMpi        pdgemm              0.60979        120       0.0051    0.7       %
    Local_Orbital_wfc  wfc_2d_to_grid      0.13077        120       0.0011    0.15      %
   LCAO_Charge         cal_dk_k            0.74604        14        0.053     0.86      %
   Gint_interface      cal_gint_rho        15             14        1.1       17        %
   Charge              mix_rho             0.56666        13        0.044     0.65      %
   Charge              Pulay_mixing        0.48234        13        0.037     0.56      %
   Force_Stress_LCAO   getForceStress      8.0256         1         8         9.2       %
   Forces              cal_force_loc       0.14536        1         0.15      0.17      %
   Forces              cal_force_ew        0.12617        1         0.13      0.15      %
   Forces              cal_force_scc       0.13888        1         0.14      0.16      %
   Stress_Func         stress_ewa          0.10054        1         0.1       0.12      %
   Stress_Func         stress_gga          0.25222        1         0.25      0.29      %
   Force_LCAO_k        ftable_k            7.1652         1         7.2       8.3       %
   Force_LCAO_k        allocate_k          1.3567         1         1.4       1.6       %
   Force_LCAO_k        cal_fvl_dphi_k      3.8944         1         3.9       4.5       %
   Gint_interface      cal_gint_force      3.8944         1         3.9       4.5       %
   Gint_Tools          cal_dpsir_ylm       1.9249         5696      0.00034   2.2       %
   Gint_Tools          cal_dpsirr_ylm      0.13105        5696      2.3e-05   0.15      %
   Force_LCAO_k        cal_fvnl_dbeta_k_new1.7762         1         1.8       2         %
 ----------------------------------------------------------------------------------------

 START  Time  : Fri Sep 22 11:39:59 2023
 FINISH Time  : Fri Sep 22 11:41:26 2023
 TOTAL  Time  : 87
 SEE INFORMATION IN : OUT.ABACUS/
