 In SCAN_BEGIN, can't find: LATTICE_PARAMETERS block.
 AUTO_SET NBANDS to 0
 AUTO_SET NBANDS to 731
      Processor           Atom
              1             21
              2             20
              3             21
              4             20
              5             21
              6             21
              7             21
              8             22
              9             21
             10             22
             11             21
             12             22
             13             21
             14             21
             15             21
             16             20
                            startmag_type = 2
                       charge from rho_at = 0.997867
                         charge should be = 1
                            startmag_type = 2
                       charge from rho_at = 18.9775
                         charge should be = 19
 Warning: negative or imaginary starting charge :  neg = -0.000910868 ima = 1.90298e-07 SPIN = 0
 Warning: negative or imaginary starting charge :  neg = -0.000910868 ima = 1.90298e-07 SPIN = 1

 SETUP ATOMIC RHO FOR SPIN 1
                 Electron number from rho = 609

 SETUP ATOMIC RHO FOR SPIN 2
                 Electron number from rho = 609
           total electron number from rho = 1218
                                should be = 1218
                 charge before normalized = 1217.99999999999
                  charge after normalized = 1218
                 charge before normalized = 1217.99999663631
                  charge after normalized = 1218
                 charge before normalized = 1217.99999651877
                  charge after normalized = 1218.00000000001
                 charge before normalized = 1217.99999692053
                  charge after normalized = 1217.99999999999
                 charge before normalized = 1217.99999644494
                  charge after normalized = 1218
                 charge before normalized = 1217.99999647415
                  charge after normalized = 1218.00000000001
                 charge before normalized = 1217.99999647821
                  charge after normalized = 1218.00000000001
                 charge before normalized = 1217.99999649354
                  charge after normalized = 1218
                 charge before normalized = 1217.99999649519
                  charge after normalized = 1218
                 charge before normalized = 1217.99999649894
                  charge after normalized = 1218.00000000001
                 charge before normalized = 1217.99999649784
                  charge after normalized = 1218
                 charge before normalized = 1217.9999964994
                  charge after normalized = 1218
                 charge before normalized = 1217.99999649899
                  charge after normalized = 1218
                 charge before normalized = 1217.99999649886
                  charge after normalized = 1217.99999999999
                 charge before normalized = 1217.99999649888
                  charge after normalized = 1217.99999999999
                 charge before normalized = 1217.99999649896
                  charge after normalized = 1218
                 charge before normalized = 1217.99999649894
                  charge after normalized = 1218
                 charge before normalized = 1217.99999649906
                  charge after normalized = 1218
                 charge before normalized = 1217.99999649902
                  charge after normalized = 1218
                 charge before normalized = 1217.99999649898
                  charge after normalized = 1217.99999999999
