Loading mkl version 2023.2.0
Loading tbb version 2021.10.0
Loading compiler-rt version 2023.2.1
Loading mpi version 2021.8.0

Loading abacus/3.4.1-icc
  Loading requirement: tbb/latest compiler-rt/latest mkl/latest mpi/latest
                                                                                     
                              ABACUS v3.4.1

               Atomic-orbital Based Ab-initio Computation at UStc                    

                     Website: http://abacus.ustc.edu.cn/                             
               Documentation: https://abacus.deepmodeling.com/                       
                  Repository: https://github.com/abacusmodeling/abacus-develop       
                              https://github.com/deepmodeling/abacus-develop         
                      Commit: 77f178d04 (Thu Oct 26 11:32:59 2023 +0800)

 Fri Nov  3 17:04:19 2023
 MAKE THE DIR         : OUT.ABACUS/

%%%%%%%%%%%%%%%%%%%%%%%%%%%%%%%%%%%%%%%%%%%%%%%%%%%%%%%%%%%%%%%%%%%%%%%%%%%%%%%%%%%%%%%%%%%%%%%%%%%%%%%%%
 Warning: the number of valence electrons in pseudopotential > 10 for Pt: [Xe] 4f14 5d9 6s1
 Pseudopotentials with additional electrons can yield (more) accurate outcomes, but may be less efficient.
 If you're confident that your chosen pseudopotential is appropriate, you can safely ignore this warning.
%%%%%%%%%%%%%%%%%%%%%%%%%%%%%%%%%%%%%%%%%%%%%%%%%%%%%%%%%%%%%%%%%%%%%%%%%%%%%%%%%%%%%%%%%%%%%%%%%%%%%%%%%

 UNIFORM GRID DIM        : 150 * 243 * 150
 UNIFORM GRID DIM(BIG)   : 30 * 81 * 30
 DONE(0.109719   SEC) : SETUP UNITCELL
 DONE(0.110595   SEC) : INIT K-POINTS
 ---------------------------------------------------------
 Ion relaxation calculations
 ---------------------------------------------------------
 SPIN    KPOINTS         PROCESSORS  NBASE       
 2       8               16          789         
 ---------------------------------------------------------
 Use Systematically Improvable Atomic bases
 ---------------------------------------------------------
 ELEMENT ORBITALS        NBASE       NATOM       XC          
 C       2s2p1d-7au      13          54          
 Pt      4s2p2d1f-7au    27          1           
 H       2s1p-6au        5           12          
 ---------------------------------------------------------
 Initial plane wave basis and FFT box
 ---------------------------------------------------------
 DONE(0.17822    SEC) : INIT PLANEWAVE
 -------------------------------------------
 STEP OF ION RELAXATION : 1
 -------------------------------------------
 START CHARGE      : atomic
 DONE(2.83357    SEC) : INIT SCF
 ITER   TMAG      AMAG      ETOT(eV)       EDIFF(eV)      DRHO       TIME(s)    
 GE1    -1.24e-14 1.35e-13  -1.188860e+04  0.000000e+00   1.795e-01  3.121e+00  
 GE2    -1.14e-13 4.91e-13  -1.186825e+04  2.035919e+01   1.412e-01  2.684e+00  
 GE3    -1.15e-14 2.68e-13  -1.186746e+04  7.801938e-01   5.803e-02  2.722e+00  
 GE4    8.31e-14  3.12e-13  -1.186728e+04  1.820691e-01   3.046e-02  2.711e+00  
 GE5    -1.41e-13 2.92e-13  -1.186707e+04  2.084952e-01   1.931e-02  2.703e+00  
 GE6    1.76e-15  3.28e-13  -1.186709e+04  -1.111255e-02  1.388e-02  2.647e+00  
 GE7    -6.11e-14 4.76e-13  -1.186689e+04  1.925617e-01   1.168e-02  2.637e+00  
 GE8    -4.34e-13 7.62e-13  -1.186689e+04  5.489356e-03   8.165e-03  2.661e+00  
 GE9    -2.52e-13 1.53e-12  -1.186683e+04  6.232092e-02   7.400e-03  2.595e+00  
 GE10   -1.03e-12 2.35e-12  -1.186681e+04  1.962834e-02   5.590e-03  2.649e+00  
 GE11   -2.33e-13 4.37e-12  -1.186679e+04  1.537020e-02   4.689e-03  2.514e+00  
 GE12   6.06e-14  6.85e-12  -1.186679e+04  -2.821465e-04  3.789e-03  2.567e+00  
 GE13   -1.31e-12 9.66e-12  -1.186679e+04  -2.929740e-03  3.465e-03  2.606e+00  
 GE14   -2.15e-12 2.17e-11  -1.186680e+04  -5.087491e-03  2.449e-03  2.649e+00  
 GE15   -3.71e-12 4.28e-11  -1.186680e+04  -2.513939e-03  1.898e-03  2.703e+00  
 GE16   -4.36e-12 5.70e-11  -1.186680e+04  -2.758704e-03  1.656e-03  2.675e+00  
 GE17   -6.85e-12 8.68e-11  -1.186681e+04  -4.267962e-03  1.427e-03  2.715e+00  
 GE18   -1.00e-11 1.54e-10  -1.186681e+04  -5.668356e-03  1.111e-03  2.669e+00  
 GE19   -2.20e-11 3.81e-10  -1.186682e+04  -1.497593e-03  7.141e-04  2.675e+00  
 GE20   -2.99e-11 5.23e-10  -1.186682e+04  -2.695227e-03  6.142e-04  2.678e+00  
 GE21   -6.05e-11 1.18e-09  -1.186682e+04  -8.071736e-04  4.291e-04  2.671e+00  
 GE22   -8.59e-11 1.78e-09  -1.186682e+04  -7.494626e-04  3.779e-04  2.632e+00  
 GE23   -1.38e-10 3.08e-09  -1.186682e+04  -1.165241e-03  3.191e-04  2.738e+00  
 GE24   -2.40e-10 5.77e-09  -1.186682e+04  -1.058341e-03  2.454e-04  2.641e+00  
 GE25   -4.01e-10 1.04e-08  -1.186682e+04  -2.732982e-04  1.872e-04  2.657e+00  
 GE26   -5.25e-10 1.43e-08  -1.186682e+04  -4.606302e-04  1.735e-04  2.488e+00  
 GE27   -9.30e-10 2.78e-08  -1.186682e+04  -3.534641e-04  1.495e-04  2.483e+00  
 GE28   -1.54e-09 5.00e-08  -1.186682e+04  -4.866376e-04  1.301e-04  2.522e+00  
 GE29   -2.85e-09 9.99e-08  -1.186682e+04  -2.529484e-04  1.035e-04  2.598e+00  
 GE30   -4.33e-09 1.61e-07  -1.186682e+04  -1.651835e-04  8.743e-05  2.541e+00  
 GE31   -8.08e-09 3.28e-07  -1.186682e+04  5.687123e-05   6.872e-05  2.653e+00  
 GE32   -1.58e-08 7.07e-07  -1.186682e+04  7.765113e-05   5.123e-05  2.589e+00  
 GE33   -3.23e-08 1.58e-06  -1.186682e+04  -5.113155e-05  2.914e-05  2.689e+00  
 GE34   -4.85e-08 2.53e-06  -1.186682e+04  -5.253460e-05  2.024e-05  2.624e+00  
 GE35   -6.77e-08 3.74e-06  -1.186682e+04  -6.663581e-05  1.792e-05  2.637e+00  
 GE36   -1.10e-07 6.60e-06  -1.186682e+04  -1.927263e-05  1.574e-05  2.665e+00  
 GE37   -1.59e-07 1.02e-05  -1.186682e+04  -7.504060e-06  1.461e-05  2.639e+00  
 GE38   -3.18e-07 2.30e-05  -1.186682e+04  5.124657e-06   1.073e-05  2.649e+00  
 GE39   -4.80e-07 3.71e-05  -1.186682e+04  6.090940e-06   7.828e-06  2.491e+00  
 GE40   -7.34e-07 6.14e-05  -1.186682e+04  2.091258e-06   5.443e-06  2.606e+00  
 GE41   -9.74e-07 8.58e-05  -1.186682e+04  1.059666e-06   4.405e-06  2.546e+00  
 GE42   -8.24e-07 6.88e-05  -1.186682e+04  3.003055e-06   4.481e-06  2.474e+00  
 GE43   -5.19e-07 2.75e-05  -1.186682e+04  1.789310e-06   4.067e-06  2.425e+00  
 GE44   -6.30e-07 8.15e-06  -1.186682e+04  2.746973e-07   3.635e-06  2.426e+00  
 GE45   -7.87e-07 4.79e-06  -1.186682e+04  -1.817489e-06  3.626e-06  2.429e+00  
 GE46   -1.27e-06 2.43e-06  -1.186682e+04  -3.191321e-06  3.422e-06  2.470e+00  
 GE47   -1.99e-06 2.08e-06  -1.186682e+04  -4.198924e-06  3.109e-06  2.525e+00  
 GE48   -3.63e-06 3.70e-06  -1.186682e+04  -2.771287e-06  2.651e-06  2.628e+00  
 GE49   -5.57e-06 5.68e-06  -1.186682e+04  -3.531811e-06  2.334e-06  2.595e+00  
 GE50   -1.00e-05 1.02e-05  -1.186682e+04  -1.194263e-06  1.891e-06  2.576e+00  
 GE51   -1.33e-05 1.36e-05  -1.186682e+04  -1.651553e-07  1.724e-06  2.583e+00  
 GE52   -1.53e-05 1.56e-05  -1.186682e+04  -6.092538e-07  1.698e-06  2.598e+00  
 GE53   -1.40e-05 1.43e-05  -1.186682e+04  -2.159085e-07  1.611e-06  2.565e+00  
 GE54   -1.51e-05 1.54e-05  -1.186682e+04  -3.115202e-07  1.591e-06  2.590e+00  
 GE55   -1.24e-05 1.26e-05  -1.186682e+04  -1.172786e-06  1.536e-06  2.657e+00  
 GE56   -1.02e-05 1.04e-05  -1.186682e+04  -2.760249e-06  1.381e-06  2.568e+00  
 GE57   -6.71e-06 6.85e-06  -1.186682e+04  -4.797444e-06  9.988e-07  2.518e+00  
----------------------------------------------------------------
TOTAL-STRESS (KBAR)                                           
----------------------------------------------------------------
       14.5526568150         0.0048027450        -0.0471374309
        0.0048027450        -0.1759888708        -0.0455638299
       -0.0471374309        -0.0455638299       -10.5665682041
----------------------------------------------------------------
 ETOT DIFF (eV)       : 0.000e+00
 LARGEST GRAD (eV/A)  : 5.181e-02
 BFGS TRUST (Bohr)    : 2.000e-01
 -------------------------------------------
 STEP OF ION RELAXATION : 2
 -------------------------------------------
 DONE(1.710e+02  SEC) : INIT SCF
 ITER   TMAG      AMAG      ETOT(eV)       EDIFF(eV)      DRHO       TIME(s)    
 GE1    -1.01e-10 1.79e-06  -1.186656e+04  0.000000e+00   5.862e-03  2.803e+00  
 GE2    -4.72e-10 1.60e-06  -1.186652e+04  3.392185e-02   4.338e-03  2.769e+00  
 GE3    -7.59e-09 1.09e-06  -1.186654e+04  -1.201606e-02  1.367e-03  2.717e+00  
 GE4    -5.33e-09 8.60e-07  -1.186654e+04  -6.479068e-04  4.091e-04  2.701e+00  
 GE5    -6.14e-09 7.79e-07  -1.186654e+04  -5.570982e-05  2.196e-04  2.646e+00  
 GE6    -5.26e-09 7.35e-07  -1.186654e+04  7.285211e-06   1.525e-04  2.714e+00  
 GE7    -4.01e-09 6.76e-07  -1.186654e+04  -7.937880e-06  6.705e-05  2.561e+00  
 GE8    -3.31e-09 6.38e-07  -1.186654e+04  -4.168503e-06  3.857e-05  2.587e+00  
 GE9    -2.86e-09 6.14e-07  -1.186654e+04  -5.488158e-06  2.692e-05  2.682e+00  
 GE10   -2.26e-09 5.85e-07  -1.186654e+04  -4.119445e-06  1.682e-05  2.562e+00  
 GE11   -1.87e-09 5.68e-07  -1.186654e+04  -1.988991e-06  1.260e-05  2.456e+00  
 GE12   -1.67e-09 5.60e-07  -1.186654e+04  -2.916226e-06  1.032e-05  2.544e+00  
 GE13   -1.33e-09 5.51e-07  -1.186654e+04  -6.900874e-07  7.509e-06  2.651e+00  
 GE14   -1.22e-09 5.50e-07  -1.186654e+04  -8.201569e-07  6.664e-06  2.590e+00  
 GE15   -9.76e-10 5.54e-07  -1.186654e+04  -1.033379e-07  4.917e-06  2.689e+00  
 GE16   -7.93e-10 5.66e-07  -1.186654e+04  1.358808e-07   3.738e-06  2.628e+00  
 GE17   -7.18e-10 5.75e-07  -1.186654e+04  5.350961e-07   3.288e-06  2.599e+00  
 GE18   -5.52e-10 6.04e-07  -1.186654e+04  7.950634e-07   2.363e-06  2.661e+00  
 GE19   -4.13e-10 6.47e-07  -1.186654e+04  7.043813e-07   1.628e-06  2.632e+00  
 GE20   -3.14e-10 6.96e-07  -1.186654e+04  3.665394e-07   1.191e-06  2.602e+00  
 GE21   -2.72e-10 7.26e-07  -1.186654e+04  5.057133e-07   1.000e-06  2.587e+00  
 GE22   -2.26e-10 7.79e-07  -1.186654e+04  2.026434e-06   7.657e-07  2.541e+00  
----------------------------------------------------------------
TOTAL-STRESS (KBAR)                                           
----------------------------------------------------------------
       13.8939795748         0.0494744233         0.1509650251
        0.0494744233        -0.2303348416         0.2446345390
        0.1509650251         0.2446345390        -9.9632297223
----------------------------------------------------------------
 ETOT DIFF (eV)       : 2.864e-01
 LARGEST GRAD (eV/A)  : 1.568e+00
 BFGS TRUST (Bohr)    : 3.243e-02
 -------------------------------------------
 STEP OF ION RELAXATION : 3
 -------------------------------------------
 DONE(2.523e+02  SEC) : INIT SCF
 ITER   TMAG      AMAG      ETOT(eV)       EDIFF(eV)      DRHO       TIME(s)    
 GE1    2.14e-05  2.16e-05  -1.186689e+04  0.000000e+00   1.130e-02  2.820e+00  
 GE2    2.56e-05  2.58e-05  -1.186681e+04  7.793097e-02   7.953e-03  2.579e+00  
 GE3    2.37e-05  2.44e-05  -1.186682e+04  -5.764852e-03  3.694e-03  2.655e+00  
 GE4    2.61e-05  2.72e-05  -1.186682e+04  -4.235152e-03  1.658e-03  2.696e+00  
 GE5    3.29e-05  3.41e-05  -1.186682e+04  9.982921e-06   7.872e-04  2.654e+00  
 GE6    3.95e-05  4.08e-05  -1.186682e+04  -1.221058e-04  3.939e-04  2.681e+00  
 GE7    5.09e-05  5.30e-05  -1.186682e+04  -3.348463e-05  1.678e-04  2.697e+00  
 GE8    6.32e-05  6.57e-05  -1.186682e+04  -1.445621e-05  1.046e-04  2.590e+00  
 GE9    8.01e-05  8.38e-05  -1.186682e+04  -7.249173e-06  6.362e-05  2.626e+00  
 GE10   9.43e-05  9.92e-05  -1.186682e+04  -1.200403e-05  4.948e-05  2.655e+00  
 GE11   1.30e-04  1.40e-04  -1.186682e+04  -1.090428e-05  2.981e-05  2.581e+00  
 GE12   1.86e-04  2.24e-04  -1.186682e+04  -2.482460e-06  2.120e-05  2.527e+00  
 GE13   2.07e-04  2.64e-04  -1.186682e+04  -7.659463e-06  1.842e-05  2.619e+00  
 GE14   2.90e-04  4.37e-04  -1.186682e+04  -1.841916e-08  1.437e-05  2.530e+00  
 GE15   2.91e-04  4.41e-04  -1.186682e+04  -4.607714e-07  1.441e-05  2.615e+00  
 GE16   3.00e-04  4.65e-04  -1.186682e+04  1.578042e-06   1.428e-05  2.538e+00  
 GE17   2.62e-04  3.53e-04  -1.186682e+04  -4.122597e-06  1.462e-05  2.607e+00  
 GE18   2.72e-04  2.89e-04  -1.186682e+04  -5.164683e-06  1.236e-05  2.677e+00  
 GE19   3.15e-04  3.27e-04  -1.186682e+04  -4.646611e-06  1.062e-05  2.637e+00  
 GE20   3.76e-04  3.89e-04  -1.186682e+04  -8.199512e-07  9.207e-06  2.729e+00  
 GE21   4.01e-04  4.15e-04  -1.186682e+04  1.091614e-06   9.081e-06  2.658e+00  
 GE22   3.49e-04  3.61e-04  -1.186682e+04  -2.124808e-07  9.051e-06  2.753e+00  
 GE23   2.45e-04  2.54e-04  -1.186682e+04  -4.191380e-07  8.342e-06  2.616e+00  
 GE24   5.15e-05  5.54e-05  -1.186682e+04  -2.428407e-06  7.721e-06  2.643e+00  
 GE25   2.27e-05  3.67e-05  -1.186682e+04  -8.441007e-06  7.134e-06  2.667e+00  
 GE26   1.25e-05  1.46e-05  -1.186682e+04  -6.996607e-06  5.130e-06  2.627e+00  
 GE27   5.71e-06  1.29e-05  -1.186682e+04  -2.903422e-06  3.524e-06  2.608e+00  
 GE28   5.34e-06  2.14e-05  -1.186682e+04  -3.366423e-06  2.929e-06  2.459e+00  
 GE29   5.86e-06  3.22e-05  -1.186682e+04  -7.455785e-07  2.317e-06  2.425e+00  
 GE30   4.61e-06  3.82e-05  -1.186682e+04  2.848705e-07   2.196e-06  2.457e+00  
 GE31   4.62e-06  3.44e-05  -1.186682e+04  -1.077988e-07  2.234e-06  2.549e+00  
 GE32   5.40e-06  2.96e-05  -1.186682e+04  -8.232582e-07  2.185e-06  2.573e+00  
 GE33   1.34e-05  2.66e-05  -1.186682e+04  -6.596250e-07  2.011e-06  2.568e+00  
 GE34   2.35e-05  2.86e-05  -1.186682e+04  -3.070964e-07  1.895e-06  2.612e+00  
 GE35   2.86e-05  3.13e-05  -1.186682e+04  -7.076559e-08  1.847e-06  2.595e+00  
 GE36   2.88e-05  3.17e-05  -1.186682e+04  2.068567e-07   1.833e-06  2.643e+00  
 GE37   2.74e-05  3.01e-05  -1.186682e+04  -9.877515e-07  1.872e-06  2.560e+00  
 GE38   1.50e-05  1.59e-05  -1.186682e+04  -6.581184e-07  1.746e-06  2.580e+00  
 GE39   1.26e-05  1.31e-05  -1.186682e+04  -1.550128e-06  1.632e-06  2.550e+00  
 GE40   8.78e-06  9.10e-06  -1.186682e+04  -9.760810e-07  1.304e-06  2.538e+00  
 GE41   6.67e-06  1.06e-05  -1.186682e+04  -2.912155e-07  1.131e-06  2.459e+00  
 GE42   7.50e-06  1.26e-05  -1.186682e+04  -8.682435e-08  1.088e-06  2.500e+00  
 GE43   8.42e-06  1.34e-05  -1.186682e+04  3.213918e-08   1.077e-06  2.479e+00  
 GE44   7.80e-06  1.30e-05  -1.186682e+04  1.372992e-07   1.080e-06  2.480e+00  
 GE45   2.46e-06  9.66e-06  -1.186682e+04  -4.456809e-07  1.090e-06  2.417e+00  
 GE46   9.38e-07  5.48e-06  -1.186682e+04  -4.659299e-07  1.041e-06  2.447e+00  
 GE47   2.95e-06  4.22e-06  -1.186682e+04  -4.753599e-06  9.898e-07  2.401e+00  
----------------------------------------------------------------
TOTAL-STRESS (KBAR)                                           
----------------------------------------------------------------
       14.3112581586         0.0122442138        -0.0131853392
        0.0122442138        -0.1874419671         0.0016079378
       -0.0131853392         0.0016079378       -10.4767365656
----------------------------------------------------------------
 ETOT DIFF (eV)       : 3.628e-03
 LARGEST GRAD (eV/A)  : 2.042e-01
 BFGS TRUST (Bohr)    : 1.580e-02
 -------------------------------------------
 STEP OF ION RELAXATION : 4
 -------------------------------------------
 DONE(3.978e+02  SEC) : INIT SCF
 ITER   TMAG      AMAG      ETOT(eV)       EDIFF(eV)      DRHO       TIME(s)    
 GE1    6.20e-06  1.58e-05  -1.186684e+04  0.000000e+00   4.448e-03  3.139e+00  
 GE2    9.27e-06  1.99e-05  -1.186682e+04  1.832334e-02   3.264e-03  2.622e+00  
 GE3    1.83e-05  3.50e-05  -1.186682e+04  -6.289649e-03  1.085e-03  2.636e+00  
 GE4    2.10e-05  4.72e-05  -1.186682e+04  -1.775860e-04  5.172e-04  2.465e+00  
 GE5    2.58e-05  6.10e-05  -1.186682e+04  4.335457e-05   2.817e-04  2.542e+00  
 GE6    3.39e-05  8.54e-05  -1.186682e+04  -1.659510e-05  1.464e-04  2.610e+00  
 GE7    4.63e-05  1.33e-04  -1.186682e+04  -2.367532e-06  7.854e-05  2.571e+00  
 GE8    5.58e-05  1.69e-04  -1.186682e+04  -3.003585e-06  4.754e-05  2.712e+00  
 GE9    8.21e-05  2.83e-04  -1.186682e+04  -2.903044e-06  2.464e-05  2.621e+00  
 GE10   1.28e-04  5.12e-04  -1.186682e+04  -1.032492e-06  1.497e-05  2.690e+00  
 GE11   1.51e-04  6.39e-04  -1.186682e+04  -5.173575e-07  1.344e-05  2.664e+00  
 GE12   1.66e-04  7.32e-04  -1.186682e+04  6.200055e-07   1.293e-05  2.643e+00  
 GE13   1.40e-04  5.50e-04  -1.186682e+04  -7.707231e-07  1.304e-05  2.582e+00  
 GE14   9.93e-05  1.26e-04  -1.186682e+04  -2.282875e-06  1.026e-05  2.549e+00  
 GE15   1.26e-04  1.29e-04  -1.186682e+04  -2.270935e-06  8.052e-06  2.578e+00  
 GE16   1.86e-04  1.90e-04  -1.186682e+04  -4.663027e-07  6.193e-06  2.470e+00  
 GE17   2.15e-04  2.20e-04  -1.186682e+04  7.772923e-08   5.870e-06  2.500e+00  
 GE18   2.08e-04  2.14e-04  -1.186682e+04  -1.106109e-08  5.922e-06  2.510e+00  
 GE19   2.10e-04  2.16e-04  -1.186682e+04  9.446084e-08   5.930e-06  2.490e+00  
 GE20   1.97e-04  2.02e-04  -1.186682e+04  3.761326e-08   5.919e-06  2.425e+00  
 GE21   1.53e-04  1.57e-04  -1.186682e+04  -1.573336e-06  5.808e-06  2.444e+00  
 GE22   3.99e-05  4.15e-05  -1.186682e+04  -6.018076e-07  4.438e-06  2.432e+00  
 GE23   2.43e-05  3.94e-05  -1.186682e+04  -9.211328e-07  3.989e-06  2.424e+00  
 GE24   2.53e-05  6.76e-05  -1.186682e+04  2.733330e-08   3.169e-06  2.484e+00  
 GE25   2.41e-05  6.03e-05  -1.186682e+04  -1.770934e-07  3.214e-06  2.546e+00  
 GE26   2.65e-05  4.64e-05  -1.186682e+04  -4.162625e-07  3.102e-06  2.579e+00  
 GE27   4.05e-05  4.27e-05  -1.186682e+04  -9.604166e-08  2.656e-06  2.576e+00  
 GE28   4.23e-05  4.39e-05  -1.186682e+04  -4.745084e-08  2.462e-06  2.571e+00  
 GE29   2.76e-05  2.85e-05  -1.186682e+04  2.416393e-07   1.798e-06  2.590e+00  
 GE30   1.58e-05  1.63e-05  -1.186682e+04  1.953300e-07   1.206e-06  2.586e+00  
 GE31   1.31e-05  1.35e-05  -1.186682e+04  1.414623e-06   9.347e-07  2.555e+00  
----------------------------------------------------------------
TOTAL-STRESS (KBAR)                                           
----------------------------------------------------------------
       14.4249902572         0.0084293641        -0.0304841663
        0.0084293641        -0.1819602008        -0.0226106196
       -0.0304841663        -0.0226106196       -10.5295238254
----------------------------------------------------------------
 ETOT DIFF (eV)       : -2.570e-04
 LARGEST GRAD (eV/A)  : 7.881e-02
 BFGS TRUST (Bohr)    : 1.327e-02
 -------------------------------------------
 STEP OF ION RELAXATION : 5
 -------------------------------------------
 DONE(5.010e+02  SEC) : INIT SCF
 ITER   TMAG      AMAG      ETOT(eV)       EDIFF(eV)      DRHO       TIME(s)    
 GE1    3.30e-05  3.43e-05  -1.186683e+04  0.000000e+00   6.641e-04  2.830e+00  
 GE2    4.09e-05  4.21e-05  -1.186682e+04  1.986566e-04   4.751e-04  2.593e+00  
 GE3    5.91e-05  6.06e-05  -1.186682e+04  -4.797049e-05  1.914e-04  2.485e+00  
 GE4    7.63e-05  7.86e-05  -1.186682e+04  -1.369356e-05  7.386e-05  2.588e+00  
 GE5    9.16e-05  9.46e-05  -1.186682e+04  4.718881e-07   4.437e-05  2.541e+00  
 GE6    1.14e-04  1.18e-04  -1.186682e+04  -3.758186e-07  2.125e-05  2.570e+00  
 GE7    1.48e-04  1.57e-04  -1.186682e+04  -2.589324e-08  1.247e-05  2.570e+00  
 GE8    1.78e-04  1.94e-04  -1.186682e+04  4.172927e-08   8.340e-06  2.521e+00  
 GE9    2.38e-04  2.80e-04  -1.186682e+04  3.235418e-08   5.092e-06  2.481e+00  
 GE10   2.63e-04  3.22e-04  -1.186682e+04  -4.765966e-08  4.840e-06  2.510e+00  
 GE11   2.33e-04  2.68e-04  -1.186682e+04  -8.231082e-08  5.017e-06  2.502e+00  
 GE12   1.60e-04  1.64e-04  -1.186682e+04  6.850573e-08   4.297e-06  2.445e+00  
 GE13   1.70e-04  1.74e-04  -1.186682e+04  1.877044e-07   3.926e-06  2.422e+00  
 GE14   2.15e-04  2.22e-04  -1.186682e+04  -8.055367e-08  3.392e-06  2.432e+00  
 GE15   1.83e-04  1.88e-04  -1.186682e+04  -1.095962e-07  3.464e-06  2.435e+00  
 GE16   1.04e-04  1.07e-04  -1.186682e+04  5.567357e-08   3.267e-06  2.444e+00  
 GE17   5.38e-05  5.51e-05  -1.186682e+04  2.310346e-07   2.896e-06  2.528e+00  
 GE18   8.64e-06  1.04e-05  -1.186682e+04  1.917214e-07   2.267e-06  2.592e+00  
 GE19   2.13e-06  1.06e-05  -1.186682e+04  4.806229e-07   2.028e-06  2.582e+00  
 GE20   -9.40e-07 1.18e-05  -1.186682e+04  3.341095e-07   1.453e-06  2.611e+00  
 GE21   4.16e-06  9.23e-06  -1.186682e+04  2.421018e-07   1.102e-06  2.590e+00  
 GE22   7.07e-06  1.28e-05  -1.186682e+04  1.022347e-06   8.903e-07  2.540e+00  
----------------------------------------------------------------
TOTAL-STRESS (KBAR)                                           
----------------------------------------------------------------
       14.3916763015         0.0092492719        -0.0442115685
        0.0092492719        -0.2056960825        -0.0188687094
       -0.0442115685        -0.0188687094       -10.5376395805
----------------------------------------------------------------
 ETOT DIFF (eV)       : -9.665e-04
 LARGEST GRAD (eV/A)  : 4.819e-02
TIME STATISTICS
------------------------------------------------------------------------------------
     CLASS_NAME                 NAME            TIME(Sec)  CALLS   AVG(Sec) PER(%)
------------------------------------------------------------------------------------
                     total                      570.54          17  33.56   100.00
Driver               reading                      0.01           1   0.01     0.00
Input                Init                         0.00           1   0.00     0.00
Input_Conv           Convert                      0.00           1   0.00     0.00
Driver               driver_line                570.53           1 570.53   100.00
UnitCell             check_tau                    0.00           1   0.00     0.00
PW_Basis             setuptransform               0.03           1   0.03     0.01
PW_Basis             distributeg                  0.03           1   0.03     0.01
mymath               heapsort                     0.02           3   0.01     0.00
PW_Basis_K           setuptransform               0.03           1   0.03     0.00
PW_Basis_K           distributeg                  0.02           1   0.02     0.00
PW_Basis             setup_struc_factor           0.32           5   0.06     0.06
ORB_control          read_orb_first               0.10           1   0.10     0.02
LCAO_Orbitals        Read_Orbitals                0.10           1   0.10     0.02
NOrbital_Lm          extra_uniform                0.06          17   0.00     0.01
Mathzone_Add1        SplineD2                     0.00          17   0.00     0.00
Mathzone_Add1        Cubic_Spline_Interpolation   0.00          17   0.00     0.00
Mathzone_Add1        Uni_Deriv_Phi                0.06          17   0.00     0.01
Sphbes               Spherical_Bessel             0.06       14070   0.00     0.01
ppcell_vl            init_vloc                    0.79           1   0.79     0.14
Ions                 opt_ions                   569.21           1 569.21    99.77
ESolver_KS_LCAO      Run                        538.12           5 107.62    94.32
ESolver_KS_LCAO      beforescf                   36.88           5   7.38     6.46
Vdwd3                cal_energy                   0.24           5   0.05     0.04
ESolver_KS_LCAO      beforesolver                 0.65           5   0.13     0.11
ESolver_KS_LCAO      set_matrix_grid              0.59           5   0.12     0.10
atom_arrange         search                       0.02           5   0.00     0.00
Grid_Technique       init                         0.53           5   0.11     0.09
Grid_BigCell         grid_expansion_index         0.08          10   0.01     0.01
Record_adj           for_2d                       0.04           5   0.01     0.01
Grid_Driver          Find_atom                    0.06       19483   0.00     0.01
LCAO_Hamilt          grid_prepare                 0.00           5   0.00     0.00
Veff                 initialize_HR                0.00           5   0.00     0.00
OverlapNew           initialize_SR                0.00           5   0.00     0.00
EkineticNew          initialize_HR                0.00           5   0.00     0.00
NonlocalNew          initialize_HR                0.01           5   0.00     0.00
Charge               set_rho_core                 0.00           5   0.00     0.00
Charge               atomic_rho                   8.94          10   0.89     1.57
PW_Basis             recip2real                  20.28        2059   0.01     3.55
PW_Basis             gathers_scatterp            13.58        2059   0.01     2.38
Potential            init_pot                     1.91           5   0.38     0.34
Potential            update_from_charge          61.40         184   0.33    10.76
Potential            cal_fixed_v                  0.08           5   0.02     0.01
PotLocal             cal_fixed_v                  0.07           5   0.01     0.01
Potential            cal_v_eff                   61.33         184   0.33    10.75
H_Hartree_pw         v_hartree                    4.56         184   0.02     0.80
PW_Basis             real2recip                  23.53        2223   0.01     4.12
PW_Basis             gatherp_scatters            16.68        2223   0.01     2.92
PotXC                cal_v_eff                   53.94         184   0.29     9.45
XC_Functional        v_xc                        53.58         184   0.29     9.39
Efield               add_efield                   1.91         184   0.01     0.34
H_Ewald_pw           compute_ewald                0.05           5   0.01     0.01
HSolverLCAO          solve                      388.45         179   2.17    68.08
HamiltLCAO           updateHk                    80.73        1432   0.06    14.15
OperatorLCAO         init                        80.40        4296   0.02    14.09
Veff                 contributeHR                79.51         358   0.22    13.94
Gint_interface       cal_gint                    93.11         547   0.17    16.32
Gint_interface       cal_gint_vlocal             44.58         358   0.12     7.81
Gint_Tools           cal_psir_ylm                11.84      302892   0.00     2.08
Gint_k               transfer_pvpR               34.92         358   0.10     6.12
OverlapNew           calculate_SR                 0.16           5   0.03     0.03
OverlapNew           contributeHk                 0.16        1432   0.00     0.03
EkineticNew          contributeHR                 0.17         358   0.00     0.03
EkineticNew          calculate_HR                 0.17           5   0.03     0.03
NonlocalNew          contributeHR                 0.53         358   0.00     0.09
NonlocalNew          calculate_HR                 0.46           5   0.09     0.08
OperatorLCAO         contributeHk                 0.12        1432   0.00     0.02
HSolverLCAO          hamiltSolvePsiK            215.82        1432   0.15    37.83
DiagoElpa            elpa_solve                 210.13        1432   0.15    36.83
ElecStateLCAO        psiToRho                    91.89         179   0.51    16.11
elecstate            cal_dm                       5.66         184   0.03     0.99
psiMulPsiMpi         pdgemm                       5.63        1472   0.00     0.99
DensityMatrix        cal_DMR                      0.15         184   0.00     0.03
 Local_Orbital_wfc   wfc_2d_to_grid               9.73        1472   0.01     1.71
Gint                 transfer_DMR                 4.85         179   0.03     0.85
Gint_interface       cal_gint_rho                42.12         179   0.24     7.38
Charge_Mixing        get_drho                     0.19         179   0.00     0.03
Charge               mix_rho                     13.10         174   0.08     2.30
Charge               Broyden_mixing               2.22         174   0.01     0.39
Force_Stress_LCAO    getForceStress              31.03           5   6.21     5.44
Forces               cal_force_loc                0.35           5   0.07     0.06
Forces               cal_force_ew                 0.37           5   0.07     0.06
Forces               cal_force_cc                 0.00           5   0.00     0.00
Forces               cal_force_scc                4.42           5   0.88     0.78
Stress_Func          stress_loc                  10.95           5   2.19     1.92
Stress_Func          stress_har                   0.07           5   0.01     0.01
Stress_Func          stress_ewa                   0.26           5   0.05     0.05
Stress_Func          stress_cc                    0.00           5   0.00     0.00
Stress_Func          stress_gga                   0.73           5   0.15     0.13
Force_LCAO_k         ftable_k                    12.71           5   2.54     2.23
Force_LCAO_k         allocate_k                   1.02           5   0.20     0.18
LCAO_gen_fixedH      b_NL_mu_new                  0.66           5   0.13     0.12
Force_LCAO_k         cal_foverlap_k               0.40           5   0.08     0.07
Force_LCAO_k         cal_edm_2d                   0.39           5   0.08     0.07
DensityMatrix        sum_DMR_spin                 0.00           5   0.00     0.00
Force_LCAO_k         cal_ftvnl_dphi_k             0.00           5   0.00     0.00
Force_LCAO_k         cal_fvl_dphi_k               6.40           5   1.28     1.12
Gint_interface       cal_gint_force               6.40          10   0.64     1.12
Gint_Tools           cal_dpsir_ylm                3.31        5644   0.00     0.58
Gint_Tools           cal_dpsirr_ylm               0.32        5644   0.00     0.06
Force_LCAO_k         cal_fvnl_dbeta_k_new         0.77           5   0.15     0.14
Vdwd3                cal_force                    0.57           5   0.11     0.10
Vdwd3                cal_stress                   0.56           5   0.11     0.10
ModuleIO             write_istate_info            0.00           1   0.00     0.00
------------------------------------------------------------------------------------

 START  Time  : Fri Nov  3 17:04:19 2023
 FINISH Time  : Fri Nov  3 17:13:50 2023
 TOTAL  Time  : 571
 SEE INFORMATION IN : OUT.ABACUS/
