 In SCAN_BEGIN, can't find: LATTICE_PARAMETERS block.
 AUTO_SET NBANDS to 0
 AUTO_SET NBANDS to 731
      Processor           Atom
              1             19
              2             20
              3             21
              4             20
              5             19
              6             20
              7             21
              8             20
              9             19
             10             20
             11             21
             12             20
             13             19
             14             20
             15             21
             16             20
                            startmag_type = 2
                       charge from rho_at = 0.997867
                         charge should be = 1
                            startmag_type = 2
                       charge from rho_at = 18.9775
                         charge should be = 19
 Warning: negative or imaginary starting charge :  neg = -0.000829196 ima = 2.10414e-08 SPIN = 0
 Warning: negative or imaginary starting charge :  neg = -0.000829196 ima = 2.10414e-08 SPIN = 1

 SETUP ATOMIC RHO FOR SPIN 1
                 Electron number from rho = 609

 SETUP ATOMIC RHO FOR SPIN 2
                 Electron number from rho = 609
           total electron number from rho = 1218
                                should be = 1218
                 charge before normalized = 1217.99999999999
                  charge after normalized = 1218
                 charge before normalized = 1217.99999502991
                  charge after normalized = 1218
                 charge before normalized = 1217.99999491422
                  charge after normalized = 1218.00000000001
                 charge before normalized = 1217.99999453876
                  charge after normalized = 1218
                 charge before normalized = 1217.99999455701
                  charge after normalized = 1218
                 charge before normalized = 1217.99999465367
                  charge after normalized = 1218
                 charge before normalized = 1217.99999464736
                  charge after normalized = 1218
                 charge before normalized = 1217.99999466646
                  charge after normalized = 1218
                 charge before normalized = 1217.99999467511
                  charge after normalized = 1218.00000000001
                 charge before normalized = 1217.99999467082
                  charge after normalized = 1218.00000000001
                 charge before normalized = 1217.9999946701
                  charge after normalized = 1218
                 charge before normalized = 1217.99999466814
                  charge after normalized = 1218.00000000001
                 charge before normalized = 1217.99999466796
                  charge after normalized = 1217.99999999999
                 charge before normalized = 1217.99999466829
                  charge after normalized = 1218
                 charge before normalized = 1217.9999946683
                  charge after normalized = 1218
                 charge before normalized = 1217.99999466841
                  charge after normalized = 1217.99999999999
                 charge before normalized = 1217.9999946683
                  charge after normalized = 1218.00000000001
                 charge before normalized = 1217.99999466829
                  charge after normalized = 1218
                 charge before normalized = 1217.99999466817
                  charge after normalized = 1218.00000000001
                 charge before normalized = 1217.99999466816
                  charge after normalized = 1218
                            startmag_type = 2
                       charge from rho_at = 0.997866823270309
                         charge should be = 1
                            startmag_type = 2
                       charge from rho_at = 18.9775418036099
                         charge should be = 19
 Warning: negative or imaginary starting charge :  neg = -0.000829196305776475 ima = 2.10413944328362e-08 SPIN = 0
 Warning: negative or imaginary starting charge :  neg = -0.000829196305776475 ima = 2.10413944328362e-08 SPIN = 1

 SETUP ATOMIC RHO FOR SPIN 1
                 Electron number from rho = 608.999999999998

 SETUP ATOMIC RHO FOR SPIN 2
                 Electron number from rho = 608.999999999998
           total electron number from rho = 1218
                                should be = 1218
