 In SCAN_BEGIN, can't find: LATTICE_PARAMETERS block.
 AUTO_SET NBANDS to 0
 AUTO_SET NBANDS to 698
      Processor           Atom
              1             23
              2             23
              3             24
              4             23
              5             23
              6             23
              7             23
              8             23
              9             24
             10             24
             11             24
             12             23
             13             23
             14             23
             15             23
             16             23
                            startmag_type = 2
                       charge from rho_at = 3.99303
                         charge should be = 4
                            startmag_type = 2
                       charge from rho_at = 5.99905
                         charge should be = 6
                            startmag_type = 2
                       charge from rho_at = 17.9731
                         charge should be = 18
 Warning: negative or imaginary starting charge :  neg = -0.00101014 ima = 1.06342e-07 SPIN = 0
 Warning: negative or imaginary starting charge :  neg = -0.00101014 ima = 1.06342e-07 SPIN = 1

 SETUP ATOMIC RHO FOR SPIN 1
                 Electron number from rho = 581

 SETUP ATOMIC RHO FOR SPIN 2
                 Electron number from rho = 581
           total electron number from rho = 1162
                                should be = 1162
                 charge before normalized = 1162
                  charge after normalized = 1162
                 charge before normalized = 1162.00000055566
                  charge after normalized = 1162.00000000001
                 charge before normalized = 1162.00000053669
                  charge after normalized = 1162
                 charge before normalized = 1161.99999995807
                  charge after normalized = 1162.00000000001
                 charge before normalized = 1162.00000078054
                  charge after normalized = 1162
                 charge before normalized = 1162.00000047462
                  charge after normalized = 1162
                 charge before normalized = 1162.0000004279
                  charge after normalized = 1162
                 charge before normalized = 1162.00000036506
                  charge after normalized = 1162
                 charge before normalized = 1162.00000029397
                  charge after normalized = 1162
                 charge before normalized = 1162.00000029729
                  charge after normalized = 1162.00000000001
                 charge before normalized = 1162.00000026894
                  charge after normalized = 1161.99999999999
                 charge before normalized = 1162.00000029931
                  charge after normalized = 1162
                 charge before normalized = 1162.00000033105
                  charge after normalized = 1162
                 charge before normalized = 1162.00000031222
                  charge after normalized = 1162
                 charge before normalized = 1162.00000030676
                  charge after normalized = 1161.99999999999
                 charge before normalized = 1162.00000030026
                  charge after normalized = 1162
                 charge before normalized = 1162.00000029761
                  charge after normalized = 1161.99999999999
                 charge before normalized = 1162.00000030379
                  charge after normalized = 1161.99999999999
                 charge before normalized = 1162.00000029984
                  charge after normalized = 1162
                 charge before normalized = 1162.00000030028
                  charge after normalized = 1162
                 charge before normalized = 1162.00000029397
                  charge after normalized = 1162
                 charge before normalized = 1162.00000029741
                  charge after normalized = 1162
                 charge before normalized = 1162.00000029757
                  charge after normalized = 1162.00000000001
                 charge before normalized = 1162.00000029921
                  charge after normalized = 1161.99999999999
                 charge before normalized = 1162.00000029717
                  charge after normalized = 1162
                 charge before normalized = 1162.00000029706
                  charge after normalized = 1161.99999999999
                 charge before normalized = 1162.00000029689
                  charge after normalized = 1161.99999999999
                 charge before normalized = 1162.0000002967
                  charge after normalized = 1162
                 charge before normalized = 1162.00000029664
                  charge after normalized = 1161.99999999999
                 charge before normalized = 1162.00000029647
                  charge after normalized = 1161.99999999999
                 charge before normalized = 1162.00000029621
                  charge after normalized = 1162.00000000001
                 charge before normalized = 1162.00000029641
                  charge after normalized = 1162
                 charge before normalized = 1162.00000029631
                  charge after normalized = 1162
                 charge before normalized = 1162.00000029613
                  charge after normalized = 1162
                 charge before normalized = 1162.0000002959
                  charge after normalized = 1162
                 charge before normalized = 1162.00000029599
                  charge after normalized = 1161.99999999999
                 charge before normalized = 1162.00000029597
                  charge after normalized = 1162
                 charge before normalized = 1162.00000029585
                  charge after normalized = 1162
                 charge before normalized = 1162.0000002958
                  charge after normalized = 1162
                 charge before normalized = 1162.00000029592
                  charge after normalized = 1162
                 charge before normalized = 1162.00000029581
                  charge after normalized = 1162.00000000001
                 charge before normalized = 1162.00000029575
                  charge after normalized = 1162.00000000001
                 charge before normalized = 1162.0000002959
                  charge after normalized = 1162.00000000001
                 charge before normalized = 1162.00000029576
                  charge after normalized = 1162
                 charge before normalized = 1162.00000029577
                  charge after normalized = 1161.99999999999
                 charge before normalized = 1162.00000029581
                  charge after normalized = 1162
                 charge before normalized = 1162.00000029582
                  charge after normalized = 1162.00000000001
