 In SCAN_BEGIN, can't find: LATTICE_PARAMETERS block.
 AUTO_SET NBANDS to 0
 AUTO_SET NBANDS to 698
      Processor           Atom
              1             22
              2             23
              3             24
              4             23
              5             23
              6             23
              7             23
              8             23
              9             24
             10             24
             11             24
             12             23
             13             23
             14             23
             15             23
             16             23
                            startmag_type = 2
                       charge from rho_at = 3.99303
                         charge should be = 4
                            startmag_type = 2
                       charge from rho_at = 5.99905
                         charge should be = 6
                            startmag_type = 2
                       charge from rho_at = 17.9731
                         charge should be = 18
 Warning: negative or imaginary starting charge :  neg = -0.00101119 ima = 1.09033e-07 SPIN = 0
 Warning: negative or imaginary starting charge :  neg = -0.00101119 ima = 1.09033e-07 SPIN = 1

 SETUP ATOMIC RHO FOR SPIN 1
                 Electron number from rho = 581

 SETUP ATOMIC RHO FOR SPIN 2
                 Electron number from rho = 581
           total electron number from rho = 1162
                                should be = 1162
                 charge before normalized = 1162
                  charge after normalized = 1162
                 charge before normalized = 1161.99999887914
                  charge after normalized = 1162
                 charge before normalized = 1161.99999872718
                  charge after normalized = 1162
                 charge before normalized = 1161.99999796918
                  charge after normalized = 1162.00000000001
                 charge before normalized = 1161.99999872249
                  charge after normalized = 1161.99999999999
                 charge before normalized = 1161.99999868126
                  charge after normalized = 1162.00000000001
                 charge before normalized = 1161.999998668
                  charge after normalized = 1161.99999999999
                 charge before normalized = 1161.99999860277
                  charge after normalized = 1162
                 charge before normalized = 1161.99999854743
                  charge after normalized = 1162
                 charge before normalized = 1161.99999851235
                  charge after normalized = 1162
                 charge before normalized = 1161.99999848776
                  charge after normalized = 1162
                 charge before normalized = 1161.99999848032
                  charge after normalized = 1161.99999999999
                 charge before normalized = 1161.99999850143
                  charge after normalized = 1162
                 charge before normalized = 1161.99999850786
                  charge after normalized = 1162
                 charge before normalized = 1161.99999850344
                  charge after normalized = 1162.00000000001
                 charge before normalized = 1161.99999850279
                  charge after normalized = 1162.00000000001
                 charge before normalized = 1161.99999850156
                  charge after normalized = 1162
                 charge before normalized = 1161.99999850047
                  charge after normalized = 1161.99999999999
                 charge before normalized = 1161.99999850278
                  charge after normalized = 1162
                 charge before normalized = 1161.99999850409
                  charge after normalized = 1162.00000000001
                 charge before normalized = 1161.99999850092
                  charge after normalized = 1162
                 charge before normalized = 1161.99999850165
                  charge after normalized = 1162
                 charge before normalized = 1161.99999850149
                  charge after normalized = 1162
                 charge before normalized = 1161.99999850127
                  charge after normalized = 1161.99999999999
                 charge before normalized = 1161.99999850124
                  charge after normalized = 1162
                 charge before normalized = 1161.9999985008
                  charge after normalized = 1162
                 charge before normalized = 1161.99999850048
                  charge after normalized = 1162
                 charge before normalized = 1161.99999850043
                  charge after normalized = 1162
                 charge before normalized = 1161.99999850018
                  charge after normalized = 1161.99999999999
                 charge before normalized = 1161.99999850002
                  charge after normalized = 1162
                 charge before normalized = 1161.9999984997
                  charge after normalized = 1162.00000000001
                 charge before normalized = 1161.99999849964
                  charge after normalized = 1162
                 charge before normalized = 1161.9999984997
                  charge after normalized = 1162
                 charge before normalized = 1161.99999849951
                  charge after normalized = 1161.99999999999
                 charge before normalized = 1161.9999984995
                  charge after normalized = 1162.00000000001
                 charge before normalized = 1161.99999849934
                  charge after normalized = 1162
                 charge before normalized = 1161.99999849929
                  charge after normalized = 1162
                 charge before normalized = 1161.99999849934
                  charge after normalized = 1162
                 charge before normalized = 1161.99999849938
                  charge after normalized = 1162
                 charge before normalized = 1161.99999849925
                  charge after normalized = 1161.99999999999
                 charge before normalized = 1161.99999849938
                  charge after normalized = 1161.99999999999
                 charge before normalized = 1161.99999849931
                  charge after normalized = 1162.00000000001
                 charge before normalized = 1161.99999849935
                  charge after normalized = 1162
                 charge before normalized = 1161.99999849927
                  charge after normalized = 1162
                 charge before normalized = 1161.99999849928
                  charge after normalized = 1162
                 charge before normalized = 1161.99999849921
                  charge after normalized = 1162
                 charge before normalized = 1161.99999849936
                  charge after normalized = 1162
