                                                                                     
                              ABACUS v3.7.5

               Atomic-orbital Based Ab-initio Computation at UStc                    

                     Website: http://abacus.ustc.edu.cn/                             
               Documentation: https://abacus.deepmodeling.com/                       
                  Repository: https://github.com/abacusmodeling/abacus-develop       
                              https://github.com/deepmodeling/abacus-develop         
                      Commit: 732c2b877 (Mon Sep 9 14:41:02 2024 +0800)

 Sat Sep 21 17:08:25 2024
 MAKE THE DIR         : OUT.ABACUS/
 RUNNING WITH DEVICE  : CPU / Intel(R) Xeon(R) Platinum 8358 CPU @ 2.60GHz

%%%%%%%%%%%%%%%%%%%%%%%%%%%%%%%%%%%%%%%%%%%%%%%%%%%%%%%%%%%%%%%%%%%%%%%%%%%%%%%%%%%%%%%%%%%%%%%%%%%%%%%%%
 Warning: the number of valence electrons in pseudopotential > 10 for Pt: [Xe] 4f14 5d9 6s1
 Pseudopotentials with additional electrons can yield (more) accurate outcomes, but may be less efficient.
 If you're confident that your chosen pseudopotential is appropriate, you can safely ignore this warning.
%%%%%%%%%%%%%%%%%%%%%%%%%%%%%%%%%%%%%%%%%%%%%%%%%%%%%%%%%%%%%%%%%%%%%%%%%%%%%%%%%%%%%%%%%%%%%%%%%%%%%%%%%

 UNIFORM GRID DIM        : 150 * 243 * 150
 UNIFORM GRID DIM(BIG)   : 30 * 81 * 30
 DONE(0.172105   SEC) : SETUP UNITCELL
 DONE(0.181852   SEC) : INIT K-POINTS
 ---------------------------------------------------------
 Self-consistent calculations for electrons
 ---------------------------------------------------------
 SPIN    KPOINTS         PROCESSORS  NBASE       
 2       8               16          789         
 ---------------------------------------------------------
 Use Systematically Improvable Atomic bases
 ---------------------------------------------------------
 ELEMENT ORBITALS        NBASE       NATOM       XC          
 C       2s2p1d-7au      13          54          
 Pt      4s2p2d1f-7au    27          1           
 H       2s1p-6au        5           12          
 ---------------------------------------------------------
 Initial plane wave basis and FFT box
 ---------------------------------------------------------
 DONE(0.236945   SEC) : INIT PLANEWAVE
 -------------------------------------------
 SELF-CONSISTENT : 
 -------------------------------------------
 START CHARGE      : atomic
 DONE(2.32167    SEC) : INIT SCF
 * * * * * *
 << Start SCF iteration.
 ITER      TMAG       AMAG        ETOT/eV          EDIFF/eV         DRHO     TIME/s
 GE1      2.19e+00   4.22e+00  -1.18508833e+04   0.00000000e+00   2.8793e-01   1.55
 GE2     -2.00e+00   2.13e+00  -1.18681806e+04  -1.72973242e+01   1.5980e-01   1.32
 GE3      5.39e-09   3.53e-01  -1.18652026e+04   2.97799435e+00   6.5957e-02   1.32
 GE4     -4.99e-10   2.75e-01  -1.18656469e+04  -4.44289776e-01   2.3825e-02   1.32
 GE5     -1.75e-09   7.02e-02  -1.18656259e+04   2.10181079e-02   1.2880e-02   1.33
 GE6      7.24e-10   3.34e-02  -1.18655765e+04   4.94337385e-02   8.1381e-03   1.32
 GE7     -5.30e-11   1.46e-02  -1.18655540e+04   2.24981196e-02   4.9450e-03   1.32
 GE8      3.89e-10   6.44e-03  -1.18655472e+04   6.72826761e-03   3.3310e-03   1.33
 GE9     -2.41e-11   1.57e-03  -1.18655442e+04   3.08922210e-03   2.6238e-03   1.33
 GE10    -1.17e-11   1.67e-03  -1.18655470e+04  -2.88958476e-03   1.8013e-03   1.32
 GE11    -1.26e-11   9.10e-04  -1.18655526e+04  -5.51164546e-03   1.1765e-03   1.33
 GE12     1.40e-11   5.91e-04  -1.18655582e+04  -5.63973937e-03   7.6591e-04   1.34
 GE13     1.24e-11   3.83e-04  -1.18655621e+04  -3.87872478e-03   4.6252e-04   1.33
 GE14    -1.05e-11   2.03e-04  -1.18655646e+04  -2.50854563e-03   2.7088e-04   1.45
 GE15     3.23e-12   1.44e-04  -1.18655655e+04  -9.23956157e-04   1.4680e-04   1.33
 GE16    -9.82e-13   5.66e-05  -1.18655659e+04  -3.54787857e-04   8.9066e-05   1.33
 GE17     1.06e-12   6.52e-05  -1.18655660e+04  -1.59028151e-04   5.2939e-05   1.32
 GE18     8.66e-13   3.40e-05  -1.18655661e+04  -7.07950855e-05   3.0364e-05   1.34
 GE19    -7.23e-13   2.49e-05  -1.18655661e+04  -4.32570960e-05   1.8824e-05   1.33
 GE20     1.48e-13   1.17e-05  -1.18655662e+04  -2.27449366e-05   1.2300e-05   1.32
 GE21     1.90e-13   8.45e-06  -1.18655662e+04  -2.69638958e-05   8.8709e-06   1.32
 GE22     6.97e-14   9.50e-06  -1.18655662e+04  -1.95764341e-05   5.5797e-06   1.32
 GE23     5.04e-14   2.28e-06  -1.18655662e+04  -1.06961604e-05   3.5246e-06   1.33
 GE24    -8.37e-15   2.29e-06  -1.18655662e+04  -5.95064338e-06   2.1714e-06   1.33
 GE25    -1.21e-14   1.19e-06  -1.18655662e+04  -3.11772293e-06   1.2193e-06   1.33
 GE26    -9.88e-15   8.05e-07  -1.18655662e+04  -8.96968893e-07   5.7882e-07   1.39
 GE27    -4.43e-15   4.78e-07  -1.18655662e+04  -2.45572827e-07   3.1551e-07   1.37
 GE28    -1.67e-14   1.64e-07  -1.18655662e+04  -8.54538930e-08   2.0127e-07   1.33
 GE29    -2.11e-14   1.78e-07  -1.18655662e+04  -6.17385274e-08   1.3551e-07   1.33
 GE30    -1.68e-15   4.53e-08  -1.18655662e+04  -1.00463931e-07   9.6250e-08   1.25
 >> Leave SCF iteration.
 * * * * * *
TIME STATISTICS
--------------------------------------------------------------------------------
      CLASS_NAME                  NAME            TIME/s  CALLS   AVG/s  PER/%  
--------------------------------------------------------------------------------
                       total                      45.15  9        5.02   100.00 
 Driver                reading                    0.05   1        0.05   0.11   
 Input_Conv            Convert                    0.00   1        0.00   0.00   
 Driver                driver_line                45.10  1        45.10  99.89  
 UnitCell              check_tau                  0.00   1        0.00   0.00   
 ESolver_KS_LCAO       before_all_runners         1.05   1        1.05   2.34   
 PW_Basis_Sup          setuptransform             0.03   1        0.03   0.07   
 PW_Basis_Sup          distributeg                0.03   1        0.03   0.06   
 mymath                heapsort                   0.02   3        0.01   0.04   
 PW_Basis_K            setuptransform             0.02   1        0.02   0.05   
 PW_Basis_K            distributeg                0.02   1        0.02   0.05   
 PW_Basis              setup_struc_factor         0.07   1        0.07   0.15   
 NOrbital_Lm           extra_uniform              0.05   17       0.00   0.10   
 Mathzone_Add1         SplineD2                   0.00   17       0.00   0.00   
 Mathzone_Add1         Cubic_Spline_Interpolation 0.00   17       0.00   0.00   
 Mathzone_Add1         Uni_Deriv_Phi              0.04   17       0.00   0.10   
 ppcell_vl             init_vloc                  0.51   1        0.51   1.13   
 Ions                  opt_ions                   44.00  1        44.00  97.46  
 ESolver_KS_LCAO       runner                     42.24  1        42.24  93.55  
 ESolver_KS_LCAO       before_scf                 1.21   1        1.21   2.68   
 Vdwd3                 cal_energy                 0.04   1        0.04   0.09   
 ESolver_KS_LCAO       beforesolver               0.14   1        0.14   0.32   
 ESolver_KS_LCAO       set_matrix_grid            0.13   1        0.13   0.30   
 atom_arrange          search                     0.01   1        0.01   0.01   
 Grid_Technique        init                       0.11   1        0.11   0.25   
 Grid_BigCell          grid_expansion_index       0.01   2        0.00   0.01   
 Record_adj            for_2d                     0.01   1        0.01   0.02   
 Grid_Driver           Find_atom                  0.01   3363     0.00   0.02   
 LCAO_domain           grid_prepare               0.00   1        0.00   0.00   
 Veff                  initialize_HR              0.00   1        0.00   0.00   
 OverlapNew            initialize_SR              0.00   1        0.00   0.00   
 EkineticNew           initialize_HR              0.00   1        0.00   0.00   
 NonlocalNew           initialize_HR              0.00   1        0.00   0.00   
 Charge                set_rho_core               0.00   1        0.00   0.00   
 Charge                atomic_rho                 1.57   2        0.79   3.48   
 PW_Basis_Sup          recip2real                 2.18   342      0.01   4.83   
 PW_Basis_Sup          gathers_scatterp           0.97   342      0.00   2.15   
 Potential             init_pot                   0.23   1        0.23   0.52   
 Potential             update_from_charge         6.62   31       0.21   14.67  
 Potential             cal_fixed_v                0.01   1        0.01   0.02   
 PotLocal              cal_fixed_v                0.01   1        0.01   0.02   
 Potential             cal_v_eff                  6.58   31       0.21   14.57  
 H_Hartree_pw          v_hartree                  0.49   31       0.02   1.08   
 PW_Basis_Sup          real2recip                 1.99   370      0.01   4.40   
 PW_Basis_Sup          gatherp_scatters           0.80   370      0.00   1.76   
 PotXC                 cal_v_eff                  5.75   31       0.19   12.73  
 XC_Functional         v_xc                       5.71   31       0.18   12.65  
 Efield                add_efield                 0.17   31       0.01   0.38   
 Potential             interpolate_vrs            0.03   31       0.00   0.08   
 H_Ewald_pw            compute_ewald              0.01   1        0.01   0.01   
 Charge_Mixing         init_mixing                0.00   1        0.00   0.00   
 HSolverLCAO           solve                      31.54  30       1.05   69.85  
 HamiltLCAO            updateHk                   10.50  240      0.04   23.26  
 OperatorLCAO          init                       10.45  720      0.01   23.14  
 Veff                  contributeHR               10.34  60       0.17   22.91  
 Gint_interface        cal_gint                   11.50  92       0.13   25.48  
 Gint_interface        cal_gint_vlocal            5.72   60       0.10   12.66  
 Gint_Tools            cal_psir_ylm               1.82   50130    0.00   4.03   
 Gint_k                transfer_pvpR              4.60   60       0.08   10.18  
 OverlapNew            calculate_SR               0.01   1        0.01   0.03   
 OverlapNew            contributeHk               0.04   240      0.00   0.08   
 EkineticNew           contributeHR               0.01   60       0.00   0.03   
 EkineticNew           calculate_HR               0.01   1        0.01   0.03   
 NonlocalNew           contributeHR               0.05   60       0.00   0.10   
 NonlocalNew           calculate_HR               0.04   1        0.04   0.08   
 OperatorLCAO          contributeHk               0.02   240      0.00   0.05   
 HSolverLCAO           hamiltSolvePsiK            11.25  240      0.05   24.92  
 DiagoElpa             elpa_solve                 11.09  240      0.05   24.56  
 ElecStateLCAO         psiToRho                   9.79   30       0.33   21.68  
 elecstate             cal_dm                     0.40   31       0.01   0.88   
 psiMulPsiMpi          pdgemm                     0.39   248      0.00   0.86   
 DensityMatrix         cal_DMR                    0.04   31       0.00   0.08   
 Gint                  transfer_DMR               0.39   30       0.01   0.86   
 Gint_interface        cal_gint_rho               5.34   30       0.18   11.84  
 Charge_Mixing         get_drho                   0.02   30       0.00   0.05   
 Charge                mix_rho                    1.78   29       0.06   3.95   
 Charge                Broyden_mixing             0.38   29       0.01   0.85   
 ESolver_KS_LCAO       after_scf                  0.85   1        0.85   1.89   
 ESolver_KS_LCAO       out_deepks_labels          0.00   1        0.00   0.00   
 LCAO_Deepks_Interface out_deepks_labels          0.00   1        0.00   0.00   
 HamiltLCAO            updateSk                   0.00   8        0.00   0.00   
 ESolver_KS_LCAO       cal_force                  1.76   1        1.76   3.91   
 Force_Stress_LCAO     getForceStress             1.76   1        1.76   3.91   
 Forces                cal_force_loc              0.07   1        0.07   0.16   
 Forces                cal_force_ew               0.06   1        0.06   0.13   
 Forces                cal_force_cc               0.00   1        0.00   0.00   
 Forces                cal_force_scc              0.70   1        0.70   1.55   
 Force_LCAO            ftable                     0.83   1        0.83   1.85   
 Force_LCAO            allocate                   0.08   1        0.08   0.18   
 LCAO_domain           build_ST_new               0.03   2        0.01   0.06   
 LCAO_domain           vnl_mu_new                 0.06   1        0.06   0.12   
 Force_LCAO            cal_fedm                   0.03   1        0.03   0.07   
 DensityMatrix         sum_DMR_spin               0.00   1        0.00   0.00   
 Force_LCAO            cal_ftvnl_dphi             0.00   1        0.00   0.00   
 Force_LCAO            cal_fvl_dphi               0.41   1        0.41   0.92   
 Gint_interface        cal_gint_force             0.41   2        0.21   0.92   
 Gint_Tools            cal_dpsir_ylm              0.13   1114     0.00   0.29   
 Force_LCAO            cal_fvnl_dbeta             0.02   1        0.02   0.05   
 Vdwd3                 cal_force                  0.09   1        0.09   0.21   
 ESolver_KS_LCAO       after_all_runners          0.03   1        0.03   0.06   
 ModuleIO              write_istate_info          0.03   1        0.03   0.06   
--------------------------------------------------------------------------------


 START  Time  : Sat Sep 21 17:08:25 2024
 FINISH Time  : Sat Sep 21 17:09:11 2024
 TOTAL  Time  : 46
 SEE INFORMATION IN : OUT.ABACUS/
