 In SCAN_BEGIN, can't find: LATTICE_PARAMETERS block.
 AUTO_SET NBANDS to 0
 AUTO_SET NBANDS to 731
      Processor           Atom
              1             20
              2             20
              3             21
              4             21
              5             20
              6             21
              7             21
              8             21
              9             21
             10             22
             11             22
             12             22
             13             21
             14             20
             15             21
             16             21
                            startmag_type = 2
                       charge from rho_at = 0.997867
                         charge should be = 1
                            startmag_type = 2
                       charge from rho_at = 18.9775
                         charge should be = 19
 Warning: negative or imaginary starting charge :  neg = -0.000913423 ima = 2.11306e-08 SPIN = 0
 Warning: negative or imaginary starting charge :  neg = -0.000913423 ima = 2.11306e-08 SPIN = 1

 SETUP ATOMIC RHO FOR SPIN 1
                 Electron number from rho = 609

 SETUP ATOMIC RHO FOR SPIN 2
                 Electron number from rho = 609
           total electron number from rho = 1218
                                should be = 1218
                 charge before normalized = 1218.00000000001
                  charge after normalized = 1218
                 charge before normalized = 1217.99999586381
                  charge after normalized = 1217.99999999999
                 charge before normalized = 1217.99999575173
                  charge after normalized = 1217.99999999999
                 charge before normalized = 1217.99999584281
                  charge after normalized = 1217.99999999999
                 charge before normalized = 1217.99999554427
                  charge after normalized = 1218
                 charge before normalized = 1217.99999560907
                  charge after normalized = 1218
                 charge before normalized = 1217.99999560997
                  charge after normalized = 1218
                 charge before normalized = 1217.99999562166
                  charge after normalized = 1218
                 charge before normalized = 1217.99999562495
                  charge after normalized = 1217.99999999999
                 charge before normalized = 1217.9999956274
                  charge after normalized = 1218
                 charge before normalized = 1217.99999562805
                  charge after normalized = 1218.00000000001
                 charge before normalized = 1217.99999562832
                  charge after normalized = 1218
                 charge before normalized = 1217.9999956282
                  charge after normalized = 1218
                 charge before normalized = 1217.99999562812
                  charge after normalized = 1218.00000000001
                 charge before normalized = 1217.99999562781
                  charge after normalized = 1217.99999999999
                 charge before normalized = 1217.99999562822
                  charge after normalized = 1217.99999999999
                 charge before normalized = 1217.99999562817
                  charge after normalized = 1217.99999999999
                 charge before normalized = 1217.99999562825
                  charge after normalized = 1218
                 charge before normalized = 1217.99999562817
                  charge after normalized = 1218
                            startmag_type = 2
                       charge from rho_at = 0.997866823270309
                         charge should be = 1
                            startmag_type = 2
                       charge from rho_at = 18.9775418036099
                         charge should be = 19
 Warning: negative or imaginary starting charge :  neg = -0.000913423181179292 ima = 2.11305920072074e-08 SPIN = 0
 Warning: negative or imaginary starting charge :  neg = -0.000913423181179292 ima = 2.11305920072074e-08 SPIN = 1

 SETUP ATOMIC RHO FOR SPIN 1
                 Electron number from rho = 609

 SETUP ATOMIC RHO FOR SPIN 2
                 Electron number from rho = 609
           total electron number from rho = 1218
                                should be = 1218
