 In SCAN_BEGIN, can't find: LATTICE_PARAMETERS block.
 AUTO_SET NBANDS to 0
 AUTO_SET NBANDS to 736
      Processor           Atom
              1             44
              2             43
              3             45
              4             46
              5             45
              6             44
              7             44
              8             44
              9             43
             10             43
             11             43
             12             44
             13             43
             14             42
             15             42
             16             42
                            startmag_type = 2
                       charge from rho_at = 18.9734
                         charge should be = 19
                            startmag_type = 2
                       charge from rho_at = 4.99741
                         charge should be = 5
 Warning: negative or imaginary starting charge :  neg = -0.00137423 ima = 1.53443e-06 SPIN = 0
 Warning: negative or imaginary starting charge :  neg = -0.00137423 ima = 1.53443e-06 SPIN = 1

 SETUP ATOMIC RHO FOR SPIN 1
                 Electron number from rho = 613

 SETUP ATOMIC RHO FOR SPIN 2
                 Electron number from rho = 613
           total electron number from rho = 1226
                                should be = 1226
                 charge before normalized = 1226
                  charge after normalized = 1226
                 charge before normalized = 1226.00000192756
                  charge after normalized = 1225.99999999999
                 charge before normalized = 1226.00000182372
                  charge after normalized = 1225.99999999999
                 charge before normalized = 1226.00000175839
                  charge after normalized = 1226
                 charge before normalized = 1226.0000017791
                  charge after normalized = 1225.99999999999
                 charge before normalized = 1226.00000178778
                  charge after normalized = 1226
                 charge before normalized = 1226.00000180215
                  charge after normalized = 1225.99999999999
                 charge before normalized = 1226.00000180416
                  charge after normalized = 1226.00000000001
                 charge before normalized = 1226.0000018008
                  charge after normalized = 1226
                 charge before normalized = 1226.00000179744
                  charge after normalized = 1226
                 charge before normalized = 1226.00000179832
                  charge after normalized = 1226.00000000001
                 charge before normalized = 1226.00000179881
                  charge after normalized = 1226.00000000001
                 charge before normalized = 1226.00000179832
                  charge after normalized = 1225.99999999999
                 charge before normalized = 1226.00000179719
                  charge after normalized = 1226.00000000001
                 charge before normalized = 1226.00000179675
                  charge after normalized = 1225.99999999999
                 charge before normalized = 1226.00000179597
                  charge after normalized = 1226.00000000001
                 charge before normalized = 1226.00000179503
                  charge after normalized = 1225.99999999999
                 charge before normalized = 1226.00000179439
                  charge after normalized = 1225.99999999998
                 charge before normalized = 1226.00000179437
                  charge after normalized = 1226
                 charge before normalized = 1226.00000179438
                  charge after normalized = 1226
                 charge before normalized = 1226.00000179358
                  charge after normalized = 1226
                 charge before normalized = 1226.00000179295
                  charge after normalized = 1226
                 charge before normalized = 1226.00000179298
                  charge after normalized = 1226
                 charge before normalized = 1226.00000179288
                  charge after normalized = 1226
                 charge before normalized = 1226.00000179198
                  charge after normalized = 1226.00000000001
                 charge before normalized = 1226.00000179217
                  charge after normalized = 1226
                 charge before normalized = 1226.00000179268
                  charge after normalized = 1226
                 charge before normalized = 1226.00000179315
                  charge after normalized = 1226.00000000001
                 charge before normalized = 1226.00000179516
                  charge after normalized = 1225.99999999999
                 charge before normalized = 1226.00000179632
                  charge after normalized = 1226.00000000001
                 charge before normalized = 1226.00000179563
                  charge after normalized = 1226.00000000001
                 charge before normalized = 1226.00000179291
                  charge after normalized = 1225.99999999999
                 charge before normalized = 1226.00000179233
                  charge after normalized = 1226
                 charge before normalized = 1226.00000179133
                  charge after normalized = 1226
                 charge before normalized = 1226.00000179136
                  charge after normalized = 1226
                 charge before normalized = 1226.00000179141
                  charge after normalized = 1225.99999999999
                 charge before normalized = 1226.00000179133
                  charge after normalized = 1225.99999999999
                 charge before normalized = 1226.00000179107
                  charge after normalized = 1225.99999999999
                 charge before normalized = 1226.00000179105
                  charge after normalized = 1226
                 charge before normalized = 1226.00000179119
                  charge after normalized = 1226
                 charge before normalized = 1226.00000179108
                  charge after normalized = 1225.99999999999
                 charge before normalized = 1226.0000017911
                  charge after normalized = 1225.99999999999
                            startmag_type = 2
                       charge from rho_at = 18.9733626790971
                         charge should be = 19
                            startmag_type = 2
                       charge from rho_at = 4.9974050911319
                         charge should be = 5
 Warning: negative or imaginary starting charge :  neg = -0.00137423189638147 ima = 1.53443449943328e-06 SPIN = 0
 Warning: negative or imaginary starting charge :  neg = -0.00137423189638147 ima = 1.53443449943328e-06 SPIN = 1

 SETUP ATOMIC RHO FOR SPIN 1
                 Electron number from rho = 612.999999999994

 SETUP ATOMIC RHO FOR SPIN 2
                 Electron number from rho = 612.999999999994
           total electron number from rho = 1225.99999999999
                                should be = 1226
