 In SCAN_BEGIN, can't find: LATTICE_PARAMETERS block.
 In SCAN_BEGIN, can't find: <PP_MESH block.
 In SCAN_BEGIN, can't find: <PP_MESH block.
 AUTO_SET NBANDS to 0
 AUTO_SET NBANDS to 157
      Processor           Atom
              1             31
                            startmag_type = 2
                       charge from rho_at = 2.88725
                         charge should be = 3
                            startmag_type = 2
                       charge from rho_at = 3.95377
                         charge should be = 4

 SETUP ATOMIC RHO FOR SPIN 1
                 Electron number from rho = 259
           total electron number from rho = 259
                                should be = 259
                 charge before normalized = 259
                  charge after normalized = 259
                 charge before normalized = 258.999999938603
                  charge after normalized = 259.000000000011
                 charge before normalized = 258.999999968165
                  charge after normalized = 259.000000000011
                 charge before normalized = 258.99999995904
                  charge after normalized = 258.99999999996
                 charge before normalized = 258.999999994296
                  charge after normalized = 259.000000000004
                 charge before normalized = 258.999999966738
                  charge after normalized = 258.999999999986
                 charge before normalized = 258.999999975053
                  charge after normalized = 258.999999999979
                 charge before normalized = 258.999999974059
                  charge after normalized = 258.999999999994
                 charge before normalized = 258.999999974792
                  charge after normalized = 258.999999999997
                 charge before normalized = 258.99999997452
                  charge after normalized = 258.999999999993
                 charge before normalized = 258.999999974548
                  charge after normalized = 259.000000000009
                 charge before normalized = 258.999999974529
                  charge after normalized = 258.999999999989
                 charge before normalized = 258.999999974513
                  charge after normalized = 259.000000000012
                 charge before normalized = 258.99999997454
                  charge after normalized = 259.000000000005
