 In SCAN_BEGIN, can't find: LATTICE_PARAMETERS block.
 In SCAN_BEGIN, can't find: <PP_MESH block.
 In SCAN_BEGIN, can't find: <PP_MESH block.
 AUTO_SET NBANDS to 0
 AUTO_SET NBANDS to 92
 Grid_Technique::init_atoms_on_grid  warning : No atom on this sub-FFT-mesh.
      Processor           Atom
              1              1
              2              2
              3              4
              4              4
              5              4
              6              5
              7              6
              8              6
              9              7
             10              7
             11              9
             12             11
             13             11
             14             13
             15             13
             16             13
             17             13
             18             14
             19             15
             20             16
             21             18
             22             18
             23             18
             24             19
             25             19
             26             21
             27             21
             28             20
             29             20
             30             19
             31             19
             32             19
             33             19
             34             17
             35             16
             36             15
             37             14
             38             14
             39             14
             40             13
             41             13
             42             12
             43             10
             44              9
             45              8
             46              8
             47              6
             48              6
             49              6
             50              6
             51              4
             52              2
             53              2
             54              1
             55              1
             56              1
             57              1
             58              1
             59              0
             60              0
             61              0
             62              0
             63              0
             64              0
                            startmag_type = 2
                       charge from rho_at = 10.9185
                         charge should be = 11
                            startmag_type = 2
                       charge from rho_at = 18.9775
                         charge should be = 19
 Warning: negative or imaginary starting charge :  neg = -0.000845559 ima = 6.69356e-14 SPIN = 0

 SETUP ATOMIC RHO FOR SPIN 1
                 Electron number from rho = 151
           total electron number from rho = 151
                                should be = 151
                 charge before normalized = 151
                  charge after normalized = 151
                 charge before normalized = 151.002149436665
                  charge after normalized = 151
                 charge before normalized = 151.002135823683
                  charge after normalized = 151
                 charge before normalized = 151.002100050203
                  charge after normalized = 151.000000000001
                 charge before normalized = 151.002081165806
                  charge after normalized = 151
                 charge before normalized = 151.002084375113
                  charge after normalized = 151
                 charge before normalized = 151.002093150306
                  charge after normalized = 151
                 charge before normalized = 151.002094839955
                  charge after normalized = 151
                 charge before normalized = 151.002096483867
                  charge after normalized = 151
                 charge before normalized = 151.002098261921
                  charge after normalized = 151.000000000001
                 charge before normalized = 151.00210022592
                  charge after normalized = 151
                 charge before normalized = 151.002101330008
                  charge after normalized = 151
                 charge before normalized = 151.002103199652
                  charge after normalized = 151
                 charge before normalized = 151.00210389684
                  charge after normalized = 151
                 charge before normalized = 151.002104207274
                  charge after normalized = 151
                 charge before normalized = 151.002104925397
                  charge after normalized = 151
                 charge before normalized = 151.002105277639
                  charge after normalized = 151
                 charge before normalized = 151.002105336629
                  charge after normalized = 151
                 charge before normalized = 151.002105402985
                  charge after normalized = 151
                 charge before normalized = 151.002105473945
                  charge after normalized = 151.000000000001
                 charge before normalized = 151.002105486658
                  charge after normalized = 151
                 charge before normalized = 151.002105511172
                  charge after normalized = 151.000000000001
                 charge before normalized = 151.002105497031
                  charge after normalized = 151
                 charge before normalized = 151.002105496494
                  charge after normalized = 151
                 charge before normalized = 151.002105494736
                  charge after normalized = 151
                 charge before normalized = 151.002105490521
                  charge after normalized = 151
                 charge before normalized = 151.002105491586
                  charge after normalized = 151
                 charge before normalized = 151.002105492925
                  charge after normalized = 151
                 charge before normalized = 151.002105493844
                  charge after normalized = 151
                 charge before normalized = 151.002105494675
                  charge after normalized = 151
                 charge before normalized = 151.002105494892
                  charge after normalized = 151
                 charge before normalized = 151.002105494761
                  charge after normalized = 151
                 charge before normalized = 151.002105494964
                  charge after normalized = 150.999999999999
                 charge before normalized = 151.002105494901
                  charge after normalized = 151
                 charge before normalized = 151.002105494936
                  charge after normalized = 151
