 In SCAN_BEGIN, can't find: LATTICE_PARAMETERS block.
 AUTO_SET NBANDS to 0
 AUTO_SET NBANDS to 736
      Processor           Atom
              1             44
              2             43
              3             46
              4             46
              5             45
              6             43
              7             43
              8             44
              9             43
             10             43
             11             43
             12             44
             13             43
             14             42
             15             43
             16             43
                            startmag_type = 2
                       charge from rho_at = 18.9734
                         charge should be = 19
                            startmag_type = 2
                       charge from rho_at = 4.99741
                         charge should be = 5
 Warning: negative or imaginary starting charge :  neg = -0.00138191 ima = 1.43943e-09 SPIN = 0
 Warning: negative or imaginary starting charge :  neg = -0.00138191 ima = 1.43943e-09 SPIN = 1

 SETUP ATOMIC RHO FOR SPIN 1
                 Electron number from rho = 613

 SETUP ATOMIC RHO FOR SPIN 2
                 Electron number from rho = 613
           total electron number from rho = 1226
                                should be = 1226
                 charge before normalized = 1226
                  charge after normalized = 1226
                 charge before normalized = 1226.00000266027
                  charge after normalized = 1225.99999999998
                 charge before normalized = 1226.00000269105
                  charge after normalized = 1226.00000000001
                 charge before normalized = 1226.0000021262
                  charge after normalized = 1226
                 charge before normalized = 1226.00000265021
                  charge after normalized = 1226
                 charge before normalized = 1226.00000270816
                  charge after normalized = 1225.99999999998
                 charge before normalized = 1226.00000268357
                  charge after normalized = 1226
                 charge before normalized = 1226.00000263342
                  charge after normalized = 1226.00000000002
                 charge before normalized = 1226.00000268375
                  charge after normalized = 1226
                 charge before normalized = 1226.000002648
                  charge after normalized = 1226.00000000001
                 charge before normalized = 1226.00000265484
                  charge after normalized = 1225.99999999999
                 charge before normalized = 1226.00000267329
                  charge after normalized = 1226
                 charge before normalized = 1226.0000026759
                  charge after normalized = 1226
                 charge before normalized = 1226.00000267743
                  charge after normalized = 1226
                 charge before normalized = 1226.00000267299
                  charge after normalized = 1226
                 charge before normalized = 1226.000002672
                  charge after normalized = 1225.99999999999
                 charge before normalized = 1226.00000267131
                  charge after normalized = 1226
                 charge before normalized = 1226.00000267127
                  charge after normalized = 1226.00000000001
                 charge before normalized = 1226.00000267049
                  charge after normalized = 1225.99999999999
                 charge before normalized = 1226.00000267028
                  charge after normalized = 1225.99999999998
                 charge before normalized = 1226.0000026701
                  charge after normalized = 1226
                 charge before normalized = 1226.00000266984
                  charge after normalized = 1226.00000000001
                 charge before normalized = 1226.00000266958
                  charge after normalized = 1226
                 charge before normalized = 1226.0000026696
                  charge after normalized = 1226
                 charge before normalized = 1226.00000266968
                  charge after normalized = 1226
                 charge before normalized = 1226.0000026695
                  charge after normalized = 1226
