 In SCAN_BEGIN, can't find: LATTICE_PARAMETERS block.
 AUTO_SET NBANDS to 0
 AUTO_SET NBANDS to 731
      Processor           Atom
              1             19
              2             20
              3             21
              4             20
              5             19
              6             20
              7             21
              8             20
              9             20
             10             20
             11             21
             12             20
             13             19
             14             20
             15             21
             16             20
                            startmag_type = 2
                       charge from rho_at = 0.997867
                         charge should be = 1
                            startmag_type = 2
                       charge from rho_at = 18.9775
                         charge should be = 19
 Warning: negative or imaginary starting charge :  neg = -0.000839085 ima = 8.47297e-08 SPIN = 0
 Warning: negative or imaginary starting charge :  neg = -0.000839085 ima = 8.47297e-08 SPIN = 1

 SETUP ATOMIC RHO FOR SPIN 1
                 Electron number from rho = 609

 SETUP ATOMIC RHO FOR SPIN 2
                 Electron number from rho = 609
           total electron number from rho = 1218
                                should be = 1218
                 charge before normalized = 1218
                  charge after normalized = 1218
                 charge before normalized = 1217.99999538029
                  charge after normalized = 1218
                 charge before normalized = 1217.99999524803
                  charge after normalized = 1218.00000000001
                 charge before normalized = 1217.99999483313
                  charge after normalized = 1218.00000000001
                 charge before normalized = 1217.99999483525
                  charge after normalized = 1218.00000000001
                 charge before normalized = 1217.9999949418
                  charge after normalized = 1218
                 charge before normalized = 1217.99999493644
                  charge after normalized = 1217.99999999999
                 charge before normalized = 1217.99999495535
                  charge after normalized = 1218.00000000001
                 charge before normalized = 1217.99999496317
                  charge after normalized = 1218
                 charge before normalized = 1217.99999495851
                  charge after normalized = 1218.00000000001
                 charge before normalized = 1217.99999495775
                  charge after normalized = 1218.00000000001
                 charge before normalized = 1217.99999495577
                  charge after normalized = 1218
                 charge before normalized = 1217.99999495513
                  charge after normalized = 1218
                 charge before normalized = 1217.99999495554
                  charge after normalized = 1218
                 charge before normalized = 1217.99999495546
                  charge after normalized = 1217.99999999999
                 charge before normalized = 1217.99999495553
                  charge after normalized = 1218.00000000001
                 charge before normalized = 1217.99999495548
                  charge after normalized = 1217.99999999999
                 charge before normalized = 1217.99999495546
                  charge after normalized = 1217.99999999999
                 charge before normalized = 1217.99999495534
                  charge after normalized = 1218
                 charge before normalized = 1217.99999495534
                  charge after normalized = 1218
                 charge before normalized = 1217.99999495534
                  charge after normalized = 1218
