MINMODE:METHOD: Dimer
DIM:CONTROL: Search Parameters:
DIM:CONTROL: ------------------
DIM:CONTROL: eigenmode_method = dimer
DIM:CONTROL: f_rot_min = 0.1
DIM:CONTROL: f_rot_max = 1.0
DIM:CONTROL: max_num_rot = 1
DIM:CONTROL: trial_angle = 0.7853981633974483
DIM:CONTROL: trial_trans_step = 0.001
DIM:CONTROL: maximum_translation = 0.1
DIM:CONTROL: cg_translation = True
DIM:CONTROL: use_central_forces = True
DIM:CONTROL: dimer_separation = 0.0001
DIM:CONTROL: initial_eigenmode_method = displacement
DIM:CONTROL: extrapolate_forces = False
DIM:CONTROL: displacement_method = vector
DIM:CONTROL: gauss_std = 0.1
DIM:CONTROL: order = 1
DIM:CONTROL: mask = [True, True, False, False, False, False, False, False, False, False, False, False, False, False, False, False, False, False, True, True, True, True, True, True, True, True, True, True, True, True, True, True, True, True, True, True, True, True, True, True, True, True, True, True, True, True, True, True, True, True, True, True, True, True, True, True, True, True, True, True, True, True, True, True, True, True]
DIM:CONTROL: displacement_center = None
DIM:CONTROL: displacement_radius = None
DIM:CONTROL: number_of_displacement_atoms = None
DIM:CONTROL: ------------------
DIM:ROT: OPT-STEP ROT-STEP CURVATURE ROT-ANGLE ROT-FORCE
MINMODE:DISP:       0      0.00550977      0.00242855     -0.00440285
MINMODE:DISP:       1      0.00066952      0.00178389      0.00613400
MINMODE:DISP:       2      0.00000000      0.00000000      0.00000000
MINMODE:DISP:       3      0.00000000      0.00000000      0.00000000
MINMODE:DISP:       4      0.00000000      0.00000000      0.00000000
MINMODE:DISP:       5      0.00000000      0.00000000      0.00000000
MINMODE:DISP:       6      0.00000000      0.00000000      0.00000000
MINMODE:DISP:       7      0.00000000      0.00000000      0.00000000
MINMODE:DISP:       8      0.00000000      0.00000000      0.00000000
MINMODE:DISP:       9      0.00000000      0.00000000      0.00000000
MINMODE:DISP:      10      0.00000000      0.00000000      0.00000000
MINMODE:DISP:      11      0.00000000      0.00000000      0.00000000
MINMODE:DISP:      12      0.00000000      0.00000000      0.00000000
MINMODE:DISP:      13      0.00000000      0.00000000      0.00000000
MINMODE:DISP:      14      0.00000000      0.00000000      0.00000000
MINMODE:DISP:      15      0.00000000      0.00000000      0.00000000
MINMODE:DISP:      16      0.00000000      0.00000000      0.00000000
MINMODE:DISP:      17      0.00000000      0.00000000      0.00000000
MINMODE:DISP:      18      0.00001999      0.00002825     -0.00000656
MINMODE:DISP:      19     -0.00001722     -0.00000094     -0.00001456
MINMODE:DISP:      20      0.00000392     -0.00002237     -0.00000811
MINMODE:DISP:      21     -0.00000238     -0.00002224      0.00003822
MINMODE:DISP:      22     -0.00000900     -0.00000945      0.00004068
MINMODE:DISP:      23     -0.00001169     -0.00002976      0.00002490
MINMODE:DISP:      24     -0.00003949      0.00000149     -0.00001955
MINMODE:DISP:      25      0.00001222     -0.00003451     -0.00003244
MINMODE:DISP:      26     -0.00001268      0.00009948      0.00004743
MINMODE:DISP:      27     -0.00003591     -0.00009383      0.00001693
MINMODE:DISP:      28     -0.00000700      0.00006946     -0.00001792
MINMODE:DISP:      29     -0.00000195     -0.00002712      0.00000764
MINMODE:DISP:      30      0.00004523      0.00003375     -0.00000634
MINMODE:DISP:      31     -0.00001846     -0.00004961     -0.00004571
MINMODE:DISP:      32      0.00001680      0.00000310     -0.00001207
MINMODE:DISP:      33      0.00002292     -0.00012877      0.00000570
MINMODE:DISP:      34      0.00000248      0.00000843     -0.00001436
MINMODE:DISP:      35      0.00004897      0.00005646      0.00006919
MINMODE:DISP:      36      0.00003123      0.00010413      0.00002015
MINMODE:DISP:      37     -0.00005156     -0.00003425      0.00002529
MINMODE:DISP:      38      0.00001492     -0.00001276      0.00001889
MINMODE:DISP:      39      0.00000457      0.00002025     -0.00003269
MINMODE:DISP:      40     -0.00002204      0.00003583     -0.00000681
MINMODE:DISP:      41      0.00000427     -0.00019119     -0.00017193
MINMODE:DISP:      42     -0.00000464      0.00014141      0.00005088
MINMODE:DISP:      43     -0.00003209     -0.00011146      0.00002724
MINMODE:DISP:      44     -0.00000324      0.00005140      0.00002223
MINMODE:DISP:      45     -0.00000093      0.00013018     -0.00005976
MINMODE:DISP:      46      0.00004168      0.00005263      0.00009611
MINMODE:DISP:      47      0.00004143     -0.00008459      0.00003835
MINMODE:DISP:      48     -0.00000277     -0.00007484      0.00003631
MINMODE:DISP:      49     -0.00005384     -0.00020761      0.00004614
MINMODE:DISP:      50      0.00027587      0.00011081      0.00029525
MINMODE:DISP:      51     -0.00006916      0.00010694     -0.00004472
MINMODE:DISP:      52      0.00023307      0.00017011      0.00015418
MINMODE:DISP:      53     -0.00009211     -0.00000927     -0.00002899
MINMODE:DISP:      54      0.00006371      0.00001977      0.00012225
MINMODE:DISP:      55      0.00009755     -0.00000245      0.00005850
MINMODE:DISP:      56      0.00002081     -0.00000393      0.00000132
MINMODE:DISP:      57     -0.00006905     -0.00020800     -0.00003473
MINMODE:DISP:      58     -0.00001407     -0.00006468     -0.00002721
MINMODE:DISP:      59      0.00005707     -0.00000523      0.00001713
MINMODE:DISP:      60      0.00004436      0.00001720      0.00002825
MINMODE:DISP:      61     -0.00013307     -0.00043064      0.00015681
MINMODE:DISP:      62      0.00017488     -0.00026729     -0.00037759
MINMODE:DISP:      63     -0.00067506      0.00032109     -0.00009829
MINMODE:DISP:      64     -0.00014428     -0.00088619     -0.00002449
MINMODE:DISP:      65     -0.00018699     -0.00016424      0.00068791
MinModeTranslate: STEP      TIME          ENERGY    MAX-FORCE     STEPSIZE    CURVATURE  ROT-STEPS
DIM:ROT:       0         1   -8.0525   17.6932    5.5319
MinModeTranslate:    0  22:46:36  -211834.281044       1.0313     --------    -8.052547          1
MinModeTranslate:    0  22:54:51  -211834.281044       1.0313     0.084703    -8.052547          1
DIM:ROT:       1         1   84.8828   55.7238  132.4114
MinModeTranslate:    1  23:10:27  -211834.333183       0.1169     --------    84.882819          1
MinModeTranslate:    1  23:15:19  -211834.333183       0.1169     0.100000    84.882819          1
DIM:ROT:       2         1   -9.0907   39.5467   12.8904
MinModeTranslate:    2  23:28:21  -211834.312105       0.7721     --------    -9.090661          1
MinModeTranslate:    2  23:37:02  -211834.312105       0.7721     0.035691    -9.090661          1
DIM:ROT:       3         1   -9.7544   38.6719   16.2861
MinModeTranslate:    3  23:49:50  -211834.307485       0.7426     --------    -9.754356          1
MinModeTranslate:    3  23:58:18  -211834.307485       0.7426     0.100000    -9.754356          1
DIM:ROT:       4         1  -11.0733   38.4957   16.3620
MinModeTranslate:    4  00:10:26  -211834.376624       0.7939     --------   -11.073272          1
MinModeTranslate:    4  00:18:30  -211834.376624       0.7939     0.100000   -11.073272          1
DIM:ROT:       5         1  -12.6911   36.0848   14.7997
MinModeTranslate:    5  00:30:52  -211834.443742       0.6798     --------   -12.691094          1
MinModeTranslate:    5  00:39:07  -211834.443742       0.6798     0.077814   -12.691094          1
DIM:ROT:       6         1  -10.5655   25.2282   14.0379
MinModeTranslate:    6  00:50:47  -211834.462982       0.5164     --------   -10.565505          1
MinModeTranslate:    6  00:58:33  -211834.462982       0.5164     0.100000   -10.565505          1
DIM:ROT:       7         1  -13.5610   27.5647   14.1212
MinModeTranslate:    7  01:11:09  -211834.497177       0.4258     --------   -13.561010          1
MinModeTranslate:    7  01:19:32  -211834.497177       0.4258     0.100000   -13.561010          1
DIM:ROT:       8         1  -14.6536   21.3178   12.4462
MinModeTranslate:    8  01:31:52  -211834.550405       0.5809     --------   -14.653611          1
MinModeTranslate:    8  01:40:07  -211834.550405       0.5809     0.100000   -14.653611          1
DIM:ROT:       9         1  -17.1378   18.9237   11.9716
MinModeTranslate:    9  01:51:46  -211834.594362       0.6202     --------   -17.137767          1
MinModeTranslate:    9  01:59:32  -211834.594362       0.6202     0.100000   -17.137767          1
DIM:ROT:      10         1  -12.5878   15.6961    9.9747
MinModeTranslate:   10  02:11:52  -211834.623338       0.3165     --------   -12.587760          1
MinModeTranslate:   10  02:20:06  -211834.623338       0.3165     0.100000   -12.587760          1
DIM:ROT:      11         1  -13.5000   13.8711    8.0590
MinModeTranslate:   11  02:32:27  -211834.663387       0.5170     --------   -13.499983          1
MinModeTranslate:   11  02:40:41  -211834.663387       0.5170     0.100000   -13.499983          1
DIM:ROT:      12         1  -12.4294   16.3520    9.5854
MinModeTranslate:   12  02:53:55  -211834.714477       0.5524     --------   -12.429449          1
MinModeTranslate:   12  03:02:45  -211834.714477       0.5524     0.091542   -12.429449          1
DIM:ROT:      13         1  -13.4351   17.5593    8.8966
MinModeTranslate:   13  03:16:39  -211834.743351       0.4426     --------   -13.435098          1
MinModeTranslate:   13  03:25:56  -211834.743351       0.4426     0.100000   -13.435098          1
DIM:ROT:      14         1  -16.7504   16.2139   11.0661
MinModeTranslate:   14  03:40:06  -211834.795730       0.5623     --------   -16.750380          1
MinModeTranslate:   14  03:49:33  -211834.795730       0.5623     0.100000   -16.750380          1
DIM:ROT:      15         1  -17.5864   15.7584   10.3206
MinModeTranslate:   15  04:03:14  -211834.850974       0.6471     --------   -17.586435          1
MinModeTranslate:   15  04:12:23  -211834.850974       0.6471     0.100000   -17.586435          1
DIM:ROT:      16         1  -13.3344   14.9433    9.1351
MinModeTranslate:   16  04:25:24  -211834.875371       0.3884     --------   -13.334418          1
MinModeTranslate:   16  04:34:05  -211834.875371       0.3884     0.087264   -13.334418          1
DIM:ROT:      17         1  -10.2044   13.8563    6.3484
MinModeTranslate:   17  04:45:58  -211834.904991       0.3440     --------   -10.204389          1
MinModeTranslate:   17  04:53:52  -211834.904991       0.3440     0.100000   -10.204389          1
DIM:ROT:      18         1  -10.0403   12.7443    6.3152
MinModeTranslate:   18  05:05:44  -211834.927273       0.2176     --------   -10.040261          1
MinModeTranslate:   18  05:13:39  -211834.927273       0.2176     0.045920   -10.040261          1
DIM:ROT:      19         1  -19.0593   34.2790   14.3735
MinModeTranslate:   19  05:25:32  -211834.936910       0.2519     --------   -19.059338          1
MinModeTranslate:   19  05:33:28  -211834.936910       0.2519     0.035759   -19.059338          1
DIM:ROT:      20         1  -13.4509   31.1943   14.1594
MinModeTranslate:   20  05:44:54  -211834.941243       0.1399     --------   -13.450933          1
MinModeTranslate:   20  05:52:32  -211834.941243       0.1399     0.042979   -13.450933          1
DIM:ROT:      21         1  -16.2770   31.0874   13.6128
MinModeTranslate:   21  06:05:06  -211834.946457       0.1155     --------   -16.277046          1
MinModeTranslate:   21  06:13:28  -211834.946457       0.1155     0.022021   -16.277046          1
DIM:ROT:      22         1  -14.5586   29.8194   14.4190
MinModeTranslate:   22  06:26:02  -211834.948739       0.1310     --------   -14.558618          1
MinModeTranslate:   22  06:34:29  -211834.948739       0.1310     0.022102   -14.558618          1
DIM:ROT:      23         1  -13.5412   27.2476   14.9027
MinModeTranslate:   23  06:47:17  -211834.950221       0.0733     --------   -13.541205          1
MinModeTranslate:   23  06:55:48  -211834.950221       0.0733     0.020430   -13.541205          1
DIM:ROT:      24         1  -13.9399   22.4084   10.3227
MinModeTranslate:   24  07:08:49  -211834.951149       0.0892     --------   -13.939941          1
MinModeTranslate:   24  07:17:31  -211834.951149       0.0892     0.020344   -13.939941          1
DIM:ROT:      25         1  -12.8916   21.1332   11.3693
MinModeTranslate:   25  07:30:30  -211834.952003       0.0615     --------   -12.891613          1
MinModeTranslate:   25  07:39:10  -211834.952003       0.0615     0.014471   -12.891613          1
DIM:ROT:      26         1  -14.6755   21.6215   11.2650
MinModeTranslate:   26  07:51:58  -211834.952698       0.0487     --------   -14.675472          1

===== Dimer Calculation Done at Sat Sep 21 07:56:25 CST 2024! =====
