                                                                                     
                              ABACUS v3.3.4

               Atomic-orbital Based Ab-initio Computation at UStc                    

                     Website: http://abacus.ustc.edu.cn/                             
               Documentation: https://abacus.deepmodeling.com/                       
                  Repository: https://github.com/abacusmodeling/abacus-develop       
                              https://github.com/deepmodeling/abacus-develop         
                      Commit: unknown

 Fri Sep 22 07:40:33 2023
 MAKE THE DIR         : OUT.ABACUS/

%%%%%%%%%%%%%%%%%%%%%%%%%%%%%%%%%%%%%%%%%%%%%%%%%%%%%%%%%%%%%%%%%%%%%%%%%%%%%%%%%%%%%%%%%%%%%%%%%%%%%%%%%
 Warning: the number of valence electrons in pseudopotential > 1 for Li: [He] 2s1
 Pseudopotentials with additional electrons can yield (more) accurate outcomes, but may be less efficient.
 If you're confident that your chosen pseudopotential is appropriate, you can safely ignore this warning.
%%%%%%%%%%%%%%%%%%%%%%%%%%%%%%%%%%%%%%%%%%%%%%%%%%%%%%%%%%%%%%%%%%%%%%%%%%%%%%%%%%%%%%%%%%%%%%%%%%%%%%%%%

 UNIFORM GRID DIM     : 135 * 135 * 135
 UNIFORM GRID DIM(BIG): 45 * 45 * 45
 DONE(0.285787   SEC) : SETUP UNITCELL
 DONE(0.31808    SEC) : SYMMETRY
 DONE(0.409232   SEC) : INIT K-POINTS
 ---------------------------------------------------------
 Self-consistent calculations for electrons
 ---------------------------------------------------------
 SPIN    KPOINTS         PROCESSORS  NBASE       
 1       4               1           839         
 ---------------------------------------------------------
 Use Systematically Improvable Atomic bases
 ---------------------------------------------------------
 ELEMENT ORBITALS        NBASE       NATOM       XC          
 Li      4s1p-8au        7           1           
 Si      2s2p1d-8au      13          64          
 ---------------------------------------------------------
 Initial plane wave basis and FFT box
 ---------------------------------------------------------
 DONE(0.462899   SEC) : INIT PLANEWAVE
 -------------------------------------------
 SELF-CONSISTENT : 
 -------------------------------------------
 START CHARGE      : atomic
 DONE(2.24009    SEC) : INIT SCF
 ITER   ETOT(eV)       EDIFF(eV)      DRHO       TIME(s)    
 GE1    -7.054904e+03  0.000000e+00   1.465e-01  5.306e+00  
 GE2    -7.052003e+03  2.901724e+00   1.138e-01  4.057e+00  
 GE3    -7.052606e+03  -6.033467e-01  1.178e-02  3.926e+00  
 GE4    -7.052595e+03  1.141550e-02   8.127e-03  4.060e+00  
 GE5    -7.052603e+03  -7.841629e-03  2.097e-03  4.051e+00  
 GE6    -7.052603e+03  -8.849603e-04  4.444e-04  4.002e+00  
 GE7    -7.052604e+03  -1.564059e-04  1.907e-04  3.937e+00  
 GE8    -7.052604e+03  -1.037459e-05  6.006e-05  3.977e+00  
 GE9    -7.052604e+03  -9.742774e-07  1.941e-05  4.031e+00  
 GE10   -7.052604e+03  -1.366603e-07  6.202e-06  3.893e+00  
 GE11   -7.052604e+03  2.156224e-09   3.847e-06  4.078e+00  
 GE12   -7.052604e+03  -2.836811e-09  1.702e-06  4.061e+00  
 GE13   -7.052604e+03  2.088165e-10   8.972e-07  4.050e+00  
 ><><><><><><><><><><><><><><><><><><><><><><
 TOTAL-STRESS (KBAR):
 ><><><><><><><><><><><><><><><><><><><><><><
 3.193e+01      2.948e-03      2.948e-03      
 2.948e-03      3.193e+01      2.948e-03      
 2.948e-03      2.948e-03      3.193e+01      
 TOTAL-PRESSURE: 3.193e+01 KBAR

  |CLASS_NAME---------|NAME---------------|TIME(Sec)-----|CALLS----|AVG------|PER%-------
                       total               63.883         11        5.8       1e+02     %
   Driver              driver_line         63.877         1         64        1e+02     %
   mymath              heapsort            0.16007        2777      5.8e-05   0.25      %
   PW_Basis            setup_struc_factor  0.30163        1         0.3       0.47      %
   Ions                opt_ions            62.932         1         63        99        %
   ESolver_KS_LCAO     Run                 54.742         1         55        86        %
   ESolver_KS_LCAO     beforescf           1.3002         1         1.3       2         %
   ESolver_KS_LCAO     beforesolver        0.35159        1         0.35      0.55      %
   ESolver_KS_LCAO     set_matrix_grid     0.34503        1         0.35      0.54      %
   Grid_Technique      init                0.29363        1         0.29      0.46      %
   PW_Basis            recip2real          3.2883         75        0.044     5.1       %
   PW_Basis            gathers_scatterp    0.42887        75        0.0057    0.67      %
   Potential           init_pot            0.6761         1         0.68      1.1       %
   Potential           update_from_charge  8.3983         14        0.6       13        %
   Potential           cal_v_eff           8.3359         14        0.6       13        %
   H_Hartree_pw        v_hartree           1.3985         14        0.1       2.2       %
   PW_Basis            real2recip          3.6266         116       0.031     5.7       %
   PW_Basis            gatherp_scatters    0.31592        116       0.0027    0.49      %
   PotXC               cal_v_eff           6.8378         14        0.49      11        %
   XC_Functional       v_xc                6.8019         14        0.49      11        %
   Symmetry            rho_symmetry        1.0887         14        0.078     1.7       %
   HSolverLCAO         solve               42.412         13        3.3       66        %
   HamiltLCAO          updateHk            14.939         52        0.29      23        %
   OperatorLCAO        init                13.579         104       0.13      21        %
   Veff                contributeHk        13.552         52        0.26      21        %
   Gint_interface      cal_gint            29.427         27        1.1       46        %
   Gint_interface      cal_gint_vlocal     12.673         13        0.97      20        %
   Gint_Tools          cal_psir_ylm        3.48           148096    2.3e-05   5.4       %
   Gint_k              folding_vl_k        0.87844        52        0.017     1.4       %
   Gint_k              Distri              0.73788        52        0.014     1.2       %
   Overlap             contributeHR        0.34084        1         0.34      0.53      %
   LCAO_gen_fixedH     calculate_S_no      0.34084        1         0.34      0.53      %
   Ekin<LCAO>          contributeHR        0.32797        1         0.33      0.51      %
   Nonlocal<LCAO>      contributeHR        0.33044        1         0.33      0.52      %
   LCAO_gen_fixedH     b_NL_mu_new         0.98219        2         0.49      1.5       %
   OperatorLCAO        folding_fixed       0.35982        52        0.0069    0.56      %
   LCAO_nnr            folding_fixedH      0.24174        52        0.0046    0.38      %
   HSolverLCAO         hamiltSolvePsiK     13.703         52        0.26      21        %
   DiagoElpa           elpa_solve          13.535         52        0.26      21        %
   ElecStateLCAO       psiToRho            13.769         13        1.1       22        %
   elecstate           cal_dm              0.40268        14        0.029     0.63      %
   psiMulPsiMpi        pdgemm              0.30001        56        0.0054    0.47      %
   LCAO_Charge         cal_dk_k            0.31092        13        0.024     0.49      %
   Gint_interface      cal_gint_rho        12.795         13        0.98      20        %
   Charge              mix_rho             0.52028        12        0.043     0.81      %
   Charge              Pulay_mixing        0.44224        12        0.037     0.69      %
   Force_Stress_LCAO   getForceStress      8.1896         1         8.2       13        %
   Forces              cal_force_loc       0.1574         1         0.16      0.25      %
   Forces              cal_force_ew        0.12278        1         0.12      0.19      %
   Forces              cal_force_scc       0.14108        1         0.14      0.22      %
   Stress_Func         stress_gga          0.30785        1         0.31      0.48      %
   Force_LCAO_k        ftable_k            7.2543         1         7.3       11        %
   Force_LCAO_k        allocate_k          1.3937         1         1.4       2.2       %
   Force_LCAO_k        cal_fvl_dphi_k      3.9583         1         4         6.2       %
   Gint_interface      cal_gint_force      3.9583         1         4         6.2       %
   Gint_Tools          cal_dpsir_ylm       1.9653         5696      0.00035   3.1       %
   Gint_Tools          cal_dpsirr_ylm      0.13159        5696      2.3e-05   0.21      %
   Force_LCAO_k        cal_fvnl_dbeta_k_new1.8113         1         1.8       2.8       %
 ----------------------------------------------------------------------------------------

 START  Time  : Fri Sep 22 07:40:33 2023
 FINISH Time  : Fri Sep 22 07:41:37 2023
 TOTAL  Time  : 64
 SEE INFORMATION IN : OUT.ABACUS/
