 In SCAN_BEGIN, can't find: LATTICE_PARAMETERS block.
 AUTO_SET NBANDS to 0
 AUTO_SET NBANDS to 736
      Processor           Atom
              1             44
              2             43
              3             46
              4             46
              5             45
              6             43
              7             44
              8             45
              9             42
             10             43
             11             42
             12             45
             13             42
             14             42
             15             43
             16             43
                            startmag_type = 2
                       charge from rho_at = 18.9734
                         charge should be = 19
                            startmag_type = 2
                       charge from rho_at = 4.99741
                         charge should be = 5
 Warning: negative or imaginary starting charge :  neg = -0.00138105 ima = 1.49063e-09 SPIN = 0
 Warning: negative or imaginary starting charge :  neg = -0.00138105 ima = 1.49063e-09 SPIN = 1

 SETUP ATOMIC RHO FOR SPIN 1
                 Electron number from rho = 613

 SETUP ATOMIC RHO FOR SPIN 2
                 Electron number from rho = 613
           total electron number from rho = 1226
                                should be = 1226
                 charge before normalized = 1226
                  charge after normalized = 1226
                 charge before normalized = 1226.00000326075
                  charge after normalized = 1225.99999999999
                 charge before normalized = 1226.00000329483
                  charge after normalized = 1226
                 charge before normalized = 1226.00000322111
                  charge after normalized = 1226.00000000001
                 charge before normalized = 1226.00000309024
                  charge after normalized = 1226
                 charge before normalized = 1226.00000322024
                  charge after normalized = 1226
                 charge before normalized = 1226.00000322415
                  charge after normalized = 1226
                 charge before normalized = 1226.00000321801
                  charge after normalized = 1226
                 charge before normalized = 1226.00000321888
                  charge after normalized = 1226.00000000001
                 charge before normalized = 1226.00000321789
                  charge after normalized = 1226.00000000001
                 charge before normalized = 1226.00000321855
                  charge after normalized = 1225.99999999999
                 charge before normalized = 1226.00000321892
                  charge after normalized = 1225.99999999998
                 charge before normalized = 1226.00000321919
                  charge after normalized = 1225.99999999999
                 charge before normalized = 1226.00000321895
                  charge after normalized = 1226
                 charge before normalized = 1226.00000321822
                  charge after normalized = 1225.99999999999
                 charge before normalized = 1226.00000321759
                  charge after normalized = 1225.99999999999
                 charge before normalized = 1226.00000321691
                  charge after normalized = 1225.99999999999
                 charge before normalized = 1226.0000032166
                  charge after normalized = 1226
                 charge before normalized = 1226.00000321636
                  charge after normalized = 1226
                 charge before normalized = 1226.00000321616
                  charge after normalized = 1226.00000000001
                 charge before normalized = 1226.00000321618
                  charge after normalized = 1226
                 charge before normalized = 1226.00000321604
                  charge after normalized = 1226
