 In SCAN_BEGIN, can't find: LATTICE_PARAMETERS block.
 AUTO_SET NBANDS to 0
 AUTO_SET NBANDS to 736
      Processor           Atom
              1             44
              2             43
              3             45
              4             46
              5             45
              6             45
              7             44
              8             45
              9             43
             10             42
             11             44
             12             45
             13             42
             14             42
             15             43
             16             42
                            startmag_type = 2
                       charge from rho_at = 18.9734
                         charge should be = 19
                            startmag_type = 2
                       charge from rho_at = 4.99741
                         charge should be = 5
 Warning: negative or imaginary starting charge :  neg = -0.00133681 ima = 9.14248e-10 SPIN = 0
 Warning: negative or imaginary starting charge :  neg = -0.00133681 ima = 9.14248e-10 SPIN = 1

 SETUP ATOMIC RHO FOR SPIN 1
                 Electron number from rho = 613

 SETUP ATOMIC RHO FOR SPIN 2
                 Electron number from rho = 613
           total electron number from rho = 1226
                                should be = 1226
                 charge before normalized = 1226
                  charge after normalized = 1226
                 charge before normalized = 1226.00000138559
                  charge after normalized = 1226
                 charge before normalized = 1226.00000145386
                  charge after normalized = 1226
                 charge before normalized = 1226.00000143622
                  charge after normalized = 1226
                 charge before normalized = 1226.00000138091
                  charge after normalized = 1226.00000000001
                 charge before normalized = 1226.00000144721
                  charge after normalized = 1226
                 charge before normalized = 1226.00000142235
                  charge after normalized = 1225.99999999999
                 charge before normalized = 1226.00000142942
                  charge after normalized = 1226.00000000002
                 charge before normalized = 1226.00000142486
                  charge after normalized = 1226
                 charge before normalized = 1226.00000143218
                  charge after normalized = 1226
                 charge before normalized = 1226.00000142999
                  charge after normalized = 1226
                 charge before normalized = 1226.00000143381
                  charge after normalized = 1226.00000000001
                 charge before normalized = 1226.00000143351
                  charge after normalized = 1225.99999999999
                 charge before normalized = 1226.0000014331
                  charge after normalized = 1226.00000000001
                 charge before normalized = 1226.00000143238
                  charge after normalized = 1226
                 charge before normalized = 1226.00000143107
                  charge after normalized = 1226
                 charge before normalized = 1226.00000143053
                  charge after normalized = 1226
                 charge before normalized = 1226.00000143002
                  charge after normalized = 1226.00000000001
                 charge before normalized = 1226.00000142993
                  charge after normalized = 1226.00000000001
                 charge before normalized = 1226.00000142984
                  charge after normalized = 1226
                 charge before normalized = 1226.00000142977
                  charge after normalized = 1226.00000000001
                 charge before normalized = 1226.00000142975
                  charge after normalized = 1226.00000000002
