 In SCAN_BEGIN, can't find: LATTICE_PARAMETERS block.
 AUTO_SET NBANDS to 0
 AUTO_SET NBANDS to 698
      Processor           Atom
              1             24
              2             23
              3             24
              4             23
              5             23
              6             23
              7             23
              8             23
              9             23
             10             23
             11             23
             12             23
             13             23
             14             23
             15             23
             16             23
                            startmag_type = 2
                       charge from rho_at = 3.99303
                         charge should be = 4
                            startmag_type = 2
                       charge from rho_at = 5.99905
                         charge should be = 6
                            startmag_type = 2
                       charge from rho_at = 17.9731
                         charge should be = 18
 Warning: negative or imaginary starting charge :  neg = -0.000972439 ima = 1.5817e-07 SPIN = 0
 Warning: negative or imaginary starting charge :  neg = -0.000972439 ima = 1.5817e-07 SPIN = 1

 SETUP ATOMIC RHO FOR SPIN 1
                 Electron number from rho = 581

 SETUP ATOMIC RHO FOR SPIN 2
                 Electron number from rho = 581
           total electron number from rho = 1162
                                should be = 1162
                 charge before normalized = 1162
                  charge after normalized = 1162
                 charge before normalized = 1161.99999960997
                  charge after normalized = 1162
                 charge before normalized = 1161.99999944021
                  charge after normalized = 1161.99999999999
                 charge before normalized = 1161.99999924856
                  charge after normalized = 1162
                 charge before normalized = 1161.99999924762
                  charge after normalized = 1162.00000000001
                 charge before normalized = 1161.999999278
                  charge after normalized = 1162
                 charge before normalized = 1161.9999992678
                  charge after normalized = 1162
                 charge before normalized = 1161.99999923655
                  charge after normalized = 1162
                 charge before normalized = 1161.99999919767
                  charge after normalized = 1162
                 charge before normalized = 1161.99999918585
                  charge after normalized = 1161.99999999999
                 charge before normalized = 1161.99999918587
                  charge after normalized = 1162
                 charge before normalized = 1161.99999918037
                  charge after normalized = 1161.99999999999
                 charge before normalized = 1161.99999917739
                  charge after normalized = 1162
                 charge before normalized = 1161.99999917672
                  charge after normalized = 1161.99999999999
                 charge before normalized = 1161.99999917616
                  charge after normalized = 1162
                 charge before normalized = 1161.99999917379
                  charge after normalized = 1162
                 charge before normalized = 1161.99999917114
                  charge after normalized = 1162
                 charge before normalized = 1161.99999917012
                  charge after normalized = 1161.99999999999
                 charge before normalized = 1161.99999916981
                  charge after normalized = 1162
                 charge before normalized = 1161.99999916985
                  charge after normalized = 1162
                 charge before normalized = 1161.99999916918
                  charge after normalized = 1162.00000000001
                 charge before normalized = 1161.99999916872
                  charge after normalized = 1162.00000000001
                 charge before normalized = 1161.99999916867
                  charge after normalized = 1162
                 charge before normalized = 1161.99999916812
                  charge after normalized = 1162
                 charge before normalized = 1161.99999916791
                  charge after normalized = 1162.00000000001
                 charge before normalized = 1161.99999916783
                  charge after normalized = 1162
                 charge before normalized = 1161.99999916767
                  charge after normalized = 1162.00000000001
                 charge before normalized = 1161.99999916758
                  charge after normalized = 1162
                 charge before normalized = 1161.99999916753
                  charge after normalized = 1162
                 charge before normalized = 1161.99999916736
                  charge after normalized = 1162.00000000001
                 charge before normalized = 1161.9999991674
                  charge after normalized = 1162
                 charge before normalized = 1161.99999916732
                  charge after normalized = 1162
                 charge before normalized = 1161.99999916744
                  charge after normalized = 1162
                 charge before normalized = 1161.99999916724
                  charge after normalized = 1162
                 charge before normalized = 1161.99999916734
                  charge after normalized = 1162.00000000001
                 charge before normalized = 1161.99999916741
                  charge after normalized = 1161.99999999999
                 charge before normalized = 1161.99999916727
                  charge after normalized = 1162
                 charge before normalized = 1161.9999991673
                  charge after normalized = 1162
                 charge before normalized = 1161.99999916737
                  charge after normalized = 1162
                            startmag_type = 2
                       charge from rho_at = 3.99303358802097
                         charge should be = 4
                            startmag_type = 2
                       charge from rho_at = 5.99904704283839
                         charge should be = 6
                            startmag_type = 2
                       charge from rho_at = 17.9730965646447
                         charge should be = 18
 Warning: negative or imaginary starting charge :  neg = -0.000972438557206007 ima = 1.58170182329272e-07 SPIN = 0
 Warning: negative or imaginary starting charge :  neg = -0.000972438557206007 ima = 1.58170182329272e-07 SPIN = 1

 SETUP ATOMIC RHO FOR SPIN 1
                 Electron number from rho = 581.000000000002

 SETUP ATOMIC RHO FOR SPIN 2
                 Electron number from rho = 581.000000000002
           total electron number from rho = 1162
                                should be = 1162
