 In SCAN_BEGIN, can't find: LATTICE_PARAMETERS block.
 In SCAN_BEGIN, can't find: <PP_MESH block.
 In SCAN_BEGIN, can't find: <PP_MESH block.
 AUTO_SET NBANDS to 0
 AUTO_SET NBANDS to 157
      Processor           Atom
              1             30
                            startmag_type = 2
                       charge from rho_at = 2.88725
                         charge should be = 3
                            startmag_type = 2
                       charge from rho_at = 3.95377
                         charge should be = 4

 SETUP ATOMIC RHO FOR SPIN 1
                 Electron number from rho = 259
           total electron number from rho = 259
                                should be = 259
                 charge before normalized = 259
                  charge after normalized = 259
                 charge before normalized = 259.000000346344
                  charge after normalized = 259.000000000008
                 charge before normalized = 259.000000349157
                  charge after normalized = 259.000000000029
                 charge before normalized = 259.000000386865
                  charge after normalized = 258.999999999981
                 charge before normalized = 259.000000376482
                  charge after normalized = 258.999999999997
                 charge before normalized = 259.00000038175
                  charge after normalized = 258.999999999994
                 charge before normalized = 259.000000379132
                  charge after normalized = 258.999999999974
                 charge before normalized = 259.000000379607
                  charge after normalized = 259.000000000007
                 charge before normalized = 259.000000379269
                  charge after normalized = 259.000000000015
                 charge before normalized = 259.000000379354
                  charge after normalized = 259.000000000007
                 charge before normalized = 259.000000379368
                  charge after normalized = 259.000000000009
                 charge before normalized = 259.000000379331
                  charge after normalized = 258.999999999989
                 charge before normalized = 259.000000379393
                  charge after normalized = 258.999999999998
                 charge before normalized = 259.000000379417
                  charge after normalized = 258.999999999994
