 In SCAN_BEGIN, can't find: LATTICE_PARAMETERS block.
 AUTO_SET NBANDS to 0
 AUTO_SET NBANDS to 731
      Processor           Atom
              1             20
              2             20
              3             21
              4             20
              5             19
              6             20
              7             21
              8             20
              9             20
             10             20
             11             21
             12             20
             13             20
             14             20
             15             21
             16             20
                            startmag_type = 2
                       charge from rho_at = 0.997867
                         charge should be = 1
                            startmag_type = 2
                       charge from rho_at = 18.9775
                         charge should be = 19
 Warning: negative or imaginary starting charge :  neg = -0.000845128 ima = 9.89146e-08 SPIN = 0
 Warning: negative or imaginary starting charge :  neg = -0.000845128 ima = 9.89146e-08 SPIN = 1

 SETUP ATOMIC RHO FOR SPIN 1
                 Electron number from rho = 609

 SETUP ATOMIC RHO FOR SPIN 2
                 Electron number from rho = 609
           total electron number from rho = 1218
                                should be = 1218
                 charge before normalized = 1218
                  charge after normalized = 1218
                 charge before normalized = 1217.99999567449
                  charge after normalized = 1218
                 charge before normalized = 1217.99999555758
                  charge after normalized = 1218.00000000001
                 charge before normalized = 1217.99999526005
                  charge after normalized = 1218
                 charge before normalized = 1217.99999517303
                  charge after normalized = 1218
                 charge before normalized = 1217.999995297
                  charge after normalized = 1218.00000000001
                 charge before normalized = 1217.99999529123
                  charge after normalized = 1218
                 charge before normalized = 1217.9999953059
                  charge after normalized = 1218
                 charge before normalized = 1217.99999531705
                  charge after normalized = 1217.99999999999
                 charge before normalized = 1217.99999531169
                  charge after normalized = 1217.99999999999
                 charge before normalized = 1217.99999531235
                  charge after normalized = 1218.00000000001
                 charge before normalized = 1217.99999531015
                  charge after normalized = 1218.00000000001
                 charge before normalized = 1217.99999530959
                  charge after normalized = 1218
                 charge before normalized = 1217.99999531002
                  charge after normalized = 1218.00000000001
                 charge before normalized = 1217.99999530995
                  charge after normalized = 1218
                 charge before normalized = 1217.99999530997
                  charge after normalized = 1217.99999999999
                 charge before normalized = 1217.9999953099
                  charge after normalized = 1217.99999999999
                 charge before normalized = 1217.99999530987
                  charge after normalized = 1218
                 charge before normalized = 1217.99999530993
                  charge after normalized = 1218
                 charge before normalized = 1217.99999530983
                  charge after normalized = 1217.99999999999
                 charge before normalized = 1217.99999530995
                  charge after normalized = 1218
