 In SCAN_BEGIN, can't find: LATTICE_PARAMETERS block.
 AUTO_SET NBANDS to 0
 AUTO_SET NBANDS to 731
      Processor           Atom
              1             21
              2             20
              3             21
              4             20
              5             21
              6             21
              7             21
              8             21
              9             21
             10             22
             11             21
             12             22
             13             21
             14             21
             15             21
             16             20
                            startmag_type = 2
                       charge from rho_at = 0.997867
                         charge should be = 1
                            startmag_type = 2
                       charge from rho_at = 18.9775
                         charge should be = 19
 Warning: negative or imaginary starting charge :  neg = -0.000905902 ima = 1.75067e-07 SPIN = 0
 Warning: negative or imaginary starting charge :  neg = -0.000905902 ima = 1.75067e-07 SPIN = 1

 SETUP ATOMIC RHO FOR SPIN 1
                 Electron number from rho = 609

 SETUP ATOMIC RHO FOR SPIN 2
                 Electron number from rho = 609
           total electron number from rho = 1218
                                should be = 1218
                 charge before normalized = 1217.99999999999
                  charge after normalized = 1218
                 charge before normalized = 1217.9999966108
                  charge after normalized = 1217.99999999999
                 charge before normalized = 1217.99999653766
                  charge after normalized = 1217.99999999999
                 charge before normalized = 1217.99999695321
                  charge after normalized = 1218.00000000002
                 charge before normalized = 1217.99999655158
                  charge after normalized = 1218.00000000001
                 charge before normalized = 1217.99999656519
                  charge after normalized = 1218
                 charge before normalized = 1217.99999656641
                  charge after normalized = 1217.99999999999
                 charge before normalized = 1217.99999658226
                  charge after normalized = 1218
                 charge before normalized = 1217.99999658297
                  charge after normalized = 1217.99999999999
                 charge before normalized = 1217.99999658641
                  charge after normalized = 1218
                 charge before normalized = 1217.99999658672
                  charge after normalized = 1218.00000000001
                 charge before normalized = 1217.99999658748
                  charge after normalized = 1218
                 charge before normalized = 1217.99999658752
                  charge after normalized = 1218.00000000001
                 charge before normalized = 1217.99999658693
                  charge after normalized = 1218
                 charge before normalized = 1217.99999658782
                  charge after normalized = 1218
                 charge before normalized = 1217.99999658757
                  charge after normalized = 1218
                 charge before normalized = 1217.99999658764
                  charge after normalized = 1218
                 charge before normalized = 1217.99999658778
                  charge after normalized = 1218
                 charge before normalized = 1217.99999658772
                  charge after normalized = 1217.99999999999
