 In SCAN_BEGIN, can't find: LATTICE_PARAMETERS block.
 AUTO_SET NBANDS to 0
 AUTO_SET NBANDS to 731
      Processor           Atom
              1             21
              2             20
              3             21
              4             20
              5             20
              6             20
              7             21
              8             20
              9             21
             10             21
             11             21
             12             20
             13             20
             14             20
             15             21
             16             21
                            startmag_type = 2
                       charge from rho_at = 0.997867
                         charge should be = 1
                            startmag_type = 2
                       charge from rho_at = 18.9775
                         charge should be = 19
 Warning: negative or imaginary starting charge :  neg = -0.000868342 ima = 1.33238e-07 SPIN = 0
 Warning: negative or imaginary starting charge :  neg = -0.000868342 ima = 1.33238e-07 SPIN = 1

 SETUP ATOMIC RHO FOR SPIN 1
                 Electron number from rho = 609

 SETUP ATOMIC RHO FOR SPIN 2
                 Electron number from rho = 609
           total electron number from rho = 1218
                                should be = 1218
                 charge before normalized = 1218.00000000001
                  charge after normalized = 1218
                 charge before normalized = 1217.99999677737
                  charge after normalized = 1218
                 charge before normalized = 1217.99999672269
                  charge after normalized = 1217.99999999999
                 charge before normalized = 1217.99999677499
                  charge after normalized = 1218
                 charge before normalized = 1217.99999632367
                  charge after normalized = 1217.99999999999
                 charge before normalized = 1217.99999663997
                  charge after normalized = 1218
                 charge before normalized = 1217.99999663285
                  charge after normalized = 1218
                 charge before normalized = 1217.99999663761
                  charge after normalized = 1218
                 charge before normalized = 1217.99999664598
                  charge after normalized = 1218
                 charge before normalized = 1217.99999664613
                  charge after normalized = 1217.99999999999
                 charge before normalized = 1217.99999664571
                  charge after normalized = 1218.00000000001
                 charge before normalized = 1217.99999664562
                  charge after normalized = 1218.00000000001
                 charge before normalized = 1217.99999664557
                  charge after normalized = 1218
                 charge before normalized = 1217.999996646
                  charge after normalized = 1217.99999999999
                 charge before normalized = 1217.99999664588
                  charge after normalized = 1218
                 charge before normalized = 1217.99999664649
                  charge after normalized = 1217.99999999999
                 charge before normalized = 1217.99999664611
                  charge after normalized = 1217.99999999999
                 charge before normalized = 1217.99999664616
                  charge after normalized = 1218.00000000001
                 charge before normalized = 1217.99999664619
                  charge after normalized = 1218
                 charge before normalized = 1217.99999664618
                  charge after normalized = 1218
                 charge before normalized = 1217.99999664609
                  charge after normalized = 1218
