Loading mkl version 2023.0.0
Loading tbb version 2021.8.0
Loading compiler-rt version 2023.0.0
Loading mpi version 2021.8.0
Loading icc version 2023.0.0

Loading abacus/3.3.4-icc
  Loading requirement: tbb/latest compiler-rt/latest mkl/latest mpi/latest
    icc/latest
      Step     Time          Energy          fmax
FIRE:    0 20:33:22    -7073.123389         0.063117
FIRE:    1 20:33:45    -7073.123647         0.056372
FIRE:    2 20:34:10    -7073.123988         0.033684
      Step     Time          Energy          fmax
FIRE:    0 20:34:10    -7073.123988         0.033684
Dynamic NEB should be efficient in serial calculation
set parallel flag to False
----- Running Dynamic NEB -----
----- improvedtangent method is being used -----
----- Default scale_fmax = 1.0 -----
      Step     Time          Energy          fmax
FIRE:    0 20:37:16    -7072.373368         0.734879
FIRE:    1 20:40:08    -7072.407114         0.594848
FIRE:    2 20:43:01    -7072.450872         0.348985
FIRE:    3 20:45:47    -7072.476973         0.197262
FIRE:    4 20:48:37    -7072.477976         0.231659
FIRE:    5 20:51:26    -7072.479514         0.220272
FIRE:    6 20:54:11    -7072.482287         0.204149
FIRE:    7 20:57:00    -7072.485770         0.185599
FIRE:    8 20:59:42    -7072.489335         0.162123
FIRE:    9 21:02:19    -7072.492387         0.135551
FIRE:   10 21:04:57    -7072.494560         0.108410
FIRE:   11 21:07:40    -7072.495831         0.117231
FIRE:   12 21:10:28    -7072.496585         0.129951
FIRE:   13 21:13:11    -7072.497348         0.156330
FIRE:   14 21:15:56    -7072.498707         0.144000
FIRE:   15 21:18:42    -7072.501172         0.121138
FIRE:   16 21:21:29    -7072.504311         0.094004
FIRE:   17 21:23:55    -7072.507159         0.075133
FIRE:   18 21:25:08    -7072.508721         0.054632
FIRE:   19 21:26:21    -7072.509968         0.118546
FIRE:   20 21:28:00    -7072.511266         0.117328
FIRE:   21 21:30:26    -7072.512202         0.110561
FIRE:   22 21:32:23    -7072.512202         0.094231
FIRE:   23 21:34:00    -7072.512202         0.112012
FIRE:   24 21:35:13    -7072.512202         0.097261
FIRE:   25 21:36:27    -7072.512202         0.066432
FIRE:   26 21:36:52    -7072.512202         0.043087
-7073.1239879
-7073.0267497
-7072.8081897
-7072.5942315
-7072.5122022
-7072.5964258
-7072.8079445
-7073.0294444
-7073.1234097
(0.6117857000008373, 0.00057820000074571)
Appears to be only one band in the images.
Processing band          0 /          1
