 In SCAN_BEGIN, can't find: LATTICE_PARAMETERS block.
 AUTO_SET NBANDS to 0
 AUTO_SET NBANDS to 736
      Processor           Atom
              1             44
              2             43
              3             45
              4             46
              5             45
              6             45
              7             44
              8             45
              9             43
             10             42
             11             44
             12             45
             13             42
             14             42
             15             43
             16             42
                            startmag_type = 2
                       charge from rho_at = 18.9734
                         charge should be = 19
                            startmag_type = 2
                       charge from rho_at = 4.99741
                         charge should be = 5
 Warning: negative or imaginary starting charge :  neg = -0.00132034 ima = 2.26427e-10 SPIN = 0
 Warning: negative or imaginary starting charge :  neg = -0.00132034 ima = 2.26427e-10 SPIN = 1

 SETUP ATOMIC RHO FOR SPIN 1
                 Electron number from rho = 613

 SETUP ATOMIC RHO FOR SPIN 2
                 Electron number from rho = 613
           total electron number from rho = 1226
                                should be = 1226
                 charge before normalized = 1226.00000000001
                  charge after normalized = 1226
                 charge before normalized = 1226.00000203948
                  charge after normalized = 1226
                 charge before normalized = 1226.00000213009
                  charge after normalized = 1226.00000000001
                 charge before normalized = 1226.0000020988
                  charge after normalized = 1225.99999999999
                 charge before normalized = 1226.00000210069
                  charge after normalized = 1226.00000000001
                 charge before normalized = 1226.00000196563
                  charge after normalized = 1225.99999999999
                 charge before normalized = 1226.00000206559
                  charge after normalized = 1226
                 charge before normalized = 1226.00000208667
                  charge after normalized = 1225.99999999999
                 charge before normalized = 1226.00000208386
                  charge after normalized = 1226.00000000001
                 charge before normalized = 1226.00000208946
                  charge after normalized = 1226.00000000001
                 charge before normalized = 1226.00000208709
                  charge after normalized = 1226
                 charge before normalized = 1226.00000208856
                  charge after normalized = 1226.00000000001
                 charge before normalized = 1226.00000208971
                  charge after normalized = 1226
                 charge before normalized = 1226.00000208944
                  charge after normalized = 1225.99999999999
                 charge before normalized = 1226.00000208791
                  charge after normalized = 1226
                 charge before normalized = 1226.0000020873
                  charge after normalized = 1225.99999999998
                 charge before normalized = 1226.0000020864
                  charge after normalized = 1226.00000000001
                 charge before normalized = 1226.00000208552
                  charge after normalized = 1226
                 charge before normalized = 1226.0000020853
                  charge after normalized = 1225.99999999999
                 charge before normalized = 1226.00000208512
                  charge after normalized = 1225.99999999999
                 charge before normalized = 1226.00000208503
                  charge after normalized = 1226.00000000001
                 charge before normalized = 1226.000002085
                  charge after normalized = 1226
                 charge before normalized = 1226.00000208501
                  charge after normalized = 1226
