Loading mkl version 2023.0.0
Loading tbb version 2021.8.0
Loading compiler-rt version 2023.0.0
Loading mpi version 2021.8.0
Loading compiler version 2023.0.0
Loading oclfpga version 2023.0.0
  Load "debugger" to debug DPC++ applications with the gdb-oneapi debugger.
  Load "dpl" for additional DPC++ APIs: https://github.com/oneapi-src/oneDPL

Loading abacus/3.4.1-icx
  Loading requirement: tbb/latest compiler-rt/latest mkl/latest mpi/latest
    oclfpga/latest compiler/latest
                                                                                     
                              ABACUS v3.4.1

               Atomic-orbital Based Ab-initio Computation at UStc                    

                     Website: http://abacus.ustc.edu.cn/                             
               Documentation: https://abacus.deepmodeling.com/                       
                  Repository: https://github.com/abacusmodeling/abacus-develop       
                              https://github.com/deepmodeling/abacus-develop         
                      Commit: 77f178d04 (Thu Oct 26 11:32:59 2023 +0800)

 Fri Nov  3 16:25:19 2023
 MAKE THE DIR         : OUT.ABACUS/

%%%%%%%%%%%%%%%%%%%%%%%%%%%%%%%%%%%%%%%%%%%%%%%%%%%%%%%%%%%%%%%%%%%%%%%%%%%%%%%%%%%%%%%%%%%%%%%%%%%%%%%%%
 Warning: the number of valence electrons in pseudopotential > 11 for Cu: [Ar] 3d10 4s1
 Pseudopotentials with additional electrons can yield (more) accurate outcomes, but may be less efficient.
 If you're confident that your chosen pseudopotential is appropriate, you can safely ignore this warning.
%%%%%%%%%%%%%%%%%%%%%%%%%%%%%%%%%%%%%%%%%%%%%%%%%%%%%%%%%%%%%%%%%%%%%%%%%%%%%%%%%%%%%%%%%%%%%%%%%%%%%%%%%

 UNIFORM GRID DIM        : 125 * 375 * 125
 UNIFORM GRID DIM(BIG)   : 25 * 75 * 25
 DONE(0.106978   SEC) : SETUP UNITCELL
 DONE(0.16096    SEC) : SYMMETRY
 DONE(0.240668   SEC) : INIT K-POINTS
 ---------------------------------------------------------
 Ion relaxation calculations
 ---------------------------------------------------------
 SPIN    KPOINTS         PROCESSORS  NBASE       
 2       10              16          1754        
 ---------------------------------------------------------
 Use Systematically Improvable Atomic bases
 ---------------------------------------------------------
 ELEMENT ORBITALS        NBASE       NATOM       XC          
 Cu      4s2p2d1f-8au    27          64          
 N       2s2p1d-7au      13          2           
 ---------------------------------------------------------
 Initial plane wave basis and FFT box
 ---------------------------------------------------------
 DONE(0.282752   SEC) : INIT PLANEWAVE
 -------------------------------------------
 STEP OF ION RELAXATION : 1
 -------------------------------------------
 START CHARGE      : atomic
 DONE(2.5773     SEC) : INIT SCF
 ITER   TMAG      AMAG      ETOT(eV)       EDIFF(eV)      DRHO       TIME(s)    
 GE1    1.33e-13  1.17e-12  -3.185598e+05  0.000000e+00   2.609e-02  9.725e+00  
 GE2    9.20e-15  1.51e-12  -3.185584e+05  1.372497e+00   1.543e-02  8.226e+00  
 GE3    -2.54e-13 1.64e-12  -3.185582e+05  2.489531e-01   9.547e-03  8.210e+00  
 GE4    -2.46e-13 1.62e-12  -3.185575e+05  6.750373e-01   6.707e-03  8.184e+00  
 GE5    -4.23e-13 1.77e-12  -3.185576e+05  -1.246980e-01  3.160e-03  8.196e+00  
 GE6    3.10e-14  1.64e-12  -3.185576e+05  5.233053e-02   2.335e-03  8.181e+00  
 GE7    -9.54e-13 1.95e-12  -3.185576e+05  3.819486e-02   1.672e-03  8.183e+00  
 GE8    -7.56e-13 1.85e-12  -3.185575e+05  5.224036e-02   1.292e-03  8.189e+00  
 GE9    3.34e-13  1.90e-12  -3.185575e+05  1.570025e-02   9.471e-04  8.194e+00  
 GE10   -1.86e-14 1.85e-12  -3.185575e+05  2.610298e-02   8.233e-04  8.173e+00  
 GE11   -5.35e-13 1.90e-12  -3.185575e+05  7.992347e-03   6.347e-04  8.193e+00  
 GE12   7.16e-14  1.75e-12  -3.185574e+05  8.432884e-03   5.328e-04  8.187e+00  
 GE13   6.54e-13  1.83e-12  -3.185574e+05  1.721663e-03   4.116e-04  8.185e+00  
 GE14   2.35e-13  1.61e-12  -3.185574e+05  -3.468659e-04  3.497e-04  8.182e+00  
 GE15   -5.05e-13 1.73e-12  -3.185574e+05  -1.502552e-04  2.867e-04  8.178e+00  
 GE16   1.50e-13  1.77e-12  -3.185574e+05  -1.458804e-03  2.268e-04  8.165e+00  
 GE17   -2.42e-13 1.73e-12  -3.185574e+05  -1.622727e-03  1.742e-04  8.197e+00  
 GE18   -1.77e-13 1.72e-12  -3.185574e+05  -6.287824e-04  1.508e-04  8.179e+00  
 GE19   -1.14e-13 1.72e-12  -3.185574e+05  -1.949203e-03  1.381e-04  8.189e+00  
 GE20   2.07e-13  1.72e-12  -3.185574e+05  -2.054286e-03  1.139e-04  8.189e+00  
 GE21   -2.52e-13 1.79e-12  -3.185574e+05  -9.585871e-04  8.743e-05  8.185e+00  
 GE22   -1.23e-13 1.77e-12  -3.185575e+05  -1.116873e-03  7.672e-05  8.199e+00  
 GE23   -4.82e-13 1.85e-12  -3.185575e+05  -1.087181e-03  6.385e-05  8.172e+00  
 GE24   -2.03e-13 1.82e-12  -3.185575e+05  -5.793540e-04  5.067e-05  8.197e+00  
 GE25   -2.30e-13 1.76e-12  -3.185575e+05  -4.574068e-04  4.362e-05  8.187e+00  
 GE26   4.48e-13  1.80e-12  -3.185575e+05  -2.410953e-04  3.808e-05  8.178e+00  
 GE27   -4.10e-13 1.87e-12  -3.185575e+05  -4.312849e-04  3.473e-05  8.168e+00  
 GE28   -1.06e-13 1.77e-12  -3.185575e+05  -4.293621e-04  2.636e-05  8.181e+00  
 GE29   2.97e-13  1.88e-12  -3.185575e+05  -7.587833e-05  1.690e-05  8.174e+00  
 GE30   -4.19e-13 1.89e-12  -3.185575e+05  -1.028701e-05  1.394e-05  8.176e+00  
 GE31   1.54e-13  1.75e-12  -3.185575e+05  1.105556e-05   8.742e-06  8.172e+00  
 GE32   3.42e-13  1.92e-12  -3.185575e+05  -6.597438e-05  7.617e-06  8.182e+00  
 GE33   3.74e-13  1.89e-12  -3.185575e+05  -9.424275e-07  4.797e-06  8.180e+00  
 GE34   6.68e-13  2.00e-12  -3.185575e+05  -8.248517e-06  4.391e-06  8.164e+00  
 GE35   2.73e-13  1.78e-12  -3.185575e+05  -3.513982e-05  4.035e-06  8.181e+00  
 GE36   7.37e-13  1.95e-12  -3.185575e+05  -6.320892e-05  3.287e-06  8.169e+00  
 GE37   -1.64e-14 1.80e-12  -3.185575e+05  -5.189033e-05  2.328e-06  8.171e+00  
 GE38   2.95e-13  1.78e-12  -3.185575e+05  -1.891468e-05  1.537e-06  8.170e+00  
 GE39   1.32e-13  1.69e-12  -3.185575e+05  -1.149267e-05  1.223e-06  8.196e+00  
 GE40   2.27e-13  1.68e-12  -3.185575e+05  -5.388715e-06  1.018e-06  8.184e+00  
 GE41   4.88e-13  1.77e-12  -3.185575e+05  -1.728290e-05  7.441e-07  8.230e+00  
----------------------------------------------------------------
TOTAL-STRESS (KBAR)                                           
----------------------------------------------------------------
      -33.1950965777         0.1416667196         0.0971166798
        0.1416667196       -21.9414762928         0.1875609841
        0.0971166798         0.1875609841       -32.7895166516
----------------------------------------------------------------
 ETOT DIFF (eV)       : 0.000e+00
 LARGEST GRAD (eV/A)  : 3.287e-02
TIME STATISTICS
------------------------------------------------------------------------------------
     CLASS_NAME                 NAME            TIME(Sec)  CALLS   AVG(Sec) PER(%)
------------------------------------------------------------------------------------
                     total                      365.45          11  33.22   100.00
Driver               reading                      0.01           1   0.01     0.00
Input                Init                         0.01           1   0.01     0.00
Input_Conv           Convert                      0.00           1   0.00     0.00
Driver               driver_line                365.44           1 365.44   100.00
UnitCell             check_tau                    0.00           1   0.00     0.00
PW_Basis             setuptransform               0.03           1   0.03     0.01
PW_Basis             distributeg                  0.03           1   0.03     0.01
mymath               heapsort                     0.02        1007   0.00     0.01
Symmetry             analy_sys                    0.00           1   0.00     0.00
PW_Basis_K           setuptransform               0.03           1   0.03     0.01
PW_Basis_K           distributeg                  0.02           1   0.02     0.01
PW_Basis             setup_struc_factor           0.06           1   0.06     0.02
ORB_control          read_orb_first               0.08           1   0.08     0.02
LCAO_Orbitals        Read_Orbitals                0.08           1   0.08     0.02
NOrbital_Lm          extra_uniform                0.03          14   0.00     0.01
Mathzone_Add1        SplineD2                     0.00          14   0.00     0.00
Mathzone_Add1        Cubic_Spline_Interpolation   0.00          14   0.00     0.00
Mathzone_Add1        Uni_Deriv_Phi                0.03          14   0.00     0.01
Sphbes               Spherical_Bessel             0.02       10050   0.00     0.01
ppcell_vl            init_vloc                    0.34           1   0.34     0.09
Ions                 opt_ions                   364.48           1 364.48    99.73
ESolver_KS_LCAO      Run                        343.83           1 343.83    94.08
ESolver_KS_LCAO      beforescf                    1.64           1   1.64     0.45
Vdwd3                cal_energy                   0.04           1   0.04     0.01
ESolver_KS_LCAO      beforesolver                 0.29           1   0.29     0.08
ESolver_KS_LCAO      set_matrix_grid              0.08           1   0.08     0.02
atom_arrange         search                       0.01           1   0.01     0.00
Grid_Technique       init                         0.06           1   0.06     0.02
Grid_BigCell         grid_expansion_index         0.00           2   0.00     0.00
Record_adj           for_2d                       0.02           1   0.02     0.00
Grid_Driver          Find_atom                    0.03        6006   0.00     0.01
LCAO_Hamilt          grid_prepare                 0.00           1   0.00     0.00
Veff                 initialize_HR                0.00           1   0.00     0.00
OverlapNew           initialize_SR                0.00           1   0.00     0.00
EkineticNew          initialize_HR                0.00           1   0.00     0.00
NonlocalNew          initialize_HR                0.00           1   0.00     0.00
Charge               set_rho_core                 0.00           1   0.00     0.00
Charge               atomic_rho                   0.97           2   0.48     0.26
PW_Basis             recip2real                   4.14         553   0.01     1.13
PW_Basis             gathers_scatterp             1.82         553   0.00     0.50
Potential            init_pot                     0.27           1   0.27     0.07
Potential            update_from_charge          10.99          42   0.26     3.01
Potential            cal_fixed_v                  0.01           1   0.01     0.00
PotLocal             cal_fixed_v                  0.01           1   0.01     0.00
Potential            cal_v_eff                   10.98          42   0.26     3.01
H_Hartree_pw         v_hartree                    0.83          42   0.02     0.23
PW_Basis             real2recip                   3.96         591   0.01     1.08
PW_Basis             gatherp_scatters             1.59         591   0.00     0.43
PotXC                cal_v_eff                    9.56          42   0.23     2.62
XC_Functional        v_xc                         9.49          42   0.23     2.60
Efield               add_efield                   0.29          42   0.01     0.08
Symmetry             rhog_symmetry               16.83          84   0.20     4.61
Symmetry             group fft grids             12.79          84   0.15     3.50
H_Ewald_pw           compute_ewald                0.01           1   0.01     0.00
HSolverLCAO          solve                      301.79          41   7.36    82.58
HamiltLCAO           updateHk                    95.78         410   0.23    26.21
OperatorLCAO         init                        95.10        1230   0.08    26.02
Veff                 contributeHR                93.68          82   1.14    25.63
Gint_interface       cal_gint                   154.89         125   1.24    42.38
Gint_interface       cal_gint_vlocal             82.21          82   1.00    22.50
Gint_Tools           cal_psir_ylm                14.17       56334   0.00     3.88
Gint_k               transfer_pvpR               11.47          82   0.14     3.14
OverlapNew           calculate_SR                 0.21           1   0.21     0.06
OverlapNew           contributeHk                 0.46         410   0.00     0.13
EkineticNew          contributeHR                 0.24          82   0.00     0.07
EkineticNew          calculate_HR                 0.24           1   0.24     0.07
NonlocalNew          contributeHR                 0.80          82   0.01     0.22
NonlocalNew          calculate_HR                 0.68           1   0.68     0.19
OperatorLCAO         contributeHk                 0.25         410   0.00     0.07
HSolverLCAO          hamiltSolvePsiK            121.71         410   0.30    33.30
DiagoElpa            elpa_solve                 120.02         410   0.29    32.84
ElecStateLCAO        psiToRho                    84.30          41   2.06    23.07
elecstate            cal_dm                      14.51          42   0.35     3.97
psiMulPsiMpi         pdgemm                      14.44         420   0.03     3.95
DensityMatrix        cal_DMR                      0.32          42   0.01     0.09
 Local_Orbital_wfc   wfc_2d_to_grid               4.60         420   0.01     1.26
Gint                 transfer_DMR                 5.96          41   0.15     1.63
Gint_interface       cal_gint_rho                66.27          41   1.62    18.13
Charge_Mixing        get_drho                     0.04          41   0.00     0.01
Charge               mix_rho                      2.31          40   0.06     0.63
Charge               Broyden_mixing               0.45          40   0.01     0.12
Force_Stress_LCAO    getForceStress              20.64           1  20.64     5.65
Forces               cal_force_loc                0.07           1   0.07     0.02
Forces               cal_force_ew                 0.06           1   0.06     0.02
Forces               cal_force_cc                 0.00           1   0.00     0.00
Forces               cal_force_scc                0.45           1   0.45     0.12
Stress_Func          stress_loc                   1.33           1   1.33     0.36
Stress_Func          stress_har                   0.01           1   0.01     0.00
Stress_Func          stress_ewa                   0.05           1   0.05     0.01
Stress_Func          stress_cc                    0.00           1   0.00     0.00
Stress_Func          stress_gga                   0.12           1   0.12     0.03
Force_LCAO_k         ftable_k                    18.39           1  18.39     5.03
Force_LCAO_k         allocate_k                   1.14           1   1.14     0.31
LCAO_gen_fixedH      b_NL_mu_new                  0.52           1   0.52     0.14
Force_LCAO_k         cal_foverlap_k               9.62           1   9.62     2.63
Force_LCAO_k         cal_edm_2d                   9.61           1   9.61     2.63
DensityMatrix        sum_DMR_spin                 0.00           1   0.00     0.00
Force_LCAO_k         cal_ftvnl_dphi_k             0.00           1   0.00     0.00
Force_LCAO_k         cal_fvl_dphi_k               6.41           1   6.41     1.75
Gint_interface       cal_gint_force               6.41           2   3.20     1.75
Gint_Tools           cal_dpsir_ylm                2.42         916   0.00     0.66
Gint_Tools           cal_dpsirr_ylm               1.09         916   0.00     0.30
Force_LCAO_k         cal_fvnl_dbeta_k_new         0.87           1   0.87     0.24
Vdwd3                cal_force                    0.08           1   0.08     0.02
Vdwd3                cal_stress                   0.08           1   0.08     0.02
ModuleIO             write_istate_info            0.03           1   0.03     0.01
------------------------------------------------------------------------------------

 START  Time  : Fri Nov  3 16:25:19 2023
 FINISH Time  : Fri Nov  3 16:31:24 2023
 TOTAL  Time  : 365
 SEE INFORMATION IN : OUT.ABACUS/
