Loading mkl version 2023.0.0
Loading tbb version 2021.8.0
Loading compiler-rt version 2023.0.0
Loading mpi version 2021.8.0
Loading compiler version 2023.0.0
Loading oclfpga version 2023.0.0
  Load "debugger" to debug DPC++ applications with the gdb-oneapi debugger.
  Load "dpl" for additional DPC++ APIs: https://github.com/oneapi-src/oneDPL

Loading abacus/3.7.5-icx
  Loading requirement: tbb/latest compiler-rt/latest mkl/latest mpi/latest
    oclfpga/latest compiler/latest
                Step[ FC]     Time          Energy          fmax
BFGSLineSearch:    0[  0] 20:55:28  -211838.633610       0.0460
                Step[ FC]     Time          Energy          fmax
BFGSLineSearch:    0[  0] 20:58:43  -211836.438080       0.0448
Generating NEB path, number of images: 8, sort_tol: 1
      Step     Time          Energy          fmax
FIRE:    0 21:32:31  -211832.224060        8.206140
FIRE:    1 22:01:48  -211832.547474        8.085678
FIRE:    2 22:26:34  -211832.857206        8.200004
FIRE:    3 22:51:04  -211833.174528        7.793496
FIRE:    4 23:14:40  -211833.512437       15.277008
FIRE:    5 23:42:13  -211833.716900       13.497910
FIRE:    6 00:05:37  -211833.879316       22.692589
FIRE:    7 00:28:56  -211833.990055        5.982863
FIRE:    8 00:48:39  -211834.076848       17.509581
FIRE:    9 01:08:27  -211834.105805        8.269094
FIRE:   10 01:28:16  -211834.157010        3.680152
FIRE:   11 01:38:14  -211834.223396        5.590049
FIRE:   12 01:48:13  -211834.226642        5.370278
FIRE:   13 02:01:32  -211834.233045        4.886911
FIRE:   14 02:11:35  -211834.242454        4.057441
FIRE:   15 02:21:37  -211834.254681        3.346119
FIRE:   16 02:34:55  -211834.269524        3.235075
FIRE:   17 02:41:55  -211834.286856        3.079356
FIRE:   18 02:52:10  -211834.298938        2.875201
FIRE:   19 03:02:26  -211834.320740        2.589433
FIRE:   20 03:12:52  -211834.344482        2.198200
FIRE:   21 03:22:35  -211834.375772        1.702792
FIRE:   22 03:35:48  -211834.397715        1.202090
FIRE:   23 03:42:03  -211834.416012        1.290192
FIRE:   24 03:51:38  -211834.430347        1.526881
FIRE:   25 04:05:03  -211834.443058        2.287329
FIRE:   26 04:14:52  -211834.458355        2.431374
FIRE:   27 04:24:54  -211834.477471        1.558963
FIRE:   28 04:35:15  -211834.477471        0.739375
Appears to be only one band in the images.
=== Locate TS in 6 of 0-9 images  ===
=== NEB Raw Barrier: -211834.4775 (eV) ===
=== NEB Fmax: 1.6007 (eV/A) ===
=== Now Turn to Sella with NEB Information ===
     Step     Time          Energy         fmax         cmax       rtrust          rho
Sella   0 04:38:42  -211834.477471       0.8267       0.0000       0.1000       1.0000
Sella   1 04:59:05  -211834.538806       0.3520       0.0000       0.1150       1.0190
Sella   2 05:02:29  -211834.618632       0.3683       0.0000       0.1322       0.9884
Sella   3 05:06:12  -211834.684035       0.4179       0.0000       0.1521       1.0130
Sella   4 05:09:55  -211834.751623       0.4961       0.0000       0.1521       1.1538
Sella   5 05:13:33  -211834.822903       0.6705       0.0000       0.1521       0.7563
Sella   6 05:17:04  -211834.879521       0.2776       0.0000       0.1521       1.7567
Sella   7 05:20:31  -211834.903815       0.4235       0.0000       0.1521       2.0211
Sella   8 05:23:52  -211834.873134       0.9716       0.0000       0.0989      -0.4924
Sella   9 05:27:10  -211834.932781       0.1978       0.0000       0.0989       0.8622
Sella  10 05:30:31  -211834.940092       0.1158       0.0000       0.0989       1.2676
Sella  11 05:33:50  -211834.948219       0.1125       0.0000       0.0989       1.2886
Sella  12 05:37:25  -211834.950244       0.0831       0.0000       0.0989       0.5275
Sella  13 05:40:57  -211834.951365       0.0306       0.0000       0.0989       0.9461

==> TS-Search Results <==
- Items      Energy
- IS         -211838.636507
- FS         -211836.437042
- TS         -211834.951365
- dE         2.199465
- Ea_f       3.685142
- Ea_r       1.485677

===== NEB2SELLA Calculation Done at Fri Sep 20 05:41:01 CST 2024! =====
