 In SCAN_BEGIN, can't find: LATTICE_PARAMETERS block.
 AUTO_SET NBANDS to 0
 AUTO_SET NBANDS to 731
      Processor           Atom
              1             20
              2             20
              3             21
              4             21
              5             21
              6             21
              7             21
              8             22
              9             21
             10             22
             11             21
             12             22
             13             21
             14             21
             15             21
             16             20
                            startmag_type = 2
                       charge from rho_at = 0.997867
                         charge should be = 1
                            startmag_type = 2
                       charge from rho_at = 18.9775
                         charge should be = 19
 Warning: negative or imaginary starting charge :  neg = -0.000904262 ima = 1.95389e-07 SPIN = 0
 Warning: negative or imaginary starting charge :  neg = -0.000904262 ima = 1.95389e-07 SPIN = 1

 SETUP ATOMIC RHO FOR SPIN 1
                 Electron number from rho = 609

 SETUP ATOMIC RHO FOR SPIN 2
                 Electron number from rho = 609
           total electron number from rho = 1218
                                should be = 1218
                 charge before normalized = 1218
                  charge after normalized = 1218
                 charge before normalized = 1217.9999968097
                  charge after normalized = 1218.00000000001
                 charge before normalized = 1217.99999671409
                  charge after normalized = 1218
                 charge before normalized = 1217.9999970172
                  charge after normalized = 1217.99999999999
                 charge before normalized = 1217.99999668791
                  charge after normalized = 1218
                 charge before normalized = 1217.99999667896
                  charge after normalized = 1218.00000000001
                 charge before normalized = 1217.9999966926
                  charge after normalized = 1217.99999999999
                 charge before normalized = 1217.99999670844
                  charge after normalized = 1217.99999999999
                 charge before normalized = 1217.99999670905
                  charge after normalized = 1218
                 charge before normalized = 1217.99999671311
                  charge after normalized = 1217.99999999999
                 charge before normalized = 1217.99999671289
                  charge after normalized = 1217.99999999999
                 charge before normalized = 1217.99999671379
                  charge after normalized = 1217.99999999999
                 charge before normalized = 1217.99999671392
                  charge after normalized = 1218
                 charge before normalized = 1217.99999671316
                  charge after normalized = 1218.00000000001
                 charge before normalized = 1217.99999671413
                  charge after normalized = 1218
                 charge before normalized = 1217.99999671391
                  charge after normalized = 1218.00000000001
                 charge before normalized = 1217.99999671388
                  charge after normalized = 1218
                 charge before normalized = 1217.99999671402
                  charge after normalized = 1218.00000000002
                 charge before normalized = 1217.99999671402
                  charge after normalized = 1218
