 In SCAN_BEGIN, can't find: LATTICE_PARAMETERS block.
 AUTO_SET NBANDS to 0
 AUTO_SET NBANDS to 731
      Processor           Atom
              1             20
              2             20
              3             21
              4             20
              5             19
              6             20
              7             21
              8             20
              9             20
             10             20
             11             21
             12             20
             13             20
             14             20
             15             21
             16             20
                            startmag_type = 2
                       charge from rho_at = 0.997867
                         charge should be = 1
                            startmag_type = 2
                       charge from rho_at = 18.9775
                         charge should be = 19
 Warning: negative or imaginary starting charge :  neg = -0.000843976 ima = 9.8094e-08 SPIN = 0
 Warning: negative or imaginary starting charge :  neg = -0.000843976 ima = 9.8094e-08 SPIN = 1

 SETUP ATOMIC RHO FOR SPIN 1
                 Electron number from rho = 609

 SETUP ATOMIC RHO FOR SPIN 2
                 Electron number from rho = 609
           total electron number from rho = 1218
                                should be = 1218
                 charge before normalized = 1218
                  charge after normalized = 1218
                 charge before normalized = 1217.99999517276
                  charge after normalized = 1218
                 charge before normalized = 1217.99999505205
                  charge after normalized = 1218
                 charge before normalized = 1217.99999471889
                  charge after normalized = 1218
                 charge before normalized = 1217.99999466555
                  charge after normalized = 1217.99999999999
                 charge before normalized = 1217.99999478176
                  charge after normalized = 1218
                 charge before normalized = 1217.99999477612
                  charge after normalized = 1218.00000000001
                 charge before normalized = 1217.99999479084
                  charge after normalized = 1218.00000000001
                 charge before normalized = 1217.99999480196
                  charge after normalized = 1218
                 charge before normalized = 1217.99999479654
                  charge after normalized = 1217.99999999999
                 charge before normalized = 1217.99999479702
                  charge after normalized = 1218.00000000001
                 charge before normalized = 1217.99999479489
                  charge after normalized = 1218
                 charge before normalized = 1217.99999479432
                  charge after normalized = 1218.00000000002
                 charge before normalized = 1217.99999479463
                  charge after normalized = 1218
                 charge before normalized = 1217.99999479466
                  charge after normalized = 1218
                 charge before normalized = 1217.9999947948
                  charge after normalized = 1218.00000000001
                 charge before normalized = 1217.99999479465
                  charge after normalized = 1218.00000000001
                 charge before normalized = 1217.99999479457
                  charge after normalized = 1218.00000000001
                 charge before normalized = 1217.99999479464
                  charge after normalized = 1218
                 charge before normalized = 1217.99999479459
                  charge after normalized = 1218.00000000002
                 charge before normalized = 1217.99999479463
                  charge after normalized = 1218.00000000001
