Loading mkl version 2023.2.0
Loading tbb version 2021.10.0
Loading compiler-rt version 2023.2.1
Loading mpi version 2021.8.0

Loading abacus/3.3.4-icc
  Loading requirement: tbb/latest compiler-rt/latest mkl/latest mpi/latest
                                                                                     
                              ABACUS v3.3.4

               Atomic-orbital Based Ab-initio Computation at UStc                    

                     Website: http://abacus.ustc.edu.cn/                             
               Documentation: https://abacus.deepmodeling.com/                       
                  Repository: https://github.com/abacusmodeling/abacus-develop       
                              https://github.com/deepmodeling/abacus-develop         
                      Commit: unknown

 Tue Sep 19 23:00:11 2023
 MAKE THE DIR         : OUT.A/

%%%%%%%%%%%%%%%%%%%%%%%%%%%%%%%%%%%%%%%%%%%%%%%%%%%%%%%%%%%%%%%%%%%%%%%%%%%%%%%%%%%%%%%%%%%%%%%%%%%%%%%%%
 Warning: the number of valence electrons in pseudopotential > 11 for Cu: [Ar] 3d10 4s1
 Warning: the number of valence electrons in pseudopotential > 11 for Ag: [Kr] 4d10 5s1
 Pseudopotentials with additional electrons can yield (more) accurate outcomes, but may be less efficient.
 If you're confident that your chosen pseudopotential is appropriate, you can safely ignore this warning.
%%%%%%%%%%%%%%%%%%%%%%%%%%%%%%%%%%%%%%%%%%%%%%%%%%%%%%%%%%%%%%%%%%%%%%%%%%%%%%%%%%%%%%%%%%%%%%%%%%%%%%%%%

 UNIFORM GRID DIM     : 90 * 90 * 243
 UNIFORM GRID DIM(BIG): 18 * 18 * 81
 DONE(0.110797   SEC) : SETUP UNITCELL
 DONE(0.145389   SEC) : SYMMETRY
 DONE(0.236355   SEC) : INIT K-POINTS
 ---------------------------------------------------------
 Ion relaxation calculations
 ---------------------------------------------------------
 SPIN    KPOINTS         PROCESSORS  NBASE       
 2       20              4           891         
 ---------------------------------------------------------
 Use Systematically Improvable Atomic bases
 ---------------------------------------------------------
 ELEMENT ORBITALS        NBASE       NATOM       XC          
 Cu      4s2p2d1f-8au    27          32          
 Ag      4s2p2d1f-7au    27          1           
 ---------------------------------------------------------
 Initial plane wave basis and FFT box
 ---------------------------------------------------------
 DONE(0.283266   SEC) : INIT PLANEWAVE
 -------------------------------------------
 STEP OF RELAXATION : 1
 -------------------------------------------
 START CHARGE      : atomic
 DONE(1.39917    SEC) : INIT SCF
 ITER   TMAG      AMAG      ETOT(eV)       EDIFF(eV)      DRHO       TIME(s)    
 GE1    -1.65e-14 1.76e-13  -1.629229e+05  0.000000e+00   2.806e-02  1.179e+01  
 GE2    1.29e-13  2.72e-13  -1.629201e+05  2.823079e+00   1.777e-02  1.077e+01  
 GE3    3.45e-15  2.40e-13  -1.629199e+05  1.408218e-01   9.201e-03  1.076e+01  
 GE4    -1.99e-13 3.48e-13  -1.629200e+05  -3.442184e-02  4.315e-03  1.120e+01  
 GE5    5.83e-14  2.86e-13  -1.629200e+05  -5.767627e-02  3.072e-03  1.073e+01  
 GE6    -4.07e-14 3.01e-13  -1.629200e+05  4.697965e-02   2.587e-03  1.073e+01  
 GE7    -5.09e-14 2.87e-13  -1.629200e+05  1.628222e-02   1.650e-03  1.095e+01  
 GE8    -9.22e-14 2.90e-13  -1.629199e+05  1.843885e-02   1.328e-03  1.090e+01  
 GE9    -5.05e-14 2.94e-13  -1.629199e+05  2.719366e-02   1.092e-03  1.079e+01  
 GE10   -1.02e-13 3.19e-13  -1.629199e+05  6.613528e-03   7.479e-04  1.080e+01  
 GE11   -2.53e-14 2.89e-13  -1.629199e+05  5.706319e-03   5.455e-04  1.101e+01  
 GE12   -5.31e-14 3.17e-13  -1.629199e+05  5.317001e-03   4.248e-04  1.190e+01  
 GE13   -1.67e-13 3.54e-13  -1.629199e+05  2.484137e-03   3.231e-04  1.079e+01  
 GE14   -3.50e-15 3.03e-13  -1.629199e+05  4.660082e-03   2.863e-04  1.090e+01  
 GE15   -1.10e-13 3.23e-13  -1.629199e+05  1.289831e-03   2.182e-04  1.094e+01  
 GE16   -1.39e-13 3.49e-13  -1.629199e+05  1.511293e-03   1.934e-04  1.074e+01  
 GE17   -5.70e-14 3.31e-13  -1.629199e+05  1.078301e-03   1.649e-04  1.102e+01  
 GE18   -3.95e-14 3.09e-13  -1.629199e+05  1.021485e-03   1.395e-04  1.087e+01  
 GE19   -1.93e-14 3.16e-13  -1.629199e+05  1.323405e-04   1.150e-04  1.080e+01  
 GE20   -1.00e-13 3.33e-13  -1.629199e+05  -2.629572e-04  9.880e-05  1.101e+01  
 GE21   -2.97e-13 4.07e-13  -1.629199e+05  -2.329029e-04  7.838e-05  1.075e+01  
 GE22   -1.60e-14 3.17e-13  -1.629199e+05  -3.829481e-04  6.889e-05  1.117e+01  
 GE23   2.72e-14  3.42e-13  -1.629199e+05  -2.600725e-04  5.121e-05  1.212e+01  
 GE24   1.32e-13  3.48e-13  -1.629199e+05  -2.467140e-04  4.106e-05  1.151e+01  
 GE25   -1.40e-13 3.54e-13  -1.629199e+05  -2.995656e-04  3.337e-05  1.074e+01  
 GE26   -8.56e-14 3.39e-13  -1.629199e+05  -1.070088e-04  2.595e-05  1.077e+01  
 GE27   -2.93e-14 3.15e-13  -1.629199e+05  -1.977116e-04  2.262e-05  1.164e+01  
 GE28   -7.65e-14 3.17e-13  -1.629199e+05  -2.262347e-04  1.607e-05  1.114e+01  
 GE29   9.26e-15  3.14e-13  -1.629199e+05  -1.211027e-05  1.042e-05  1.100e+01  
 GE30   9.70e-14  3.53e-13  -1.629199e+05  2.114230e-05   9.317e-06  1.076e+01  
 GE31   1.01e-13  3.13e-13  -1.629199e+05  4.517737e-06   8.738e-06  1.163e+01  
 GE32   2.08e-13  3.59e-13  -1.629199e+05  -3.512129e-05  7.446e-06  1.094e+01  
 GE33   4.19e-14  3.10e-13  -1.629199e+05  -7.354053e-06  4.821e-06  1.214e+01  
 GE34   9.81e-14  3.40e-13  -1.629199e+05  -5.942639e-07  3.484e-06  1.231e+01  
 GE35   6.76e-14  2.92e-13  -1.629199e+05  -4.092110e-06  2.370e-06  1.081e+01  
 GE36   8.42e-14  3.12e-13  -1.629199e+05  1.790389e-06   2.076e-06  1.087e+01  
 GE37   1.96e-14  3.01e-13  -1.629199e+05  -3.498514e-06  1.916e-06  1.077e+01  
 GE38   1.03e-13  3.05e-13  -1.629199e+05  -3.286874e-05  1.791e-06  1.124e+01  
 GE39   9.26e-14  3.06e-13  -1.629199e+05  -1.509901e-05  8.113e-07  1.083e+01  
 ><><><><><><><><><><><><><><><><><><><><><><
 TOTAL-STRESS (KBAR):
 ><><><><><><><><><><><><><><><><><><><><><><
 -1.379e+02     -4.475e-03     2.347e-01      
 -4.475e-03     -1.379e+02     9.158e-02      
 2.347e-01      9.158e-02      -1.187e+02     
 TOTAL-PRESSURE: -1.315e+02 KBAR
 ETOT DIFF (eV)       : 0.000e+00
 LARGEST GRAD (eV/A)  : 5.808e-01
 -------------------------------------------
 STEP OF RELAXATION : 2
 -------------------------------------------
 DONE(4.502e+02  SEC) : INIT SCF
 ITER   TMAG      AMAG      ETOT(eV)       EDIFF(eV)      DRHO       TIME(s)    
 GE1    3.93e-14  2.75e-13  -1.629199e+05  0.000000e+00   5.842e-04  1.188e+01  
 GE2    5.16e-14  2.98e-13  -1.629199e+05  8.346147e-04   3.813e-04  1.075e+01  
 GE3    6.53e-14  3.25e-13  -1.629199e+05  1.821986e-04   1.869e-04  1.075e+01  
 GE4    9.25e-14  3.30e-13  -1.629199e+05  -2.308537e-04  5.510e-05  1.164e+01  
 GE5    1.14e-13  3.13e-13  -1.629199e+05  7.381103e-06   3.391e-05  1.151e+01  
 GE6    -1.75e-14 2.65e-13  -1.629199e+05  -4.727259e-06  1.530e-05  1.078e+01  
 GE7    -9.15e-14 2.90e-13  -1.629199e+05  -3.464337e-06  8.801e-06  1.138e+01  
 GE8    5.84e-14  3.00e-13  -1.629199e+05  -3.642180e-06  6.584e-06  1.090e+01  
 GE9    1.42e-14  2.69e-13  -1.629199e+05  -6.657131e-07  4.283e-06  1.137e+01  
 GE10   8.23e-14  2.72e-13  -1.629199e+05  5.387280e-07   3.877e-06  1.076e+01  
 GE11   6.92e-14  2.72e-13  -1.629199e+05  1.439504e-06   3.101e-06  1.124e+01  
 GE12   5.88e-14  2.56e-13  -1.629199e+05  4.265177e-06   2.607e-06  1.083e+01  
 GE13   1.22e-14  2.59e-13  -1.629199e+05  3.501262e-06   2.169e-06  1.193e+01  
 GE14   3.14e-14  2.82e-13  -1.629199e+05  4.344917e-06   1.870e-06  1.105e+01  
 GE15   -1.79e-14 2.70e-13  -1.629199e+05  4.638065e-06   1.635e-06  1.329e+01  
 GE16   5.65e-14  2.66e-13  -1.629199e+05  4.440397e-06   1.432e-06  1.086e+01  
 GE17   -3.15e-14 2.72e-13  -1.629199e+05  4.141162e-06   1.231e-06  1.087e+01  
 GE18   1.21e-13  2.89e-13  -1.629199e+05  3.710338e-06   1.045e-06  1.086e+01  
 GE19   7.88e-14  2.86e-13  -1.629199e+05  1.279721e-05   8.742e-07  1.087e+01  
 ><><><><><><><><><><><><><><><><><><><><><><
 TOTAL-STRESS (KBAR):
 ><><><><><><><><><><><><><><><><><><><><><><
 -1.338e+02     -4.374e-03     2.410e-01      
 -4.374e-03     -1.338e+02     9.468e-02      
 2.410e-01      9.468e-02      -1.143e+02     
 TOTAL-PRESSURE: -1.273e+02 KBAR
 ETOT DIFF (eV)       : -3.587e-02
 LARGEST GRAD (eV/A)  : 4.784e-01
 -------------------------------------------
 STEP OF RELAXATION : 3
 -------------------------------------------
 DONE(6.800e+02  SEC) : INIT SCF
 ITER   TMAG      AMAG      ETOT(eV)       EDIFF(eV)      DRHO       TIME(s)    
 GE1    1.46e-13  3.13e-13  -1.629200e+05  0.000000e+00   1.127e-03  1.179e+01  
 GE2    2.87e-14  2.79e-13  -1.629200e+05  3.983223e-03   7.433e-04  1.127e+01  
 GE3    -4.48e-14 2.70e-13  -1.629200e+05  4.729451e-04   3.490e-04  1.082e+01  
 GE4    9.12e-14  2.82e-13  -1.629200e+05  -8.838393e-04  1.032e-04  1.098e+01  
 GE5    -8.24e-14 2.97e-13  -1.629200e+05  3.673133e-05   6.480e-05  1.081e+01  
 GE6    -6.94e-14 3.05e-13  -1.629200e+05  -2.257557e-05  2.782e-05  1.079e+01  
 GE7    7.90e-14  3.07e-13  -1.629200e+05  -9.845719e-06  1.617e-05  1.109e+01  
 GE8    -9.48e-14 2.83e-13  -1.629200e+05  -1.015396e-05  1.270e-05  1.144e+01  
 GE9    -1.10e-13 2.99e-13  -1.629200e+05  -2.091753e-06  8.186e-06  1.179e+01  
 GE10   -1.85e-14 2.63e-13  -1.629200e+05  1.069932e-06   7.417e-06  1.078e+01  
 GE11   -7.79e-14 2.99e-13  -1.629200e+05  2.722324e-06   5.711e-06  1.101e+01  
 GE12   8.58e-14  2.66e-13  -1.629200e+05  1.137937e-05   5.031e-06  1.079e+01  
 GE13   -5.45e-14 2.72e-13  -1.629200e+05  8.342339e-06   4.042e-06  1.083e+01  
 GE14   9.24e-14  2.86e-13  -1.629200e+05  1.235788e-05   3.543e-06  1.120e+01  
 GE15   1.20e-13  2.98e-13  -1.629200e+05  9.049754e-06   3.025e-06  1.079e+01  
 GE16   1.06e-14  2.68e-13  -1.629200e+05  1.224641e-05   2.703e-06  1.082e+01  
 GE17   -6.26e-14 2.84e-13  -1.629200e+05  1.032582e-05   2.240e-06  1.102e+01  
 GE18   -9.79e-14 3.02e-13  -1.629200e+05  5.879753e-06   1.877e-06  1.078e+01  
 GE19   -5.06e-14 2.59e-13  -1.629200e+05  1.281196e-05   1.661e-06  1.078e+01  
 GE20   -9.84e-14 2.94e-13  -1.629200e+05  5.802166e-06   1.137e-06  1.097e+01  
 GE21   -3.29e-14 3.09e-13  -1.629200e+05  1.136459e-05   8.753e-07  1.110e+01  
 ><><><><><><><><><><><><><><><><><><><><><><
 TOTAL-STRESS (KBAR):
 ><><><><><><><><><><><><><><><><><><><><><><
 -1.261e+02     -4.357e-03     2.499e-01      
 -4.357e-03     -1.261e+02     9.856e-02      
 2.499e-01      9.856e-02      -1.060e+02     
 TOTAL-PRESSURE: -1.194e+02 KBAR
 ETOT DIFF (eV)       : -3.144e-02
 LARGEST GRAD (eV/A)  : 2.468e-01
 -------------------------------------------
 STEP OF RELAXATION : 4
 -------------------------------------------
 DONE(9.278e+02  SEC) : INIT SCF
 ITER   TMAG      AMAG      ETOT(eV)       EDIFF(eV)      DRHO       TIME(s)    
 GE1    2.87e-14  2.91e-13  -1.629200e+05  0.000000e+00   3.572e-04  1.170e+01  
 GE2    2.42e-14  2.92e-13  -1.629200e+05  1.135620e-04   2.338e-04  1.074e+01  
 GE3    -4.61e-14 2.83e-13  -1.629200e+05  -5.018750e-05  1.126e-04  1.105e+01  
 GE4    -6.34e-14 2.79e-13  -1.629200e+05  -4.175570e-05  5.752e-05  1.069e+01  
 GE5    -1.00e-13 3.16e-13  -1.629200e+05  -1.205995e-05  1.904e-05  1.068e+01  
 GE6    1.65e-13  3.20e-13  -1.629200e+05  -2.893114e-06  1.308e-05  1.122e+01  
 GE7    4.00e-14  2.51e-13  -1.629200e+05  -2.348001e-06  6.146e-06  1.153e+01  
 GE8    -8.38e-14 2.75e-13  -1.629200e+05  -1.764750e-06  4.565e-06  1.120e+01  
 GE9    -1.11e-13 2.85e-13  -1.629200e+05  -3.035913e-07  3.483e-06  1.119e+01  
 GE10   -1.12e-13 2.84e-13  -1.629200e+05  9.040671e-07   3.095e-06  1.143e+01  
 GE11   5.39e-14  2.78e-13  -1.629200e+05  2.550469e-06   2.503e-06  1.123e+01  
 GE12   -5.06e-14 2.65e-13  -1.629200e+05  1.823033e-06   2.059e-06  1.133e+01  
 GE13   9.56e-14  2.77e-13  -1.629200e+05  5.729207e-06   1.898e-06  1.123e+01  
 GE14   -3.77e-14 2.78e-13  -1.629200e+05  3.475968e-06   1.527e-06  1.154e+01  
 GE15   7.50e-14  2.78e-13  -1.629200e+05  3.709101e-06   1.352e-06  1.135e+01  
 GE16   -6.41e-14 2.68e-13  -1.629200e+05  5.827459e-06   1.189e-06  1.130e+01  
 GE17   -6.43e-14 2.84e-13  -1.629200e+05  1.395733e-05   9.483e-07  1.143e+01  
 ><><><><><><><><><><><><><><><><><><><><><><
 TOTAL-STRESS (KBAR):
 ><><><><><><><><><><><><><><><><><><><><><><
 -1.229e+02     -3.633e-03     2.372e-01      
 -3.633e-03     -1.229e+02     9.364e-02      
 2.372e-01      9.364e-02      -1.027e+02     
 TOTAL-PRESSURE: -1.162e+02 KBAR
 ETOT DIFF (eV)       : -1.258e-02
 LARGEST GRAD (eV/A)  : 1.463e-01
 -------------------------------------------
 STEP OF RELAXATION : 5
 -------------------------------------------
 DONE(1.135e+03  SEC) : INIT SCF
 ITER   TMAG      AMAG      ETOT(eV)       EDIFF(eV)      DRHO       TIME(s)    
 GE1    -1.21e-13 2.91e-13  -1.629200e+05  0.000000e+00   1.035e-03  1.227e+01  
 GE2    -7.43e-14 2.82e-13  -1.629200e+05  2.537322e-03   6.915e-04  1.203e+01  
 GE3    -4.78e-14 2.91e-13  -1.629200e+05  -5.933101e-04  3.099e-04  1.122e+01  
 GE4    -6.79e-14 3.02e-13  -1.629200e+05  -2.704074e-04  1.603e-04  1.126e+01  
 GE5    1.29e-14  2.72e-13  -1.629200e+05  -1.011768e-04  5.522e-05  1.124e+01  
 GE6    -5.72e-15 2.90e-13  -1.629200e+05  -2.225287e-05  3.712e-05  1.128e+01  
 GE7    -5.65e-15 2.56e-13  -1.629200e+05  -1.079733e-05  1.802e-05  1.131e+01  
 GE8    1.36e-13  3.09e-13  -1.629200e+05  -7.693158e-06  1.380e-05  1.232e+01  
 GE9    2.04e-14  2.73e-13  -1.629200e+05  -1.413468e-06  1.074e-05  1.133e+01  
 GE10   -9.65e-14 2.88e-13  -1.629200e+05  3.127533e-06   9.219e-06  1.138e+01  
 GE11   -1.23e-13 2.89e-13  -1.629200e+05  9.417543e-06   7.685e-06  1.145e+01  
 GE12   -6.39e-14 3.04e-13  -1.629200e+05  7.016778e-06   6.335e-06  1.134e+01  
 GE13   5.41e-14  2.93e-13  -1.629200e+05  2.456590e-05   5.861e-06  1.138e+01  
 GE14   1.88e-13  3.23e-13  -1.629200e+05  1.608462e-05   4.700e-06  1.205e+01  
 GE15   -1.98e-14 2.88e-13  -1.629200e+05  1.217137e-05   4.120e-06  1.126e+01  
 GE16   1.87e-14  2.79e-13  -1.629200e+05  2.794154e-05   3.739e-06  1.196e+01  
 GE17   -1.25e-13 2.98e-13  -1.629200e+05  7.018313e-06   2.924e-06  1.122e+01  
 GE18   -2.60e-14 2.89e-13  -1.629200e+05  2.202409e-05   2.707e-06  1.122e+01  
 GE19   -1.67e-13 3.32e-13  -1.629200e+05  8.365355e-06   1.935e-06  1.120e+01  
 GE20   2.60e-13  3.91e-13  -1.629200e+05  6.296272e-06   1.585e-06  1.129e+01  
 GE21   -1.45e-13 3.27e-13  -1.629200e+05  5.023500e-06   1.292e-06  1.130e+01  
 GE22   -8.61e-14 2.89e-13  -1.629200e+05  9.277491e-06   1.072e-06  1.181e+01  
 GE23   -1.24e-13 2.99e-13  -1.629200e+05  5.258067e-06   6.017e-07  1.129e+01  
 ><><><><><><><><><><><><><><><><><><><><><><
 TOTAL-STRESS (KBAR):
 ><><><><><><><><><><><><><><><><><><><><><><
 -1.138e+02     -6.572e-04     1.574e-01      
 -6.572e-04     -1.138e+02     6.242e-02      
 1.574e-01      6.242e-02      -9.296e+01     
 TOTAL-PRESSURE: -1.069e+02 KBAR
 ETOT DIFF (eV)       : -1.747e-02
 LARGEST GRAD (eV/A)  : 1.802e-01
 -------------------------------------------
 STEP OF RELAXATION : 6
 -------------------------------------------
 DONE(1.416e+03  SEC) : INIT SCF
 ITER   TMAG      AMAG      ETOT(eV)       EDIFF(eV)      DRHO       TIME(s)    
 GE1    8.46e-14  2.85e-13  -1.629200e+05  0.000000e+00   3.798e-04  1.221e+01  
 GE2    7.39e-14  3.02e-13  -1.629200e+05  6.827503e-04   2.752e-04  1.116e+01  
 GE3    -5.97e-14 2.98e-13  -1.629200e+05  -2.256358e-04  8.689e-05  1.099e+01  
 GE4    -6.67e-14 2.94e-13  -1.629200e+05  -1.466289e-05  4.782e-05  1.126e+01  
 GE5    -9.10e-14 3.00e-13  -1.629200e+05  1.039712e-05   2.779e-05  1.127e+01  
 GE6    2.48e-13  3.49e-13  -1.629200e+05  -3.211183e-06  8.537e-06  1.132e+01  
 GE7    -1.00e-13 3.03e-13  -1.629200e+05  -3.333144e-07  5.590e-06  1.129e+01  
 GE8    -2.26e-13 3.52e-13  -1.629200e+05  4.251813e-08   3.466e-06  1.132e+01  
 GE9    -6.64e-14 3.05e-13  -1.629200e+05  4.188209e-07   1.950e-06  1.129e+01  
 GE10   3.20e-14  2.88e-13  -1.629200e+05  8.624894e-07   1.673e-06  1.128e+01  
 GE11   1.98e-14  2.87e-13  -1.629200e+05  1.277375e-06   1.377e-06  1.127e+01  
 GE12   1.19e-13  2.89e-13  -1.629200e+05  7.803735e-07   1.114e-06  1.127e+01  
 GE13   -1.28e-13 3.18e-13  -1.629200e+05  1.996521e-06   1.007e-06  1.128e+01  
 GE14   -8.85e-15 2.97e-13  -1.629200e+05  1.113054e-05   8.286e-07  1.135e+01  
 ><><><><><><><><><><><><><><><><><><><><><><
 TOTAL-STRESS (KBAR):
 ><><><><><><><><><><><><><><><><><><><><><><
 -1.127e+02     -9.351e-05     1.387e-01      
 -9.351e-05     -1.127e+02     5.477e-02      
 1.387e-01      5.477e-02      -9.179e+01     
 TOTAL-PRESSURE: -1.057e+02 KBAR
 ETOT DIFF (eV)       : -9.997e-03
 LARGEST GRAD (eV/A)  : 1.231e-01
 -------------------------------------------
 STEP OF RELAXATION : 7
 -------------------------------------------
 DONE(1.591e+03  SEC) : INIT SCF
 ITER   TMAG      AMAG      ETOT(eV)       EDIFF(eV)      DRHO       TIME(s)    
 GE1    8.30e-14  2.80e-13  -1.629200e+05  0.000000e+00   7.282e-04  1.217e+01  
 GE2    -2.61e-13 3.65e-13  -1.629200e+05  2.681098e-03   5.305e-04  1.130e+01  
 GE3    -1.03e-13 2.74e-13  -1.629200e+05  -9.539453e-04  1.614e-04  1.128e+01  
 GE4    5.43e-15  2.81e-13  -1.629200e+05  -4.340369e-05  9.120e-05  1.129e+01  
 GE5    5.64e-14  2.96e-13  -1.629200e+05  3.423593e-05   5.369e-05  1.130e+01  
 GE6    3.00e-14  2.93e-13  -1.629200e+05  -1.568191e-05  1.592e-05  1.177e+01  
 GE7    -7.87e-14 2.80e-13  -1.629200e+05  -3.643987e-07  1.081e-05  1.122e+01  
 GE8    -9.89e-14 2.83e-13  -1.629200e+05  3.308148e-07   6.481e-06  1.118e+01  
 GE9    -6.45e-14 2.64e-13  -1.629200e+05  1.095968e-06   3.653e-06  1.136e+01  
 GE10   4.65e-14  2.77e-13  -1.629200e+05  2.080122e-06   3.140e-06  1.138e+01  
 GE11   3.20e-14  2.94e-13  -1.629200e+05  2.953896e-06   2.590e-06  1.148e+01  
 GE12   -6.68e-14 2.86e-13  -1.629200e+05  1.978108e-06   2.122e-06  1.147e+01  
 GE13   -3.37e-14 2.73e-13  -1.629200e+05  4.357886e-06   1.923e-06  1.205e+01  
 GE14   -3.19e-14 2.70e-13  -1.629200e+05  2.592665e-06   1.599e-06  1.140e+01  
 GE15   2.26e-14  2.96e-13  -1.629200e+05  5.755193e-06   1.448e-06  1.182e+01  
 GE16   5.67e-14  2.83e-13  -1.629200e+05  3.010199e-06   1.128e-06  1.130e+01  
 GE17   1.06e-13  2.99e-13  -1.629200e+05  1.482410e-05   9.731e-07  1.136e+01  
 ><><><><><><><><><><><><><><><><><><><><><><
 TOTAL-STRESS (KBAR):
 ><><><><><><><><><><><><><><><><><><><><><><
 -1.103e+02     -5.636e-04     1.057e-01      
 -5.636e-04     -1.103e+02     4.133e-02      
 1.057e-01      4.133e-02      -8.938e+01     
 TOTAL-PRESSURE: -1.033e+02 KBAR
 ETOT DIFF (eV)       : -6.963e-03
 LARGEST GRAD (eV/A)  : 9.288e-02
 -------------------------------------------
 STEP OF RELAXATION : 8
 -------------------------------------------
 DONE(1.802e+03  SEC) : INIT SCF
 ITER   TMAG      AMAG      ETOT(eV)       EDIFF(eV)      DRHO       TIME(s)    
 GE1    -6.59e-14 3.01e-13  -1.629200e+05  0.000000e+00   3.344e-04  1.226e+01  
 GE2    8.76e-14  2.90e-13  -1.629200e+05  4.642068e-04   2.368e-04  1.130e+01  
 GE3    4.91e-14  2.91e-13  -1.629200e+05  -1.229018e-04  8.484e-05  1.129e+01  
 GE4    -1.60e-14 2.83e-13  -1.629200e+05  -2.854053e-05  4.030e-05  1.133e+01  
 GE5    2.98e-14  2.69e-13  -1.629200e+05  8.121879e-06   2.379e-05  1.140e+01  
 GE6    -3.17e-14 2.84e-13  -1.629200e+05  -3.353339e-06  7.791e-06  1.130e+01  
 GE7    -1.05e-13 3.03e-13  -1.629200e+05  -3.958294e-07  4.803e-06  1.141e+01  
 GE8    3.99e-14  2.82e-13  -1.629200e+05  -2.270933e-07  2.775e-06  1.138e+01  
 GE9    5.50e-14  2.83e-13  -1.629200e+05  1.457941e-07   1.525e-06  1.142e+01  
 GE10   -9.39e-14 2.99e-13  -1.629200e+05  5.323181e-07   1.299e-06  1.126e+01  
 GE11   2.53e-14  2.89e-13  -1.629200e+05  5.845624e-07   1.008e-06  1.108e+01  
 GE12   -3.36e-14 2.77e-13  -1.629200e+05  1.005046e-05   8.678e-07  1.136e+01  
 ><><><><><><><><><><><><><><><><><><><><><><
 TOTAL-STRESS (KBAR):
 ><><><><><><><><><><><><><><><><><><><><><><
 -1.094e+02     -4.018e-04     1.103e-01      
 -4.018e-04     -1.094e+02     4.207e-02      
 1.103e-01      4.207e-02      -8.843e+01     
 TOTAL-PRESSURE: -1.024e+02 KBAR
 ETOT DIFF (eV)       : -3.283e-03
 LARGEST GRAD (eV/A)  : 4.675e-02

  |CLASS_NAME---------|NAME---------------|TIME(Sec)-----|CALLS----|AVG------|PER%-------
                       total               1953           25        78        1e+02     %
   Driver              driver_line         1953           1         2e+03     1e+02     %
   PW_Basis            setup_struc_factor  0.18263        8         0.023     0.0094    %
   Ions                opt_ions            1952.4         1         2e+03     1e+02     %
   ESolver_KS_LCAO     Run                 1862.6         8         2.3e+02   95        %
   ESolver_KS_LCAO     beforescf           16.427         8         2.1       0.84      %
   Vdwd3               cal_energy          0.20518        8         0.026     0.011     %
   ESolver_KS_LCAO     beforesolver        1.1768         8         0.15      0.06      %
   ESolver_KS_LCAO     set_matrix_grid     0.93353        8         0.12      0.048     %
   Grid_Technique      init                0.82842        8         0.1       0.042     %
   Charge              atomic_rho          1.4126         16        0.088     0.072     %
   PW_Basis            recip2real          17.319         1942      0.0089    0.89      %
   PW_Basis            gathers_scatterp    9.0552         1942      0.0047    0.46      %
   Potential           init_pot            2.1349         8         0.27      0.11      %
   Potential           update_from_charge  42.413         170       0.25      2.2       %
   Potential           cal_fixed_v         0.10527        8         0.013     0.0054    %
   PotLocal            cal_fixed_v         0.1027         8         0.013     0.0053    %
   Potential           cal_v_eff           42.307         170       0.25      2.2       %
   H_Hartree_pw        v_hartree           3.6096         170       0.021     0.18      %
   PW_Basis            real2recip          21.931         2728      0.008     1.1       %
   PW_Basis            gatherp_scatters    11.86          2728      0.0043    0.61      %
   PotXC               cal_v_eff           35.852         170       0.21      1.8       %
   XC_Functional       v_xc                35.713         170       0.21      1.8       %
   Efield              add_efield          2.1496         170       0.013     0.11      %
   Symmetry            rho_symmetry        19.542         340       0.057     1         %
   HSolverLCAO         solve               1740.3         162       11        89        %
   HamiltLCAO          updateHk            551.58         3240      0.17      28        %
   OperatorLCAO        init                539.3          6480      0.083     28        %
   Veff                contributeHk        538.84         3240      0.17      28        %
   Gint_interface      cal_gint            591.4          502       1.2       30        %
   Gint_interface      cal_gint_vlocal     287.36         324       0.89      15        %
   Gint_Tools          cal_psir_ylm        35.043         207036    0.00017   1.8       %
   Gint_k              folding_vl_k        251.47         3240      0.078     13        %
   Gint_k              Distri              242.06         3240      0.075     12        %
   Overlap             contributeHR        2.1378         8         0.27      0.11      %
   LCAO_gen_fixedH     calculate_S_no      2.1378         8         0.27      0.11      %
   Ekin<LCAO>          contributeHR        2.1242         8         0.27      0.11      %
   Nonlocal<LCAO>      contributeHR        2.0552         8         0.26      0.11      %
   LCAO_gen_fixedH     b_NL_mu_new         6.2918         16        0.39      0.32      %
   OperatorLCAO        folding_fixed       5.9379         3240      0.0018    0.3       %
   LCAO_nnr            folding_fixedH      4.7512         3400      0.0014    0.24      %
   HSolverLCAO         hamiltSolvePsiK     805.39         3240      0.25      41        %
   DiagoElpa           elpa_solve          796.56         3240      0.25      41        %
   ElecStateLCAO       psiToRho            383.27         162       2.4       20        %
   elecstate           cal_dm              33.273         170       0.2       1.7       %
   psiMulPsiMpi        pdgemm              31.664         3400      0.0093    1.6       %
    Local_Orbital_wfc  wfc_2d_to_grid      23.611         3400      0.0069    1.2       %
   LCAO_Charge         cal_dk_k            87.285         162       0.54      4.5       %
   Gint_interface      cal_gint_rho        240.68         162       1.5       12        %
   Charge              mix_rho             7.9682         154       0.052     0.41      %
   Charge              Pulay_mixing        7.7885         154       0.051     0.4       %
   Charge              plain_mixing        0.31386        8         0.039     0.016     %
   Force_Stress_LCAO   getForceStress      89.711         8         11        4.6       %
   Forces              cal_force_loc       0.33462        8         0.042     0.017     %
   Forces              cal_force_ew        0.2829         8         0.035     0.014     %
   Forces              cal_force_scc       0.50237        8         0.063     0.026     %
   Stress_Func         stress_loc          0.99141        8         0.12      0.051     %
   Stress_Func         stress_gga          0.89883        8         0.11      0.046     %
   Force_LCAO_k        ftable_k            85.426         8         11        4.4       %
   Force_LCAO_k        allocate_k          9.8996         8         1.2       0.51      %
   Force_LCAO_k        cal_foverlap_k      2.6405         8         0.33      0.14      %
   Force_LCAO_k        cal_edm_2d          2.5809         8         0.32      0.13      %
   Local_Orbital_Chargecal_dm_R            0.13822        16        0.0086    0.0071    %
   Force_LCAO_k        cal_fvl_dphi_k      63.371         8         7.9       3.2       %
   Gint_interface      cal_gint_force      63.371         16        4         3.2       %
   Gint_Tools          cal_dpsir_ylm       21.768         6816      0.0032    1.1       %
   Gint_Tools          cal_dpsirr_ylm      6.3496         6816      0.00093   0.33      %
   Force_LCAO_k        cal_fvnl_dbeta_k_new9.3287         8         1.2       0.48      %
   Vdwd3               cal_force           0.53002        8         0.066     0.027     %
   Vdwd3               cal_stress          0.52771        8         0.066     0.027     %
 ----------------------------------------------------------------------------------------

 START  Time  : Tue Sep 19 23:00:11 2023
 FINISH Time  : Tue Sep 19 23:32:44 2023
 TOTAL  Time  : 1953
 SEE INFORMATION IN : OUT.A/
