 In SCAN_BEGIN, can't find: LATTICE_PARAMETERS block.
 AUTO_SET NBANDS to 0
 AUTO_SET NBANDS to 731
      Processor           Atom
              1             20
              2             20
              3             21
              4             20
              5             20
              6             20
              7             21
              8             20
              9             21
             10             21
             11             21
             12             21
             13             20
             14             20
             15             21
             16             21
                            startmag_type = 2
                       charge from rho_at = 0.997867
                         charge should be = 1
                            startmag_type = 2
                       charge from rho_at = 18.9775
                         charge should be = 19
 Warning: negative or imaginary starting charge :  neg = -0.000875607 ima = 1.35474e-07 SPIN = 0
 Warning: negative or imaginary starting charge :  neg = -0.000875607 ima = 1.35474e-07 SPIN = 1

 SETUP ATOMIC RHO FOR SPIN 1
                 Electron number from rho = 609

 SETUP ATOMIC RHO FOR SPIN 2
                 Electron number from rho = 609
           total electron number from rho = 1218
                                should be = 1218
                 charge before normalized = 1217.99999999999
                  charge after normalized = 1218
                 charge before normalized = 1217.99999625652
                  charge after normalized = 1218
                 charge before normalized = 1217.99999618922
                  charge after normalized = 1218
                 charge before normalized = 1217.99999611757
                  charge after normalized = 1218
                 charge before normalized = 1217.99999573952
                  charge after normalized = 1217.99999999999
                 charge before normalized = 1217.99999608143
                  charge after normalized = 1218
                 charge before normalized = 1217.99999605726
                  charge after normalized = 1217.99999999999
                 charge before normalized = 1217.99999606983
                  charge after normalized = 1217.99999999999
                 charge before normalized = 1217.99999607451
                  charge after normalized = 1218
                 charge before normalized = 1217.99999607366
                  charge after normalized = 1218.00000000001
                 charge before normalized = 1217.99999607456
                  charge after normalized = 1218
                 charge before normalized = 1217.99999607367
                  charge after normalized = 1218.00000000001
                 charge before normalized = 1217.99999607362
                  charge after normalized = 1218
                 charge before normalized = 1217.99999607391
                  charge after normalized = 1218.00000000001
                 charge before normalized = 1217.99999607382
                  charge after normalized = 1218
                 charge before normalized = 1217.99999607393
                  charge after normalized = 1218.00000000002
                 charge before normalized = 1217.99999607383
                  charge after normalized = 1218
                 charge before normalized = 1217.99999607394
                  charge after normalized = 1218
                 charge before normalized = 1217.99999607399
                  charge after normalized = 1217.99999999999
                 charge before normalized = 1217.99999607389
                  charge after normalized = 1218.00000000001
