 In SCAN_BEGIN, can't find: LATTICE_PARAMETERS block.
 AUTO_SET NBANDS to 0
 AUTO_SET NBANDS to 731
      Processor           Atom
              1             20
              2             20
              3             21
              4             20
              5             20
              6             21
              7             21
              8             22
              9             22
             10             22
             11             22
             12             22
             13             22
             14             21
             15             21
             16             20
                            startmag_type = 2
                       charge from rho_at = 0.997867
                         charge should be = 1
                            startmag_type = 2
                       charge from rho_at = 18.9775
                         charge should be = 19
 Warning: negative or imaginary starting charge :  neg = -0.000907967 ima = 1.17958e-07 SPIN = 0
 Warning: negative or imaginary starting charge :  neg = -0.000907967 ima = 1.17958e-07 SPIN = 1

 SETUP ATOMIC RHO FOR SPIN 1
                 Electron number from rho = 609

 SETUP ATOMIC RHO FOR SPIN 2
                 Electron number from rho = 609
           total electron number from rho = 1218
                                should be = 1218
                 charge before normalized = 1218
                  charge after normalized = 1218
                 charge before normalized = 1217.99999695025
                  charge after normalized = 1218.00000000001
                 charge before normalized = 1217.99999693799
                  charge after normalized = 1218.00000000002
                 charge before normalized = 1217.99999684789
                  charge after normalized = 1217.99999999998
                 charge before normalized = 1217.9999969406
                  charge after normalized = 1217.99999999999
                 charge before normalized = 1217.99999650145
                  charge after normalized = 1218
                 charge before normalized = 1217.99999687886
                  charge after normalized = 1218
                 charge before normalized = 1217.99999687988
                  charge after normalized = 1218
                 charge before normalized = 1217.99999688237
                  charge after normalized = 1218.00000000001
                 charge before normalized = 1217.99999688707
                  charge after normalized = 1217.99999999999
                 charge before normalized = 1217.99999688802
                  charge after normalized = 1217.99999999998
                 charge before normalized = 1217.99999688897
                  charge after normalized = 1218.00000000001
                 charge before normalized = 1217.99999688874
                  charge after normalized = 1218
                 charge before normalized = 1217.99999688868
                  charge after normalized = 1218
                 charge before normalized = 1217.99999688876
                  charge after normalized = 1218
                 charge before normalized = 1217.99999688863
                  charge after normalized = 1217.99999999999
                 charge before normalized = 1217.99999688885
                  charge after normalized = 1218.00000000001
                 charge before normalized = 1217.9999968888
                  charge after normalized = 1218
                 charge before normalized = 1217.99999688896
                  charge after normalized = 1218.00000000001
                 charge before normalized = 1217.99999688885
                  charge after normalized = 1218
