                                                                                     
                              ABACUS v3.4.1

               Atomic-orbital Based Ab-initio Computation at UStc                    

                     Website: http://abacus.ustc.edu.cn/                             
               Documentation: https://abacus.deepmodeling.com/                       
                  Repository: https://github.com/abacusmodeling/abacus-develop       
                              https://github.com/deepmodeling/abacus-develop         
                      Commit: 4865b77c8 (Thu Nov 2 12:16:32 2023 +0800)

 Sun Nov  5 03:59:11 2023
 MAKE THE DIR         : OUT.ABACUS/
 RUNNING WITH DEVICE     : CPU / Intel(R) Xeon(R) Platinum 8358 CPU @ 2.60GHz

%%%%%%%%%%%%%%%%%%%%%%%%%%%%%%%%%%%%%%%%%%%%%%%%%%%%%%%%%%%%%%%%%%%%%%%%%%%%%%%%%%%%%%%%%%%%%%%%%%%%%%%%%
 Warning: the number of valence electrons in pseudopotential > 11 for Cu: [Ar] 3d10 4s1
 Pseudopotentials with additional electrons can yield (more) accurate outcomes, but may be less efficient.
 If you're confident that your chosen pseudopotential is appropriate, you can safely ignore this warning.
%%%%%%%%%%%%%%%%%%%%%%%%%%%%%%%%%%%%%%%%%%%%%%%%%%%%%%%%%%%%%%%%%%%%%%%%%%%%%%%%%%%%%%%%%%%%%%%%%%%%%%%%%

 UNIFORM GRID DIM        : 125 * 375 * 125
 UNIFORM GRID DIM(BIG)   : 25 * 75 * 25
 DONE(0.32927    SEC) : SETUP UNITCELL
 DONE(0.919571   SEC) : SYMMETRY
 DONE(1.0174     SEC) : INIT K-POINTS
 ---------------------------------------------------------
 Self-consistent calculations for electrons
 ---------------------------------------------------------
 SPIN    KPOINTS         PROCESSORS  NBASE       
 2       10              16          1754        
 ---------------------------------------------------------
 Use Systematically Improvable Atomic bases
 ---------------------------------------------------------
 ELEMENT ORBITALS        NBASE       NATOM       XC          
 Cu      4s2p2d1f-8au    27          64          
 N       2s2p1d-7au      13          2           
 ---------------------------------------------------------
 Initial plane wave basis and FFT box
 ---------------------------------------------------------
 DONE(1.05975    SEC) : INIT PLANEWAVE
 -------------------------------------------
 SELF-CONSISTENT : 
 -------------------------------------------
 START CHARGE      : atomic
 DONE(3.84311    SEC) : INIT SCF
 ITER   TMAG      AMAG      ETOT(eV)       EDIFF(eV)      DRHO       TIME(s)    
 GE1    2.88e-13  1.18e-12  -3.185607e+05  0.000000e+00   2.496e-02  1.230e+01  
 GE2    -3.41e-13 1.49e-12  -3.185598e+05  8.627589e-01   1.383e-02  9.991e+00  
 GE3    5.30e-14  1.47e-12  -3.185580e+05  1.814069e+00   7.725e-03  9.113e+00  
 GE4    9.42e-14  1.48e-12  -3.185534e+05  4.625337e+00   1.131e-02  9.116e+00  
 GE5    8.23e-14  1.53e-12  -3.185589e+05  -5.562569e+00  6.867e-03  9.020e+00  
 GE6    -8.79e-14 1.50e-12  -3.185604e+05  -1.467259e+00  2.381e-03  9.072e+00  
 GE7    2.66e-13  1.62e-12  -3.185604e+05  -1.084900e-02  1.290e-03  9.355e+00  
 GE8    2.33e-13  1.59e-12  -3.185604e+05  3.987923e-03   8.008e-04  9.307e+00  
 GE9    -2.10e-14 1.61e-12  -3.185604e+05  -7.289136e-03  3.308e-04  9.376e+00  
 GE10   -6.58e-13 1.80e-12  -3.185604e+05  5.153884e-04   2.102e-04  9.198e+00  
 GE11   -1.50e-13 1.64e-12  -3.185604e+05  9.857380e-04   2.101e-04  9.215e+00  
 GE12   2.23e-14  1.54e-12  -3.185604e+05  -5.818827e-04  7.478e-05  9.027e+00  
 GE13   -2.57e-13 1.62e-12  -3.185604e+05  1.565251e-06   5.379e-05  9.209e+00  
 GE14   -4.49e-13 1.77e-12  -3.185604e+05  -1.552016e-05  3.744e-05  9.104e+00  
 GE15   -9.30e-14 1.59e-12  -3.185604e+05  -5.594119e-05  1.724e-05  9.128e+00  
 GE16   -5.23e-13 1.71e-12  -3.185604e+05  -5.144273e-05  1.233e-05  9.123e+00  
 GE17   -5.60e-13 1.69e-12  -3.185604e+05  -2.521543e-05  5.593e-06  9.810e+00  
 GE18   1.18e-13  1.55e-12  -3.185604e+05  -2.463859e-05  4.532e-06  9.507e+00  
 GE19   -3.85e-13 1.70e-12  -3.185604e+05  -8.991966e-06  1.692e-06  8.957e+00  
 GE20   -3.48e-13 1.64e-12  -3.185604e+05  -1.915964e-05  1.229e-06  9.219e+00  
 GE21   -6.88e-13 1.87e-12  -3.185604e+05  -8.071862e-06  8.836e-07  9.074e+00  
----------------------------------------------------------------
TOTAL-STRESS (KBAR)                                           
----------------------------------------------------------------
       -6.8502004079         0.1140076568         0.0274695672
        0.1140076568         7.1437203588         0.3164694250
        0.0274695672         0.3164694250        -7.0313448367
----------------------------------------------------------------
TIME STATISTICS
------------------------------------------------------------------------------------
     CLASS_NAME                 NAME            TIME(Sec)  CALLS   AVG(Sec) PER(%)
------------------------------------------------------------------------------------
                     total                      215.25          11  19.57   100.00
Driver               reading                      0.03           1   0.03     0.01
Input                Init                         0.02           1   0.02     0.01
Input_Conv           Convert                      0.00           1   0.00     0.00
Driver               driver_line                215.22           1 215.22    99.99
UnitCell             check_tau                    0.00           1   0.00     0.00
PW_Basis             setuptransform               0.03           1   0.03     0.01
PW_Basis             distributeg                  0.03           1   0.03     0.01
mymath               heapsort                     0.02        1007   0.00     0.01
Symmetry             analy_sys                    0.00           1   0.00     0.00
PW_Basis_K           setuptransform               0.03           1   0.03     0.01
PW_Basis_K           distributeg                  0.02           1   0.02     0.01
PW_Basis             setup_struc_factor           0.06           1   0.06     0.03
ORB_control          read_orb_first               0.07           1   0.07     0.03
LCAO_Orbitals        Read_Orbitals                0.07           1   0.07     0.03
NOrbital_Lm          extra_uniform                0.03          14   0.00     0.01
Mathzone_Add1        SplineD2                     0.00          14   0.00     0.00
Mathzone_Add1        Cubic_Spline_Interpolation   0.00          14   0.00     0.00
Mathzone_Add1        Uni_Deriv_Phi                0.03          14   0.00     0.01
Sphbes               Spherical_Bessel             0.02       10050   0.00     0.01
ppcell_vl            init_vloc                    0.35           1   0.35     0.16
Ions                 opt_ions                   213.49           1 213.49    99.18
ESolver_KS_LCAO      Run                        199.37           1 199.37    92.62
ESolver_KS_LCAO      beforescf                    2.13           1   2.13     0.99
Vdwd3                cal_energy                   0.04           1   0.04     0.02
ESolver_KS_LCAO      beforesolver                 0.27           1   0.27     0.12
ESolver_KS_LCAO      set_matrix_grid              0.08           1   0.08     0.04
atom_arrange         search                       0.01           1   0.01     0.00
Grid_Technique       init                         0.06           1   0.06     0.03
Grid_BigCell         grid_expansion_index         0.00           2   0.00     0.00
Record_adj           for_2d                       0.01           1   0.01     0.01
Grid_Driver          Find_atom                    0.02        3366   0.00     0.01
LCAO_Hamilt          grid_prepare                 0.00           1   0.00     0.00
Veff                 initialize_HR                0.00           1   0.00     0.00
OverlapNew           initialize_SR                0.00           1   0.00     0.00
EkineticNew          initialize_HR                0.00           1   0.00     0.00
NonlocalNew          initialize_HR                0.00           1   0.00     0.00
Charge               set_rho_core                 0.00           1   0.00     0.00
Charge               atomic_rho                   0.71           1   0.71     0.33
PW_Basis             recip2real                   2.57         291   0.01     1.19
PW_Basis             gathers_scatterp             1.26         291   0.00     0.58
Potential            init_pot                     0.31           1   0.31     0.14
Potential            update_from_charge           5.91          22   0.27     2.75
Potential            cal_fixed_v                  0.01           1   0.01     0.01
PotLocal             cal_fixed_v                  0.01           1   0.01     0.01
Potential            cal_v_eff                    5.90          22   0.27     2.74
H_Hartree_pw         v_hartree                    0.47          22   0.02     0.22
PW_Basis             real2recip                   2.85         311   0.01     1.32
PW_Basis             gatherp_scatters             1.58         311   0.01     0.73
PotXC                cal_v_eff                    5.13          22   0.23     2.38
XC_Functional        v_xc                         5.10          22   0.23     2.37
Efield               add_efield                   0.17          22   0.01     0.08
Symmetry             rhog_symmetry               13.03          44   0.30     6.05
Symmetry             group fft grids              9.85          44   0.22     4.58
H_Ewald_pw           compute_ewald                0.01           1   0.01     0.00
HSolverLCAO          solve                      173.03          21   8.24    80.39
HamiltLCAO           updateHk                    43.65         210   0.21    20.28
OperatorLCAO         init                        43.21         630   0.07    20.08
Veff                 contributeHR                41.99          42   1.00    19.51
Gint_interface       cal_gint                    74.67          65   1.15    34.69
Gint_interface       cal_gint_vlocal             35.08          42   0.84    16.30
Gint_Tools           cal_psir_ylm                 5.43       28854   0.00     2.52
Gint_k               transfer_pvpR                6.91          42   0.16     3.21
OverlapNew           calculate_SR                 0.22           1   0.22     0.10
OverlapNew           contributeHk                 0.22         210   0.00     0.10
EkineticNew          contributeHR                 0.25          42   0.01     0.12
EkineticNew          calculate_HR                 0.25           1   0.25     0.12
NonlocalNew          contributeHR                 0.77          42   0.02     0.36
NonlocalNew          calculate_HR                 0.69           1   0.69     0.32
OperatorLCAO         contributeHk                 0.12         210   0.00     0.06
HSolverLCAO          hamiltSolvePsiK             85.26         210   0.41    39.61
DiagoElpa            elpa_solve                  83.70         210   0.40    38.88
ElecStateLCAO        psiToRho                    44.12          21   2.10    20.50
elecstate            cal_dm                       4.83          22   0.22     2.25
psiMulPsiMpi         pdgemm                       4.79         220   0.02     2.23
DensityMatrix        cal_DMR                      0.17          22   0.01     0.08
 Local_Orbital_wfc   wfc_2d_to_grid               3.71         220   0.02     1.72
Gint                 transfer_DMR                 4.02          21   0.19     1.87
Gint_interface       cal_gint_rho                30.89          21   1.47    14.35
Charge_Mixing        get_drho                     0.04          21   0.00     0.02
Charge               mix_rho                      1.18          20   0.06     0.55
Charge               Broyden_mixing               0.18          20   0.01     0.09
Force_Stress_LCAO    getForceStress              14.12           1  14.12     6.56
Forces               cal_force_loc                0.07           1   0.07     0.03
Forces               cal_force_ew                 0.07           1   0.07     0.03
Forces               cal_force_cc                 0.00           1   0.00     0.00
Forces               cal_force_scc                0.50           1   0.50     0.23
Stress_Func          stress_loc                   1.61           1   1.61     0.75
Stress_Func          stress_har                   0.01           1   0.01     0.01
Stress_Func          stress_ewa                   0.05           1   0.05     0.02
Stress_Func          stress_cc                    0.00           1   0.00     0.00
Stress_Func          stress_gga                   0.12           1   0.12     0.06
Force_LCAO_k         ftable_k                    11.49           1  11.49     5.34
Force_LCAO_k         allocate_k                   1.25           1   1.25     0.58
LCAO_gen_fixedH      b_NL_mu_new                  0.58           1   0.58     0.27
Force_LCAO_k         cal_foverlap_k               0.52           1   0.52     0.24
Force_LCAO_k         cal_edm_2d                   0.51           1   0.51     0.24
DensityMatrix        sum_DMR_spin                 0.00           1   0.00     0.00
Force_LCAO_k         cal_ftvnl_dphi_k             0.00           1   0.00     0.00
Force_LCAO_k         cal_fvl_dphi_k               8.71           1   8.71     4.05
Gint_interface       cal_gint_force               8.71           2   4.35     4.05
Gint_Tools           cal_dpsir_ylm                3.34         916   0.00     1.55
Gint_Tools           cal_dpsirr_ylm               1.64         916   0.00     0.76
Force_LCAO_k         cal_fvnl_dbeta_k_new         1.01           1   1.01     0.47
Vdwd3                cal_force                    0.10           1   0.10     0.05
Vdwd3                cal_stress                   0.08           1   0.08     0.04
ModuleIO             write_istate_info            0.02           1   0.02     0.01
------------------------------------------------------------------------------------

 ----------------------------------------------------------

 START  Time  : Sun Nov  5 03:59:11 2023
 FINISH Time  : Sun Nov  5 04:02:47 2023
 TOTAL  Time  : 216
 SEE INFORMATION IN : OUT.ABACUS/
