Loading mkl version 2023.2.0
Loading tbb version 2021.10.0
Loading compiler-rt version 2023.2.1
Loading mpi version 2021.8.0

Loading abacus/3.3.4-icc
  Loading requirement: tbb/latest compiler-rt/latest mkl/latest mpi/latest
                                                                                     
                              ABACUS v3.3.4

               Atomic-orbital Based Ab-initio Computation at UStc                    

                     Website: http://abacus.ustc.edu.cn/                             
               Documentation: https://abacus.deepmodeling.com/                       
                  Repository: https://github.com/abacusmodeling/abacus-develop       
                              https://github.com/deepmodeling/abacus-develop         
                      Commit: unknown

 Tue Sep 19 23:16:47 2023
 MAKE THE DIR         : OUT.B/

%%%%%%%%%%%%%%%%%%%%%%%%%%%%%%%%%%%%%%%%%%%%%%%%%%%%%%%%%%%%%%%%%%%%%%%%%%%%%%%%%%%%%%%%%%%%%%%%%%%%%%%%%
 Warning: the number of valence electrons in pseudopotential > 11 for Cu: [Ar] 3d10 4s1
 Warning: the number of valence electrons in pseudopotential > 11 for Ag: [Kr] 4d10 5s1
 Pseudopotentials with additional electrons can yield (more) accurate outcomes, but may be less efficient.
 If you're confident that your chosen pseudopotential is appropriate, you can safely ignore this warning.
%%%%%%%%%%%%%%%%%%%%%%%%%%%%%%%%%%%%%%%%%%%%%%%%%%%%%%%%%%%%%%%%%%%%%%%%%%%%%%%%%%%%%%%%%%%%%%%%%%%%%%%%%

 UNIFORM GRID DIM     : 90 * 90 * 243
 UNIFORM GRID DIM(BIG): 18 * 18 * 81
 DONE(0.109295   SEC) : SETUP UNITCELL
 DONE(0.143139   SEC) : SYMMETRY
 DONE(0.236441   SEC) : INIT K-POINTS
 ---------------------------------------------------------
 Ion relaxation calculations
 ---------------------------------------------------------
 SPIN    KPOINTS         PROCESSORS  NBASE       
 2       20              4           891         
 ---------------------------------------------------------
 Use Systematically Improvable Atomic bases
 ---------------------------------------------------------
 ELEMENT ORBITALS        NBASE       NATOM       XC          
 Cu      4s2p2d1f-8au    27          32          
 Ag      4s2p2d1f-7au    27          1           
 ---------------------------------------------------------
 Initial plane wave basis and FFT box
 ---------------------------------------------------------
 DONE(0.285104   SEC) : INIT PLANEWAVE
 -------------------------------------------
 STEP OF RELAXATION : 1
 -------------------------------------------
 START CHARGE      : atomic
 DONE(1.35665    SEC) : INIT SCF
 ITER   TMAG      AMAG      ETOT(eV)       EDIFF(eV)      DRHO       TIME(s)    
 GE1    -1.01e-13 2.10e-13  -1.629229e+05  0.000000e+00   2.806e-02  1.194e+01  
 GE2    8.32e-14  2.68e-13  -1.629201e+05  2.823019e+00   1.777e-02  1.097e+01  
 GE3    -7.68e-14 2.97e-13  -1.629199e+05  1.406645e-01   9.201e-03  1.094e+01  
 GE4    -1.26e-13 3.08e-13  -1.629200e+05  -3.436303e-02  4.315e-03  1.099e+01  
 GE5    -2.67e-14 2.81e-13  -1.629200e+05  -5.770599e-02  3.072e-03  1.099e+01  
 GE6    2.13e-14  2.78e-13  -1.629200e+05  4.697996e-02   2.586e-03  1.101e+01  
 GE7    -6.08e-14 3.15e-13  -1.629200e+05  1.628073e-02   1.650e-03  1.099e+01  
 GE8    1.03e-14  3.09e-13  -1.629199e+05  1.843266e-02   1.328e-03  1.101e+01  
 GE9    8.70e-15  3.04e-13  -1.629199e+05  2.719762e-02   1.092e-03  1.102e+01  
 GE10   1.03e-13  3.05e-13  -1.629199e+05  6.607480e-03   7.479e-04  1.104e+01  
 GE11   8.55e-14  3.13e-13  -1.629199e+05  5.710223e-03   5.456e-04  1.100e+01  
 GE12   -1.40e-13 3.33e-13  -1.629199e+05  5.307470e-03   4.248e-04  1.089e+01  
 GE13   -1.84e-13 3.82e-13  -1.629199e+05  2.481151e-03   3.231e-04  1.087e+01  
 GE14   -3.89e-14 3.23e-13  -1.629199e+05  4.673904e-03   2.864e-04  1.096e+01  
 GE15   -7.77e-14 3.30e-13  -1.629199e+05  1.294734e-03   2.181e-04  1.099e+01  
 GE16   6.01e-14  3.18e-13  -1.629199e+05  1.497894e-03   1.933e-04  1.094e+01  
 GE17   5.94e-14  3.39e-13  -1.629199e+05  1.076308e-03   1.650e-04  1.091e+01  
 GE18   -3.02e-14 3.37e-13  -1.629199e+05  1.026635e-03   1.396e-04  1.094e+01  
 GE19   -1.01e-13 3.42e-13  -1.629199e+05  1.313299e-04   1.150e-04  1.098e+01  
 GE20   1.55e-13  3.43e-13  -1.629199e+05  -2.604545e-04  9.884e-05  1.100e+01  
 GE21   -1.30e-13 3.52e-13  -1.629199e+05  -2.314160e-04  7.849e-05  1.101e+01  
 GE22   6.02e-14  3.14e-13  -1.629199e+05  -3.792433e-04  6.903e-05  1.102e+01  
 GE23   -1.70e-13 3.67e-13  -1.629199e+05  -2.638460e-04  5.144e-05  1.107e+01  
 GE24   -1.35e-13 3.72e-13  -1.629199e+05  -2.544899e-04  4.108e-05  1.115e+01  
 GE25   4.31e-14  3.50e-13  -1.629199e+05  -3.002429e-04  3.313e-05  1.114e+01  
 GE26   -1.43e-13 3.62e-13  -1.629199e+05  -1.060417e-04  2.574e-05  1.120e+01  
 GE27   -3.79e-15 3.22e-13  -1.629199e+05  -1.930022e-04  2.245e-05  1.100e+01  
 GE28   -5.27e-14 3.08e-13  -1.629199e+05  -2.251751e-04  1.606e-05  1.097e+01  
 GE29   3.96e-14  3.31e-13  -1.629199e+05  -1.299063e-05  1.043e-05  1.092e+01  
 GE30   1.09e-13  3.30e-13  -1.629199e+05  2.261655e-05   9.308e-06  1.099e+01  
 GE31   2.00e-14  3.06e-13  -1.629199e+05  3.527545e-06   8.703e-06  1.096e+01  
 GE32   3.23e-14  3.18e-13  -1.629199e+05  -3.566452e-05  7.386e-06  1.094e+01  
 GE33   3.85e-14  3.17e-13  -1.629199e+05  -6.845147e-06  4.804e-06  1.094e+01  
 GE34   -1.36e-14 3.49e-13  -1.629199e+05  8.228174e-07   3.455e-06  1.099e+01  
 GE35   -2.81e-14 3.26e-13  -1.629199e+05  -4.055581e-06  2.380e-06  1.102e+01  
 GE36   -6.21e-14 3.06e-13  -1.629199e+05  6.197055e-07   2.094e-06  1.106e+01  
 GE37   -7.73e-14 3.13e-13  -1.629199e+05  -3.579739e-06  1.919e-06  1.146e+01  
 GE38   -2.87e-14 3.37e-13  -1.629199e+05  -3.362558e-05  1.786e-06  1.072e+01  
 GE39   8.77e-15  2.95e-13  -1.629199e+05  -1.420341e-05  7.707e-07  1.122e+01  
 ><><><><><><><><><><><><><><><><><><><><><><
 TOTAL-STRESS (KBAR):
 ><><><><><><><><><><><><><><><><><><><><><><
 -1.378e+02     -1.607e-03     -8.327e-02     
 -1.607e-03     -1.378e+02     -9.499e-02     
 -8.327e-02     -9.499e-02     -1.187e+02     
 TOTAL-PRESSURE: -1.315e+02 KBAR
 ETOT DIFF (eV)       : 0.000e+00
 LARGEST GRAD (eV/A)  : 5.899e-01
 -------------------------------------------
 STEP OF RELAXATION : 2
 -------------------------------------------
 DONE(4.493e+02  SEC) : INIT SCF
 ITER   TMAG      AMAG      ETOT(eV)       EDIFF(eV)      DRHO       TIME(s)    
 GE1    5.38e-14  2.99e-13  -1.629199e+05  0.000000e+00   5.850e-04  1.225e+01  
 GE2    -5.88e-14 2.80e-13  -1.629199e+05  7.969652e-04   3.809e-04  1.102e+01  
 GE3    -5.91e-14 2.97e-13  -1.629199e+05  2.014791e-04   1.881e-04  1.109e+01  
 GE4    6.39e-14  2.71e-13  -1.629199e+05  -2.355008e-04  5.545e-05  1.113e+01  
 GE5    -6.49e-14 2.83e-13  -1.629199e+05  7.389344e-06   3.395e-05  1.105e+01  
 GE6    -8.13e-14 2.74e-13  -1.629199e+05  -4.862089e-06  1.552e-05  1.106e+01  
 GE7    1.54e-13  3.11e-13  -1.629199e+05  -3.506162e-06  8.923e-06  1.102e+01  
 GE8    1.02e-13  2.79e-13  -1.629199e+05  -3.810595e-06  6.655e-06  1.102e+01  
 GE9    1.58e-13  3.02e-13  -1.629199e+05  -5.563985e-07  4.323e-06  1.100e+01  
 GE10   7.13e-15  2.73e-13  -1.629199e+05  5.933729e-07   3.927e-06  1.109e+01  
 GE11   5.43e-14  2.77e-13  -1.629199e+05  1.336648e-06   3.106e-06  1.104e+01  
 GE12   -2.37e-14 2.97e-13  -1.629199e+05  4.409783e-06   2.636e-06  1.096e+01  
 GE13   -9.05e-15 2.60e-13  -1.629199e+05  3.587288e-06   2.179e-06  1.074e+01  
 GE14   -2.82e-14 2.79e-13  -1.629199e+05  4.433146e-06   1.882e-06  1.090e+01  
 GE15   4.88e-14  2.91e-13  -1.629199e+05  4.544119e-06   1.650e-06  1.094e+01  
 GE16   1.61e-13  3.18e-13  -1.629199e+05  4.704836e-06   1.451e-06  1.099e+01  
 GE17   -5.32e-14 2.82e-13  -1.629199e+05  4.130990e-06   1.237e-06  1.098e+01  
 GE18   1.11e-14  2.76e-13  -1.629199e+05  3.676952e-06   1.056e-06  1.091e+01  
 GE19   1.93e-13  3.35e-13  -1.629199e+05  1.299268e-05   8.867e-07  1.102e+01  
 ><><><><><><><><><><><><><><><><><><><><><><
 TOTAL-STRESS (KBAR):
 ><><><><><><><><><><><><><><><><><><><><><><
 -1.337e+02     -1.716e-03     -8.611e-02     
 -1.716e-03     -1.337e+02     -9.823e-02     
 -8.611e-02     -9.823e-02     -1.142e+02     
 TOTAL-PRESSURE: -1.272e+02 KBAR
 ETOT DIFF (eV)       : -3.578e-02
 LARGEST GRAD (eV/A)  : 4.824e-01
 -------------------------------------------
 STEP OF RELAXATION : 3
 -------------------------------------------
 DONE(6.775e+02  SEC) : INIT SCF
 ITER   TMAG      AMAG      ETOT(eV)       EDIFF(eV)      DRHO       TIME(s)    
 GE1    2.83e-14  3.09e-13  -1.629200e+05  0.000000e+00   1.104e-03  1.177e+01  
 GE2    4.28e-15  2.83e-13  -1.629200e+05  3.723171e-03   7.268e-04  1.093e+01  
 GE3    8.62e-14  3.13e-13  -1.629200e+05  5.009700e-04   3.438e-04  1.091e+01  
 GE4    6.65e-15  3.03e-13  -1.629200e+05  -8.640065e-04  1.015e-04  1.091e+01  
 GE5    1.80e-13  3.44e-13  -1.629200e+05  3.779364e-05   6.353e-05  1.097e+01  
 GE6    -3.57e-14 3.12e-13  -1.629200e+05  -2.190971e-05  2.768e-05  1.106e+01  
 GE7    -2.31e-14 3.04e-13  -1.629200e+05  -9.733558e-06  1.606e-05  1.112e+01  
 GE8    -7.79e-14 2.77e-13  -1.629200e+05  -1.018074e-05  1.258e-05  1.107e+01  
 GE9    9.41e-14  2.99e-13  -1.629200e+05  -1.990210e-06  8.125e-06  1.095e+01  
 GE10   1.08e-13  2.95e-13  -1.629200e+05  1.063250e-06   7.371e-06  1.089e+01  
 GE11   -9.70e-15 3.09e-13  -1.629200e+05  2.721730e-06   5.640e-06  1.109e+01  
 GE12   2.51e-14  2.85e-13  -1.629200e+05  1.157750e-05   4.991e-06  1.068e+01  
 GE13   -5.80e-15 2.80e-13  -1.629200e+05  8.158680e-06   3.985e-06  1.092e+01  
 GE14   5.98e-14  2.81e-13  -1.629200e+05  1.314347e-05   3.508e-06  1.150e+01  
 GE15   1.31e-13  3.03e-13  -1.629200e+05  8.348328e-06   2.963e-06  1.101e+01  
 GE16   4.35e-14  2.89e-13  -1.629200e+05  1.286574e-05   2.666e-06  1.101e+01  
 GE17   -6.39e-14 3.01e-13  -1.629200e+05  9.768281e-06   2.181e-06  1.101e+01  
 GE18   2.51e-13  3.60e-13  -1.629200e+05  5.641052e-06   1.837e-06  1.167e+01  
 GE19   3.88e-17  2.98e-13  -1.629200e+05  1.245403e-05   1.627e-06  1.098e+01  
 GE20   -1.39e-14 2.86e-13  -1.629200e+05  5.868145e-06   1.116e-06  1.102e+01  
 GE21   1.21e-13  2.93e-13  -1.629200e+05  1.081799e-05   8.499e-07  1.109e+01  
 ><><><><><><><><><><><><><><><><><><><><><><
 TOTAL-STRESS (KBAR):
 ><><><><><><><><><><><><><><><><><><><><><><
 -1.261e+02     -1.661e-03     -8.953e-02     
 -1.661e-03     -1.261e+02     -1.022e-01     
 -8.953e-02     -1.022e-01     -1.060e+02     
 TOTAL-PRESSURE: -1.194e+02 KBAR
 ETOT DIFF (eV)       : -3.102e-02
 LARGEST GRAD (eV/A)  : 2.449e-01
 -------------------------------------------
 STEP OF RELAXATION : 4
 -------------------------------------------
 DONE(9.278e+02  SEC) : INIT SCF
 ITER   TMAG      AMAG      ETOT(eV)       EDIFF(eV)      DRHO       TIME(s)    
 GE1    2.63e-14  2.93e-13  -1.629200e+05  0.000000e+00   3.444e-04  1.186e+01  
 GE2    -1.43e-14 2.90e-13  -1.629200e+05  1.030213e-04   2.257e-04  1.100e+01  
 GE3    1.46e-13  3.03e-13  -1.629200e+05  -4.640527e-05  1.091e-04  1.065e+01  
 GE4    -6.29e-14 3.01e-13  -1.629200e+05  -3.842755e-05  5.537e-05  1.077e+01  
 GE5    -1.10e-13 2.86e-13  -1.629200e+05  -1.111876e-05  1.828e-05  1.066e+01  
 GE6    3.11e-14  2.96e-13  -1.629200e+05  -2.741850e-06  1.255e-05  1.084e+01  
 GE7    7.87e-14  3.10e-13  -1.629200e+05  -2.112295e-06  5.906e-06  1.049e+01  
 GE8    -3.20e-14 2.80e-13  -1.629200e+05  -1.772768e-06  4.386e-06  1.047e+01  
 GE9    5.73e-14  2.81e-13  -1.629200e+05  -1.947469e-07  3.329e-06  1.052e+01  
 GE10   1.23e-13  3.36e-13  -1.629200e+05  9.123084e-07   2.965e-06  1.069e+01  
 GE11   -2.40e-14 2.99e-13  -1.629200e+05  2.519558e-06   2.400e-06  1.052e+01  
 GE12   -1.04e-13 3.13e-13  -1.629200e+05  1.693573e-06   1.968e-06  1.050e+01  
 GE13   2.90e-14  2.79e-13  -1.629200e+05  5.457343e-06   1.816e-06  1.075e+01  
 GE14   3.68e-14  2.98e-13  -1.629200e+05  3.457085e-06   1.467e-06  1.054e+01  
 GE15   1.18e-13  3.07e-13  -1.629200e+05  3.366382e-06   1.291e-06  1.051e+01  
 GE16   8.36e-14  2.78e-13  -1.629200e+05  5.434401e-06   1.141e-06  1.051e+01  
 GE17   -1.41e-13 3.12e-13  -1.629200e+05  1.326873e-05   9.144e-07  1.073e+01  
 ><><><><><><><><><><><><><><><><><><><><><><
 TOTAL-STRESS (KBAR):
 ><><><><><><><><><><><><><><><><><><><><><><
 -1.231e+02     -1.300e-03     -8.506e-02     
 -1.300e-03     -1.231e+02     -9.705e-02     
 -8.506e-02     -9.705e-02     -1.028e+02     
 TOTAL-PRESSURE: -1.163e+02 KBAR
 ETOT DIFF (eV)       : -1.188e-02
 LARGEST GRAD (eV/A)  : 1.501e-01
 -------------------------------------------
 STEP OF RELAXATION : 5
 -------------------------------------------
 DONE(1.127e+03  SEC) : INIT SCF
 ITER   TMAG      AMAG      ETOT(eV)       EDIFF(eV)      DRHO       TIME(s)    
 GE1    -2.79e-14 2.89e-13  -1.629200e+05  0.000000e+00   9.989e-04  1.167e+01  
 GE2    2.89e-14  3.08e-13  -1.629200e+05  2.216523e-03   6.678e-04  1.053e+01  
 GE3    4.62e-14  3.10e-13  -1.629200e+05  -5.360017e-04  3.012e-04  1.049e+01  
 GE4    9.99e-15  2.85e-13  -1.629200e+05  -2.436035e-04  1.547e-04  1.050e+01  
 GE5    1.09e-13  3.19e-13  -1.629200e+05  -9.402860e-05  5.299e-05  1.065e+01  
 GE6    -6.94e-14 2.99e-13  -1.629200e+05  -2.009180e-05  3.565e-05  1.052e+01  
 GE7    -9.09e-15 2.80e-13  -1.629200e+05  -1.072244e-05  1.739e-05  1.050e+01  
 GE8    -1.45e-13 3.12e-13  -1.629200e+05  -7.224568e-06  1.327e-05  1.074e+01  
 GE9    -6.83e-14 2.90e-13  -1.629200e+05  -1.384611e-06  1.027e-05  1.266e+01  
 GE10   -9.95e-14 3.08e-13  -1.629200e+05  2.637658e-06   8.847e-06  1.050e+01  
 GE11   2.02e-14  3.06e-13  -1.629200e+05  9.474762e-06   7.378e-06  1.050e+01  
 GE12   3.56e-14  2.71e-13  -1.629200e+05  6.531780e-06   6.050e-06  1.061e+01  
 GE13   -1.10e-13 3.00e-13  -1.629200e+05  2.287367e-05   5.607e-06  1.051e+01  
 GE14   5.11e-15  2.77e-13  -1.629200e+05  1.585805e-05   4.518e-06  1.048e+01  
 GE15   5.37e-14  2.96e-13  -1.629200e+05  1.107610e-05   3.935e-06  1.081e+01  
 GE16   8.67e-14  3.09e-13  -1.629200e+05  2.641336e-05   3.582e-06  1.052e+01  
 GE17   -3.08e-14 2.96e-13  -1.629200e+05  6.911547e-06   2.802e-06  1.050e+01  
 GE18   9.88e-15  2.88e-13  -1.629200e+05  2.090073e-05   2.587e-06  1.063e+01  
 GE19   2.96e-14  2.84e-13  -1.629200e+05  7.309654e-06   1.835e-06  1.049e+01  
 GE20   2.84e-13  3.88e-13  -1.629200e+05  4.609084e-06   1.529e-06  1.077e+01  
 GE21   -8.64e-14 3.23e-13  -1.629200e+05  7.676824e-06   1.315e-06  1.054e+01  
 GE22   7.31e-14  2.81e-13  -1.629200e+05  1.241856e-05   9.669e-07  1.077e+01  
 ><><><><><><><><><><><><><><><><><><><><><><
 TOTAL-STRESS (KBAR):
 ><><><><><><><><><><><><><><><><><><><><><><
 -1.143e+02     -1.851e-04     -5.773e-02     
 -1.851e-04     -1.143e+02     -6.577e-02     
 -5.773e-02     -6.577e-02     -9.346e+01     
 TOTAL-PRESSURE: -1.073e+02 KBAR
 ETOT DIFF (eV)       : -1.777e-02
 LARGEST GRAD (eV/A)  : 1.520e-01
 -------------------------------------------
 STEP OF RELAXATION : 6
 -------------------------------------------
 DONE(1.381e+03  SEC) : INIT SCF
 ITER   TMAG      AMAG      ETOT(eV)       EDIFF(eV)      DRHO       TIME(s)    
 GE1    -6.72e-15 3.06e-13  -1.629200e+05  0.000000e+00   3.855e-04  1.169e+01  
 GE2    1.19e-14  2.96e-13  -1.629200e+05  7.291254e-04   2.791e-04  1.061e+01  
 GE3    -9.08e-14 3.09e-13  -1.629200e+05  -2.265548e-04  8.811e-05  1.050e+01  
 GE4    -1.90e-14 2.86e-13  -1.629200e+05  -1.843025e-05  4.846e-05  1.053e+01  
 GE5    1.78e-13  3.22e-13  -1.629200e+05  1.158988e-05   2.861e-05  1.054e+01  
 GE6    7.18e-14  3.05e-13  -1.629200e+05  -3.150054e-06  8.498e-06  1.104e+01  
 GE7    -9.63e-14 3.02e-13  -1.629200e+05  -1.340385e-07  5.589e-06  1.079e+01  
 GE8    -2.05e-14 3.07e-13  -1.629200e+05  2.094476e-07   3.450e-06  1.050e+01  
 GE9    -5.54e-14 3.07e-13  -1.629200e+05  4.433468e-07   1.881e-06  1.072e+01  
 GE10   2.62e-14  2.81e-13  -1.629200e+05  9.107245e-07   1.610e-06  1.092e+01  
 GE11   -6.20e-14 3.20e-13  -1.629200e+05  1.059315e-06   1.285e-06  1.120e+01  
 GE12   8.81e-14  3.05e-13  -1.629200e+05  7.414192e-07   1.056e-06  1.071e+01  
 GE13   1.34e-13  3.32e-13  -1.629200e+05  1.201716e-05   9.528e-07  1.092e+01  
 ><><><><><><><><><><><><><><><><><><><><><><
 TOTAL-STRESS (KBAR):
 ><><><><><><><><><><><><><><><><><><><><><><
 -1.132e+02     2.565e-04      -5.137e-02     
 2.565e-04      -1.132e+02     -5.855e-02     
 -5.137e-02     -5.855e-02     -9.236e+01     
 TOTAL-PRESSURE: -1.063e+02 KBAR
 ETOT DIFF (eV)       : -1.008e-02
 LARGEST GRAD (eV/A)  : 9.809e-02
 -------------------------------------------
 STEP OF RELAXATION : 7
 -------------------------------------------
 DONE(1.539e+03  SEC) : INIT SCF
 ITER   TMAG      AMAG      ETOT(eV)       EDIFF(eV)      DRHO       TIME(s)    
 GE1    8.06e-14  3.03e-13  -1.629200e+05  0.000000e+00   6.768e-04  1.144e+01  
 GE2    2.10e-14  3.03e-13  -1.629200e+05  2.443467e-03   4.929e-04  1.155e+01  
 GE3    3.01e-14  2.87e-13  -1.629200e+05  -8.391184e-04  1.498e-04  1.055e+01  
 GE4    1.34e-13  3.52e-13  -1.629200e+05  -4.667669e-05  8.472e-05  1.120e+01  
 GE5    -2.54e-14 2.95e-13  -1.629200e+05  3.228648e-05   5.063e-05  1.083e+01  
 GE6    -9.24e-14 2.96e-13  -1.629200e+05  -1.294524e-05  1.449e-05  1.061e+01  
 GE7    1.33e-13  3.41e-13  -1.629200e+05  -1.336426e-08  9.906e-06  1.054e+01  
 GE8    1.14e-13  3.24e-13  -1.629200e+05  5.404109e-07   5.942e-06  1.054e+01  
 GE9    9.52e-14  3.15e-13  -1.629200e+05  9.328250e-07   3.251e-06  1.072e+01  
 GE10   1.10e-13  3.17e-13  -1.629200e+05  1.938782e-06   2.790e-06  1.054e+01  
 GE11   2.98e-15  3.05e-13  -1.629200e+05  2.421108e-06   2.242e-06  1.055e+01  
 GE12   -7.45e-14 2.80e-13  -1.629200e+05  1.775516e-06   1.851e-06  1.086e+01  
 GE13   1.86e-14  3.17e-13  -1.629200e+05  3.308099e-06   1.660e-06  1.055e+01  
 GE14   3.50e-14  3.06e-13  -1.629200e+05  2.186838e-06   1.400e-06  1.056e+01  
 GE15   8.18e-14  2.98e-13  -1.629200e+05  5.014912e-06   1.267e-06  1.057e+01  
 GE16   1.13e-13  3.07e-13  -1.629200e+05  1.454098e-05   9.718e-07  1.073e+01  
 ><><><><><><><><><><><><><><><><><><><><><><
 TOTAL-STRESS (KBAR):
 ><><><><><><><><><><><><><><><><><><><><><><
 -1.111e+02     1.421e-05      -4.124e-02     
 1.421e-05      -1.111e+02     -4.703e-02     
 -4.124e-02     -4.703e-02     -9.030e+01     
 TOTAL-PRESSURE: -1.042e+02 KBAR
 ETOT DIFF (eV)       : -6.235e-03
 LARGEST GRAD (eV/A)  : 9.319e-02
 -------------------------------------------
 STEP OF RELAXATION : 8
 -------------------------------------------
 DONE(1.729e+03  SEC) : INIT SCF
 ITER   TMAG      AMAG      ETOT(eV)       EDIFF(eV)      DRHO       TIME(s)    
 GE1    2.06e-13  3.63e-13  -1.629200e+05  0.000000e+00   3.881e-04  1.169e+01  
 GE2    2.42e-14  3.22e-13  -1.629200e+05  5.778470e-04   2.733e-04  1.121e+01  
 GE3    4.17e-15  3.01e-13  -1.629200e+05  -1.787853e-04  1.028e-04  1.053e+01  
 GE4    1.01e-13  3.13e-13  -1.629200e+05  -3.925047e-05  4.954e-05  1.073e+01  
 GE5    1.28e-13  3.43e-13  -1.629200e+05  1.008816e-05   2.813e-05  1.070e+01  
 GE6    1.65e-14  2.84e-13  -1.629200e+05  -5.115688e-06  9.969e-06  1.055e+01  
 GE7    -2.19e-14 2.96e-13  -1.629200e+05  -5.643428e-07  5.846e-06  1.052e+01  
 GE8    1.39e-13  3.06e-13  -1.629200e+05  -3.994180e-07  3.458e-06  1.085e+01  
 GE9    6.31e-14  3.14e-13  -1.629200e+05  1.415374e-07   2.021e-06  1.054e+01  
 GE10   4.92e-14  3.14e-13  -1.629200e+05  7.549567e-07   1.758e-06  1.054e+01  
 GE11   6.82e-14  2.97e-13  -1.629200e+05  8.925590e-07   1.395e-06  1.071e+01  
 GE12   2.35e-13  3.56e-13  -1.629200e+05  1.321230e-06   1.226e-06  1.054e+01  
 GE13   -6.31e-14 3.18e-13  -1.629200e+05  1.762968e-06   1.080e-06  1.081e+01  
 GE14   5.65e-14  3.11e-13  -1.629200e+05  1.338512e-05   9.316e-07  1.060e+01  
 ><><><><><><><><><><><><><><><><><><><><><><
 TOTAL-STRESS (KBAR):
 ><><><><><><><><><><><><><><><><><><><><><><
 -1.098e+02     3.090e-04      -3.913e-02     
 3.090e-04      -1.098e+02     -4.497e-02     
 -3.913e-02     -4.497e-02     -8.883e+01     
 TOTAL-PRESSURE: -1.028e+02 KBAR
 ETOT DIFF (eV)       : -3.145e-03
 LARGEST GRAD (eV/A)  : 5.060e-02
 -------------------------------------------
 STEP OF RELAXATION : 9
 -------------------------------------------
 DONE(1.897e+03  SEC) : INIT SCF
 ITER   TMAG      AMAG      ETOT(eV)       EDIFF(eV)      DRHO       TIME(s)    
 GE1    -2.05e-13 3.71e-13  -1.629200e+05  0.000000e+00   1.646e-04  1.144e+01  
 GE2    1.07e-15  2.96e-13  -1.629200e+05  5.634306e-05   1.156e-04  1.081e+01  
 GE3    7.33e-14  3.08e-13  -1.629200e+05  -1.809733e-05  4.390e-05  1.070e+01  
 GE4    -1.13e-13 3.31e-13  -1.629200e+05  -7.782674e-06  2.095e-05  1.093e+01  
 GE5    1.25e-13  3.26e-13  -1.629200e+05  2.222674e-06   1.205e-05  1.051e+01  
 GE6    -1.50e-13 3.23e-13  -1.629200e+05  -7.644354e-07  4.192e-06  1.217e+01  
 GE7    -7.89e-14 3.20e-13  -1.629200e+05  -1.622272e-07  2.437e-06  1.102e+01  
 GE8    -7.44e-14 3.03e-13  -1.629200e+05  -7.986380e-08  1.429e-06  1.097e+01  
 GE9    7.74e-14  2.97e-13  -1.629200e+05  5.515280e-06   8.505e-07  1.078e+01  
 ><><><><><><><><><><><><><><><><><><><><><><
 TOTAL-STRESS (KBAR):
 ><><><><><><><><><><><><><><><><><><><><><><
 -1.093e+02     3.074e-04      -3.829e-02     
 3.074e-04      -1.093e+02     -4.417e-02     
 -3.829e-02     -4.417e-02     -8.821e+01     
 TOTAL-PRESSURE: -1.022e+02 KBAR
 ETOT DIFF (eV)       : -2.339e-04
 LARGEST GRAD (eV/A)  : 3.889e-02

  |CLASS_NAME---------|NAME---------------|TIME(Sec)-----|CALLS----|AVG------|PER%-------
                       total               2012.2         27        75        1e+02     %
   Driver              driver_line         2012.2         1         2e+03     1e+02     %
   PW_Basis            setup_struc_factor  0.13639        9         0.015     0.0068    %
   ORB_control         read_orb_first      0.10505        1         0.11      0.0052    %
   LCAO_Orbitals       Read_Orbitals       0.10492        1         0.1       0.0052    %
   Ions                opt_ions            2011.5         1         2e+03     1e+02     %
   ESolver_KS_LCAO     Run                 1912.1         9         2.1e+02   95        %
   ESolver_KS_LCAO     beforescf           18.093         9         2         0.9       %
   Vdwd3               cal_energy          0.2192         9         0.024     0.011     %
   ESolver_KS_LCAO     beforesolver        1.2773         9         0.14      0.063     %
   ESolver_KS_LCAO     set_matrix_grid     1.0055         9         0.11      0.05      %
   Grid_Technique      init                0.89046        9         0.099     0.044     %
   Charge              atomic_rho          1.5639         18        0.087     0.078     %
   PW_Basis            recip2real          18.025         2050      0.0088    0.9       %
   PW_Basis            gathers_scatterp    9.4096         2050      0.0046    0.47      %
   Potential           init_pot            2.2933         9         0.25      0.11      %
   Potential           update_from_charge  43.841         179       0.24      2.2       %
   Potential           cal_fixed_v         0.11127        9         0.012     0.0055    %
   PotLocal            cal_fixed_v         0.10828        9         0.012     0.0054    %
   Potential           cal_v_eff           43.729         179       0.24      2.2       %
   H_Hartree_pw        v_hartree           3.6866         179       0.021     0.18      %
   PW_Basis            real2recip          22.776         2873      0.0079    1.1       %
   PW_Basis            gatherp_scatters    12.173         2873      0.0042    0.6       %
   PotXC               cal_v_eff           36.964         179       0.21      1.8       %
   XC_Functional       v_xc                36.814         179       0.21      1.8       %
   Efield              add_efield          2.2094         179       0.012     0.11      %
   Symmetry            rho_symmetry        20.359         358       0.057     1         %
   HSolverLCAO         solve               1767.6         170       10        88        %
   HamiltLCAO          updateHk            557.68         3400      0.16      28        %
   OperatorLCAO        init                544.47         6800      0.08      27        %
   Veff                contributeHk        543.97         3400      0.16      27        %
   Gint_interface      cal_gint            613            528       1.2       30        %
   Gint_interface      cal_gint_vlocal     294.84         340       0.87      15        %
   Gint_Tools          cal_psir_ylm        37.483         217260    0.00017   1.9       %
   Gint_k              folding_vl_k        249.11         3400      0.073     12        %
   Gint_k              Distri              239.7          3400      0.071     12        %
   Overlap             contributeHR        2.3143         9         0.26      0.12      %
   LCAO_gen_fixedH     calculate_S_no      2.3143         9         0.26      0.12      %
   Ekin<LCAO>          contributeHR        2.3034         9         0.26      0.11      %
   Nonlocal<LCAO>      contributeHR        2.2667         9         0.25      0.11      %
   LCAO_gen_fixedH     b_NL_mu_new         6.9463         18        0.39      0.35      %
   OperatorLCAO        folding_fixed       6.2993         3400      0.0019    0.31      %
   LCAO_nnr            folding_fixedH      5.038          3580      0.0014    0.25      %
   HSolverLCAO         hamiltSolvePsiK     811.68         3400      0.24      40        %
   DiagoElpa           elpa_solve          803.02         3400      0.24      40        %
   ElecStateLCAO       psiToRho            398.18         170       2.3       20        %
   elecstate           cal_dm              34.976         179       0.2       1.7       %
   psiMulPsiMpi        pdgemm              33.3           3580      0.0093    1.7       %
    Local_Orbital_wfc  wfc_2d_to_grid      25.457         3580      0.0071    1.3       %
   LCAO_Charge         cal_dk_k            91.674         170       0.54      4.6       %
   Gint_interface      cal_gint_rho        248.02         170       1.5       12        %
   Charge_Mixing       rhog_dot_product    0.10544        170       0.00062   0.0052    %
   Charge              mix_rho             8.3654         161       0.052     0.42      %
   Charge              Pulay_mixing        8.1692         161       0.051     0.41      %
   Charge              plain_mixing        0.33907        9         0.038     0.017     %
   Force_Stress_LCAO   getForceStress      99.269         9         11        4.9       %
   Forces              cal_force_loc       0.37846        9         0.042     0.019     %
   Forces              cal_force_ew        0.31518        9         0.035     0.016     %
   Forces              cal_force_scc       0.55082        9         0.061     0.027     %
   Stress_Func         stress_loc          1.116          9         0.12      0.055     %
   Stress_Func         stress_ewa          0.10037        9         0.011     0.005     %
   Stress_Func         stress_gga          1.0259         9         0.11      0.051     %
   Force_LCAO_k        ftable_k            94.461         9         10        4.7       %
   Force_LCAO_k        allocate_k          10.878         9         1.2       0.54      %
   Force_LCAO_k        cal_foverlap_k      2.9703         9         0.33      0.15      %
   Force_LCAO_k        cal_edm_2d          2.9062         9         0.32      0.14      %
   Local_Orbital_Chargecal_dm_R            0.15148        18        0.0084    0.0075    %
   Force_LCAO_k        cal_fvl_dphi_k      70.135         9         7.8       3.5       %
   Gint_interface      cal_gint_force      70.135         18        3.9       3.5       %
   Gint_Tools          cal_dpsir_ylm       24.52          7668      0.0032    1.2       %
   Gint_Tools          cal_dpsirr_ylm      7.1417         7668      0.00093   0.35      %
   Force_LCAO_k        cal_fvnl_dbeta_k_new10.275         9         1.1       0.51      %
   Vdwd3               cal_force           0.58722        9         0.065     0.029     %
   Vdwd3               cal_stress          0.58741        9         0.065     0.029     %
 ----------------------------------------------------------------------------------------

 START  Time  : Tue Sep 19 23:16:47 2023
 FINISH Time  : Tue Sep 19 23:50:19 2023
 TOTAL  Time  : 2012
 SEE INFORMATION IN : OUT.B/
