 In SCAN_BEGIN, can't find: LATTICE_PARAMETERS block.
 AUTO_SET NBANDS to 0
 AUTO_SET NBANDS to 698
      Processor           Atom
              1             23
              2             23
              3             24
              4             23
              5             23
              6             23
              7             23
              8             23
              9             23
             10             23
             11             23
             12             23
             13             23
             14             23
             15             23
             16             23
                            startmag_type = 2
                       charge from rho_at = 3.99303
                         charge should be = 4
                            startmag_type = 2
                       charge from rho_at = 5.99905
                         charge should be = 6
                            startmag_type = 2
                       charge from rho_at = 17.9731
                         charge should be = 18
 Warning: negative or imaginary starting charge :  neg = -0.000989251 ima = 5.69828e-08 SPIN = 0
 Warning: negative or imaginary starting charge :  neg = -0.000989251 ima = 5.69828e-08 SPIN = 1

 SETUP ATOMIC RHO FOR SPIN 1
                 Electron number from rho = 581

 SETUP ATOMIC RHO FOR SPIN 2
                 Electron number from rho = 581
           total electron number from rho = 1162
                                should be = 1162
                 charge before normalized = 1162
                  charge after normalized = 1162
                 charge before normalized = 1162.00000010412
                  charge after normalized = 1162
                 charge before normalized = 1162.00000001355
                  charge after normalized = 1162
                 charge before normalized = 1161.99999955285
                  charge after normalized = 1162.00000000001
                 charge before normalized = 1161.99999980048
                  charge after normalized = 1161.99999999999
                 charge before normalized = 1161.99999975334
                  charge after normalized = 1162
                 charge before normalized = 1161.99999976887
                  charge after normalized = 1162.00000000001
                 charge before normalized = 1161.99999973726
                  charge after normalized = 1162
                 charge before normalized = 1161.99999972924
                  charge after normalized = 1162.00000000001
                 charge before normalized = 1161.99999970507
                  charge after normalized = 1162
                 charge before normalized = 1161.99999970054
                  charge after normalized = 1162
                 charge before normalized = 1161.99999970577
                  charge after normalized = 1161.99999999999
                 charge before normalized = 1161.99999970108
                  charge after normalized = 1161.99999999999
                 charge before normalized = 1161.99999970932
                  charge after normalized = 1162
                 charge before normalized = 1161.99999970524
                  charge after normalized = 1162
                 charge before normalized = 1161.99999970643
                  charge after normalized = 1162.00000000001
                 charge before normalized = 1161.99999970348
                  charge after normalized = 1162
                 charge before normalized = 1161.99999969984
                  charge after normalized = 1162.00000000001
                 charge before normalized = 1161.99999970127
                  charge after normalized = 1162
                 charge before normalized = 1161.99999969966
                  charge after normalized = 1162
                 charge before normalized = 1161.99999969792
                  charge after normalized = 1161.99999999999
                 charge before normalized = 1161.99999969822
                  charge after normalized = 1162
                 charge before normalized = 1161.99999969721
                  charge after normalized = 1162
                 charge before normalized = 1161.99999969743
                  charge after normalized = 1162
                 charge before normalized = 1161.99999969755
                  charge after normalized = 1162
                 charge before normalized = 1161.9999996971
                  charge after normalized = 1162
                 charge before normalized = 1161.999999697
                  charge after normalized = 1162.00000000001
                 charge before normalized = 1161.99999969681
                  charge after normalized = 1162
                 charge before normalized = 1161.9999996966
                  charge after normalized = 1162
                 charge before normalized = 1161.99999969626
                  charge after normalized = 1162
                 charge before normalized = 1161.99999969617
                  charge after normalized = 1162
                 charge before normalized = 1161.99999969627
                  charge after normalized = 1162.00000000001
                 charge before normalized = 1161.99999969613
                  charge after normalized = 1162
                 charge before normalized = 1161.99999969611
                  charge after normalized = 1161.99999999999
                 charge before normalized = 1161.99999969592
                  charge after normalized = 1162
                 charge before normalized = 1161.99999969586
                  charge after normalized = 1162
                 charge before normalized = 1161.99999969599
                  charge after normalized = 1162
                 charge before normalized = 1161.99999969591
                  charge after normalized = 1162
                 charge before normalized = 1161.99999969585
                  charge after normalized = 1161.99999999999
                 charge before normalized = 1161.99999969591
                  charge after normalized = 1162
                 charge before normalized = 1161.99999969579
                  charge after normalized = 1162.00000000001
                 charge before normalized = 1161.99999969585
                  charge after normalized = 1162.00000000001
                 charge before normalized = 1161.99999969595
                  charge after normalized = 1162
                 charge before normalized = 1161.99999969583
                  charge after normalized = 1162.00000000001
                 charge before normalized = 1161.99999969591
                  charge after normalized = 1162
