 In SCAN_BEGIN, can't find: LATTICE_PARAMETERS block.
 AUTO_SET NBANDS to 0
 AUTO_SET NBANDS to 731
      Processor           Atom
              1             20
              2             20
              3             21
              4             20
              5             20
              6             21
              7             21
              8             22
              9             22
             10             22
             11             22
             12             22
             13             22
             14             21
             15             21
             16             20
                            startmag_type = 2
                       charge from rho_at = 0.997867
                         charge should be = 1
                            startmag_type = 2
                       charge from rho_at = 18.9775
                         charge should be = 19
 Warning: negative or imaginary starting charge :  neg = -0.000907342 ima = 1.16135e-07 SPIN = 0
 Warning: negative or imaginary starting charge :  neg = -0.000907342 ima = 1.16135e-07 SPIN = 1

 SETUP ATOMIC RHO FOR SPIN 1
                 Electron number from rho = 609

 SETUP ATOMIC RHO FOR SPIN 2
                 Electron number from rho = 609
           total electron number from rho = 1218
                                should be = 1218
                 charge before normalized = 1218.00000000001
                  charge after normalized = 1218
                 charge before normalized = 1217.99999673444
                  charge after normalized = 1218
                 charge before normalized = 1217.99999670897
                  charge after normalized = 1218
                 charge before normalized = 1217.99999666866
                  charge after normalized = 1218
                 charge before normalized = 1217.99999651211
                  charge after normalized = 1218
                 charge before normalized = 1217.99999676341
                  charge after normalized = 1218
                 charge before normalized = 1217.99999663789
                  charge after normalized = 1218
                 charge before normalized = 1217.99999665477
                  charge after normalized = 1218
                 charge before normalized = 1217.9999966567
                  charge after normalized = 1218
                 charge before normalized = 1217.99999665991
                  charge after normalized = 1217.99999999999
                 charge before normalized = 1217.99999666044
                  charge after normalized = 1218
                 charge before normalized = 1217.99999666177
                  charge after normalized = 1217.99999999999
                 charge before normalized = 1217.99999666164
                  charge after normalized = 1218
                 charge before normalized = 1217.99999666165
                  charge after normalized = 1218
                 charge before normalized = 1217.99999666179
                  charge after normalized = 1217.99999999999
                 charge before normalized = 1217.99999666169
                  charge after normalized = 1218
                 charge before normalized = 1217.99999666192
                  charge after normalized = 1218
                 charge before normalized = 1217.99999666185
                  charge after normalized = 1218.00000000001
                 charge before normalized = 1217.99999666174
                  charge after normalized = 1218
                 charge before normalized = 1217.99999666175
                  charge after normalized = 1217.99999999999
